2022-11-17 23:47:55.457 [info] Validating found git in: git
2022-11-17 23:47:55.457 [info] Using git 2.38.1 from git
2022-11-17 23:47:55.458 [info] > git rev-parse --show-toplevel [21ms]
2022-11-17 23:47:55.458 [info] > git rev-parse --git-dir --git-common-dir [3ms]
2022-11-17 23:47:55.458 [info] Log level: Info
2022-11-17 23:47:55.458 [info] Open repository: /home/yunis/phase-0-html-lists-lab
2022-11-17 23:47:55.458 [info] > git status -z -uall [332ms]
2022-11-17 23:47:55.458 [info] > git remote --verbose [351ms]
2022-11-17 23:47:55.458 [info] > git for-each-ref --sort -committerdate --format %(refname) %(objectname) %(*objectname) [390ms]
2022-11-17 23:47:55.458 [info] > git config --get commit.template [53ms]
2022-11-17 23:47:55.458 [info] > git for-each-ref --format=%(refname)%00%(upstream:short)%00%(objectname)%00%(upstream:track)%00%(upstream:remotename)%00%(upstream:remoteref) refs/heads/master refs/remotes/master [3ms]
2022-11-17 23:47:55.458 [info] > git status -z -uall [111ms]
2022-11-17 23:47:55.458 [info] > git remote --verbose [137ms]
2022-11-17 23:47:55.458 [info] > git for-each-ref --sort -committerdate --format %(refname) %(objectname) %(*objectname) [162ms]
2022-11-17 23:47:55.458 [info] > git config --get commit.template [29ms]
2022-11-17 23:47:55.458 [info] > git check-ignore -v -z --stdin [72ms]
2022-11-17 23:47:55.458 [info] > git for-each-ref --format=%(refname)%00%(upstream:short)%00%(objectname)%00%(upstream:track)%00%(upstream:remotename)%00%(upstream:remoteref) refs/heads/master refs/remotes/master [134ms]
2022-11-17 23:47:55.458 [info] > git show --textconv :index.html [52ms]
2022-11-17 23:47:55.458 [info] > git ls-files --stage -- /home/yunis/phase-0-html-lists-lab/index.html [33ms]
2022-11-17 23:47:55.458 [info] > git cat-file -s 19107f04c45e2035ed4ceafc0ecf4e12c5cb3818 [2ms]
2022-11-17 23:47:55.458 [info] > git check-ignore -v -z --stdin [4ms]
