2022-11-17 16:18:02.117 [info] Using settings sync service https://vscode-sync.trafficmanager.net/
2022-11-17 16:18:02.117 [info] Auto Sync is enabled.
2022-11-17 16:18:02.117 [info] Auto Sync: Suspended until auth token is available.
2022-11-17 16:18:03.587 [info] Auto Sync: Triggered by Interval
2022-11-17 16:18:03.587 [info] Sync started.
2022-11-17 16:18:05.095 [info] Settings: No changes found during synchronizing settings.
2022-11-17 16:18:05.175 [info] Keybindings: No changes found during synchronizing keybindings.
2022-11-17 16:18:05.200 [info] Snippets: No changes found during synchronizing snippets.
2022-11-17 16:18:05.206 [info] Tasks: No changes found during synchronizing tasks.
2022-11-17 16:18:05.228 [info] GlobalState: No changes found during synchronizing ui state.
2022-11-17 16:18:05.330 [info] Extensions: No changes found during synchronizing extensions.
2022-11-17 16:18:05.333 [info] Sync done. Took 1748ms
2022-11-17 16:18:37.112 [info] Auto Sync: Triggered by Activity
2022-11-17 16:18:37.112 [info] Sync started.
2022-11-17 16:18:37.503 [info] Settings: No changes found during synchronizing settings.
2022-11-17 16:18:37.527 [info] Keybindings: No changes found during synchronizing keybindings.
2022-11-17 16:18:37.558 [info] Snippets: No changes found during synchronizing snippets.
2022-11-17 16:18:37.580 [info] Tasks: No changes found during synchronizing tasks.
2022-11-17 16:18:37.597 [info] GlobalState: No changes found during synchronizing ui state.
2022-11-17 16:18:37.715 [info] Extensions: No changes found during synchronizing extensions.
2022-11-17 16:18:37.717 [info] Sync done. Took 607ms
2022-11-17 16:23:37.723 [info] Auto Sync: Triggered by Interval
2022-11-17 16:23:37.724 [info] Sync started.
2022-11-17 16:23:38.740 [info] Settings: No changes found during synchronizing settings.
2022-11-17 16:23:38.760 [info] Keybindings: No changes found during synchronizing keybindings.
2022-11-17 16:23:38.775 [info] Snippets: No changes found during synchronizing snippets.
2022-11-17 16:23:38.781 [info] Tasks: No changes found during synchronizing tasks.
2022-11-17 16:23:38.787 [info] GlobalState: No changes found during synchronizing ui state.
2022-11-17 16:23:38.871 [info] Extensions: No changes found during synchronizing extensions.
2022-11-17 16:23:38.872 [info] Sync done. Took 1150ms
2022-11-17 16:28:38.875 [info] Auto Sync: Triggered by Interval
2022-11-17 16:28:38.876 [info] Sync started.
2022-11-17 16:28:41.837 [info] Settings: No changes found during synchronizing settings.
2022-11-17 16:28:41.851 [info] Keybindings: No changes found during synchronizing keybindings.
2022-11-17 16:28:41.860 [info] Snippets: No changes found during synchronizing snippets.
2022-11-17 16:28:41.865 [info] Tasks: No changes found during synchronizing tasks.
2022-11-17 16:28:41.872 [info] GlobalState: No changes found during synchronizing ui state.
2022-11-17 16:28:41.965 [info] Extensions: No changes found during synchronizing extensions.
2022-11-17 16:28:41.967 [info] Sync done. Took 3093ms
2022-11-17 16:33:41.970 [info] Auto Sync: Triggered by Interval
2022-11-17 16:33:41.972 [info] Sync started.
2022-11-17 16:33:43.285 [info] Settings: No changes found during synchronizing settings.
2022-11-17 16:33:43.315 [info] Keybindings: No changes found during synchronizing keybindings.
2022-11-17 16:33:43.328 [info] Snippets: No changes found during synchronizing snippets.
2022-11-17 16:33:43.334 [info] Tasks: No changes found during synchronizing tasks.
2022-11-17 16:33:43.341 [info] GlobalState: No changes found during synchronizing ui state.
2022-11-17 16:33:43.443 [info] Extensions: No changes found during synchronizing extensions.
2022-11-17 16:33:43.445 [info] Sync done. Took 1477ms
2022-11-17 16:34:28.737 [info] Auto Sync: Triggered by Activity
2022-11-17 16:34:28.739 [info] Sync started.
2022-11-17 16:34:29.691 [info] Settings: No changes found during synchronizing settings.
2022-11-17 16:34:29.711 [info] Keybindings: No changes found during synchronizing keybindings.
2022-11-17 16:34:29.731 [info] Snippets: No changes found during synchronizing snippets.
2022-11-17 16:34:29.744 [info] Tasks: No changes found during synchronizing tasks.
2022-11-17 16:34:30.328 [info] GlobalState: Updated remote ui state. Updated: workbench.statusbar.hidden.
2022-11-17 16:34:30.347 [info] GlobalState: Updated last synchronized ui state
2022-11-17 16:34:30.451 [info] Extensions: No changes found during synchronizing extensions.
2022-11-17 16:34:30.454 [info] Sync done. Took 1722ms
2022-11-17 16:35:39.193 [info] Auto Sync: Triggered by Activity
2022-11-17 16:35:39.194 [info] Sync started.
2022-11-17 16:35:39.772 [info] Settings: No changes found during synchronizing settings.
2022-11-17 16:35:39.784 [info] Keybindings: No changes found during synchronizing keybindings.
2022-11-17 16:35:39.792 [info] Snippets: No changes found during synchronizing snippets.
2022-11-17 16:35:39.797 [info] Tasks: No changes found during synchronizing tasks.
2022-11-17 16:35:39.804 [info] GlobalState: No changes found during synchronizing ui state.
2022-11-17 16:35:39.893 [info] Extensions: No changes found during synchronizing extensions.
2022-11-17 16:35:39.895 [info] Sync done. Took 705ms
2022-11-17 16:36:08.179 [info] Auto Sync: Triggered by Activity
2022-11-17 16:36:08.180 [info] Sync started.
2022-11-17 16:36:08.577 [info] Settings: No changes found during synchronizing settings.
2022-11-17 16:36:08.597 [info] Keybindings: No changes found during synchronizing keybindings.
2022-11-17 16:36:08.603 [info] Snippets: No changes found during synchronizing snippets.
2022-11-17 16:36:08.611 [info] Tasks: No changes found during synchronizing tasks.
2022-11-17 16:36:08.618 [info] GlobalState: No changes found during synchronizing ui state.
2022-11-17 16:36:08.733 [info] Extensions: No changes found during synchronizing extensions.
2022-11-17 16:36:08.736 [info] Sync done. Took 560ms
2022-11-17 16:36:26.487 [info] Auto Sync: Triggered by Activity
2022-11-17 16:36:26.489 [info] Sync started.
2022-11-17 16:36:27.739 [info] Settings: No changes found during synchronizing settings.
2022-11-17 16:36:27.755 [info] Keybindings: No changes found during synchronizing keybindings.
2022-11-17 16:36:27.775 [info] Snippets: No changes found during synchronizing snippets.
2022-11-17 16:36:27.783 [info] Tasks: No changes found during synchronizing tasks.
2022-11-17 16:36:27.792 [info] GlobalState: No changes found during synchronizing ui state.
2022-11-17 16:36:27.885 [info] Extensions: No changes found during synchronizing extensions.
2022-11-17 16:36:27.886 [info] Sync done. Took 1404ms
2022-11-17 16:37:05.926 [info] Auto Sync: Triggered by Activity
2022-11-17 16:37:05.926 [info] Sync started.
2022-11-17 16:37:06.949 [info] Settings: No changes found during synchronizing settings.
2022-11-17 16:37:06.957 [info] Keybindings: No changes found during synchronizing keybindings.
2022-11-17 16:37:06.976 [info] Snippets: No changes found during synchronizing snippets.
2022-11-17 16:37:06.992 [info] Tasks: No changes found during synchronizing tasks.
2022-11-17 16:37:07.000 [info] GlobalState: No changes found during synchronizing ui state.
2022-11-17 16:37:07.313 [info] Extensions: No changes found during synchronizing extensions.
2022-11-17 16:37:07.316 [info] Sync done. Took 1394ms
2022-11-17 16:37:20.709 [info] Auto Sync: Triggered by Activity
2022-11-17 16:37:20.710 [info] Sync started.
2022-11-17 16:37:21.605 [info] Settings: No changes found during synchronizing settings.
2022-11-17 16:37:21.623 [info] Keybindings: No changes found during synchronizing keybindings.
2022-11-17 16:37:21.638 [info] Snippets: No changes found during synchronizing snippets.
2022-11-17 16:37:21.644 [info] Tasks: No changes found during synchronizing tasks.
2022-11-17 16:37:21.655 [info] GlobalState: No changes found during synchronizing ui state.
2022-11-17 16:37:21.744 [info] Extensions: No changes found during synchronizing extensions.
2022-11-17 16:37:21.746 [info] Sync done. Took 1038ms
2022-11-17 16:39:01.159 [info] Auto Sync: Triggered by Activity
2022-11-17 16:39:01.163 [info] Sync started.
2022-11-17 16:39:01.487 [info] Settings: No changes found during synchronizing settings.
2022-11-17 16:39:01.512 [info] Keybindings: No changes found during synchronizing keybindings.
2022-11-17 16:39:01.532 [info] Snippets: No changes found during synchronizing snippets.
2022-11-17 16:39:01.548 [info] Tasks: No changes found during synchronizing tasks.
2022-11-17 16:39:02.109 [info] GlobalState: Updated remote ui state. Updated: workbench.statusbar.hidden.
2022-11-17 16:39:02.125 [info] GlobalState: Updated last synchronized ui state
2022-11-17 16:39:02.221 [info] Extensions: No changes found during synchronizing extensions.
2022-11-17 16:39:02.224 [info] Sync done. Took 1087ms
2022-11-17 16:39:03.349 [info] Auto Sync: Triggered by Activity
2022-11-17 16:39:03.350 [info] Sync started.
2022-11-17 16:39:03.909 [info] Settings: No changes found during synchronizing settings.
2022-11-17 16:39:03.931 [info] Keybindings: No changes found during synchronizing keybindings.
2022-11-17 16:39:03.939 [info] Snippets: No changes found during synchronizing snippets.
2022-11-17 16:39:03.945 [info] Tasks: No changes found during synchronizing tasks.
2022-11-17 16:39:03.951 [info] GlobalState: No changes found during synchronizing ui state.
2022-11-17 16:39:04.032 [info] Extensions: No changes found during synchronizing extensions.
2022-11-17 16:39:04.034 [info] Sync done. Took 687ms
2022-11-17 16:39:17.398 [info] Auto Sync: Triggered by Activity
2022-11-17 16:39:17.399 [info] Sync started.
2022-11-17 16:39:17.922 [info] Settings: No changes found during synchronizing settings.
2022-11-17 16:39:17.927 [info] Keybindings: No changes found during synchronizing keybindings.
2022-11-17 16:39:17.933 [info] Snippets: No changes found during synchronizing snippets.
2022-11-17 16:39:17.938 [info] Tasks: No changes found during synchronizing tasks.
2022-11-17 16:39:17.944 [info] GlobalState: No changes found during synchronizing ui state.
2022-11-17 16:39:18.006 [info] Extensions: No changes found during synchronizing extensions.
2022-11-17 16:39:18.010 [info] Sync done. Took 614ms
2022-11-17 16:39:30.438 [info] Auto Sync: Triggered by Activity
2022-11-17 16:39:30.438 [info] Sync started.
2022-11-17 16:39:31.422 [info] Settings: No changes found during synchronizing settings.
2022-11-17 16:39:31.438 [info] Keybindings: No changes found during synchronizing keybindings.
2022-11-17 16:39:31.449 [info] Snippets: No changes found during synchronizing snippets.
2022-11-17 16:39:31.454 [info] Tasks: No changes found during synchronizing tasks.
2022-11-17 16:39:32.028 [info] GlobalState: Updated remote ui state. Updated: workbench.statusbar.hidden.
2022-11-17 16:39:32.052 [info] GlobalState: Updated last synchronized ui state
2022-11-17 16:39:32.151 [info] Extensions: No changes found during synchronizing extensions.
2022-11-17 16:39:32.154 [info] Sync done. Took 1717ms
2022-11-17 16:40:05.491 [info] Auto Sync: Triggered by Activity
2022-11-17 16:40:05.493 [info] Sync started.
2022-11-17 16:40:05.875 [info] Settings: No changes found during synchronizing settings.
2022-11-17 16:40:05.894 [info] Keybindings: No changes found during synchronizing keybindings.
2022-11-17 16:40:05.910 [info] Snippets: No changes found during synchronizing snippets.
2022-11-17 16:40:05.918 [info] Tasks: No changes found during synchronizing tasks.
2022-11-17 16:40:05.926 [info] GlobalState: No changes found during synchronizing ui state.
2022-11-17 16:40:06.028 [info] Extensions: No changes found during synchronizing extensions.
2022-11-17 16:40:06.031 [info] Sync done. Took 543ms
2022-11-17 16:40:29.659 [info] Auto Sync: Triggered by Activity
2022-11-17 16:40:29.662 [info] Sync started.
2022-11-17 16:40:30.117 [info] Settings: No changes found during synchronizing settings.
2022-11-17 16:40:30.131 [info] Keybindings: No changes found during synchronizing keybindings.
2022-11-17 16:40:30.143 [info] Snippets: No changes found during synchronizing snippets.
2022-11-17 16:40:30.151 [info] Tasks: No changes found during synchronizing tasks.
2022-11-17 16:40:30.158 [info] GlobalState: No changes found during synchronizing ui state.
2022-11-17 16:40:30.243 [info] Extensions: No changes found during synchronizing extensions.
2022-11-17 16:40:30.255 [info] Sync done. Took 597ms
