2023-02-16 12:01:53.948 [info] Validating found git in: git
2023-02-16 12:01:53.948 [info] Using git 2.38.1 from git
2023-02-16 12:01:53.948 [info] > git rev-parse --show-toplevel [25ms]
2023-02-16 12:01:53.957 [info] > git rev-parse --git-dir --git-common-dir [43ms]
2023-02-16 12:01:53.990 [info] Log level: Info
2023-02-16 12:01:53.990 [info] Open repository: /home/yunis/phase-1-scope-lab
2023-02-16 12:01:54.101 [info] > git status -z -uall [48ms]
2023-02-16 12:01:54.103 [info] > git rev-parse --show-toplevel [38ms]
2023-02-16 12:01:54.112 [info] > git remote --verbose [83ms]
2023-02-16 12:01:54.113 [info] > git for-each-ref --sort -committerdate --format %(refname) %(objectname) %(*objectname) [116ms]
2023-02-16 12:01:54.128 [info] > git rev-parse --show-toplevel [18ms]
2023-02-16 12:01:54.131 [info] > git config --get commit.template [32ms]
2023-02-16 12:01:54.256 [info] > git for-each-ref --format=%(refname)%00%(upstream:short)%00%(objectname)%00%(upstream:track)%00%(upstream:remotename)%00%(upstream:remoteref) refs/heads/master refs/remotes/master [106ms]
2023-02-16 12:01:54.288 [info] > git remote --verbose [11ms]
2023-02-16 12:01:54.289 [info] > git for-each-ref --sort -committerdate --format %(refname) %(objectname) %(*objectname) [18ms]
2023-02-16 12:01:54.295 [info] > git status -z -uall [11ms]
2023-02-16 12:01:54.307 [info] > git config --get commit.template [11ms]
2023-02-16 12:01:54.308 [info] > git for-each-ref --format=%(refname)%00%(upstream:short)%00%(objectname)%00%(upstream:track)%00%(upstream:remotename)%00%(upstream:remoteref) refs/heads/master refs/remotes/master [4ms]
2023-02-16 12:01:54.630 [info] > git check-ignore -v -z --stdin [1ms]
2023-02-16 12:02:05.196 [info] > git show --textconv :index.js [20ms]
2023-02-16 12:02:05.201 [info] > git ls-files --stage -- /home/yunis/phase-1-scope-lab/index.js [5ms]
2023-02-16 12:02:05.212 [info] > git cat-file -s 7be1a4693ab91efd705b1525df9ae30ad05fc9f5 [3ms]
2023-02-16 12:03:33.170 [info] > git status -z -uall [12ms]
2023-02-16 12:03:33.171 [info] > git remote --verbose [27ms]
2023-02-16 12:03:33.171 [info] > git for-each-ref --sort -committerdate --format %(refname) %(objectname) %(*objectname) [43ms]
2023-02-16 12:03:33.174 [info] > git config --get commit.template [6ms]
2023-02-16 12:03:33.182 [info] > git for-each-ref --format=%(refname)%00%(upstream:short)%00%(objectname)%00%(upstream:track)%00%(upstream:remotename)%00%(upstream:remoteref) refs/heads/master refs/remotes/master [2ms]
2023-02-16 12:04:39.658 [info] > git remote --verbose [15ms]
2023-02-16 12:04:39.659 [info] > git for-each-ref --sort -committerdate --format %(refname) %(objectname) %(*objectname) [27ms]
2023-02-16 12:04:39.668 [info] > git status -z -uall [15ms]
2023-02-16 12:04:39.671 [info] > git config --get commit.template [2ms]
2023-02-16 12:04:39.679 [info] > git for-each-ref --format=%(refname)%00%(upstream:short)%00%(objectname)%00%(upstream:track)%00%(upstream:remotename)%00%(upstream:remoteref) refs/heads/master refs/remotes/master [1ms]
2023-02-16 12:04:44.700 [info] > git status -z -uall [6ms]
2023-02-16 12:04:44.701 [info] > git remote --verbose [10ms]
2023-02-16 12:04:44.701 [info] > git for-each-ref --sort -committerdate --format %(refname) %(objectname) %(*objectname) [17ms]
2023-02-16 12:04:44.702 [info] > git config --get commit.template [3ms]
2023-02-16 12:04:44.709 [info] > git for-each-ref --format=%(refname)%00%(upstream:short)%00%(objectname)%00%(upstream:track)%00%(upstream:remotename)%00%(upstream:remoteref) refs/heads/master refs/remotes/master [1ms]
2023-02-16 12:04:53.478 [info] > git status -z -uall [11ms]
2023-02-16 12:04:53.479 [info] > git remote --verbose [28ms]
2023-02-16 12:04:53.479 [info] > git for-each-ref --sort -committerdate --format %(refname) %(objectname) %(*objectname) [44ms]
2023-02-16 12:04:53.481 [info] > git config --get commit.template [3ms]
2023-02-16 12:04:53.490 [info] > git for-each-ref --format=%(refname)%00%(upstream:short)%00%(objectname)%00%(upstream:track)%00%(upstream:remotename)%00%(upstream:remoteref) refs/heads/master refs/remotes/master [3ms]
2023-02-16 12:04:58.727 [info] > git status -z -uall [8ms]
2023-02-16 12:04:58.727 [info] > git remote --verbose [19ms]
2023-02-16 12:04:58.728 [info] > git for-each-ref --sort -committerdate --format %(refname) %(objectname) %(*objectname) [34ms]
2023-02-16 12:04:58.729 [info] > git config --get commit.template [2ms]
2023-02-16 12:04:58.737 [info] > git for-each-ref --format=%(refname)%00%(upstream:short)%00%(objectname)%00%(upstream:track)%00%(upstream:remotename)%00%(upstream:remoteref) refs/heads/master refs/remotes/master [1ms]
2023-02-16 12:05:15.799 [info] > git status -z -uall [10ms]
2023-02-16 12:05:15.800 [info] > git remote --verbose [24ms]
2023-02-16 12:05:15.800 [info] > git for-each-ref --sort -committerdate --format %(refname) %(objectname) %(*objectname) [39ms]
2023-02-16 12:05:15.802 [info] > git config --get commit.template [3ms]
2023-02-16 12:05:15.810 [info] > git for-each-ref --format=%(refname)%00%(upstream:short)%00%(objectname)%00%(upstream:track)%00%(upstream:remotename)%00%(upstream:remoteref) refs/heads/master refs/remotes/master [1ms]
2023-02-16 12:05:36.947 [info] > git status -z -uall [8ms]
2023-02-16 12:05:36.948 [info] > git remote --verbose [16ms]
2023-02-16 12:05:36.948 [info] > git for-each-ref --sort -committerdate --format %(refname) %(objectname) %(*objectname) [27ms]
2023-02-16 12:05:36.949 [info] > git config --get commit.template [2ms]
2023-02-16 12:05:36.956 [info] > git for-each-ref --format=%(refname)%00%(upstream:short)%00%(objectname)%00%(upstream:track)%00%(upstream:remotename)%00%(upstream:remoteref) refs/heads/master refs/remotes/master [2ms]
2023-02-16 12:05:41.981 [info] > git status -z -uall [5ms]
2023-02-16 12:05:41.982 [info] > git remote --verbose [11ms]
2023-02-16 12:05:41.982 [info] > git for-each-ref --sort -committerdate --format %(refname) %(objectname) %(*objectname) [16ms]
2023-02-16 12:05:41.983 [info] > git config --get commit.template [2ms]
2023-02-16 12:05:41.990 [info] > git for-each-ref --format=%(refname)%00%(upstream:short)%00%(objectname)%00%(upstream:track)%00%(upstream:remotename)%00%(upstream:remoteref) refs/heads/master refs/remotes/master [2ms]
2023-02-16 12:05:47.015 [info] > git status -z -uall [6ms]
2023-02-16 12:05:47.016 [info] > git remote --verbose [11ms]
2023-02-16 12:05:47.016 [info] > git for-each-ref --sort -committerdate --format %(refname) %(objectname) %(*objectname) [18ms]
2023-02-16 12:05:47.017 [info] > git config --get commit.template [2ms]
2023-02-16 12:05:47.024 [info] > git for-each-ref --format=%(refname)%00%(upstream:short)%00%(objectname)%00%(upstream:track)%00%(upstream:remotename)%00%(upstream:remoteref) refs/heads/master refs/remotes/master [2ms]
2023-02-16 12:06:12.588 [info] > git remote --verbose [11ms]
2023-02-16 12:06:12.589 [info] > git for-each-ref --sort -committerdate --format %(refname) %(objectname) %(*objectname) [21ms]
2023-02-16 12:06:12.599 [info] > git status -z -uall [13ms]
2023-02-16 12:06:12.607 [info] > git config --get commit.template [8ms]
2023-02-16 12:06:12.608 [info] > git for-each-ref --format=%(refname)%00%(upstream:short)%00%(objectname)%00%(upstream:track)%00%(upstream:remotename)%00%(upstream:remoteref) refs/heads/master refs/remotes/master [3ms]
2023-02-16 12:06:22.369 [info] > git status -z -uall [9ms]
2023-02-16 12:06:22.369 [info] > git remote --verbose [24ms]
2023-02-16 12:06:22.370 [info] > git for-each-ref --sort -committerdate --format %(refname) %(objectname) %(*objectname) [42ms]
2023-02-16 12:06:22.370 [info] > git config --get commit.template [2ms]
2023-02-16 12:06:22.378 [info] > git for-each-ref --format=%(refname)%00%(upstream:short)%00%(objectname)%00%(upstream:track)%00%(upstream:remotename)%00%(upstream:remoteref) refs/heads/master refs/remotes/master [1ms]
2023-02-16 12:06:56.567 [info] > git status -z -uall [9ms]
2023-02-16 12:06:56.567 [info] > git remote --verbose [17ms]
2023-02-16 12:06:56.568 [info] > git for-each-ref --sort -committerdate --format %(refname) %(objectname) %(*objectname) [26ms]
2023-02-16 12:06:56.578 [info] > git config --get commit.template [11ms]
2023-02-16 12:06:56.579 [info] > git for-each-ref --format=%(refname)%00%(upstream:short)%00%(objectname)%00%(upstream:track)%00%(upstream:remotename)%00%(upstream:remoteref) refs/heads/master refs/remotes/master [2ms]
2023-02-16 12:07:01.633 [info] > git status -z -uall [5ms]
2023-02-16 12:07:01.634 [info] > git remote --verbose [19ms]
2023-02-16 12:07:01.634 [info] > git for-each-ref --sort -committerdate --format %(refname) %(objectname) %(*objectname) [37ms]
2023-02-16 12:07:01.635 [info] > git config --get commit.template [1ms]
2023-02-16 12:07:01.642 [info] > git for-each-ref --format=%(refname)%00%(upstream:short)%00%(objectname)%00%(upstream:track)%00%(upstream:remotename)%00%(upstream:remoteref) refs/heads/master refs/remotes/master [1ms]
2023-02-16 12:07:16.866 [info] > git status -z -uall [7ms]
2023-02-16 12:07:16.867 [info] > git remote --verbose [14ms]
2023-02-16 12:07:16.867 [info] > git for-each-ref --sort -committerdate --format %(refname) %(objectname) %(*objectname) [19ms]
2023-02-16 12:07:16.869 [info] > git config --get commit.template [2ms]
2023-02-16 12:07:16.880 [info] > git for-each-ref --format=%(refname)%00%(upstream:short)%00%(objectname)%00%(upstream:track)%00%(upstream:remotename)%00%(upstream:remoteref) refs/heads/master refs/remotes/master [2ms]
2023-02-16 12:07:21.951 [info] > git status -z -uall [17ms]
2023-02-16 12:07:21.953 [info] > git remote --verbose [36ms]
2023-02-16 12:07:21.953 [info] > git for-each-ref --sort -committerdate --format %(refname) %(objectname) %(*objectname) [55ms]
2023-02-16 12:07:21.955 [info] > git config --get commit.template [4ms]
2023-02-16 12:07:21.965 [info] > git for-each-ref --format=%(refname)%00%(upstream:short)%00%(objectname)%00%(upstream:track)%00%(upstream:remotename)%00%(upstream:remoteref) refs/heads/master refs/remotes/master [2ms]
2023-02-16 12:07:26.994 [info] > git status -z -uall [7ms]
2023-02-16 12:07:26.994 [info] > git remote --verbose [13ms]
2023-02-16 12:07:26.995 [info] > git for-each-ref --sort -committerdate --format %(refname) %(objectname) %(*objectname) [18ms]
2023-02-16 12:07:26.996 [info] > git config --get commit.template [2ms]
2023-02-16 12:07:27.005 [info] > git for-each-ref --format=%(refname)%00%(upstream:short)%00%(objectname)%00%(upstream:track)%00%(upstream:remotename)%00%(upstream:remoteref) refs/heads/master refs/remotes/master [2ms]
2023-02-16 12:08:26.201 [info] > git status -z -uall [9ms]
2023-02-16 12:08:26.202 [info] > git remote --verbose [19ms]
2023-02-16 12:08:26.202 [info] > git for-each-ref --sort -committerdate --format %(refname) %(objectname) %(*objectname) [37ms]
2023-02-16 12:08:26.203 [info] > git config --get commit.template [3ms]
2023-02-16 12:08:26.212 [info] > git for-each-ref --format=%(refname)%00%(upstream:short)%00%(objectname)%00%(upstream:track)%00%(upstream:remotename)%00%(upstream:remoteref) refs/heads/master refs/remotes/master [2ms]
2023-02-16 12:08:31.257 [info] > git status -z -uall [7ms]
2023-02-16 12:08:31.258 [info] > git remote --verbose [12ms]
2023-02-16 12:08:31.258 [info] > git for-each-ref --sort -committerdate --format %(refname) %(objectname) %(*objectname) [24ms]
2023-02-16 12:08:31.259 [info] > git config --get commit.template [3ms]
2023-02-16 12:08:31.269 [info] > git for-each-ref --format=%(refname)%00%(upstream:short)%00%(objectname)%00%(upstream:track)%00%(upstream:remotename)%00%(upstream:remoteref) refs/heads/master refs/remotes/master [2ms]
2023-02-16 12:08:40.023 [info] > git status -z -uall [10ms]
2023-02-16 12:08:40.024 [info] > git remote --verbose [20ms]
2023-02-16 12:08:40.025 [info] > git for-each-ref --sort -committerdate --format %(refname) %(objectname) %(*objectname) [32ms]
2023-02-16 12:08:40.038 [info] > git config --get commit.template [15ms]
2023-02-16 12:08:40.039 [info] > git for-each-ref --format=%(refname)%00%(upstream:short)%00%(objectname)%00%(upstream:track)%00%(upstream:remotename)%00%(upstream:remoteref) refs/heads/master refs/remotes/master [2ms]
2023-02-16 12:08:45.103 [info] > git status -z -uall [10ms]
2023-02-16 12:08:45.104 [info] > git remote --verbose [23ms]
2023-02-16 12:08:45.105 [info] > git for-each-ref --sort -committerdate --format %(refname) %(objectname) %(*objectname) [43ms]
2023-02-16 12:08:45.105 [info] > git config --get commit.template [2ms]
2023-02-16 12:08:45.115 [info] > git for-each-ref --format=%(refname)%00%(upstream:short)%00%(objectname)%00%(upstream:track)%00%(upstream:remotename)%00%(upstream:remoteref) refs/heads/master refs/remotes/master [2ms]
2023-02-16 12:08:50.179 [info] > git status -z -uall [8ms]
2023-02-16 12:08:50.180 [info] > git remote --verbose [21ms]
2023-02-16 12:08:50.181 [info] > git for-each-ref --sort -committerdate --format %(refname) %(objectname) %(*objectname) [41ms]
2023-02-16 12:08:50.182 [info] > git config --get commit.template [3ms]
2023-02-16 12:08:50.189 [info] > git for-each-ref --format=%(refname)%00%(upstream:short)%00%(objectname)%00%(upstream:track)%00%(upstream:remotename)%00%(upstream:remoteref) refs/heads/master refs/remotes/master [2ms]
2023-02-16 12:08:55.249 [info] > git status -z -uall [14ms]
2023-02-16 12:08:55.250 [info] > git remote --verbose [29ms]
2023-02-16 12:08:55.250 [info] > git for-each-ref --sort -committerdate --format %(refname) %(objectname) %(*objectname) [44ms]
2023-02-16 12:08:55.251 [info] > git config --get commit.template [3ms]
2023-02-16 12:08:55.260 [info] > git for-each-ref --format=%(refname)%00%(upstream:short)%00%(objectname)%00%(upstream:track)%00%(upstream:remotename)%00%(upstream:remoteref) refs/heads/master refs/remotes/master [2ms]
2023-02-16 12:09:00.328 [info] > git status -z -uall [12ms]
2023-02-16 12:09:00.329 [info] > git remote --verbose [29ms]
2023-02-16 12:09:00.329 [info] > git for-each-ref --sort -committerdate --format %(refname) %(objectname) %(*objectname) [50ms]
2023-02-16 12:09:00.330 [info] > git config --get commit.template [3ms]
2023-02-16 12:09:00.339 [info] > git for-each-ref --format=%(refname)%00%(upstream:short)%00%(objectname)%00%(upstream:track)%00%(upstream:remotename)%00%(upstream:remoteref) refs/heads/master refs/remotes/master [2ms]
2023-02-16 12:09:05.406 [info] > git status -z -uall [13ms]
2023-02-16 12:09:05.407 [info] > git remote --verbose [27ms]
2023-02-16 12:09:05.408 [info] > git for-each-ref --sort -committerdate --format %(refname) %(objectname) %(*objectname) [48ms]
2023-02-16 12:09:05.410 [info] > git config --get commit.template [4ms]
2023-02-16 12:09:05.423 [info] > git for-each-ref --format=%(refname)%00%(upstream:short)%00%(objectname)%00%(upstream:track)%00%(upstream:remotename)%00%(upstream:remoteref) refs/heads/master refs/remotes/master [2ms]
2023-02-16 12:09:10.481 [info] > git status -z -uall [8ms]
2023-02-16 12:09:10.482 [info] > git remote --verbose [20ms]
2023-02-16 12:09:10.482 [info] > git for-each-ref --sort -committerdate --format %(refname) %(objectname) %(*objectname) [37ms]
2023-02-16 12:09:10.484 [info] > git config --get commit.template [2ms]
2023-02-16 12:09:10.492 [info] > git for-each-ref --format=%(refname)%00%(upstream:short)%00%(objectname)%00%(upstream:track)%00%(upstream:remotename)%00%(upstream:remoteref) refs/heads/master refs/remotes/master [3ms]
2023-02-16 12:09:15.520 [info] > git status -z -uall [8ms]
2023-02-16 12:09:15.521 [info] > git remote --verbose [14ms]
2023-02-16 12:09:15.522 [info] > git for-each-ref --sort -committerdate --format %(refname) %(objectname) %(*objectname) [19ms]
2023-02-16 12:09:15.522 [info] > git config --get commit.template [2ms]
2023-02-16 12:09:15.531 [info] > git for-each-ref --format=%(refname)%00%(upstream:short)%00%(objectname)%00%(upstream:track)%00%(upstream:remotename)%00%(upstream:remoteref) refs/heads/master refs/remotes/master [2ms]
2023-02-16 12:09:43.824 [info] > git status -z -uall [5ms]
2023-02-16 12:09:43.824 [info] > git remote --verbose [11ms]
2023-02-16 12:09:43.824 [info] > git for-each-ref --sort -committerdate --format %(refname) %(objectname) %(*objectname) [16ms]
2023-02-16 12:09:43.825 [info] > git config --get commit.template [2ms]
2023-02-16 12:09:43.832 [info] > git for-each-ref --format=%(refname)%00%(upstream:short)%00%(objectname)%00%(upstream:track)%00%(upstream:remotename)%00%(upstream:remoteref) refs/heads/master refs/remotes/master [2ms]
2023-02-16 12:10:18.449 [info] > git status -z -uall [26ms]
2023-02-16 12:10:18.450 [info] > git remote --verbose [51ms]
2023-02-16 12:10:18.451 [info] > git for-each-ref --sort -committerdate --format %(refname) %(objectname) %(*objectname) [77ms]
2023-02-16 12:10:18.454 [info] > git config --get commit.template [5ms]
2023-02-16 12:10:18.470 [info] > git for-each-ref --format=%(refname)%00%(upstream:short)%00%(objectname)%00%(upstream:track)%00%(upstream:remotename)%00%(upstream:remoteref) refs/heads/master refs/remotes/master [4ms]
2023-02-16 12:10:23.575 [info] > git remote --verbose [41ms]
2023-02-16 12:10:23.577 [info] > git for-each-ref --sort -committerdate --format %(refname) %(objectname) %(*objectname) [76ms]
2023-02-16 12:10:23.612 [info] > git status -z -uall [54ms]
2023-02-16 12:10:23.621 [info] > git config --get commit.template [9ms]
2023-02-16 12:10:23.654 [info] > git for-each-ref --format=%(refname)%00%(upstream:short)%00%(objectname)%00%(upstream:track)%00%(upstream:remotename)%00%(upstream:remoteref) refs/heads/master refs/remotes/master [5ms]
2023-02-16 12:10:28.724 [info] > git status -z -uall [13ms]
2023-02-16 12:10:28.725 [info] > git remote --verbose [30ms]
2023-02-16 12:10:28.725 [info] > git for-each-ref --sort -committerdate --format %(refname) %(objectname) %(*objectname) [48ms]
2023-02-16 12:10:28.726 [info] > git config --get commit.template [3ms]
2023-02-16 12:10:28.734 [info] > git for-each-ref --format=%(refname)%00%(upstream:short)%00%(objectname)%00%(upstream:track)%00%(upstream:remotename)%00%(upstream:remoteref) refs/heads/master refs/remotes/master [2ms]
2023-02-16 12:10:35.350 [info] > git status -z -uall [6ms]
2023-02-16 12:10:35.350 [info] > git remote --verbose [12ms]
2023-02-16 12:10:35.351 [info] > git for-each-ref --sort -committerdate --format %(refname) %(objectname) %(*objectname) [19ms]
2023-02-16 12:10:35.351 [info] > git config --get commit.template [2ms]
2023-02-16 12:10:35.360 [info] > git for-each-ref --format=%(refname)%00%(upstream:short)%00%(objectname)%00%(upstream:track)%00%(upstream:remotename)%00%(upstream:remoteref) refs/heads/master refs/remotes/master [2ms]
2023-02-16 12:10:40.428 [info] > git status -z -uall [9ms]
2023-02-16 12:10:40.429 [info] > git remote --verbose [21ms]
2023-02-16 12:10:40.429 [info] > git for-each-ref --sort -committerdate --format %(refname) %(objectname) %(*objectname) [43ms]
2023-02-16 12:10:40.430 [info] > git config --get commit.template [3ms]
2023-02-16 12:10:40.437 [info] > git for-each-ref --format=%(refname)%00%(upstream:short)%00%(objectname)%00%(upstream:track)%00%(upstream:remotename)%00%(upstream:remoteref) refs/heads/master refs/remotes/master [2ms]
2023-02-16 12:10:45.500 [info] > git status -z -uall [11ms]
2023-02-16 12:10:45.500 [info] > git remote --verbose [28ms]
2023-02-16 12:10:45.501 [info] > git for-each-ref --sort -committerdate --format %(refname) %(objectname) %(*objectname) [44ms]
2023-02-16 12:10:45.501 [info] > git config --get commit.template [2ms]
2023-02-16 12:10:45.509 [info] > git for-each-ref --format=%(refname)%00%(upstream:short)%00%(objectname)%00%(upstream:track)%00%(upstream:remotename)%00%(upstream:remoteref) refs/heads/master refs/remotes/master [1ms]
2023-02-16 12:11:03.716 [info] > git status -z -uall [10ms]
2023-02-16 12:11:03.716 [info] > git remote --verbose [22ms]
2023-02-16 12:11:03.717 [info] > git for-each-ref --sort -committerdate --format %(refname) %(objectname) %(*objectname) [43ms]
2023-02-16 12:11:03.718 [info] > git config --get commit.template [3ms]
2023-02-16 12:11:03.727 [info] > git for-each-ref --format=%(refname)%00%(upstream:short)%00%(objectname)%00%(upstream:track)%00%(upstream:remotename)%00%(upstream:remoteref) refs/heads/master refs/remotes/master [2ms]
2023-02-16 12:11:49.841 [info] > git remote --verbose [9ms]
2023-02-16 12:11:49.842 [info] > git for-each-ref --sort -committerdate --format %(refname) %(objectname) %(*objectname) [23ms]
2023-02-16 12:11:49.849 [info] > git status -z -uall [11ms]
2023-02-16 12:11:49.851 [info] > git config --get commit.template [1ms]
2023-02-16 12:11:49.859 [info] > git for-each-ref --format=%(refname)%00%(upstream:short)%00%(objectname)%00%(upstream:track)%00%(upstream:remotename)%00%(upstream:remoteref) refs/heads/master refs/remotes/master [2ms]
2023-02-16 12:12:14.535 [info] > git status -z -uall [11ms]
2023-02-16 12:12:14.536 [info] > git remote --verbose [23ms]
2023-02-16 12:12:14.536 [info] > git for-each-ref --sort -committerdate --format %(refname) %(objectname) %(*objectname) [42ms]
2023-02-16 12:12:14.537 [info] > git config --get commit.template [5ms]
2023-02-16 12:12:14.546 [info] > git for-each-ref --format=%(refname)%00%(upstream:short)%00%(objectname)%00%(upstream:track)%00%(upstream:remotename)%00%(upstream:remoteref) refs/heads/master refs/remotes/master [2ms]
2023-02-16 12:12:20.962 [info] > git status -z -uall [7ms]
2023-02-16 12:12:20.963 [info] > git remote --verbose [14ms]
2023-02-16 12:12:20.963 [info] > git for-each-ref --sort -committerdate --format %(refname) %(objectname) %(*objectname) [26ms]
2023-02-16 12:12:20.964 [info] > git config --get commit.template [3ms]
2023-02-16 12:12:20.971 [info] > git for-each-ref --format=%(refname)%00%(upstream:short)%00%(objectname)%00%(upstream:track)%00%(upstream:remotename)%00%(upstream:remoteref) refs/heads/master refs/remotes/master [1ms]
2023-02-16 12:12:40.236 [info] > git status -z -uall [7ms]
2023-02-16 12:12:40.236 [info] > git remote --verbose [19ms]
2023-02-16 12:12:40.237 [info] > git for-each-ref --sort -committerdate --format %(refname) %(objectname) %(*objectname) [41ms]
2023-02-16 12:12:40.238 [info] > git config --get commit.template [2ms]
2023-02-16 12:12:40.245 [info] > git for-each-ref --format=%(refname)%00%(upstream:short)%00%(objectname)%00%(upstream:track)%00%(upstream:remotename)%00%(upstream:remoteref) refs/heads/master refs/remotes/master [2ms]
2023-02-16 12:12:45.312 [info] > git status -z -uall [12ms]
2023-02-16 12:12:45.313 [info] > git remote --verbose [29ms]
2023-02-16 12:12:45.315 [info] > git for-each-ref --sort -committerdate --format %(refname) %(objectname) %(*objectname) [47ms]
2023-02-16 12:12:45.316 [info] > git config --get commit.template [5ms]
2023-02-16 12:12:45.325 [info] > git for-each-ref --format=%(refname)%00%(upstream:short)%00%(objectname)%00%(upstream:track)%00%(upstream:remotename)%00%(upstream:remoteref) refs/heads/master refs/remotes/master [1ms]
2023-02-16 12:12:50.354 [info] > git status -z -uall [7ms]
2023-02-16 12:12:50.354 [info] > git remote --verbose [14ms]
2023-02-16 12:12:50.355 [info] > git for-each-ref --sort -committerdate --format %(refname) %(objectname) %(*objectname) [20ms]
2023-02-16 12:12:50.355 [info] > git config --get commit.template [2ms]
2023-02-16 12:12:50.365 [info] > git for-each-ref --format=%(refname)%00%(upstream:short)%00%(objectname)%00%(upstream:track)%00%(upstream:remotename)%00%(upstream:remoteref) refs/heads/master refs/remotes/master [3ms]
2023-02-16 12:13:25.705 [info] > git status -z -uall [8ms]
2023-02-16 12:13:25.706 [info] > git remote --verbose [19ms]
2023-02-16 12:13:25.706 [info] > git for-each-ref --sort -committerdate --format %(refname) %(objectname) %(*objectname) [42ms]
2023-02-16 12:13:25.707 [info] > git config --get commit.template [2ms]
2023-02-16 12:13:25.715 [info] > git for-each-ref --format=%(refname)%00%(upstream:short)%00%(objectname)%00%(upstream:track)%00%(upstream:remotename)%00%(upstream:remoteref) refs/heads/master refs/remotes/master [2ms]
2023-02-16 12:13:30.786 [info] > git status -z -uall [8ms]
2023-02-16 12:13:30.787 [info] > git remote --verbose [22ms]
2023-02-16 12:13:30.787 [info] > git for-each-ref --sort -committerdate --format %(refname) %(objectname) %(*objectname) [46ms]
2023-02-16 12:13:30.788 [info] > git config --get commit.template [3ms]
2023-02-16 12:13:30.796 [info] > git for-each-ref --format=%(refname)%00%(upstream:short)%00%(objectname)%00%(upstream:track)%00%(upstream:remotename)%00%(upstream:remoteref) refs/heads/master refs/remotes/master [2ms]
2023-02-16 12:13:35.859 [info] > git status -z -uall [10ms]
2023-02-16 12:13:35.860 [info] > git remote --verbose [23ms]
2023-02-16 12:13:35.860 [info] > git for-each-ref --sort -committerdate --format %(refname) %(objectname) %(*objectname) [42ms]
2023-02-16 12:13:35.861 [info] > git config --get commit.template [3ms]
2023-02-16 12:13:35.869 [info] > git for-each-ref --format=%(refname)%00%(upstream:short)%00%(objectname)%00%(upstream:track)%00%(upstream:remotename)%00%(upstream:remoteref) refs/heads/master refs/remotes/master [2ms]
2023-02-16 12:13:40.901 [info] > git status -z -uall [7ms]
2023-02-16 12:13:40.902 [info] > git remote --verbose [15ms]
2023-02-16 12:13:40.902 [info] > git for-each-ref --sort -committerdate --format %(refname) %(objectname) %(*objectname) [22ms]
2023-02-16 12:13:40.902 [info] > git config --get commit.template [2ms]
2023-02-16 12:13:40.909 [info] > git for-each-ref --format=%(refname)%00%(upstream:short)%00%(objectname)%00%(upstream:track)%00%(upstream:remotename)%00%(upstream:remoteref) refs/heads/master refs/remotes/master [2ms]
2023-02-16 12:13:45.979 [info] > git status -z -uall [14ms]
2023-02-16 12:13:45.980 [info] > git remote --verbose [33ms]
2023-02-16 12:13:45.981 [info] > git for-each-ref --sort -committerdate --format %(refname) %(objectname) %(*objectname) [51ms]
2023-02-16 12:13:45.982 [info] > git config --get commit.template [3ms]
2023-02-16 12:13:45.991 [info] > git for-each-ref --format=%(refname)%00%(upstream:short)%00%(objectname)%00%(upstream:track)%00%(upstream:remotename)%00%(upstream:remoteref) refs/heads/master refs/remotes/master [3ms]
2023-02-16 12:13:51.022 [info] > git status -z -uall [7ms]
2023-02-16 12:13:51.022 [info] > git remote --verbose [15ms]
2023-02-16 12:13:51.023 [info] > git for-each-ref --sort -committerdate --format %(refname) %(objectname) %(*objectname) [23ms]
2023-02-16 12:13:51.023 [info] > git config --get commit.template [2ms]
2023-02-16 12:13:51.031 [info] > git for-each-ref --format=%(refname)%00%(upstream:short)%00%(objectname)%00%(upstream:track)%00%(upstream:remotename)%00%(upstream:remoteref) refs/heads/master refs/remotes/master [1ms]
2023-02-16 12:13:56.091 [info] > git status -z -uall [13ms]
2023-02-16 12:13:56.092 [info] > git remote --verbose [29ms]
2023-02-16 12:13:56.093 [info] > git for-each-ref --sort -committerdate --format %(refname) %(objectname) %(*objectname) [44ms]
2023-02-16 12:13:56.094 [info] > git config --get commit.template [3ms]
2023-02-16 12:13:56.104 [info] > git for-each-ref --format=%(refname)%00%(upstream:short)%00%(objectname)%00%(upstream:track)%00%(upstream:remotename)%00%(upstream:remoteref) refs/heads/master refs/remotes/master [2ms]
2023-02-16 12:14:30.773 [info] > git status -z -uall [10ms]
2023-02-16 12:14:30.773 [info] > git remote --verbose [18ms]
2023-02-16 12:14:30.774 [info] > git for-each-ref --sort -committerdate --format %(refname) %(objectname) %(*objectname) [26ms]
2023-02-16 12:14:30.775 [info] > git config --get commit.template [2ms]
2023-02-16 12:14:30.786 [info] > git for-each-ref --format=%(refname)%00%(upstream:short)%00%(objectname)%00%(upstream:track)%00%(upstream:remotename)%00%(upstream:remoteref) refs/heads/master refs/remotes/master [2ms]
2023-02-16 12:17:47.951 [info] > git status -z -uall [7ms]
2023-02-16 12:17:47.951 [info] > git remote --verbose [13ms]
2023-02-16 12:17:47.952 [info] > git for-each-ref --sort -committerdate --format %(refname) %(objectname) %(*objectname) [20ms]
2023-02-16 12:17:47.953 [info] > git config --get commit.template [2ms]
2023-02-16 12:17:47.963 [info] > git for-each-ref --format=%(refname)%00%(upstream:short)%00%(objectname)%00%(upstream:track)%00%(upstream:remotename)%00%(upstream:remoteref) refs/heads/master refs/remotes/master [2ms]
2023-02-16 12:21:07.673 [info] > git status -z -uall [9ms]
2023-02-16 12:21:07.673 [info] > git remote --verbose [16ms]
2023-02-16 12:21:07.674 [info] > git for-each-ref --sort -committerdate --format %(refname) %(objectname) %(*objectname) [30ms]
2023-02-16 12:21:07.674 [info] > git config --get commit.template [2ms]
2023-02-16 12:21:07.683 [info] > git for-each-ref --format=%(refname)%00%(upstream:short)%00%(objectname)%00%(upstream:track)%00%(upstream:remotename)%00%(upstream:remoteref) refs/heads/master refs/remotes/master [2ms]
2023-02-16 12:21:12.709 [info] > git status -z -uall [7ms]
2023-02-16 12:21:12.710 [info] > git remote --verbose [13ms]
2023-02-16 12:21:12.710 [info] > git for-each-ref --sort -committerdate --format %(refname) %(objectname) %(*objectname) [19ms]
2023-02-16 12:21:12.711 [info] > git config --get commit.template [2ms]
2023-02-16 12:21:12.721 [info] > git for-each-ref --format=%(refname)%00%(upstream:short)%00%(objectname)%00%(upstream:track)%00%(upstream:remotename)%00%(upstream:remoteref) refs/heads/master refs/remotes/master [2ms]
2023-02-16 12:21:17.788 [info] > git status -z -uall [13ms]
2023-02-16 12:21:17.789 [info] > git remote --verbose [29ms]
2023-02-16 12:21:17.789 [info] > git for-each-ref --sort -committerdate --format %(refname) %(objectname) %(*objectname) [49ms]
2023-02-16 12:21:17.790 [info] > git config --get commit.template [3ms]
2023-02-16 12:21:17.799 [info] > git for-each-ref --format=%(refname)%00%(upstream:short)%00%(objectname)%00%(upstream:track)%00%(upstream:remotename)%00%(upstream:remoteref) refs/heads/master refs/remotes/master [2ms]
2023-02-16 12:21:22.832 [info] > git status -z -uall [6ms]
2023-02-16 12:21:22.833 [info] > git remote --verbose [15ms]
2023-02-16 12:21:22.833 [info] > git for-each-ref --sort -committerdate --format %(refname) %(objectname) %(*objectname) [23ms]
2023-02-16 12:21:22.834 [info] > git config --get commit.template [3ms]
2023-02-16 12:21:22.842 [info] > git for-each-ref --format=%(refname)%00%(upstream:short)%00%(objectname)%00%(upstream:track)%00%(upstream:remotename)%00%(upstream:remoteref) refs/heads/master refs/remotes/master [2ms]
2023-02-16 12:21:27.875 [info] > git status -z -uall [6ms]
2023-02-16 12:21:27.876 [info] > git remote --verbose [11ms]
2023-02-16 12:21:27.876 [info] > git for-each-ref --sort -committerdate --format %(refname) %(objectname) %(*objectname) [17ms]
2023-02-16 12:21:27.876 [info] > git config --get commit.template [2ms]
2023-02-16 12:21:27.884 [info] > git for-each-ref --format=%(refname)%00%(upstream:short)%00%(objectname)%00%(upstream:track)%00%(upstream:remotename)%00%(upstream:remoteref) refs/heads/master refs/remotes/master [1ms]
2023-02-16 12:21:32.923 [info] > git status -z -uall [12ms]
2023-02-16 12:21:32.925 [info] > git remote --verbose [22ms]
2023-02-16 12:21:32.925 [info] > git for-each-ref --sort -committerdate --format %(refname) %(objectname) %(*objectname) [31ms]
2023-02-16 12:21:32.926 [info] > git config --get commit.template [4ms]
2023-02-16 12:21:32.939 [info] > git for-each-ref --format=%(refname)%00%(upstream:short)%00%(objectname)%00%(upstream:track)%00%(upstream:remotename)%00%(upstream:remoteref) refs/heads/master refs/remotes/master [3ms]
2023-02-16 12:21:58.328 [info] > git status -z -uall [11ms]
2023-02-16 12:21:58.328 [info] > git remote --verbose [35ms]
2023-02-16 12:21:58.329 [info] > git for-each-ref --sort -committerdate --format %(refname) %(objectname) %(*objectname) [52ms]
2023-02-16 12:21:58.330 [info] > git config --get commit.template [2ms]
2023-02-16 12:21:58.339 [info] > git for-each-ref --format=%(refname)%00%(upstream:short)%00%(objectname)%00%(upstream:track)%00%(upstream:remotename)%00%(upstream:remoteref) refs/heads/master refs/remotes/master [1ms]
2023-02-16 12:22:03.376 [info] > git status -z -uall [7ms]
2023-02-16 12:22:03.376 [info] > git remote --verbose [13ms]
2023-02-16 12:22:03.377 [info] > git for-each-ref --sort -committerdate --format %(refname) %(objectname) %(*objectname) [18ms]
2023-02-16 12:22:03.378 [info] > git config --get commit.template [2ms]
2023-02-16 12:22:03.386 [info] > git for-each-ref --format=%(refname)%00%(upstream:short)%00%(objectname)%00%(upstream:track)%00%(upstream:remotename)%00%(upstream:remoteref) refs/heads/master refs/remotes/master [2ms]
2023-02-16 12:22:15.309 [info] > git remote --verbose [12ms]
2023-02-16 12:22:15.309 [info] > git for-each-ref --sort -committerdate --format %(refname) %(objectname) %(*objectname) [24ms]
2023-02-16 12:22:15.319 [info] > git status -z -uall [13ms]
2023-02-16 12:22:15.329 [info] > git config --get commit.template [10ms]
2023-02-16 12:22:15.329 [info] > git for-each-ref --format=%(refname)%00%(upstream:short)%00%(objectname)%00%(upstream:track)%00%(upstream:remotename)%00%(upstream:remoteref) refs/heads/master refs/remotes/master [2ms]
2023-02-16 12:22:23.846 [info] > git status -z -uall [11ms]
2023-02-16 12:22:23.847 [info] > git remote --verbose [23ms]
2023-02-16 12:22:23.847 [info] > git for-each-ref --sort -committerdate --format %(refname) %(objectname) %(*objectname) [38ms]
2023-02-16 12:22:23.848 [info] > git config --get commit.template [3ms]
2023-02-16 12:22:23.855 [info] > git for-each-ref --format=%(refname)%00%(upstream:short)%00%(objectname)%00%(upstream:track)%00%(upstream:remotename)%00%(upstream:remoteref) refs/heads/master refs/remotes/master [2ms]
2023-02-16 12:22:29.395 [info] > git status -z -uall [12ms]
2023-02-16 12:22:29.396 [info] > git remote --verbose [33ms]
2023-02-16 12:22:29.396 [info] > git for-each-ref --sort -committerdate --format %(refname) %(objectname) %(*objectname) [54ms]
2023-02-16 12:22:29.397 [info] > git config --get commit.template [3ms]
2023-02-16 12:22:29.406 [info] > git for-each-ref --format=%(refname)%00%(upstream:short)%00%(objectname)%00%(upstream:track)%00%(upstream:remotename)%00%(upstream:remoteref) refs/heads/master refs/remotes/master [1ms]
2023-02-16 12:23:39.165 [info] > git status -z -uall [8ms]
2023-02-16 12:23:39.166 [info] > git remote --verbose [23ms]
2023-02-16 12:23:39.166 [info] > git for-each-ref --sort -committerdate --format %(refname) %(objectname) %(*objectname) [39ms]
2023-02-16 12:23:39.167 [info] > git config --get commit.template [2ms]
2023-02-16 12:23:39.175 [info] > git for-each-ref --format=%(refname)%00%(upstream:short)%00%(objectname)%00%(upstream:track)%00%(upstream:remotename)%00%(upstream:remoteref) refs/heads/master refs/remotes/master [2ms]
2023-02-16 12:23:44.241 [info] > git status -z -uall [12ms]
2023-02-16 12:23:44.242 [info] > git remote --verbose [30ms]
2023-02-16 12:23:44.242 [info] > git for-each-ref --sort -committerdate --format %(refname) %(objectname) %(*objectname) [48ms]
2023-02-16 12:23:44.243 [info] > git config --get commit.template [2ms]
2023-02-16 12:23:44.252 [info] > git for-each-ref --format=%(refname)%00%(upstream:short)%00%(objectname)%00%(upstream:track)%00%(upstream:remotename)%00%(upstream:remoteref) refs/heads/master refs/remotes/master [2ms]
2023-02-16 12:23:49.300 [info] > git status -z -uall [12ms]
2023-02-16 12:23:49.301 [info] > git remote --verbose [21ms]
2023-02-16 12:23:49.301 [info] > git for-each-ref --sort -committerdate --format %(refname) %(objectname) %(*objectname) [32ms]
2023-02-16 12:23:49.302 [info] > git config --get commit.template [4ms]
2023-02-16 12:23:49.311 [info] > git for-each-ref --format=%(refname)%00%(upstream:short)%00%(objectname)%00%(upstream:track)%00%(upstream:remotename)%00%(upstream:remoteref) refs/heads/master refs/remotes/master [2ms]
2023-02-16 12:23:54.363 [info] > git status -z -uall [10ms]
2023-02-16 12:23:54.365 [info] > git remote --verbose [20ms]
2023-02-16 12:23:54.365 [info] > git for-each-ref --sort -committerdate --format %(refname) %(objectname) %(*objectname) [32ms]
2023-02-16 12:23:54.367 [info] > git config --get commit.template [6ms]
2023-02-16 12:23:54.376 [info] > git for-each-ref --format=%(refname)%00%(upstream:short)%00%(objectname)%00%(upstream:track)%00%(upstream:remotename)%00%(upstream:remoteref) refs/heads/master refs/remotes/master [2ms]
2023-02-16 12:23:59.419 [info] > git status -z -uall [6ms]
2023-02-16 12:23:59.419 [info] > git remote --verbose [13ms]
2023-02-16 12:23:59.420 [info] > git for-each-ref --sort -committerdate --format %(refname) %(objectname) %(*objectname) [19ms]
2023-02-16 12:23:59.420 [info] > git config --get commit.template [2ms]
2023-02-16 12:23:59.427 [info] > git for-each-ref --format=%(refname)%00%(upstream:short)%00%(objectname)%00%(upstream:track)%00%(upstream:remotename)%00%(upstream:remoteref) refs/heads/master refs/remotes/master [2ms]
2023-02-16 12:24:04.461 [info] > git status -z -uall [6ms]
2023-02-16 12:24:04.462 [info] > git remote --verbose [11ms]
2023-02-16 12:24:04.462 [info] > git for-each-ref --sort -committerdate --format %(refname) %(objectname) %(*objectname) [17ms]
2023-02-16 12:24:04.463 [info] > git config --get commit.template [2ms]
2023-02-16 12:24:04.470 [info] > git for-each-ref --format=%(refname)%00%(upstream:short)%00%(objectname)%00%(upstream:track)%00%(upstream:remotename)%00%(upstream:remoteref) refs/heads/master refs/remotes/master [2ms]
2023-02-16 12:24:09.527 [info] > git status -z -uall [10ms]
2023-02-16 12:24:09.528 [info] > git remote --verbose [25ms]
2023-02-16 12:24:09.529 [info] > git for-each-ref --sort -committerdate --format %(refname) %(objectname) %(*objectname) [40ms]
2023-02-16 12:24:09.530 [info] > git config --get commit.template [3ms]
2023-02-16 12:24:09.539 [info] > git for-each-ref --format=%(refname)%00%(upstream:short)%00%(objectname)%00%(upstream:track)%00%(upstream:remotename)%00%(upstream:remoteref) refs/heads/master refs/remotes/master [2ms]
2023-02-16 12:24:29.825 [info] > git status -z -uall [20ms]
2023-02-16 12:24:29.827 [info] > git remote --verbose [41ms]
2023-02-16 12:24:29.827 [info] > git for-each-ref --sort -committerdate --format %(refname) %(objectname) %(*objectname) [60ms]
2023-02-16 12:24:29.829 [info] > git config --get commit.template [4ms]
2023-02-16 12:24:29.842 [info] > git for-each-ref --format=%(refname)%00%(upstream:short)%00%(objectname)%00%(upstream:track)%00%(upstream:remotename)%00%(upstream:remoteref) refs/heads/master refs/remotes/master [3ms]
2023-02-16 12:25:55.612 [info] > git status -z -uall [5ms]
2023-02-16 12:25:55.613 [info] > git remote --verbose [11ms]
2023-02-16 12:25:55.613 [info] > git for-each-ref --sort -committerdate --format %(refname) %(objectname) %(*objectname) [16ms]
2023-02-16 12:25:55.614 [info] > git config --get commit.template [2ms]
2023-02-16 12:25:55.621 [info] > git for-each-ref --format=%(refname)%00%(upstream:short)%00%(objectname)%00%(upstream:track)%00%(upstream:remotename)%00%(upstream:remoteref) refs/heads/master refs/remotes/master [1ms]
2023-02-16 12:27:10.150 [info] > git status -z -uall [9ms]
2023-02-16 12:27:10.151 [info] > git remote --verbose [20ms]
2023-02-16 12:27:10.152 [info] > git for-each-ref --sort -committerdate --format %(refname) %(objectname) %(*objectname) [29ms]
2023-02-16 12:27:10.153 [info] > git config --get commit.template [2ms]
2023-02-16 12:27:10.162 [info] > git for-each-ref --format=%(refname)%00%(upstream:short)%00%(objectname)%00%(upstream:track)%00%(upstream:remotename)%00%(upstream:remoteref) refs/heads/master refs/remotes/master [1ms]
2023-02-16 12:28:41.887 [info] > git status -z -uall [6ms]
2023-02-16 12:28:41.888 [info] > git remote --verbose [13ms]
2023-02-16 12:28:41.888 [info] > git for-each-ref --sort -committerdate --format %(refname) %(objectname) %(*objectname) [22ms]
2023-02-16 12:28:41.889 [info] > git config --get commit.template [2ms]
2023-02-16 12:28:41.896 [info] > git for-each-ref --format=%(refname)%00%(upstream:short)%00%(objectname)%00%(upstream:track)%00%(upstream:remotename)%00%(upstream:remoteref) refs/heads/master refs/remotes/master [1ms]
2023-02-16 12:29:22.754 [info] > git status -z -uall [9ms]
2023-02-16 12:29:22.755 [info] > git remote --verbose [19ms]
2023-02-16 12:29:22.756 [info] > git for-each-ref --sort -committerdate --format %(refname) %(objectname) %(*objectname) [31ms]
2023-02-16 12:29:22.757 [info] > git config --get commit.template [3ms]
2023-02-16 12:29:22.765 [info] > git for-each-ref --format=%(refname)%00%(upstream:short)%00%(objectname)%00%(upstream:track)%00%(upstream:remotename)%00%(upstream:remoteref) refs/heads/master refs/remotes/master [2ms]
2023-02-16 12:30:28.333 [info] > git status -z -uall [7ms]
2023-02-16 12:30:28.334 [info] > git remote --verbose [14ms]
2023-02-16 12:30:28.334 [info] > git for-each-ref --sort -committerdate --format %(refname) %(objectname) %(*objectname) [23ms]
2023-02-16 12:30:28.334 [info] > git config --get commit.template [1ms]
2023-02-16 12:30:28.341 [info] > git for-each-ref --format=%(refname)%00%(upstream:short)%00%(objectname)%00%(upstream:track)%00%(upstream:remotename)%00%(upstream:remoteref) refs/heads/master refs/remotes/master [2ms]
2023-02-16 12:30:35.146 [info] > git status -z -uall [7ms]
2023-02-16 12:30:35.147 [info] > git remote --verbose [13ms]
2023-02-16 12:30:35.147 [info] > git for-each-ref --sort -committerdate --format %(refname) %(objectname) %(*objectname) [21ms]
2023-02-16 12:30:35.148 [info] > git config --get commit.template [3ms]
2023-02-16 12:30:35.156 [info] > git for-each-ref --format=%(refname)%00%(upstream:short)%00%(objectname)%00%(upstream:track)%00%(upstream:remotename)%00%(upstream:remoteref) refs/heads/master refs/remotes/master [1ms]
2023-02-16 12:30:40.185 [info] > git status -z -uall [8ms]
2023-02-16 12:30:40.186 [info] > git remote --verbose [13ms]
2023-02-16 12:30:40.186 [info] > git for-each-ref --sort -committerdate --format %(refname) %(objectname) %(*objectname) [21ms]
2023-02-16 12:30:40.186 [info] > git config --get commit.template [2ms]
2023-02-16 12:30:40.194 [info] > git for-each-ref --format=%(refname)%00%(upstream:short)%00%(objectname)%00%(upstream:track)%00%(upstream:remotename)%00%(upstream:remoteref) refs/heads/master refs/remotes/master [1ms]
2023-02-16 12:30:45.222 [info] > git status -z -uall [7ms]
2023-02-16 12:30:45.223 [info] > git remote --verbose [14ms]
2023-02-16 12:30:45.223 [info] > git for-each-ref --sort -committerdate --format %(refname) %(objectname) %(*objectname) [19ms]
2023-02-16 12:30:45.224 [info] > git config --get commit.template [2ms]
2023-02-16 12:30:45.233 [info] > git for-each-ref --format=%(refname)%00%(upstream:short)%00%(objectname)%00%(upstream:track)%00%(upstream:remotename)%00%(upstream:remoteref) refs/heads/master refs/remotes/master [2ms]
2023-02-16 12:30:50.291 [info] > git status -z -uall [12ms]
2023-02-16 12:30:50.292 [info] > git remote --verbose [28ms]
2023-02-16 12:30:50.292 [info] > git for-each-ref --sort -committerdate --format %(refname) %(objectname) %(*objectname) [45ms]
2023-02-16 12:30:50.293 [info] > git config --get commit.template [3ms]
2023-02-16 12:30:50.302 [info] > git for-each-ref --format=%(refname)%00%(upstream:short)%00%(objectname)%00%(upstream:track)%00%(upstream:remotename)%00%(upstream:remoteref) refs/heads/master refs/remotes/master [2ms]
2023-02-16 12:30:55.341 [info] > git status -z -uall [8ms]
2023-02-16 12:30:55.341 [info] > git remote --verbose [15ms]
2023-02-16 12:30:55.341 [info] > git for-each-ref --sort -committerdate --format %(refname) %(objectname) %(*objectname) [22ms]
2023-02-16 12:30:55.342 [info] > git config --get commit.template [3ms]
2023-02-16 12:30:55.350 [info] > git for-each-ref --format=%(refname)%00%(upstream:short)%00%(objectname)%00%(upstream:track)%00%(upstream:remotename)%00%(upstream:remoteref) refs/heads/master refs/remotes/master [2ms]
2023-02-16 12:31:05.322 [info] > git status -z -uall [10ms]
2023-02-16 12:31:05.322 [info] > git remote --verbose [30ms]
2023-02-16 12:31:05.322 [info] > git for-each-ref --sort -committerdate --format %(refname) %(objectname) %(*objectname) [64ms]
2023-02-16 12:31:05.323 [info] > git config --get commit.template [2ms]
2023-02-16 12:31:05.331 [info] > git for-each-ref --format=%(refname)%00%(upstream:short)%00%(objectname)%00%(upstream:track)%00%(upstream:remotename)%00%(upstream:remoteref) refs/heads/master refs/remotes/master [2ms]
2023-02-16 12:31:10.398 [info] > git status -z -uall [10ms]
2023-02-16 12:31:10.398 [info] > git remote --verbose [23ms]
2023-02-16 12:31:10.399 [info] > git for-each-ref --sort -committerdate --format %(refname) %(objectname) %(*objectname) [45ms]
2023-02-16 12:31:10.400 [info] > git config --get commit.template [2ms]
2023-02-16 12:31:10.408 [info] > git for-each-ref --format=%(refname)%00%(upstream:short)%00%(objectname)%00%(upstream:track)%00%(upstream:remotename)%00%(upstream:remoteref) refs/heads/master refs/remotes/master [2ms]
2023-02-16 12:31:15.513 [info] > git status -z -uall [24ms]
2023-02-16 12:31:15.515 [info] > git remote --verbose [50ms]
2023-02-16 12:31:15.515 [info] > git for-each-ref --sort -committerdate --format %(refname) %(objectname) %(*objectname) [78ms]
2023-02-16 12:31:15.517 [info] > git config --get commit.template [5ms]
2023-02-16 12:31:15.535 [info] > git for-each-ref --format=%(refname)%00%(upstream:short)%00%(objectname)%00%(upstream:track)%00%(upstream:remotename)%00%(upstream:remoteref) refs/heads/master refs/remotes/master [4ms]
2023-02-16 12:31:20.563 [info] > git status -z -uall [7ms]
2023-02-16 12:31:20.563 [info] > git remote --verbose [12ms]
2023-02-16 12:31:20.563 [info] > git for-each-ref --sort -committerdate --format %(refname) %(objectname) %(*objectname) [17ms]
2023-02-16 12:31:20.565 [info] > git config --get commit.template [2ms]
2023-02-16 12:31:20.572 [info] > git for-each-ref --format=%(refname)%00%(upstream:short)%00%(objectname)%00%(upstream:track)%00%(upstream:remotename)%00%(upstream:remoteref) refs/heads/master refs/remotes/master [2ms]
2023-02-16 12:35:03.897 [info] > git status -z -uall [10ms]
2023-02-16 12:35:03.899 [info] > git remote --verbose [22ms]
2023-02-16 12:35:03.900 [info] > git for-each-ref --sort -committerdate --format %(refname) %(objectname) %(*objectname) [46ms]
2023-02-16 12:35:03.901 [info] > git config --get commit.template [4ms]
2023-02-16 12:35:03.909 [info] > git for-each-ref --format=%(refname)%00%(upstream:short)%00%(objectname)%00%(upstream:track)%00%(upstream:remotename)%00%(upstream:remoteref) refs/heads/master refs/remotes/master [1ms]
2023-02-16 12:35:13.115 [info] > git status -z -uall [16ms]
2023-02-16 12:35:13.116 [info] > git remote --verbose [43ms]
2023-02-16 12:35:13.117 [info] > git for-each-ref --sort -committerdate --format %(refname) %(objectname) %(*objectname) [68ms]
2023-02-16 12:35:13.132 [info] > git config --get commit.template [19ms]
2023-02-16 12:35:13.135 [info] > git for-each-ref --format=%(refname)%00%(upstream:short)%00%(objectname)%00%(upstream:track)%00%(upstream:remotename)%00%(upstream:remoteref) refs/heads/master refs/remotes/master [4ms]
2023-02-16 12:35:18.196 [info] > git status -z -uall [9ms]
2023-02-16 12:35:18.197 [info] > git remote --verbose [22ms]
2023-02-16 12:35:18.197 [info] > git for-each-ref --sort -committerdate --format %(refname) %(objectname) %(*objectname) [40ms]
2023-02-16 12:35:18.198 [info] > git config --get commit.template [2ms]
2023-02-16 12:35:18.207 [info] > git for-each-ref --format=%(refname)%00%(upstream:short)%00%(objectname)%00%(upstream:track)%00%(upstream:remotename)%00%(upstream:remoteref) refs/heads/master refs/remotes/master [1ms]
2023-02-16 12:35:23.280 [info] > git status -z -uall [8ms]
2023-02-16 12:35:23.281 [info] > git remote --verbose [21ms]
2023-02-16 12:35:23.281 [info] > git for-each-ref --sort -committerdate --format %(refname) %(objectname) %(*objectname) [48ms]
2023-02-16 12:35:23.282 [info] > git config --get commit.template [1ms]
2023-02-16 12:35:23.289 [info] > git for-each-ref --format=%(refname)%00%(upstream:short)%00%(objectname)%00%(upstream:track)%00%(upstream:remotename)%00%(upstream:remoteref) refs/heads/master refs/remotes/master [2ms]
2023-02-16 12:35:28.355 [info] > git status -z -uall [8ms]
2023-02-16 12:35:28.356 [info] > git remote --verbose [20ms]
2023-02-16 12:35:28.356 [info] > git for-each-ref --sort -committerdate --format %(refname) %(objectname) %(*objectname) [41ms]
2023-02-16 12:35:28.357 [info] > git config --get commit.template [2ms]
2023-02-16 12:35:28.365 [info] > git for-each-ref --format=%(refname)%00%(upstream:short)%00%(objectname)%00%(upstream:track)%00%(upstream:remotename)%00%(upstream:remoteref) refs/heads/master refs/remotes/master [2ms]
2023-02-16 12:35:33.420 [info] > git status -z -uall [10ms]
2023-02-16 12:35:33.421 [info] > git remote --verbose [22ms]
2023-02-16 12:35:33.421 [info] > git for-each-ref --sort -committerdate --format %(refname) %(objectname) %(*objectname) [38ms]
2023-02-16 12:35:33.422 [info] > git config --get commit.template [3ms]
2023-02-16 12:35:33.430 [info] > git for-each-ref --format=%(refname)%00%(upstream:short)%00%(objectname)%00%(upstream:track)%00%(upstream:remotename)%00%(upstream:remoteref) refs/heads/master refs/remotes/master [2ms]
2023-02-16 12:35:42.478 [info] > git status -z -uall [8ms]
2023-02-16 12:35:42.479 [info] > git remote --verbose [19ms]
2023-02-16 12:35:42.479 [info] > git for-each-ref --sort -committerdate --format %(refname) %(objectname) %(*objectname) [43ms]
2023-02-16 12:35:42.480 [info] > git config --get commit.template [2ms]
2023-02-16 12:35:42.488 [info] > git for-each-ref --format=%(refname)%00%(upstream:short)%00%(objectname)%00%(upstream:track)%00%(upstream:remotename)%00%(upstream:remoteref) refs/heads/master refs/remotes/master [1ms]
2023-02-16 12:36:15.215 [info] > git remote --verbose [10ms]
2023-02-16 12:36:15.215 [info] > git for-each-ref --sort -committerdate --format %(refname) %(objectname) %(*objectname) [23ms]
2023-02-16 12:36:15.225 [info] > git status -z -uall [12ms]
2023-02-16 12:36:15.235 [info] > git config --get commit.template [10ms]
2023-02-16 12:36:15.236 [info] > git for-each-ref --format=%(refname)%00%(upstream:short)%00%(objectname)%00%(upstream:track)%00%(upstream:remotename)%00%(upstream:remoteref) refs/heads/master refs/remotes/master [2ms]
2023-02-17 10:33:07.796 [info] > git status -z -uall [9ms]
2023-02-17 10:33:07.796 [info] > git remote --verbose [17ms]
2023-02-17 10:33:07.797 [info] > git for-each-ref --sort -committerdate --format %(refname) %(objectname) %(*objectname) [28ms]
2023-02-17 10:33:07.797 [info] > git config --get commit.template [2ms]
2023-02-17 10:33:07.806 [info] > git for-each-ref --format=%(refname)%00%(upstream:short)%00%(objectname)%00%(upstream:track)%00%(upstream:remotename)%00%(upstream:remoteref) refs/heads/master refs/remotes/master [2ms]
2023-02-17 10:33:07.841 [info] > git ls-files --stage -- /home/yunis/phase-1-scope-lab/index.js [1ms]
2023-02-17 10:33:07.849 [info] > git cat-file -s 59050c0d647ecc4d725440e8b5a3eef219cd100f [1ms]
2023-02-17 10:33:07.860 [info] > git show --textconv :index.js [2ms]
