2022-11-18 00:22:20.603 [info] Validating found git in: git
2022-11-18 00:22:20.603 [info] Using git 2.38.1 from git
2022-11-18 00:22:20.603 [info] > git rev-parse --show-toplevel [13ms]
2022-11-18 00:22:20.603 [info] > git rev-parse --git-dir --git-common-dir [6ms]
2022-11-18 00:22:20.603 [info] Log level: Info
2022-11-18 00:22:20.603 [info] Open repository: /home/yunis/phase-0-html-tables-lab
2022-11-18 00:22:20.634 [info] > git status -z -uall [124ms]
2022-11-18 00:22:20.636 [info] > git remote --verbose [131ms]
2022-11-18 00:22:20.637 [info] > git for-each-ref --sort -committerdate --format %(refname) %(objectname) %(*objectname) [143ms]
2022-11-18 00:22:20.641 [info] > git config --get commit.template [19ms]
2022-11-18 00:22:20.672 [info] > git for-each-ref --format=%(refname)%00%(upstream:short)%00%(objectname)%00%(upstream:track)%00%(upstream:remotename)%00%(upstream:remoteref) refs/heads/master refs/remotes/master [3ms]
2022-11-18 00:22:20.734 [info] > git status -z -uall [16ms]
2022-11-18 00:22:20.735 [info] > git remote --verbose [24ms]
2022-11-18 00:22:20.736 [info] > git for-each-ref --sort -committerdate --format %(refname) %(objectname) %(*objectname) [47ms]
2022-11-18 00:22:20.741 [info] > git config --get commit.template [15ms]
2022-11-18 00:22:20.818 [info] > git for-each-ref --format=%(refname)%00%(upstream:short)%00%(objectname)%00%(upstream:track)%00%(upstream:remotename)%00%(upstream:remoteref) refs/heads/master refs/remotes/master [70ms]
2022-11-18 00:22:21.037 [info] > git check-ignore -v -z --stdin [1ms]
2022-11-18 00:22:21.226 [info] > git show --textconv :index.html [22ms]
2022-11-18 00:22:21.233 [info] > git ls-files --stage -- /home/yunis/phase-0-html-tables-lab/index.html [7ms]
2022-11-18 00:22:21.251 [info] > git cat-file -s 9027f1a70efa1cc6169a97eac66cad26550b7a82 [7ms]
2022-11-18 00:22:25.049 [info] > git rev-parse --show-toplevel [7ms]
2022-11-18 00:22:25.059 [info] > git rev-parse --git-dir --git-common-dir [3ms]
2022-11-18 00:22:25.064 [info] Log level: Info
2022-11-18 00:22:25.064 [info] Open repository: /home/yunis/phase-0-html-images-lab
2022-11-18 00:22:25.095 [info] > git status -z -uall [11ms]
2022-11-18 00:22:25.097 [info] > git remote --verbose [19ms]
2022-11-18 00:22:25.098 [info] > git for-each-ref --sort -committerdate --format %(refname) %(objectname) %(*objectname) [26ms]
2022-11-18 00:22:25.102 [info] > git config --get commit.template [9ms]
2022-11-18 00:22:25.114 [info] > git for-each-ref --format=%(refname)%00%(upstream:short)%00%(objectname)%00%(upstream:track)%00%(upstream:remotename)%00%(upstream:remoteref) refs/heads/master refs/remotes/master [4ms]
2022-11-18 00:22:25.407 [info] > git show --textconv :index.html [15ms]
2022-11-18 00:22:25.415 [info] > git ls-files --stage -- /home/yunis/phase-0-html-images-lab/index.html [8ms]
2022-11-18 00:22:25.435 [info] > git cat-file -s 0e6b6b85c503538f0679ff074e875613bd35f7fd [4ms]
2022-11-18 00:22:25.639 [info] > git check-ignore -v -z --stdin [16ms]
2022-11-18 00:22:25.643 [info] > git check-ignore -v -z --stdin [7ms]
2022-11-18 00:26:49.115 [info] > git status -z -uall [16ms]
2022-11-18 00:26:49.117 [info] > git remote --verbose [33ms]
2022-11-18 00:26:49.118 [info] > git for-each-ref --sort -committerdate --format %(refname) %(objectname) %(*objectname) [48ms]
2022-11-18 00:26:49.121 [info] > git config --get commit.template [7ms]
2022-11-18 00:26:49.130 [info] > git for-each-ref --format=%(refname)%00%(upstream:short)%00%(objectname)%00%(upstream:track)%00%(upstream:remotename)%00%(upstream:remoteref) refs/heads/master refs/remotes/master [1ms]
2022-11-18 00:26:54.179 [info] > git status -z -uall [9ms]
2022-11-18 00:26:54.180 [info] > git remote --verbose [17ms]
2022-11-18 00:26:54.181 [info] > git for-each-ref --sort -committerdate --format %(refname) %(objectname) %(*objectname) [29ms]
2022-11-18 00:26:54.192 [info] > git config --get commit.template [13ms]
2022-11-18 00:26:54.193 [info] > git for-each-ref --format=%(refname)%00%(upstream:short)%00%(objectname)%00%(upstream:track)%00%(upstream:remotename)%00%(upstream:remoteref) refs/heads/master refs/remotes/master [2ms]
2022-11-18 00:26:59.284 [info] > git status -z -uall [24ms]
2022-11-18 00:26:59.286 [info] > git remote --verbose [46ms]
2022-11-18 00:26:59.287 [info] > git for-each-ref --sort -committerdate --format %(refname) %(objectname) %(*objectname) [69ms]
2022-11-18 00:26:59.289 [info] > git config --get commit.template [7ms]
2022-11-18 00:26:59.301 [info] > git for-each-ref --format=%(refname)%00%(upstream:short)%00%(objectname)%00%(upstream:track)%00%(upstream:remotename)%00%(upstream:remoteref) refs/heads/master refs/remotes/master [3ms]
2022-11-18 00:27:52.452 [info] > git status -z -uall [10ms]
2022-11-18 00:27:52.453 [info] > git remote --verbose [23ms]
2022-11-18 00:27:52.453 [info] > git for-each-ref --sort -committerdate --format %(refname) %(objectname) %(*objectname) [40ms]
2022-11-18 00:27:52.455 [info] > git config --get commit.template [3ms]
2022-11-18 00:27:52.462 [info] > git for-each-ref --format=%(refname)%00%(upstream:short)%00%(objectname)%00%(upstream:track)%00%(upstream:remotename)%00%(upstream:remoteref) refs/heads/master refs/remotes/master [2ms]
2022-11-18 00:28:22.262 [info] > git status -z -uall [10ms]
2022-11-18 00:28:22.263 [info] > git remote --verbose [25ms]
2022-11-18 00:28:22.264 [info] > git for-each-ref --sort -committerdate --format %(refname) %(objectname) %(*objectname) [44ms]
2022-11-18 00:28:22.265 [info] > git config --get commit.template [3ms]
2022-11-18 00:28:22.272 [info] > git for-each-ref --format=%(refname)%00%(upstream:short)%00%(objectname)%00%(upstream:track)%00%(upstream:remotename)%00%(upstream:remoteref) refs/heads/master refs/remotes/master [2ms]
2022-11-18 00:28:28.714 [info] > git status -z -uall [5ms]
2022-11-18 00:28:28.715 [info] > git remote --verbose [13ms]
2022-11-18 00:28:28.715 [info] > git for-each-ref --sort -committerdate --format %(refname) %(objectname) %(*objectname) [17ms]
2022-11-18 00:28:28.716 [info] > git config --get commit.template [2ms]
2022-11-18 00:28:28.724 [info] > git for-each-ref --format=%(refname)%00%(upstream:short)%00%(objectname)%00%(upstream:track)%00%(upstream:remotename)%00%(upstream:remoteref) refs/heads/master refs/remotes/master [2ms]
2022-11-18 00:28:33.757 [info] > git status -z -uall [11ms]
2022-11-18 00:28:33.758 [info] > git remote --verbose [17ms]
2022-11-18 00:28:33.758 [info] > git for-each-ref --sort -committerdate --format %(refname) %(objectname) %(*objectname) [24ms]
2022-11-18 00:28:33.760 [info] > git config --get commit.template [3ms]
2022-11-18 00:28:33.771 [info] > git for-each-ref --format=%(refname)%00%(upstream:short)%00%(objectname)%00%(upstream:track)%00%(upstream:remotename)%00%(upstream:remoteref) refs/heads/master refs/remotes/master [2ms]
2022-11-18 00:28:38.836 [info] > git status -z -uall [10ms]
2022-11-18 00:28:38.837 [info] > git remote --verbose [22ms]
2022-11-18 00:28:38.837 [info] > git for-each-ref --sort -committerdate --format %(refname) %(objectname) %(*objectname) [43ms]
2022-11-18 00:28:38.838 [info] > git config --get commit.template [3ms]
2022-11-18 00:28:38.846 [info] > git for-each-ref --format=%(refname)%00%(upstream:short)%00%(objectname)%00%(upstream:track)%00%(upstream:remotename)%00%(upstream:remoteref) refs/heads/master refs/remotes/master [1ms]
2022-11-18 00:28:43.908 [info] > git status -z -uall [9ms]
2022-11-18 00:28:43.908 [info] > git remote --verbose [25ms]
2022-11-18 00:28:43.909 [info] > git for-each-ref --sort -committerdate --format %(refname) %(objectname) %(*objectname) [43ms]
2022-11-18 00:28:43.910 [info] > git config --get commit.template [3ms]
2022-11-18 00:28:43.919 [info] > git for-each-ref --format=%(refname)%00%(upstream:short)%00%(objectname)%00%(upstream:track)%00%(upstream:remotename)%00%(upstream:remoteref) refs/heads/master refs/remotes/master [2ms]
2022-11-18 00:28:48.948 [info] > git status -z -uall [7ms]
2022-11-18 00:28:48.949 [info] > git remote --verbose [13ms]
2022-11-18 00:28:48.949 [info] > git for-each-ref --sort -committerdate --format %(refname) %(objectname) %(*objectname) [19ms]
2022-11-18 00:28:48.950 [info] > git config --get commit.template [3ms]
2022-11-18 00:28:48.958 [info] > git for-each-ref --format=%(refname)%00%(upstream:short)%00%(objectname)%00%(upstream:track)%00%(upstream:remotename)%00%(upstream:remoteref) refs/heads/master refs/remotes/master [1ms]
2022-11-18 00:28:54.022 [info] > git status -z -uall [11ms]
2022-11-18 00:28:54.023 [info] > git remote --verbose [27ms]
2022-11-18 00:28:54.023 [info] > git for-each-ref --sort -committerdate --format %(refname) %(objectname) %(*objectname) [45ms]
2022-11-18 00:28:54.024 [info] > git config --get commit.template [5ms]
2022-11-18 00:28:54.031 [info] > git for-each-ref --format=%(refname)%00%(upstream:short)%00%(objectname)%00%(upstream:track)%00%(upstream:remotename)%00%(upstream:remoteref) refs/heads/master refs/remotes/master [1ms]
2022-11-18 00:29:25.576 [info] > git status -z -uall [10ms]
2022-11-18 00:29:25.577 [info] > git remote --verbose [22ms]
2022-11-18 00:29:25.577 [info] > git for-each-ref --sort -committerdate --format %(refname) %(objectname) %(*objectname) [42ms]
2022-11-18 00:29:25.578 [info] > git config --get commit.template [2ms]
2022-11-18 00:29:25.585 [info] > git for-each-ref --format=%(refname)%00%(upstream:short)%00%(objectname)%00%(upstream:track)%00%(upstream:remotename)%00%(upstream:remoteref) refs/heads/master refs/remotes/master [2ms]
2022-11-18 00:29:44.821 [info] > git status -z -uall [8ms]
2022-11-18 00:29:44.821 [info] > git remote --verbose [15ms]
2022-11-18 00:29:44.822 [info] > git for-each-ref --sort -committerdate --format %(refname) %(objectname) %(*objectname) [21ms]
2022-11-18 00:29:44.823 [info] > git config --get commit.template [2ms]
2022-11-18 00:29:44.831 [info] > git for-each-ref --format=%(refname)%00%(upstream:short)%00%(objectname)%00%(upstream:track)%00%(upstream:remotename)%00%(upstream:remoteref) refs/heads/master refs/remotes/master [1ms]
2022-11-18 00:30:36.978 [info] > git status -z -uall [11ms]
2022-11-18 00:30:36.979 [info] > git remote --verbose [27ms]
2022-11-18 00:30:36.980 [info] > git for-each-ref --sort -committerdate --format %(refname) %(objectname) %(*objectname) [49ms]
2022-11-18 00:30:36.981 [info] > git config --get commit.template [2ms]
2022-11-18 00:30:36.990 [info] > git for-each-ref --format=%(refname)%00%(upstream:short)%00%(objectname)%00%(upstream:track)%00%(upstream:remotename)%00%(upstream:remoteref) refs/heads/master refs/remotes/master [2ms]
2022-11-18 00:33:53.636 [info] > git status -z -uall [28ms]
2022-11-18 00:33:53.639 [info] > git remote --verbose [50ms]
2022-11-18 00:33:53.640 [info] > git for-each-ref --sort -committerdate --format %(refname) %(objectname) %(*objectname) [81ms]
2022-11-18 00:33:53.643 [info] > git config --get commit.template [9ms]
2022-11-18 00:33:53.677 [info] > git for-each-ref --format=%(refname)%00%(upstream:short)%00%(objectname)%00%(upstream:track)%00%(upstream:remotename)%00%(upstream:remoteref) refs/heads/master refs/remotes/master [7ms]
2022-11-18 00:34:29.120 [info] > git status -z -uall [8ms]
2022-11-18 00:34:29.120 [info] > git remote --verbose [15ms]
2022-11-18 00:34:29.121 [info] > git for-each-ref --sort -committerdate --format %(refname) %(objectname) %(*objectname) [27ms]
2022-11-18 00:34:29.121 [info] > git config --get commit.template [2ms]
2022-11-18 00:34:29.129 [info] > git for-each-ref --format=%(refname)%00%(upstream:short)%00%(objectname)%00%(upstream:track)%00%(upstream:remotename)%00%(upstream:remoteref) refs/heads/master refs/remotes/master [1ms]
2022-11-18 00:34:46.923 [info] > git status -z -uall [8ms]
2022-11-18 00:34:46.924 [info] > git remote --verbose [20ms]
2022-11-18 00:34:46.924 [info] > git for-each-ref --sort -committerdate --format %(refname) %(objectname) %(*objectname) [38ms]
2022-11-18 00:34:46.925 [info] > git config --get commit.template [3ms]
2022-11-18 00:34:46.934 [info] > git for-each-ref --format=%(refname)%00%(upstream:short)%00%(objectname)%00%(upstream:track)%00%(upstream:remotename)%00%(upstream:remoteref) refs/heads/master refs/remotes/master [2ms]
2022-11-18 00:34:58.736 [info] > git status -z -uall [10ms]
2022-11-18 00:34:58.737 [info] > git remote --verbose [29ms]
2022-11-18 00:34:58.737 [info] > git for-each-ref --sort -committerdate --format %(refname) %(objectname) %(*objectname) [46ms]
2022-11-18 00:34:58.739 [info] > git config --get commit.template [2ms]
2022-11-18 00:34:58.747 [info] > git for-each-ref --format=%(refname)%00%(upstream:short)%00%(objectname)%00%(upstream:track)%00%(upstream:remotename)%00%(upstream:remoteref) refs/heads/master refs/remotes/master [2ms]
2022-11-18 00:35:03.818 [info] > git status -z -uall [6ms]
2022-11-18 00:35:03.818 [info] > git remote --verbose [11ms]
2022-11-18 00:35:03.819 [info] > git for-each-ref --sort -committerdate --format %(refname) %(objectname) %(*objectname) [16ms]
2022-11-18 00:35:03.820 [info] > git config --get commit.template [3ms]
2022-11-18 00:35:03.827 [info] > git for-each-ref --format=%(refname)%00%(upstream:short)%00%(objectname)%00%(upstream:track)%00%(upstream:remotename)%00%(upstream:remoteref) refs/heads/master refs/remotes/master [1ms]
2022-11-18 00:35:16.137 [info] > git status -z -uall [7ms]
2022-11-18 00:35:16.137 [info] > git remote --verbose [13ms]
2022-11-18 00:35:16.138 [info] > git for-each-ref --sort -committerdate --format %(refname) %(objectname) %(*objectname) [18ms]
2022-11-18 00:35:16.138 [info] > git config --get commit.template [2ms]
2022-11-18 00:35:16.146 [info] > git for-each-ref --format=%(refname)%00%(upstream:short)%00%(objectname)%00%(upstream:track)%00%(upstream:remotename)%00%(upstream:remoteref) refs/heads/master refs/remotes/master [1ms]
2022-11-18 00:35:43.803 [info] > git status -z -uall [10ms]
2022-11-18 00:35:43.804 [info] > git remote --verbose [25ms]
2022-11-18 00:35:43.804 [info] > git for-each-ref --sort -committerdate --format %(refname) %(objectname) %(*objectname) [43ms]
2022-11-18 00:35:43.805 [info] > git config --get commit.template [2ms]
2022-11-18 00:35:43.812 [info] > git for-each-ref --format=%(refname)%00%(upstream:short)%00%(objectname)%00%(upstream:track)%00%(upstream:remotename)%00%(upstream:remoteref) refs/heads/master refs/remotes/master [2ms]
2022-11-18 00:36:34.791 [info] > git status -z -uall [9ms]
2022-11-18 00:36:34.792 [info] > git remote --verbose [15ms]
2022-11-18 00:36:34.792 [info] > git for-each-ref --sort -committerdate --format %(refname) %(objectname) %(*objectname) [27ms]
2022-11-18 00:36:34.792 [info] > git config --get commit.template [1ms]
2022-11-18 00:36:34.800 [info] > git for-each-ref --format=%(refname)%00%(upstream:short)%00%(objectname)%00%(upstream:track)%00%(upstream:remotename)%00%(upstream:remoteref) refs/heads/master refs/remotes/master [1ms]
2022-11-18 00:36:39.866 [info] > git status -z -uall [10ms]
2022-11-18 00:36:39.866 [info] > git remote --verbose [26ms]
2022-11-18 00:36:39.867 [info] > git for-each-ref --sort -committerdate --format %(refname) %(objectname) %(*objectname) [48ms]
2022-11-18 00:36:39.867 [info] > git config --get commit.template [2ms]
2022-11-18 00:36:39.875 [info] > git for-each-ref --format=%(refname)%00%(upstream:short)%00%(objectname)%00%(upstream:track)%00%(upstream:remotename)%00%(upstream:remoteref) refs/heads/master refs/remotes/master [1ms]
2022-11-18 00:36:44.905 [info] > git status -z -uall [7ms]
2022-11-18 00:36:44.906 [info] > git remote --verbose [15ms]
2022-11-18 00:36:44.907 [info] > git for-each-ref --sort -committerdate --format %(refname) %(objectname) %(*objectname) [20ms]
2022-11-18 00:36:44.908 [info] > git config --get commit.template [2ms]
2022-11-18 00:36:44.917 [info] > git for-each-ref --format=%(refname)%00%(upstream:short)%00%(objectname)%00%(upstream:track)%00%(upstream:remotename)%00%(upstream:remoteref) refs/heads/master refs/remotes/master [2ms]
2022-11-18 00:37:17.340 [info] > git status -z -uall [13ms]
2022-11-18 00:37:17.341 [info] > git remote --verbose [29ms]
2022-11-18 00:37:17.341 [info] > git for-each-ref --sort -committerdate --format %(refname) %(objectname) %(*objectname) [47ms]
2022-11-18 00:37:17.342 [info] > git config --get commit.template [3ms]
2022-11-18 00:37:17.353 [info] > git for-each-ref --format=%(refname)%00%(upstream:short)%00%(objectname)%00%(upstream:track)%00%(upstream:remotename)%00%(upstream:remoteref) refs/heads/master refs/remotes/master [2ms]
2022-11-18 00:37:33.640 [info] > git status -z -uall [8ms]
2022-11-18 00:37:33.640 [info] > git remote --verbose [19ms]
2022-11-18 00:37:33.641 [info] > git for-each-ref --sort -committerdate --format %(refname) %(objectname) %(*objectname) [43ms]
2022-11-18 00:37:33.642 [info] > git config --get commit.template [3ms]
2022-11-18 00:37:33.650 [info] > git for-each-ref --format=%(refname)%00%(upstream:short)%00%(objectname)%00%(upstream:track)%00%(upstream:remotename)%00%(upstream:remoteref) refs/heads/master refs/remotes/master [1ms]
2022-11-18 00:38:18.272 [info] > git status -z -uall [7ms]
2022-11-18 00:38:18.273 [info] > git remote --verbose [13ms]
2022-11-18 00:38:18.273 [info] > git for-each-ref --sort -committerdate --format %(refname) %(objectname) %(*objectname) [19ms]
2022-11-18 00:38:18.274 [info] > git config --get commit.template [2ms]
2022-11-18 00:38:18.282 [info] > git for-each-ref --format=%(refname)%00%(upstream:short)%00%(objectname)%00%(upstream:track)%00%(upstream:remotename)%00%(upstream:remoteref) refs/heads/master refs/remotes/master [2ms]
2022-11-18 00:38:23.386 [info] > git status -z -uall [31ms]
2022-11-18 00:38:23.387 [info] > git remote --verbose [57ms]
2022-11-18 00:38:23.387 [info] > git for-each-ref --sort -committerdate --format %(refname) %(objectname) %(*objectname) [80ms]
2022-11-18 00:38:23.389 [info] > git config --get commit.template [4ms]
2022-11-18 00:38:23.404 [info] > git for-each-ref --format=%(refname)%00%(upstream:short)%00%(objectname)%00%(upstream:track)%00%(upstream:remotename)%00%(upstream:remoteref) refs/heads/master refs/remotes/master [2ms]
2022-11-18 00:39:59.576 [info] > git status -z -uall [10ms]
2022-11-18 00:39:59.577 [info] > git remote --verbose [19ms]
2022-11-18 00:39:59.578 [info] > git for-each-ref --sort -committerdate --format %(refname) %(objectname) %(*objectname) [28ms]
2022-11-18 00:39:59.579 [info] > git config --get commit.template [2ms]
2022-11-18 00:39:59.589 [info] > git for-each-ref --format=%(refname)%00%(upstream:short)%00%(objectname)%00%(upstream:track)%00%(upstream:remotename)%00%(upstream:remoteref) refs/heads/master refs/remotes/master [2ms]
2022-11-18 00:40:11.624 [info] > git status -z -uall [8ms]
2022-11-18 00:40:11.625 [info] > git remote --verbose [15ms]
2022-11-18 00:40:11.625 [info] > git for-each-ref --sort -committerdate --format %(refname) %(objectname) %(*objectname) [22ms]
2022-11-18 00:40:11.626 [info] > git config --get commit.template [2ms]
2022-11-18 00:40:11.636 [info] > git for-each-ref --format=%(refname)%00%(upstream:short)%00%(objectname)%00%(upstream:track)%00%(upstream:remotename)%00%(upstream:remoteref) refs/heads/master refs/remotes/master [2ms]
2022-11-18 00:40:16.668 [info] > git status -z -uall [7ms]
2022-11-18 00:40:16.669 [info] > git remote --verbose [14ms]
2022-11-18 00:40:16.669 [info] > git for-each-ref --sort -committerdate --format %(refname) %(objectname) %(*objectname) [22ms]
2022-11-18 00:40:16.671 [info] > git config --get commit.template [2ms]
2022-11-18 00:40:16.679 [info] > git for-each-ref --format=%(refname)%00%(upstream:short)%00%(objectname)%00%(upstream:track)%00%(upstream:remotename)%00%(upstream:remoteref) refs/heads/master refs/remotes/master [2ms]
2022-11-18 00:40:21.735 [info] > git status -z -uall [10ms]
2022-11-18 00:40:21.736 [info] > git remote --verbose [24ms]
2022-11-18 00:40:21.736 [info] > git for-each-ref --sort -committerdate --format %(refname) %(objectname) %(*objectname) [39ms]
2022-11-18 00:40:21.737 [info] > git config --get commit.template [2ms]
2022-11-18 00:40:21.744 [info] > git for-each-ref --format=%(refname)%00%(upstream:short)%00%(objectname)%00%(upstream:track)%00%(upstream:remotename)%00%(upstream:remoteref) refs/heads/master refs/remotes/master [1ms]
2022-11-18 00:40:33.711 [info] > git status -z -uall [7ms]
2022-11-18 00:40:33.712 [info] > git remote --verbose [14ms]
2022-11-18 00:40:33.712 [info] > git for-each-ref --sort -committerdate --format %(refname) %(objectname) %(*objectname) [22ms]
2022-11-18 00:40:33.712 [info] > git config --get commit.template [1ms]
2022-11-18 00:40:33.720 [info] > git for-each-ref --format=%(refname)%00%(upstream:short)%00%(objectname)%00%(upstream:track)%00%(upstream:remotename)%00%(upstream:remoteref) refs/heads/master refs/remotes/master [2ms]
2022-11-18 00:40:41.035 [info] > git status -z -uall [10ms]
2022-11-18 00:40:41.035 [info] > git remote --verbose [19ms]
2022-11-18 00:40:41.036 [info] > git for-each-ref --sort -committerdate --format %(refname) %(objectname) %(*objectname) [40ms]
2022-11-18 00:40:41.037 [info] > git config --get commit.template [2ms]
2022-11-18 00:40:41.044 [info] > git for-each-ref --format=%(refname)%00%(upstream:short)%00%(objectname)%00%(upstream:track)%00%(upstream:remotename)%00%(upstream:remoteref) refs/heads/master refs/remotes/master [1ms]
2022-11-18 00:40:52.032 [info] > git status -z -uall [9ms]
2022-11-18 00:40:52.033 [info] > git remote --verbose [15ms]
2022-11-18 00:40:52.033 [info] > git for-each-ref --sort -committerdate --format %(refname) %(objectname) %(*objectname) [22ms]
2022-11-18 00:40:52.034 [info] > git config --get commit.template [3ms]
2022-11-18 00:40:52.042 [info] > git for-each-ref --format=%(refname)%00%(upstream:short)%00%(objectname)%00%(upstream:track)%00%(upstream:remotename)%00%(upstream:remoteref) refs/heads/master refs/remotes/master [2ms]
2022-11-18 00:40:57.115 [info] > git status -z -uall [12ms]
2022-11-18 00:40:57.115 [info] > git remote --verbose [27ms]
2022-11-18 00:40:57.116 [info] > git for-each-ref --sort -committerdate --format %(refname) %(objectname) %(*objectname) [48ms]
2022-11-18 00:40:57.116 [info] > git config --get commit.template [4ms]
2022-11-18 00:40:57.125 [info] > git for-each-ref --format=%(refname)%00%(upstream:short)%00%(objectname)%00%(upstream:track)%00%(upstream:remotename)%00%(upstream:remoteref) refs/heads/master refs/remotes/master [1ms]
2022-11-18 00:41:02.192 [info] > git status -z -uall [11ms]
2022-11-18 00:41:02.192 [info] > git remote --verbose [29ms]
2022-11-18 00:41:02.193 [info] > git for-each-ref --sort -committerdate --format %(refname) %(objectname) %(*objectname) [47ms]
2022-11-18 00:41:02.194 [info] > git config --get commit.template [2ms]
2022-11-18 00:41:02.203 [info] > git for-each-ref --format=%(refname)%00%(upstream:short)%00%(objectname)%00%(upstream:track)%00%(upstream:remotename)%00%(upstream:remoteref) refs/heads/master refs/remotes/master [2ms]
2022-11-18 00:41:15.985 [info] > git status -z -uall [12ms]
2022-11-18 00:41:15.985 [info] > git remote --verbose [25ms]
2022-11-18 00:41:15.986 [info] > git for-each-ref --sort -committerdate --format %(refname) %(objectname) %(*objectname) [47ms]
2022-11-18 00:41:15.986 [info] > git config --get commit.template [3ms]
2022-11-18 00:41:15.994 [info] > git for-each-ref --format=%(refname)%00%(upstream:short)%00%(objectname)%00%(upstream:track)%00%(upstream:remotename)%00%(upstream:remoteref) refs/heads/master refs/remotes/master [1ms]
2022-11-18 00:41:21.070 [info] > git status -z -uall [9ms]
2022-11-18 00:41:21.070 [info] > git remote --verbose [21ms]
2022-11-18 00:41:21.071 [info] > git for-each-ref --sort -committerdate --format %(refname) %(objectname) %(*objectname) [48ms]
2022-11-18 00:41:21.072 [info] > git config --get commit.template [3ms]
2022-11-18 00:41:21.081 [info] > git for-each-ref --format=%(refname)%00%(upstream:short)%00%(objectname)%00%(upstream:track)%00%(upstream:remotename)%00%(upstream:remoteref) refs/heads/master refs/remotes/master [1ms]
2022-11-18 00:41:26.148 [info] > git status -z -uall [11ms]
2022-11-18 00:41:26.150 [info] > git remote --verbose [25ms]
2022-11-18 00:41:26.150 [info] > git for-each-ref --sort -committerdate --format %(refname) %(objectname) %(*objectname) [46ms]
2022-11-18 00:41:26.151 [info] > git config --get commit.template [4ms]
2022-11-18 00:41:26.159 [info] > git for-each-ref --format=%(refname)%00%(upstream:short)%00%(objectname)%00%(upstream:track)%00%(upstream:remotename)%00%(upstream:remoteref) refs/heads/master refs/remotes/master [1ms]
2022-11-18 00:41:31.194 [info] > git status -z -uall [7ms]
2022-11-18 00:41:31.195 [info] > git remote --verbose [13ms]
2022-11-18 00:41:31.195 [info] > git for-each-ref --sort -committerdate --format %(refname) %(objectname) %(*objectname) [19ms]
2022-11-18 00:41:31.196 [info] > git config --get commit.template [1ms]
2022-11-18 00:41:31.204 [info] > git for-each-ref --format=%(refname)%00%(upstream:short)%00%(objectname)%00%(upstream:track)%00%(upstream:remotename)%00%(upstream:remoteref) refs/heads/master refs/remotes/master [2ms]
2022-11-18 00:41:47.950 [info] > git status -z -uall [13ms]
2022-11-18 00:41:47.950 [info] > git remote --verbose [34ms]
2022-11-18 00:41:47.951 [info] > git for-each-ref --sort -committerdate --format %(refname) %(objectname) %(*objectname) [52ms]
2022-11-18 00:41:47.952 [info] > git config --get commit.template [3ms]
2022-11-18 00:41:47.961 [info] > git for-each-ref --format=%(refname)%00%(upstream:short)%00%(objectname)%00%(upstream:track)%00%(upstream:remotename)%00%(upstream:remoteref) refs/heads/master refs/remotes/master [1ms]
2022-11-18 00:41:53.518 [info] > git status -z -uall [7ms]
2022-11-18 00:41:53.519 [info] > git remote --verbose [13ms]
2022-11-18 00:41:53.519 [info] > git for-each-ref --sort -committerdate --format %(refname) %(objectname) %(*objectname) [20ms]
2022-11-18 00:41:53.520 [info] > git config --get commit.template [3ms]
2022-11-18 00:41:53.528 [info] > git for-each-ref --format=%(refname)%00%(upstream:short)%00%(objectname)%00%(upstream:track)%00%(upstream:remotename)%00%(upstream:remoteref) refs/heads/master refs/remotes/master [2ms]
2022-11-18 00:49:00.832 [info] > git status -z -uall [7ms]
2022-11-18 00:49:00.832 [info] > git remote --verbose [16ms]
2022-11-18 00:49:00.832 [info] > git for-each-ref --sort -committerdate --format %(refname) %(objectname) %(*objectname) [29ms]
2022-11-18 00:49:00.833 [info] > git config --get commit.template [2ms]
2022-11-18 00:49:00.842 [info] > git for-each-ref --format=%(refname)%00%(upstream:short)%00%(objectname)%00%(upstream:track)%00%(upstream:remotename)%00%(upstream:remoteref) refs/heads/master refs/remotes/master [1ms]
2022-11-18 00:49:14.576 [info] > git status -z -uall [11ms]
2022-11-18 00:49:14.577 [info] > git remote --verbose [20ms]
2022-11-18 00:49:14.578 [info] > git for-each-ref --sort -committerdate --format %(refname) %(objectname) %(*objectname) [30ms]
2022-11-18 00:49:14.579 [info] > git config --get commit.template [3ms]
2022-11-18 00:49:14.592 [info] > git for-each-ref --format=%(refname)%00%(upstream:short)%00%(objectname)%00%(upstream:track)%00%(upstream:remotename)%00%(upstream:remoteref) refs/heads/master refs/remotes/master [2ms]
2022-11-18 00:49:34.162 [info] > git status -z -uall [9ms]
2022-11-18 00:49:34.163 [info] > git remote --verbose [20ms]
2022-11-18 00:49:34.163 [info] > git for-each-ref --sort -committerdate --format %(refname) %(objectname) %(*objectname) [39ms]
2022-11-18 00:49:34.164 [info] > git config --get commit.template [3ms]
2022-11-18 00:49:34.172 [info] > git for-each-ref --format=%(refname)%00%(upstream:short)%00%(objectname)%00%(upstream:track)%00%(upstream:remotename)%00%(upstream:remoteref) refs/heads/master refs/remotes/master [1ms]
2022-11-18 00:49:39.242 [info] > git status -z -uall [10ms]
2022-11-18 00:49:39.243 [info] > git remote --verbose [21ms]
2022-11-18 00:49:39.243 [info] > git for-each-ref --sort -committerdate --format %(refname) %(objectname) %(*objectname) [45ms]
2022-11-18 00:49:39.244 [info] > git config --get commit.template [2ms]
2022-11-18 00:49:39.252 [info] > git for-each-ref --format=%(refname)%00%(upstream:short)%00%(objectname)%00%(upstream:track)%00%(upstream:remotename)%00%(upstream:remoteref) refs/heads/master refs/remotes/master [1ms]
2022-11-18 00:49:44.290 [info] > git status -z -uall [10ms]
2022-11-18 00:49:44.290 [info] > git remote --verbose [20ms]
2022-11-18 00:49:44.291 [info] > git for-each-ref --sort -committerdate --format %(refname) %(objectname) %(*objectname) [28ms]
2022-11-18 00:49:44.291 [info] > git config --get commit.template [2ms]
2022-11-18 00:49:44.301 [info] > git for-each-ref --format=%(refname)%00%(upstream:short)%00%(objectname)%00%(upstream:track)%00%(upstream:remotename)%00%(upstream:remoteref) refs/heads/master refs/remotes/master [1ms]
2022-11-18 00:49:49.454 [info] > git status -z -uall [10ms]
2022-11-18 00:49:49.455 [info] > git remote --verbose [24ms]
2022-11-18 00:49:49.455 [info] > git for-each-ref --sort -committerdate --format %(refname) %(objectname) %(*objectname) [46ms]
2022-11-18 00:49:49.456 [info] > git config --get commit.template [2ms]
2022-11-18 00:49:49.464 [info] > git for-each-ref --format=%(refname)%00%(upstream:short)%00%(objectname)%00%(upstream:track)%00%(upstream:remotename)%00%(upstream:remoteref) refs/heads/master refs/remotes/master [2ms]
2022-11-18 00:50:43.687 [info] > git status -z -uall [8ms]
2022-11-18 00:50:43.688 [info] > git remote --verbose [17ms]
2022-11-18 00:50:43.688 [info] > git for-each-ref --sort -committerdate --format %(refname) %(objectname) %(*objectname) [34ms]
2022-11-18 00:50:43.689 [info] > git config --get commit.template [2ms]
2022-11-18 00:50:43.697 [info] > git for-each-ref --format=%(refname)%00%(upstream:short)%00%(objectname)%00%(upstream:track)%00%(upstream:remotename)%00%(upstream:remoteref) refs/heads/master refs/remotes/master [1ms]
2022-11-18 00:50:53.230 [info] > git status -z -uall [8ms]
2022-11-18 00:50:53.231 [info] > git remote --verbose [18ms]
2022-11-18 00:50:53.231 [info] > git for-each-ref --sort -committerdate --format %(refname) %(objectname) %(*objectname) [37ms]
2022-11-18 00:50:53.232 [info] > git config --get commit.template [2ms]
2022-11-18 00:50:53.241 [info] > git for-each-ref --format=%(refname)%00%(upstream:short)%00%(objectname)%00%(upstream:track)%00%(upstream:remotename)%00%(upstream:remoteref) refs/heads/master refs/remotes/master [1ms]
2022-11-18 00:50:59.660 [info] > git status -z -uall [10ms]
2022-11-18 00:50:59.660 [info] > git remote --verbose [22ms]
2022-11-18 00:50:59.661 [info] > git for-each-ref --sort -committerdate --format %(refname) %(objectname) %(*objectname) [41ms]
2022-11-18 00:50:59.662 [info] > git config --get commit.template [2ms]
2022-11-18 00:50:59.671 [info] > git for-each-ref --format=%(refname)%00%(upstream:short)%00%(objectname)%00%(upstream:track)%00%(upstream:remotename)%00%(upstream:remoteref) refs/heads/master refs/remotes/master [1ms]
2022-11-18 00:51:10.428 [info] > git status -z -uall [11ms]
2022-11-18 00:51:10.428 [info] > git remote --verbose [24ms]
2022-11-18 00:51:10.429 [info] > git for-each-ref --sort -committerdate --format %(refname) %(objectname) %(*objectname) [49ms]
2022-11-18 00:51:10.430 [info] > git config --get commit.template [2ms]
2022-11-18 00:51:10.439 [info] > git for-each-ref --format=%(refname)%00%(upstream:short)%00%(objectname)%00%(upstream:track)%00%(upstream:remotename)%00%(upstream:remoteref) refs/heads/master refs/remotes/master [1ms]
2022-11-18 00:51:31.293 [info] > git status -z -uall [13ms]
2022-11-18 00:51:31.294 [info] > git remote --verbose [26ms]
2022-11-18 00:51:31.294 [info] > git for-each-ref --sort -committerdate --format %(refname) %(objectname) %(*objectname) [51ms]
2022-11-18 00:51:31.296 [info] > git config --get commit.template [3ms]
2022-11-18 00:51:31.340 [info] > git for-each-ref --format=%(refname)%00%(upstream:short)%00%(objectname)%00%(upstream:track)%00%(upstream:remotename)%00%(upstream:remoteref) refs/heads/master refs/remotes/master [29ms]
2022-11-18 00:51:36.420 [info] > git status -z -uall [10ms]
2022-11-18 00:51:36.421 [info] > git remote --verbose [23ms]
2022-11-18 00:51:36.421 [info] > git for-each-ref --sort -committerdate --format %(refname) %(objectname) %(*objectname) [50ms]
2022-11-18 00:51:36.422 [info] > git config --get commit.template [3ms]
2022-11-18 00:51:36.430 [info] > git for-each-ref --format=%(refname)%00%(upstream:short)%00%(objectname)%00%(upstream:track)%00%(upstream:remotename)%00%(upstream:remoteref) refs/heads/master refs/remotes/master [2ms]
2022-11-18 00:51:54.212 [info] > git status -z -uall [10ms]
2022-11-18 00:51:54.212 [info] > git remote --verbose [23ms]
2022-11-18 00:51:54.213 [info] > git for-each-ref --sort -committerdate --format %(refname) %(objectname) %(*objectname) [47ms]
2022-11-18 00:51:54.213 [info] > git config --get commit.template [2ms]
2022-11-18 00:51:54.222 [info] > git for-each-ref --format=%(refname)%00%(upstream:short)%00%(objectname)%00%(upstream:track)%00%(upstream:remotename)%00%(upstream:remoteref) refs/heads/master refs/remotes/master [1ms]
2022-11-18 00:52:08.364 [info] > git status -z -uall [10ms]
2022-11-18 00:52:08.365 [info] > git remote --verbose [23ms]
2022-11-18 00:52:08.365 [info] > git for-each-ref --sort -committerdate --format %(refname) %(objectname) %(*objectname) [45ms]
2022-11-18 00:52:08.366 [info] > git config --get commit.template [2ms]
2022-11-18 00:52:08.374 [info] > git for-each-ref --format=%(refname)%00%(upstream:short)%00%(objectname)%00%(upstream:track)%00%(upstream:remotename)%00%(upstream:remoteref) refs/heads/master refs/remotes/master [2ms]
2022-11-18 00:53:06.206 [info] > git status -z -uall [11ms]
2022-11-18 00:53:06.207 [info] > git remote --verbose [21ms]
2022-11-18 00:53:06.207 [info] > git for-each-ref --sort -committerdate --format %(refname) %(objectname) %(*objectname) [45ms]
2022-11-18 00:53:06.208 [info] > git config --get commit.template [3ms]
2022-11-18 00:53:06.217 [info] > git for-each-ref --format=%(refname)%00%(upstream:short)%00%(objectname)%00%(upstream:track)%00%(upstream:remotename)%00%(upstream:remoteref) refs/heads/master refs/remotes/master [2ms]
2022-11-18 00:53:11.289 [info] > git status -z -uall [11ms]
2022-11-18 00:53:11.290 [info] > git remote --verbose [23ms]
2022-11-18 00:53:11.290 [info] > git for-each-ref --sort -committerdate --format %(refname) %(objectname) %(*objectname) [38ms]
2022-11-18 00:53:11.291 [info] > git config --get commit.template [2ms]
2022-11-18 00:53:11.299 [info] > git for-each-ref --format=%(refname)%00%(upstream:short)%00%(objectname)%00%(upstream:track)%00%(upstream:remotename)%00%(upstream:remoteref) refs/heads/master refs/remotes/master [2ms]
2022-11-18 00:53:16.372 [info] > git status -z -uall [10ms]
2022-11-18 00:53:16.373 [info] > git remote --verbose [26ms]
2022-11-18 00:53:16.373 [info] > git for-each-ref --sort -committerdate --format %(refname) %(objectname) %(*objectname) [48ms]
2022-11-18 00:53:16.374 [info] > git config --get commit.template [3ms]
2022-11-18 00:53:16.383 [info] > git for-each-ref --format=%(refname)%00%(upstream:short)%00%(objectname)%00%(upstream:track)%00%(upstream:remotename)%00%(upstream:remoteref) refs/heads/master refs/remotes/master [2ms]
2022-11-18 00:53:21.454 [info] > git status -z -uall [11ms]
2022-11-18 00:53:21.455 [info] > git remote --verbose [22ms]
2022-11-18 00:53:21.455 [info] > git for-each-ref --sort -committerdate --format %(refname) %(objectname) %(*objectname) [40ms]
2022-11-18 00:53:21.456 [info] > git config --get commit.template [2ms]
2022-11-18 00:53:21.465 [info] > git for-each-ref --format=%(refname)%00%(upstream:short)%00%(objectname)%00%(upstream:track)%00%(upstream:remotename)%00%(upstream:remoteref) refs/heads/master refs/remotes/master [2ms]
2022-11-18 00:53:26.534 [info] > git status -z -uall [9ms]
2022-11-18 00:53:26.534 [info] > git remote --verbose [21ms]
2022-11-18 00:53:26.534 [info] > git for-each-ref --sort -committerdate --format %(refname) %(objectname) %(*objectname) [39ms]
2022-11-18 00:53:26.535 [info] > git config --get commit.template [2ms]
2022-11-18 00:53:26.545 [info] > git for-each-ref --format=%(refname)%00%(upstream:short)%00%(objectname)%00%(upstream:track)%00%(upstream:remotename)%00%(upstream:remoteref) refs/heads/master refs/remotes/master [2ms]
2022-11-18 00:53:41.374 [info] > git status -z -uall [8ms]
2022-11-18 00:53:41.374 [info] > git remote --verbose [16ms]
2022-11-18 00:53:41.374 [info] > git for-each-ref --sort -committerdate --format %(refname) %(objectname) %(*objectname) [23ms]
2022-11-18 00:53:41.375 [info] > git config --get commit.template [2ms]
2022-11-18 00:53:41.386 [info] > git for-each-ref --format=%(refname)%00%(upstream:short)%00%(objectname)%00%(upstream:track)%00%(upstream:remotename)%00%(upstream:remoteref) refs/heads/master refs/remotes/master [3ms]
2022-11-18 00:53:46.419 [info] > git status -z -uall [9ms]
2022-11-18 00:53:46.420 [info] > git remote --verbose [17ms]
2022-11-18 00:53:46.421 [info] > git for-each-ref --sort -committerdate --format %(refname) %(objectname) %(*objectname) [23ms]
2022-11-18 00:53:46.422 [info] > git config --get commit.template [2ms]
2022-11-18 00:53:46.433 [info] > git for-each-ref --format=%(refname)%00%(upstream:short)%00%(objectname)%00%(upstream:track)%00%(upstream:remotename)%00%(upstream:remoteref) refs/heads/master refs/remotes/master [2ms]
2022-11-18 00:53:51.495 [info] > git status -z -uall [10ms]
2022-11-18 00:53:51.495 [info] > git remote --verbose [26ms]
2022-11-18 00:53:51.496 [info] > git for-each-ref --sort -committerdate --format %(refname) %(objectname) %(*objectname) [42ms]
2022-11-18 00:53:51.497 [info] > git config --get commit.template [2ms]
2022-11-18 00:53:51.507 [info] > git for-each-ref --format=%(refname)%00%(upstream:short)%00%(objectname)%00%(upstream:track)%00%(upstream:remotename)%00%(upstream:remoteref) refs/heads/master refs/remotes/master [1ms]
2022-11-18 00:53:56.567 [info] > git status -z -uall [11ms]
2022-11-18 00:53:56.568 [info] > git remote --verbose [26ms]
2022-11-18 00:53:56.568 [info] > git for-each-ref --sort -committerdate --format %(refname) %(objectname) %(*objectname) [43ms]
2022-11-18 00:53:56.569 [info] > git config --get commit.template [3ms]
2022-11-18 00:53:56.577 [info] > git for-each-ref --format=%(refname)%00%(upstream:short)%00%(objectname)%00%(upstream:track)%00%(upstream:remotename)%00%(upstream:remoteref) refs/heads/master refs/remotes/master [1ms]
2022-11-18 00:54:01.646 [info] > git status -z -uall [8ms]
2022-11-18 00:54:01.647 [info] > git remote --verbose [22ms]
2022-11-18 00:54:01.648 [info] > git for-each-ref --sort -committerdate --format %(refname) %(objectname) %(*objectname) [46ms]
2022-11-18 00:54:01.649 [info] > git config --get commit.template [3ms]
2022-11-18 00:54:01.658 [info] > git for-each-ref --format=%(refname)%00%(upstream:short)%00%(objectname)%00%(upstream:track)%00%(upstream:remotename)%00%(upstream:remoteref) refs/heads/master refs/remotes/master [1ms]
2022-11-18 00:54:06.691 [info] > git status -z -uall [9ms]
2022-11-18 00:54:06.693 [info] > git remote --verbose [17ms]
2022-11-18 00:54:06.693 [info] > git for-each-ref --sort -committerdate --format %(refname) %(objectname) %(*objectname) [24ms]
2022-11-18 00:54:06.694 [info] > git config --get commit.template [3ms]
2022-11-18 00:54:06.705 [info] > git for-each-ref --format=%(refname)%00%(upstream:short)%00%(objectname)%00%(upstream:track)%00%(upstream:remotename)%00%(upstream:remoteref) refs/heads/master refs/remotes/master [2ms]
2022-11-18 00:54:11.733 [info] > git status -z -uall [8ms]
2022-11-18 00:54:11.733 [info] > git remote --verbose [14ms]
2022-11-18 00:54:11.734 [info] > git for-each-ref --sort -committerdate --format %(refname) %(objectname) %(*objectname) [21ms]
2022-11-18 00:54:11.734 [info] > git config --get commit.template [2ms]
2022-11-18 00:54:11.743 [info] > git for-each-ref --format=%(refname)%00%(upstream:short)%00%(objectname)%00%(upstream:track)%00%(upstream:remotename)%00%(upstream:remoteref) refs/heads/master refs/remotes/master [1ms]
2022-11-18 00:54:16.828 [info] > git status -z -uall [22ms]
2022-11-18 00:54:16.830 [info] > git remote --verbose [44ms]
2022-11-18 00:54:16.831 [info] > git for-each-ref --sort -committerdate --format %(refname) %(objectname) %(*objectname) [63ms]
2022-11-18 00:54:16.835 [info] > git config --get commit.template [7ms]
2022-11-18 00:54:16.848 [info] > git for-each-ref --format=%(refname)%00%(upstream:short)%00%(objectname)%00%(upstream:track)%00%(upstream:remotename)%00%(upstream:remoteref) refs/heads/master refs/remotes/master [2ms]
2022-11-18 00:54:21.919 [info] > git status -z -uall [11ms]
2022-11-18 00:54:21.919 [info] > git remote --verbose [25ms]
2022-11-18 00:54:21.920 [info] > git for-each-ref --sort -committerdate --format %(refname) %(objectname) %(*objectname) [48ms]
2022-11-18 00:54:21.921 [info] > git config --get commit.template [2ms]
2022-11-18 00:54:21.928 [info] > git for-each-ref --format=%(refname)%00%(upstream:short)%00%(objectname)%00%(upstream:track)%00%(upstream:remotename)%00%(upstream:remoteref) refs/heads/master refs/remotes/master [2ms]
