[11/08/22, 15:49:06:975] info: 
╔══════════════════════════════════════════════════════════════════╗
║      Slack 4.28.184, linux (Store) 5.15.0-52-generic on x64      ║
╚══════════════════════════════════════════════════════════════════╝ 
[11/08/22, 15:49:06:976] info: Configured logger via 
{
  "enableConsoleTransport": true,
  "identifierOverride": "webapp-auth-console",
  "shouldUseNewBackend": false,
  "loggerInstanceCount": 4
}
[11/08/22, 15:49:06:976] info: Predefined values for process 
{
  "NODE_ENV": "production",
  "platform": "linux",
  "type": "browser",
  "timeZone": "Africa/Nairobi",
  "PACKAGE_MANIFEST.productName": "Slack",
  "PACKAGE_MANIFEST.version": "4.28.184",
  "PACKAGE_MANIFEST.commit": "d0e84ec",
  "PACKAGE_MANIFEST.branch": "HEAD"
}
