2022-11-17 21:16:36.754 [info] Validating found git in: git
2022-11-17 21:16:36.754 [info] Using git 2.38.1 from git
2022-11-17 22:11:34.943 [info] > git rev-parse --show-toplevel [2ms]
2022-11-17 22:11:34.950 [info] > git rev-parse --git-dir --git-common-dir [1ms]
2022-11-17 22:11:34.960 [info] Log level: Info
2022-11-17 22:11:34.960 [info] Open repository: /home/yunis/phase-0-html-tables-lab
2022-11-17 22:11:34.993 [info] > git status -z -uall [14ms]
2022-11-17 22:11:34.994 [info] > git remote --verbose [23ms]
2022-11-17 22:11:34.995 [info] > git for-each-ref --sort -committerdate --format %(refname) %(objectname) %(*objectname) [30ms]
2022-11-17 22:11:34.997 [info] > git config --get commit.template [6ms]
2022-11-17 22:11:35.008 [info] > git for-each-ref --format=%(refname)%00%(upstream:short)%00%(objectname)%00%(upstream:track)%00%(upstream:remotename)%00%(upstream:remoteref) refs/heads/master refs/remotes/master [4ms]
2022-11-17 22:11:35.117 [info] > git status -z -uall [78ms]
2022-11-17 22:11:35.119 [info] > git remote --verbose [87ms]
2022-11-17 22:11:35.120 [info] > git for-each-ref --sort -committerdate --format %(refname) %(objectname) %(*objectname) [95ms]
2022-11-17 22:11:35.135 [info] > git config --get commit.template [17ms]
2022-11-17 22:11:35.197 [info] > git for-each-ref --format=%(refname)%00%(upstream:short)%00%(objectname)%00%(upstream:track)%00%(upstream:remotename)%00%(upstream:remoteref) refs/heads/master refs/remotes/master [54ms]
2022-11-17 22:11:35.503 [info] > git show --textconv :index.html [18ms]
2022-11-17 22:11:35.511 [info] > git ls-files --stage -- /home/yunis/phase-0-html-tables-lab/index.html [9ms]
2022-11-17 22:11:35.527 [info] > git cat-file -s 9027f1a70efa1cc6169a97eac66cad26550b7a82 [4ms]
2022-11-17 22:11:35.631 [info] > git check-ignore -v -z --stdin [2ms]
2022-11-17 22:34:20.469 [info] > git status -z -uall [23ms]
2022-11-17 22:34:20.474 [info] > git remote --verbose [45ms]
2022-11-17 22:34:20.476 [info] > git for-each-ref --sort -committerdate --format %(refname) %(objectname) %(*objectname) [71ms]
2022-11-17 22:34:20.482 [info] > git config --get commit.template [14ms]
2022-11-17 22:34:20.515 [info] > git for-each-ref --format=%(refname)%00%(upstream:short)%00%(objectname)%00%(upstream:track)%00%(upstream:remotename)%00%(upstream:remoteref) refs/heads/master refs/remotes/master [7ms]
2022-11-17 22:34:25.590 [info] > git status -z -uall [12ms]
2022-11-17 22:34:25.592 [info] > git remote --verbose [27ms]
2022-11-17 22:34:25.592 [info] > git for-each-ref --sort -committerdate --format %(refname) %(objectname) %(*objectname) [44ms]
2022-11-17 22:34:25.593 [info] > git config --get commit.template [4ms]
2022-11-17 22:34:25.602 [info] > git for-each-ref --format=%(refname)%00%(upstream:short)%00%(objectname)%00%(upstream:track)%00%(upstream:remotename)%00%(upstream:remoteref) refs/heads/master refs/remotes/master [2ms]
2022-11-17 22:34:30.631 [info] > git status -z -uall [7ms]
2022-11-17 22:34:30.632 [info] > git remote --verbose [13ms]
2022-11-17 22:34:30.632 [info] > git for-each-ref --sort -committerdate --format %(refname) %(objectname) %(*objectname) [18ms]
2022-11-17 22:34:30.633 [info] > git config --get commit.template [3ms]
2022-11-17 22:34:30.641 [info] > git for-each-ref --format=%(refname)%00%(upstream:short)%00%(objectname)%00%(upstream:track)%00%(upstream:remotename)%00%(upstream:remoteref) refs/heads/master refs/remotes/master [2ms]
2022-11-17 22:35:09.233 [info] > git status -z -uall [9ms]
2022-11-17 22:35:09.234 [info] > git remote --verbose [22ms]
2022-11-17 22:35:09.235 [info] > git for-each-ref --sort -committerdate --format %(refname) %(objectname) %(*objectname) [41ms]
2022-11-17 22:35:09.237 [info] > git config --get commit.template [4ms]
2022-11-17 22:35:09.245 [info] > git for-each-ref --format=%(refname)%00%(upstream:short)%00%(objectname)%00%(upstream:track)%00%(upstream:remotename)%00%(upstream:remoteref) refs/heads/master refs/remotes/master [2ms]
2022-11-17 22:35:36.031 [info] > git status -z -uall [14ms]
2022-11-17 22:35:36.033 [info] > git remote --verbose [31ms]
2022-11-17 22:35:36.034 [info] > git for-each-ref --sort -committerdate --format %(refname) %(objectname) %(*objectname) [48ms]
2022-11-17 22:35:36.036 [info] > git config --get commit.template [6ms]
2022-11-17 22:35:36.047 [info] > git for-each-ref --format=%(refname)%00%(upstream:short)%00%(objectname)%00%(upstream:track)%00%(upstream:remotename)%00%(upstream:remoteref) refs/heads/master refs/remotes/master [2ms]
2022-11-17 22:35:41.097 [info] > git status -z -uall [8ms]
2022-11-17 22:35:41.097 [info] > git remote --verbose [18ms]
2022-11-17 22:35:41.098 [info] > git for-each-ref --sort -committerdate --format %(refname) %(objectname) %(*objectname) [32ms]
2022-11-17 22:35:41.099 [info] > git config --get commit.template [3ms]
2022-11-17 22:35:41.109 [info] > git for-each-ref --format=%(refname)%00%(upstream:short)%00%(objectname)%00%(upstream:track)%00%(upstream:remotename)%00%(upstream:remoteref) refs/heads/master refs/remotes/master [2ms]
2022-11-17 22:35:46.139 [info] > git status -z -uall [6ms]
2022-11-17 22:35:46.140 [info] > git remote --verbose [10ms]
2022-11-17 22:35:46.140 [info] > git for-each-ref --sort -committerdate --format %(refname) %(objectname) %(*objectname) [16ms]
2022-11-17 22:35:46.141 [info] > git config --get commit.template [2ms]
2022-11-17 22:35:46.150 [info] > git for-each-ref --format=%(refname)%00%(upstream:short)%00%(objectname)%00%(upstream:track)%00%(upstream:remotename)%00%(upstream:remoteref) refs/heads/master refs/remotes/master [1ms]
2022-11-17 22:35:55.045 [info] > git status -z -uall [10ms]
2022-11-17 22:35:55.046 [info] > git remote --verbose [23ms]
2022-11-17 22:35:55.046 [info] > git for-each-ref --sort -committerdate --format %(refname) %(objectname) %(*objectname) [40ms]
2022-11-17 22:35:55.047 [info] > git config --get commit.template [3ms]
2022-11-17 22:35:55.055 [info] > git for-each-ref --format=%(refname)%00%(upstream:short)%00%(objectname)%00%(upstream:track)%00%(upstream:remotename)%00%(upstream:remoteref) refs/heads/master refs/remotes/master [1ms]
2022-11-17 22:36:17.189 [info] > git status -z -uall [14ms]
2022-11-17 22:36:17.191 [info] > git remote --verbose [29ms]
2022-11-17 22:36:17.192 [info] > git for-each-ref --sort -committerdate --format %(refname) %(objectname) %(*objectname) [44ms]
2022-11-17 22:36:17.194 [info] > git config --get commit.template [5ms]
2022-11-17 22:36:17.205 [info] > git for-each-ref --format=%(refname)%00%(upstream:short)%00%(objectname)%00%(upstream:track)%00%(upstream:remotename)%00%(upstream:remoteref) refs/heads/master refs/remotes/master [3ms]
2022-11-17 22:36:22.332 [info] > git status -z -uall [10ms]
2022-11-17 22:36:22.332 [info] > git remote --verbose [19ms]
2022-11-17 22:36:22.333 [info] > git for-each-ref --sort -committerdate --format %(refname) %(objectname) %(*objectname) [27ms]
2022-11-17 22:36:22.334 [info] > git config --get commit.template [2ms]
2022-11-17 22:36:22.343 [info] > git for-each-ref --format=%(refname)%00%(upstream:short)%00%(objectname)%00%(upstream:track)%00%(upstream:remotename)%00%(upstream:remoteref) refs/heads/master refs/remotes/master [2ms]
2022-11-17 22:36:27.375 [info] > git status -z -uall [7ms]
2022-11-17 22:36:27.376 [info] > git remote --verbose [15ms]
2022-11-17 22:36:27.377 [info] > git for-each-ref --sort -committerdate --format %(refname) %(objectname) %(*objectname) [21ms]
2022-11-17 22:36:27.378 [info] > git config --get commit.template [2ms]
2022-11-17 22:36:27.389 [info] > git for-each-ref --format=%(refname)%00%(upstream:short)%00%(objectname)%00%(upstream:track)%00%(upstream:remotename)%00%(upstream:remoteref) refs/heads/master refs/remotes/master [2ms]
2022-11-17 22:36:32.437 [info] > git status -z -uall [12ms]
2022-11-17 22:36:32.437 [info] > git remote --verbose [21ms]
2022-11-17 22:36:32.437 [info] > git for-each-ref --sort -committerdate --format %(refname) %(objectname) %(*objectname) [30ms]
2022-11-17 22:36:32.439 [info] > git config --get commit.template [8ms]
2022-11-17 22:36:32.447 [info] > git for-each-ref --format=%(refname)%00%(upstream:short)%00%(objectname)%00%(upstream:track)%00%(upstream:remotename)%00%(upstream:remoteref) refs/heads/master refs/remotes/master [1ms]
2022-11-17 22:36:37.479 [info] > git status -z -uall [7ms]
2022-11-17 22:36:37.480 [info] > git remote --verbose [12ms]
2022-11-17 22:36:37.480 [info] > git for-each-ref --sort -committerdate --format %(refname) %(objectname) %(*objectname) [17ms]
2022-11-17 22:36:37.481 [info] > git config --get commit.template [3ms]
2022-11-17 22:36:37.488 [info] > git for-each-ref --format=%(refname)%00%(upstream:short)%00%(objectname)%00%(upstream:track)%00%(upstream:remotename)%00%(upstream:remoteref) refs/heads/master refs/remotes/master [2ms]
2022-11-17 22:37:09.935 [info] > git status -z -uall [14ms]
2022-11-17 22:37:09.937 [info] > git remote --verbose [30ms]
2022-11-17 22:37:09.937 [info] > git for-each-ref --sort -committerdate --format %(refname) %(objectname) %(*objectname) [45ms]
2022-11-17 22:37:09.938 [info] > git config --get commit.template [4ms]
2022-11-17 22:37:09.949 [info] > git for-each-ref --format=%(refname)%00%(upstream:short)%00%(objectname)%00%(upstream:track)%00%(upstream:remotename)%00%(upstream:remoteref) refs/heads/master refs/remotes/master [2ms]
2022-11-17 22:38:29.927 [info] > git status -z -uall [9ms]
2022-11-17 22:38:29.928 [info] > git remote --verbose [23ms]
2022-11-17 22:38:29.929 [info] > git for-each-ref --sort -committerdate --format %(refname) %(objectname) %(*objectname) [40ms]
2022-11-17 22:38:29.929 [info] > git config --get commit.template [3ms]
2022-11-17 22:38:29.938 [info] > git for-each-ref --format=%(refname)%00%(upstream:short)%00%(objectname)%00%(upstream:track)%00%(upstream:remotename)%00%(upstream:remoteref) refs/heads/master refs/remotes/master [1ms]
2022-11-17 22:38:34.966 [info] > git status -z -uall [7ms]
2022-11-17 22:38:34.969 [info] > git remote --verbose [14ms]
2022-11-17 22:38:34.969 [info] > git for-each-ref --sort -committerdate --format %(refname) %(objectname) %(*objectname) [21ms]
2022-11-17 22:38:34.970 [info] > git config --get commit.template [4ms]
2022-11-17 22:38:34.979 [info] > git for-each-ref --format=%(refname)%00%(upstream:short)%00%(objectname)%00%(upstream:track)%00%(upstream:remotename)%00%(upstream:remoteref) refs/heads/master refs/remotes/master [2ms]
2022-11-17 22:40:24.523 [info] > git status -z -uall [27ms]
2022-11-17 22:40:24.525 [info] > git remote --verbose [49ms]
2022-11-17 22:40:24.527 [info] > git for-each-ref --sort -committerdate --format %(refname) %(objectname) %(*objectname) [77ms]
2022-11-17 22:40:24.531 [info] > git config --get commit.template [13ms]
2022-11-17 22:40:24.555 [info] > git for-each-ref --format=%(refname)%00%(upstream:short)%00%(objectname)%00%(upstream:track)%00%(upstream:remotename)%00%(upstream:remoteref) refs/heads/master refs/remotes/master [4ms]
2022-11-17 22:40:29.586 [info] > git status -z -uall [7ms]
2022-11-17 22:40:29.587 [info] > git remote --verbose [14ms]
2022-11-17 22:40:29.587 [info] > git for-each-ref --sort -committerdate --format %(refname) %(objectname) %(*objectname) [21ms]
2022-11-17 22:40:29.588 [info] > git config --get commit.template [2ms]
2022-11-17 22:40:29.596 [info] > git for-each-ref --format=%(refname)%00%(upstream:short)%00%(objectname)%00%(upstream:track)%00%(upstream:remotename)%00%(upstream:remoteref) refs/heads/master refs/remotes/master [2ms]
2022-11-17 22:40:59.642 [info] > git status -z -uall [7ms]
2022-11-17 22:40:59.643 [info] > git remote --verbose [13ms]
2022-11-17 22:40:59.643 [info] > git for-each-ref --sort -committerdate --format %(refname) %(objectname) %(*objectname) [19ms]
2022-11-17 22:40:59.644 [info] > git config --get commit.template [3ms]
2022-11-17 22:40:59.654 [info] > git for-each-ref --format=%(refname)%00%(upstream:short)%00%(objectname)%00%(upstream:track)%00%(upstream:remotename)%00%(upstream:remoteref) refs/heads/master refs/remotes/master [2ms]
2022-11-17 22:41:04.691 [info] > git status -z -uall [9ms]
2022-11-17 22:41:04.692 [info] > git remote --verbose [20ms]
2022-11-17 22:41:04.693 [info] > git for-each-ref --sort -committerdate --format %(refname) %(objectname) %(*objectname) [28ms]
2022-11-17 22:41:04.694 [info] > git config --get commit.template [3ms]
2022-11-17 22:41:04.703 [info] > git for-each-ref --format=%(refname)%00%(upstream:short)%00%(objectname)%00%(upstream:track)%00%(upstream:remotename)%00%(upstream:remoteref) refs/heads/master refs/remotes/master [1ms]
2022-11-17 22:41:09.728 [info] > git status -z -uall [6ms]
2022-11-17 22:41:09.729 [info] > git remote --verbose [15ms]
2022-11-17 22:41:09.730 [info] > git for-each-ref --sort -committerdate --format %(refname) %(objectname) %(*objectname) [20ms]
2022-11-17 22:41:09.732 [info] > git config --get commit.template [3ms]
2022-11-17 22:41:09.739 [info] > git for-each-ref --format=%(refname)%00%(upstream:short)%00%(objectname)%00%(upstream:track)%00%(upstream:remotename)%00%(upstream:remoteref) refs/heads/master refs/remotes/master [1ms]
2022-11-17 22:41:14.804 [info] > git status -z -uall [10ms]
2022-11-17 22:41:14.805 [info] > git remote --verbose [25ms]
2022-11-17 22:41:14.805 [info] > git for-each-ref --sort -committerdate --format %(refname) %(objectname) %(*objectname) [44ms]
2022-11-17 22:41:14.806 [info] > git config --get commit.template [3ms]
2022-11-17 22:41:14.814 [info] > git for-each-ref --format=%(refname)%00%(upstream:short)%00%(objectname)%00%(upstream:track)%00%(upstream:remotename)%00%(upstream:remoteref) refs/heads/master refs/remotes/master [1ms]
2022-11-17 22:41:19.880 [info] > git status -z -uall [13ms]
2022-11-17 22:41:19.881 [info] > git remote --verbose [31ms]
2022-11-17 22:41:19.881 [info] > git for-each-ref --sort -committerdate --format %(refname) %(objectname) %(*objectname) [48ms]
2022-11-17 22:41:19.882 [info] > git config --get commit.template [3ms]
2022-11-17 22:41:19.892 [info] > git for-each-ref --format=%(refname)%00%(upstream:short)%00%(objectname)%00%(upstream:track)%00%(upstream:remotename)%00%(upstream:remoteref) refs/heads/master refs/remotes/master [1ms]
2022-11-17 22:41:24.927 [info] > git status -z -uall [9ms]
2022-11-17 22:41:24.928 [info] > git remote --verbose [15ms]
2022-11-17 22:41:24.928 [info] > git for-each-ref --sort -committerdate --format %(refname) %(objectname) %(*objectname) [21ms]
2022-11-17 22:41:24.929 [info] > git config --get commit.template [3ms]
2022-11-17 22:41:24.937 [info] > git for-each-ref --format=%(refname)%00%(upstream:short)%00%(objectname)%00%(upstream:track)%00%(upstream:remotename)%00%(upstream:remoteref) refs/heads/master refs/remotes/master [1ms]
2022-11-17 22:41:39.163 [info] > git status -z -uall [7ms]
2022-11-17 22:41:39.164 [info] > git remote --verbose [13ms]
2022-11-17 22:41:39.164 [info] > git for-each-ref --sort -committerdate --format %(refname) %(objectname) %(*objectname) [20ms]
2022-11-17 22:41:39.165 [info] > git config --get commit.template [3ms]
2022-11-17 22:41:39.174 [info] > git for-each-ref --format=%(refname)%00%(upstream:short)%00%(objectname)%00%(upstream:track)%00%(upstream:remotename)%00%(upstream:remoteref) refs/heads/master refs/remotes/master [2ms]
2022-11-17 22:41:44.240 [info] > git status -z -uall [9ms]
2022-11-17 22:41:44.241 [info] > git remote --verbose [19ms]
2022-11-17 22:41:44.241 [info] > git for-each-ref --sort -committerdate --format %(refname) %(objectname) %(*objectname) [39ms]
2022-11-17 22:41:44.242 [info] > git config --get commit.template [3ms]
2022-11-17 22:41:44.252 [info] > git for-each-ref --format=%(refname)%00%(upstream:short)%00%(objectname)%00%(upstream:track)%00%(upstream:remotename)%00%(upstream:remoteref) refs/heads/master refs/remotes/master [2ms]
2022-11-17 22:41:49.288 [info] > git status -z -uall [10ms]
2022-11-17 22:41:49.289 [info] > git remote --verbose [18ms]
2022-11-17 22:41:49.290 [info] > git for-each-ref --sort -committerdate --format %(refname) %(objectname) %(*objectname) [28ms]
2022-11-17 22:41:49.291 [info] > git config --get commit.template [3ms]
2022-11-17 22:41:49.303 [info] > git for-each-ref --format=%(refname)%00%(upstream:short)%00%(objectname)%00%(upstream:track)%00%(upstream:remotename)%00%(upstream:remoteref) refs/heads/master refs/remotes/master [2ms]
2022-11-17 22:41:54.392 [info] > git status -z -uall [16ms]
2022-11-17 22:41:54.393 [info] > git remote --verbose [40ms]
2022-11-17 22:41:54.393 [info] > git for-each-ref --sort -committerdate --format %(refname) %(objectname) %(*objectname) [64ms]
2022-11-17 22:41:54.394 [info] > git config --get commit.template [4ms]
2022-11-17 22:41:54.409 [info] > git for-each-ref --format=%(refname)%00%(upstream:short)%00%(objectname)%00%(upstream:track)%00%(upstream:remotename)%00%(upstream:remoteref) refs/heads/master refs/remotes/master [4ms]
2022-11-17 22:41:59.508 [info] > git status -z -uall [24ms]
2022-11-17 22:41:59.509 [info] > git remote --verbose [49ms]
2022-11-17 22:41:59.510 [info] > git for-each-ref --sort -committerdate --format %(refname) %(objectname) %(*objectname) [76ms]
2022-11-17 22:41:59.511 [info] > git config --get commit.template [4ms]
2022-11-17 22:41:59.523 [info] > git for-each-ref --format=%(refname)%00%(upstream:short)%00%(objectname)%00%(upstream:track)%00%(upstream:remotename)%00%(upstream:remoteref) refs/heads/master refs/remotes/master [2ms]
2022-11-17 22:42:04.616 [info] > git status -z -uall [29ms]
2022-11-17 22:42:04.618 [info] > git remote --verbose [51ms]
2022-11-17 22:42:04.618 [info] > git for-each-ref --sort -committerdate --format %(refname) %(objectname) %(*objectname) [74ms]
2022-11-17 22:42:04.621 [info] > git config --get commit.template [8ms]
2022-11-17 22:42:04.637 [info] > git for-each-ref --format=%(refname)%00%(upstream:short)%00%(objectname)%00%(upstream:track)%00%(upstream:remotename)%00%(upstream:remoteref) refs/heads/master refs/remotes/master [3ms]
2022-11-17 22:42:09.681 [info] > git status -z -uall [9ms]
2022-11-17 22:42:09.682 [info] > git remote --verbose [15ms]
2022-11-17 22:42:09.682 [info] > git for-each-ref --sort -committerdate --format %(refname) %(objectname) %(*objectname) [23ms]
2022-11-17 22:42:09.683 [info] > git config --get commit.template [2ms]
2022-11-17 22:42:09.692 [info] > git for-each-ref --format=%(refname)%00%(upstream:short)%00%(objectname)%00%(upstream:track)%00%(upstream:remotename)%00%(upstream:remoteref) refs/heads/master refs/remotes/master [2ms]
2022-11-17 22:42:14.727 [info] > git status -z -uall [10ms]
2022-11-17 22:42:14.728 [info] > git remote --verbose [19ms]
2022-11-17 22:42:14.728 [info] > git for-each-ref --sort -committerdate --format %(refname) %(objectname) %(*objectname) [25ms]
2022-11-17 22:42:14.729 [info] > git config --get commit.template [3ms]
2022-11-17 22:42:14.740 [info] > git for-each-ref --format=%(refname)%00%(upstream:short)%00%(objectname)%00%(upstream:track)%00%(upstream:remotename)%00%(upstream:remoteref) refs/heads/master refs/remotes/master [2ms]
2022-11-17 22:42:19.795 [info] > git status -z -uall [9ms]
2022-11-17 22:42:19.796 [info] > git remote --verbose [22ms]
2022-11-17 22:42:19.797 [info] > git for-each-ref --sort -committerdate --format %(refname) %(objectname) %(*objectname) [37ms]
2022-11-17 22:42:19.797 [info] > git config --get commit.template [2ms]
2022-11-17 22:42:19.806 [info] > git for-each-ref --format=%(refname)%00%(upstream:short)%00%(objectname)%00%(upstream:track)%00%(upstream:remotename)%00%(upstream:remoteref) refs/heads/master refs/remotes/master [1ms]
2022-11-17 22:47:51.006 [info] > git status -z -uall [9ms]
2022-11-17 22:47:51.006 [info] > git remote --verbose [21ms]
2022-11-17 22:47:51.007 [info] > git for-each-ref --sort -committerdate --format %(refname) %(objectname) %(*objectname) [43ms]
2022-11-17 22:47:51.007 [info] > git config --get commit.template [2ms]
2022-11-17 22:47:51.015 [info] > git for-each-ref --format=%(refname)%00%(upstream:short)%00%(objectname)%00%(upstream:track)%00%(upstream:remotename)%00%(upstream:remoteref) refs/heads/master refs/remotes/master [2ms]
2022-11-17 22:47:56.064 [info] > git status -z -uall [7ms]
2022-11-17 22:47:56.065 [info] > git remote --verbose [17ms]
2022-11-17 22:47:56.065 [info] > git for-each-ref --sort -committerdate --format %(refname) %(objectname) %(*objectname) [29ms]
2022-11-17 22:47:56.067 [info] > git config --get commit.template [4ms]
2022-11-17 22:47:56.079 [info] > git for-each-ref --format=%(refname)%00%(upstream:short)%00%(objectname)%00%(upstream:track)%00%(upstream:remotename)%00%(upstream:remoteref) refs/heads/master refs/remotes/master [2ms]
2022-11-17 22:48:01.598 [info] > git status -z -uall [8ms]
2022-11-17 22:48:01.598 [info] > git remote --verbose [19ms]
2022-11-17 22:48:01.599 [info] > git for-each-ref --sort -committerdate --format %(refname) %(objectname) %(*objectname) [43ms]
2022-11-17 22:48:01.600 [info] > git config --get commit.template [2ms]
2022-11-17 22:48:01.608 [info] > git for-each-ref --format=%(refname)%00%(upstream:short)%00%(objectname)%00%(upstream:track)%00%(upstream:remotename)%00%(upstream:remoteref) refs/heads/master refs/remotes/master [1ms]
2022-11-17 22:48:13.177 [info] > git status -z -uall [8ms]
2022-11-17 22:48:13.178 [info] > git remote --verbose [15ms]
2022-11-17 22:48:13.178 [info] > git for-each-ref --sort -committerdate --format %(refname) %(objectname) %(*objectname) [22ms]
2022-11-17 22:48:13.179 [info] > git config --get commit.template [2ms]
2022-11-17 22:48:13.186 [info] > git for-each-ref --format=%(refname)%00%(upstream:short)%00%(objectname)%00%(upstream:track)%00%(upstream:remotename)%00%(upstream:remoteref) refs/heads/master refs/remotes/master [2ms]
2022-11-17 22:48:25.461 [info] > git status -z -uall [10ms]
2022-11-17 22:48:25.462 [info] > git remote --verbose [23ms]
2022-11-17 22:48:25.462 [info] > git for-each-ref --sort -committerdate --format %(refname) %(objectname) %(*objectname) [37ms]
2022-11-17 22:48:25.463 [info] > git config --get commit.template [4ms]
2022-11-17 22:48:25.472 [info] > git for-each-ref --format=%(refname)%00%(upstream:short)%00%(objectname)%00%(upstream:track)%00%(upstream:remotename)%00%(upstream:remoteref) refs/heads/master refs/remotes/master [2ms]
