2022-11-17 15:35:43.750 [info] Validating found git in: git
2022-11-17 15:35:43.750 [info] Using git 2.38.1 from git
2022-11-17 15:36:06.272 [info] Validating found git in: git
2022-11-17 15:36:06.272 [info] Using git 2.38.1 from git
2022-11-17 15:36:06.272 [info] > git rev-parse --show-toplevel [10ms]
2022-11-17 15:36:06.286 [info] > git rev-parse --git-dir --git-common-dir [102ms]
2022-11-17 15:36:06.298 [info] Log level: Info
2022-11-17 15:36:06.298 [info] Open repository: /home/yunis
2022-11-17 15:36:06.463 [info] > git remote --verbose [152ms]
2022-11-17 15:36:06.464 [info] > git for-each-ref --sort -committerdate --format %(refname) %(objectname) %(*objectname) [161ms]
2022-11-17 15:36:06.484 [info] > git config --get commit.template [22ms]
2022-11-17 15:36:06.488 [info] > git for-each-ref --format=%(refname)%00%(upstream:short)%00%(objectname)%00%(upstream:track)%00%(upstream:remotename)%00%(upstream:remoteref) refs/heads/main refs/remotes/main [7ms]
2022-11-17 15:36:07.026 [info] > git check-ignore -v -z --stdin [36ms]
2022-11-17 15:36:07.166 [info] > git show --textconv :my_list.txt [34ms]
2022-11-17 15:36:07.171 [info] > git ls-files --stage -- /home/yunis/my_list.txt [19ms]
2022-11-17 15:36:07.181 [info] > git show --textconv :my_file.txt [41ms]
2022-11-17 15:36:07.183 [info] > git cat-file -s 4453c65ab52d8ae1ecf7ea18bdbe63121a7eceef [2ms]
2022-11-17 15:36:07.200 [info] > git ls-files --stage -- /home/yunis/my_file.txt [37ms]
2022-11-17 15:36:07.231 [info] > git cat-file -s 956fd6d17cd7e50217946143d5798cb6820949f5 [15ms]
2022-11-17 15:36:07.248 [info] > git status -z -uall [930ms] (cancelled)
2022-11-17 15:36:07.260 [info] > git check-ignore -v -z --stdin [13ms]
