2022-11-17 16:16:07.685 [info] Validating found git in: git
2022-11-17 16:16:07.685 [info] Using git 2.38.1 from git
2022-11-17 16:16:07.685 [info] > git rev-parse --show-toplevel [18ms]
2022-11-17 16:16:07.686 [info] > git rev-parse --git-dir --git-common-dir [3ms]
2022-11-17 16:16:07.686 [info] Log level: Info
2022-11-17 16:16:07.686 [info] Open repository: /home/yunis/phase-0-html-document-structure-lab
2022-11-17 16:16:07.700 [info] > git status -z -uall [475ms]
2022-11-17 16:16:07.701 [info] > git remote --verbose [483ms]
2022-11-17 16:16:07.702 [info] > git for-each-ref --sort -committerdate --format %(refname) %(objectname) %(*objectname) [492ms]
2022-11-17 16:16:07.719 [info] > git config --get commit.template [19ms]
2022-11-17 16:16:07.755 [info] > git for-each-ref --format=%(refname)%00%(upstream:short)%00%(objectname)%00%(upstream:track)%00%(upstream:remotename)%00%(upstream:remoteref) refs/heads/master refs/remotes/master [22ms]
2022-11-17 16:16:07.909 [info] > git check-ignore -v -z --stdin [156ms]
2022-11-17 16:16:07.910 [info] > git status -z -uall [112ms]
2022-11-17 16:16:07.910 [info] > git show --textconv :index.html [80ms]
2022-11-17 16:16:07.910 [info] > git remote --verbose [119ms]
2022-11-17 16:16:07.911 [info] > git for-each-ref --sort -committerdate --format %(refname) %(objectname) %(*objectname) [131ms]
2022-11-17 16:16:07.931 [info] > git ls-files --stage -- /home/yunis/phase-0-html-document-structure-lab/index.html [89ms]
2022-11-17 16:16:07.964 [info] > git config --get commit.template [158ms]
2022-11-17 16:16:08.001 [info] > git cat-file -s 4ee34e565b001351951639c67fbe5c7b221a9b45 [39ms]
2022-11-17 16:16:08.003 [info] > git for-each-ref --format=%(refname)%00%(upstream:short)%00%(objectname)%00%(upstream:track)%00%(upstream:remotename)%00%(upstream:remoteref) refs/heads/master refs/remotes/master [3ms]
2022-11-17 16:16:48.016 [info] > git rev-parse --show-toplevel [60ms]
2022-11-17 16:16:48.052 [info] > git rev-parse --git-dir --git-common-dir [2ms]
2022-11-17 16:16:48.060 [info] Log level: Info
2022-11-17 16:16:48.060 [info] Open repository: /home/yunis/phase-0-html-tag-lab
2022-11-17 16:16:48.111 [info] > git remote --verbose [23ms]
2022-11-17 16:16:48.112 [info] > git for-each-ref --sort -committerdate --format %(refname) %(objectname) %(*objectname) [41ms]
2022-11-17 16:16:48.112 [info] > git status -z -uall [4ms]
2022-11-17 16:16:48.145 [info] > git config --get commit.template [10ms]
2022-11-17 16:16:48.148 [info] > git for-each-ref --format=%(refname)%00%(upstream:short)%00%(objectname)%00%(upstream:track)%00%(upstream:remotename)%00%(upstream:remoteref) refs/heads/master refs/remotes/master [3ms]
2022-11-17 16:16:48.456 [info] > git show --textconv :test/helpers.js [20ms]
2022-11-17 16:16:48.461 [info] > git ls-files --stage -- /home/yunis/phase-0-html-tag-lab/test/helpers.js [8ms]
2022-11-17 16:16:48.482 [info] > git cat-file -s debbcc08f844e607d65f3d0e97adc7ca37f2442d [5ms]
2022-11-17 16:16:48.762 [info] > git check-ignore -v -z --stdin [11ms]
2022-11-17 16:16:48.763 [info] > git check-ignore -v -z --stdin [2ms]
2022-11-17 16:16:54.676 [info] > git show --textconv :index.html [17ms]
2022-11-17 16:16:54.679 [info] > git ls-files --stage -- /home/yunis/phase-0-html-document-structure-lab/index.html [5ms]
2022-11-17 16:16:54.708 [info] > git cat-file -s 4ee34e565b001351951639c67fbe5c7b221a9b45 [8ms]
2022-11-17 16:16:55.005 [info] > git check-ignore -v -z --stdin [7ms]
2022-11-17 16:17:06.956 [info] > git check-ignore -v -z --stdin [9ms]
