2022-11-17 23:02:33.968 [info] Validating found git in: git
2022-11-17 23:02:33.968 [info] Using git 2.38.1 from git
2022-11-17 23:02:33.968 [info] > git rev-parse --show-toplevel [22ms]
2022-11-17 23:02:33.968 [info] > git rev-parse --git-dir --git-common-dir [11ms]
2022-11-17 23:02:33.968 [info] Log level: Info
2022-11-17 23:02:33.968 [info] Open repository: /home/yunis/phase-0-html-lists-lab
2022-11-17 23:02:33.968 [info] > git status -z -uall [197ms]
2022-11-17 23:02:33.968 [info] > git remote --verbose [212ms]
2022-11-17 23:02:33.968 [info] > git config --get commit.template [219ms]
2022-11-17 23:02:33.968 [info] > git for-each-ref --sort -committerdate --format %(refname) %(objectname) %(*objectname) [331ms]
2022-11-17 23:02:33.968 [info] > git for-each-ref --format=%(refname)%00%(upstream:short)%00%(objectname)%00%(upstream:track)%00%(upstream:remotename)%00%(upstream:remoteref) refs/heads/master refs/remotes/master [6ms]
2022-11-17 23:02:33.968 [info] > git remote --verbose [8ms]
2022-11-17 23:02:33.968 [info] > git for-each-ref --sort -committerdate --format %(refname) %(objectname) %(*objectname) [17ms]
2022-11-17 23:02:33.968 [info] > git status -z -uall [15ms]
2022-11-17 23:02:33.968 [info] > git config --get commit.template [71ms]
2022-11-17 23:02:33.968 [info] > git for-each-ref --format=%(refname)%00%(upstream:short)%00%(objectname)%00%(upstream:track)%00%(upstream:remotename)%00%(upstream:remoteref) refs/heads/master refs/remotes/master [42ms]
2022-11-17 23:02:33.968 [info] > git ls-files --stage -- /home/yunis/phase-0-html-lists-lab/index.html [119ms]
2022-11-17 23:02:34.001 [info] > git show --textconv :index.html [176ms]
2022-11-17 23:02:34.008 [info] > git cat-file -s 19107f04c45e2035ed4ceafc0ecf4e12c5cb3818 [34ms]
2022-11-17 23:02:34.207 [info] > git check-ignore -v -z --stdin [5ms]
