2023-02-20 11:15:25.172 [info] Validating found git in: git
2023-02-20 11:15:25.172 [info] Using git 2.38.1 from git
2023-02-20 11:15:25.172 [info] > git rev-parse --show-toplevel [7ms]
2023-02-20 11:15:25.172 [info] > git rev-parse --git-dir --git-common-dir [8ms]
2023-02-20 11:15:25.172 [info] Log level: Info
2023-02-20 11:15:25.172 [info] Open repository: /home/yunis/phase-0-intro-to-js-2-looping-code-along
2023-02-20 11:15:25.172 [info] > git status -z -uall [74ms]
2023-02-20 11:15:25.172 [info] > git rev-parse --show-toplevel [58ms]
2023-02-20 11:15:25.172 [info] > git remote --verbose [103ms]
2023-02-20 11:15:25.172 [info] > git for-each-ref --sort -committerdate --format %(refname) %(objectname) %(*objectname) [123ms]
2023-02-20 11:15:25.172 [info] > git config --get commit.template [52ms]
2023-02-20 11:15:25.172 [info] > git rev-parse --show-toplevel [20ms]
2023-02-20 11:15:25.172 [info] > git for-each-ref --format=%(refname)%00%(upstream:short)%00%(objectname)%00%(upstream:track)%00%(upstream:remotename)%00%(upstream:remoteref) refs/heads/master refs/remotes/master [3ms]
2023-02-20 11:15:25.172 [info] > git status -z -uall [16ms]
2023-02-20 11:15:25.172 [info] > git remote --verbose [27ms]
2023-02-20 11:15:25.172 [info] > git for-each-ref --sort -committerdate --format %(refname) %(objectname) %(*objectname) [38ms]
2023-02-20 11:15:25.172 [info] > git config --get commit.template [15ms]
2023-02-20 11:15:25.172 [info] > git for-each-ref --format=%(refname)%00%(upstream:short)%00%(objectname)%00%(upstream:track)%00%(upstream:remotename)%00%(upstream:remoteref) refs/heads/master refs/remotes/master [5ms]
2023-02-20 11:15:25.496 [info] > git show --textconv :index.js [21ms]
2023-02-20 11:15:25.506 [info] > git ls-files --stage -- /home/yunis/phase-0-intro-to-js-2-looping-code-along/index.js [12ms]
2023-02-20 11:15:25.536 [info] > git cat-file -s 5757be8d4775dbc86078502f37aa8edeebd1ccf3 [14ms]
2023-02-20 11:15:25.598 [info] > git check-ignore -v -z --stdin [22ms]
2023-02-20 11:19:26.227 [info] > git status -z -uall [10ms]
2023-02-20 11:19:26.230 [info] > git remote --verbose [18ms]
2023-02-20 11:19:26.230 [info] > git for-each-ref --sort -committerdate --format %(refname) %(objectname) %(*objectname) [28ms]
2023-02-20 11:19:26.232 [info] > git config --get commit.template [5ms]
2023-02-20 11:19:26.241 [info] > git for-each-ref --format=%(refname)%00%(upstream:short)%00%(objectname)%00%(upstream:track)%00%(upstream:remotename)%00%(upstream:remoteref) refs/heads/master refs/remotes/master [1ms]
2023-02-20 11:19:31.318 [info] > git status -z -uall [17ms]
2023-02-20 11:19:31.319 [info] > git remote --verbose [31ms]
2023-02-20 11:19:31.320 [info] > git for-each-ref --sort -committerdate --format %(refname) %(objectname) %(*objectname) [52ms]
2023-02-20 11:19:31.323 [info] > git config --get commit.template [6ms]
2023-02-20 11:19:31.333 [info] > git for-each-ref --format=%(refname)%00%(upstream:short)%00%(objectname)%00%(upstream:track)%00%(upstream:remotename)%00%(upstream:remoteref) refs/heads/master refs/remotes/master [1ms]
2023-02-20 11:19:36.395 [info] > git status -z -uall [9ms]
2023-02-20 11:19:36.395 [info] > git remote --verbose [25ms]
2023-02-20 11:19:36.396 [info] > git for-each-ref --sort -committerdate --format %(refname) %(objectname) %(*objectname) [48ms]
2023-02-20 11:19:36.397 [info] > git config --get commit.template [2ms]
2023-02-20 11:19:36.405 [info] > git for-each-ref --format=%(refname)%00%(upstream:short)%00%(objectname)%00%(upstream:track)%00%(upstream:remotename)%00%(upstream:remoteref) refs/heads/master refs/remotes/master [1ms]
2023-02-20 11:19:41.436 [info] > git status -z -uall [7ms]
2023-02-20 11:19:41.437 [info] > git remote --verbose [12ms]
2023-02-20 11:19:41.437 [info] > git for-each-ref --sort -committerdate --format %(refname) %(objectname) %(*objectname) [19ms]
2023-02-20 11:19:41.438 [info] > git config --get commit.template [3ms]
2023-02-20 11:19:41.445 [info] > git for-each-ref --format=%(refname)%00%(upstream:short)%00%(objectname)%00%(upstream:track)%00%(upstream:remotename)%00%(upstream:remoteref) refs/heads/master refs/remotes/master [1ms]
2023-02-20 11:19:46.470 [info] > git status -z -uall [7ms]
2023-02-20 11:19:46.471 [info] > git remote --verbose [12ms]
2023-02-20 11:19:46.472 [info] > git for-each-ref --sort -committerdate --format %(refname) %(objectname) %(*objectname) [18ms]
2023-02-20 11:19:46.473 [info] > git config --get commit.template [4ms]
2023-02-20 11:19:46.481 [info] > git for-each-ref --format=%(refname)%00%(upstream:short)%00%(objectname)%00%(upstream:track)%00%(upstream:remotename)%00%(upstream:remoteref) refs/heads/master refs/remotes/master [1ms]
2023-02-20 11:19:54.458 [info] > git status -z -uall [1ms]
2023-02-20 11:19:54.459 [info] > git remote --verbose [13ms]
2023-02-20 11:19:54.461 [info] > git for-each-ref --sort -committerdate --format %(refname) %(objectname) %(*objectname) [29ms]
2023-02-20 11:19:54.478 [info] > git config --get commit.template [9ms]
2023-02-20 11:19:54.479 [info] > git for-each-ref --format=%(refname)%00%(upstream:short)%00%(objectname)%00%(upstream:track)%00%(upstream:remotename)%00%(upstream:remoteref) refs/heads/master refs/remotes/master [2ms]
2023-02-20 11:19:59.519 [info] > git status -z -uall [9ms]
2023-02-20 11:19:59.520 [info] > git remote --verbose [17ms]
2023-02-20 11:19:59.521 [info] > git for-each-ref --sort -committerdate --format %(refname) %(objectname) %(*objectname) [25ms]
2023-02-20 11:19:59.522 [info] > git config --get commit.template [6ms]
2023-02-20 11:19:59.532 [info] > git for-each-ref --format=%(refname)%00%(upstream:short)%00%(objectname)%00%(upstream:track)%00%(upstream:remotename)%00%(upstream:remoteref) refs/heads/master refs/remotes/master [2ms]
2023-02-20 11:20:04.593 [info] > git status -z -uall [8ms]
2023-02-20 11:20:04.594 [info] > git remote --verbose [17ms]
2023-02-20 11:20:04.595 [info] > git for-each-ref --sort -committerdate --format %(refname) %(objectname) %(*objectname) [34ms]
2023-02-20 11:20:04.596 [info] > git config --get commit.template [3ms]
2023-02-20 11:20:04.604 [info] > git for-each-ref --format=%(refname)%00%(upstream:short)%00%(objectname)%00%(upstream:track)%00%(upstream:remotename)%00%(upstream:remoteref) refs/heads/master refs/remotes/master [1ms]
2023-02-20 11:20:09.712 [info] > git remote --verbose [33ms]
2023-02-20 11:20:09.712 [info] > git for-each-ref --sort -committerdate --format %(refname) %(objectname) %(*objectname) [80ms]
2023-02-20 11:20:09.726 [info] > git status -z -uall [21ms]
2023-02-20 11:20:09.743 [info] > git config --get commit.template [17ms]
2023-02-20 11:20:09.744 [info] > git for-each-ref --format=%(refname)%00%(upstream:short)%00%(objectname)%00%(upstream:track)%00%(upstream:remotename)%00%(upstream:remoteref) refs/heads/master refs/remotes/master [2ms]
2023-02-20 11:24:18.009 [info] > git status -z -uall [12ms]
2023-02-20 11:24:18.011 [info] > git remote --verbose [23ms]
2023-02-20 11:24:18.012 [info] > git for-each-ref --sort -committerdate --format %(refname) %(objectname) %(*objectname) [32ms]
2023-02-20 11:24:18.013 [info] > git config --get commit.template [4ms]
2023-02-20 11:24:18.029 [info] > git for-each-ref --format=%(refname)%00%(upstream:short)%00%(objectname)%00%(upstream:track)%00%(upstream:remotename)%00%(upstream:remoteref) refs/heads/master refs/remotes/master [5ms]
