2022-11-17 23:47:55.208 [info] Validating found git in: git
2022-11-17 23:47:55.208 [info] Using git 2.38.1 from git
2022-11-17 23:47:55.208 [info] > git rev-parse --show-toplevel [49ms]
2022-11-17 23:47:55.208 [info] > git rev-parse --git-dir --git-common-dir [245ms]
2022-11-17 23:47:55.208 [info] Log level: Info
2022-11-17 23:47:55.208 [info] Open repository: /home/yunis/phase-0-html-tables-lab
2022-11-17 23:47:55.208 [info] > git remote --verbose [52ms]
2022-11-17 23:47:55.208 [info] > git for-each-ref --sort -committerdate --format %(refname) %(objectname) %(*objectname) [68ms]
2022-11-17 23:47:55.208 [info] > git config --get commit.template [4ms]
2022-11-17 23:47:55.208 [info] > git status -z -uall [79ms]
2022-11-17 23:47:55.208 [info] > git for-each-ref --format=%(refname)%00%(upstream:short)%00%(objectname)%00%(upstream:track)%00%(upstream:remotename)%00%(upstream:remoteref) refs/heads/master refs/remotes/master [19ms]
2022-11-17 23:47:55.208 [info] > git status -z -uall [85ms]
2022-11-17 23:47:55.208 [info] > git remote --verbose [110ms]
2022-11-17 23:47:55.208 [info] > git for-each-ref --sort -committerdate --format %(refname) %(objectname) %(*objectname) [125ms]
2022-11-17 23:47:55.208 [info] > git config --get commit.template [112ms]
2022-11-17 23:47:55.208 [info] > git for-each-ref --format=%(refname)%00%(upstream:short)%00%(objectname)%00%(upstream:track)%00%(upstream:remotename)%00%(upstream:remoteref) refs/heads/master refs/remotes/master [8ms]
2022-11-17 23:47:55.208 [info] > git check-ignore -v -z --stdin [42ms]
2022-11-17 23:47:55.208 [info] > git show --textconv :index.html [61ms]
2022-11-17 23:47:55.208 [info] > git ls-files --stage -- /home/yunis/phase-0-html-tables-lab/index.html [36ms]
2022-11-17 23:47:55.228 [info] > git cat-file -s 9027f1a70efa1cc6169a97eac66cad26550b7a82 [22ms]
2022-11-17 23:48:32.654 [info] > git rev-parse --show-toplevel [6ms]
2022-11-17 23:48:32.662 [info] > git rev-parse --git-dir --git-common-dir [1ms]
2022-11-17 23:48:32.667 [info] Log level: Info
2022-11-17 23:48:32.667 [info] Open repository: /home/yunis/phase-0-html-images-lab
2022-11-17 23:48:32.709 [info] > git remote --verbose [25ms]
2022-11-17 23:48:32.709 [info] > git for-each-ref --sort -committerdate --format %(refname) %(objectname) %(*objectname) [33ms]
2022-11-17 23:48:32.710 [info] > git status -z -uall [16ms]
2022-11-17 23:48:32.711 [info] > git config --get commit.template [10ms]
2022-11-17 23:48:32.722 [info] > git for-each-ref --format=%(refname)%00%(upstream:short)%00%(objectname)%00%(upstream:track)%00%(upstream:remotename)%00%(upstream:remoteref) refs/heads/master refs/remotes/master [2ms]
2022-11-17 23:48:32.995 [info] > git show --textconv :index.html [10ms]
2022-11-17 23:48:32.997 [info] > git ls-files --stage -- /home/yunis/phase-0-html-images-lab/index.html [3ms]
2022-11-17 23:48:33.008 [info] > git cat-file -s 0e6b6b85c503538f0679ff074e875613bd35f7fd [4ms]
2022-11-17 23:48:33.295 [info] > git check-ignore -v -z --stdin [31ms]
2022-11-17 23:48:33.298 [info] > git check-ignore -v -z --stdin [9ms]
2022-11-17 23:52:31.556 [info] > git status -z -uall [12ms]
2022-11-17 23:52:31.558 [info] > git remote --verbose [29ms]
2022-11-17 23:52:31.558 [info] > git for-each-ref --sort -committerdate --format %(refname) %(objectname) %(*objectname) [46ms]
2022-11-17 23:52:31.560 [info] > git config --get commit.template [4ms]
2022-11-17 23:52:31.569 [info] > git for-each-ref --format=%(refname)%00%(upstream:short)%00%(objectname)%00%(upstream:track)%00%(upstream:remotename)%00%(upstream:remoteref) refs/heads/master refs/remotes/master [1ms]
2022-11-17 23:52:36.597 [info] > git status -z -uall [6ms]
2022-11-17 23:52:36.598 [info] > git remote --verbose [11ms]
2022-11-17 23:52:36.598 [info] > git for-each-ref --sort -committerdate --format %(refname) %(objectname) %(*objectname) [17ms]
2022-11-17 23:52:36.599 [info] > git config --get commit.template [3ms]
2022-11-17 23:52:36.607 [info] > git for-each-ref --format=%(refname)%00%(upstream:short)%00%(objectname)%00%(upstream:track)%00%(upstream:remotename)%00%(upstream:remoteref) refs/heads/master refs/remotes/master [2ms]
2022-11-17 23:54:51.004 [info] > git status -z -uall [8ms]
2022-11-17 23:54:51.005 [info] > git remote --verbose [17ms]
2022-11-17 23:54:51.005 [info] > git for-each-ref --sort -committerdate --format %(refname) %(objectname) %(*objectname) [37ms]
2022-11-17 23:54:51.006 [info] > git config --get commit.template [3ms]
2022-11-17 23:54:51.013 [info] > git for-each-ref --format=%(refname)%00%(upstream:short)%00%(objectname)%00%(upstream:track)%00%(upstream:remotename)%00%(upstream:remoteref) refs/heads/master refs/remotes/master [2ms]
2022-11-17 23:54:56.069 [info] > git status -z -uall [9ms]
2022-11-17 23:54:56.070 [info] > git remote --verbose [20ms]
2022-11-17 23:54:56.070 [info] > git for-each-ref --sort -committerdate --format %(refname) %(objectname) %(*objectname) [37ms]
2022-11-17 23:54:56.071 [info] > git config --get commit.template [3ms]
2022-11-17 23:54:56.078 [info] > git for-each-ref --format=%(refname)%00%(upstream:short)%00%(objectname)%00%(upstream:track)%00%(upstream:remotename)%00%(upstream:remoteref) refs/heads/master refs/remotes/master [2ms]
2022-11-17 23:55:03.117 [info] > git status -z -uall [12ms]
2022-11-17 23:55:03.118 [info] > git remote --verbose [31ms]
2022-11-17 23:55:03.118 [info] > git for-each-ref --sort -committerdate --format %(refname) %(objectname) %(*objectname) [50ms]
2022-11-17 23:55:03.120 [info] > git config --get commit.template [4ms]
2022-11-17 23:55:03.129 [info] > git for-each-ref --format=%(refname)%00%(upstream:short)%00%(objectname)%00%(upstream:track)%00%(upstream:remotename)%00%(upstream:remoteref) refs/heads/master refs/remotes/master [2ms]
2022-11-17 23:55:08.190 [info] > git status -z -uall [12ms]
2022-11-17 23:55:08.191 [info] > git remote --verbose [27ms]
2022-11-17 23:55:08.191 [info] > git for-each-ref --sort -committerdate --format %(refname) %(objectname) %(*objectname) [44ms]
2022-11-17 23:55:08.192 [info] > git config --get commit.template [4ms]
2022-11-17 23:55:08.202 [info] > git for-each-ref --format=%(refname)%00%(upstream:short)%00%(objectname)%00%(upstream:track)%00%(upstream:remotename)%00%(upstream:remoteref) refs/heads/master refs/remotes/master [2ms]
2022-11-17 23:55:20.037 [info] > git status -z -uall [9ms]
2022-11-17 23:55:20.038 [info] > git remote --verbose [21ms]
2022-11-17 23:55:20.038 [info] > git for-each-ref --sort -committerdate --format %(refname) %(objectname) %(*objectname) [42ms]
2022-11-17 23:55:20.039 [info] > git config --get commit.template [3ms]
2022-11-17 23:55:20.047 [info] > git for-each-ref --format=%(refname)%00%(upstream:short)%00%(objectname)%00%(upstream:track)%00%(upstream:remotename)%00%(upstream:remoteref) refs/heads/master refs/remotes/master [2ms]
2022-11-17 23:55:25.141 [info] > git status -z -uall [15ms]
2022-11-17 23:55:25.144 [info] > git remote --verbose [41ms]
2022-11-17 23:55:25.146 [info] > git for-each-ref --sort -committerdate --format %(refname) %(objectname) %(*objectname) [68ms]
2022-11-17 23:55:25.182 [info] > git config --get commit.template [8ms]
2022-11-17 23:55:25.209 [info] > git for-each-ref --format=%(refname)%00%(upstream:short)%00%(objectname)%00%(upstream:track)%00%(upstream:remotename)%00%(upstream:remoteref) refs/heads/master refs/remotes/master [6ms]
2022-11-17 23:58:20.671 [info] > git status -z -uall [9ms]
2022-11-17 23:58:20.672 [info] > git remote --verbose [23ms]
2022-11-17 23:58:20.673 [info] > git for-each-ref --sort -committerdate --format %(refname) %(objectname) %(*objectname) [44ms]
2022-11-17 23:58:20.674 [info] > git config --get commit.template [3ms]
2022-11-17 23:58:20.682 [info] > git for-each-ref --format=%(refname)%00%(upstream:short)%00%(objectname)%00%(upstream:track)%00%(upstream:remotename)%00%(upstream:remoteref) refs/heads/master refs/remotes/master [2ms]
2022-11-17 23:58:25.707 [info] > git status -z -uall [5ms]
2022-11-17 23:58:25.708 [info] > git remote --verbose [12ms]
2022-11-17 23:58:25.708 [info] > git for-each-ref --sort -committerdate --format %(refname) %(objectname) %(*objectname) [16ms]
2022-11-17 23:58:25.709 [info] > git config --get commit.template [2ms]
2022-11-17 23:58:25.716 [info] > git for-each-ref --format=%(refname)%00%(upstream:short)%00%(objectname)%00%(upstream:track)%00%(upstream:remotename)%00%(upstream:remoteref) refs/heads/master refs/remotes/master [2ms]
2022-11-17 23:58:30.766 [info] > git status -z -uall [8ms]
2022-11-17 23:58:30.766 [info] > git remote --verbose [15ms]
2022-11-17 23:58:30.767 [info] > git for-each-ref --sort -committerdate --format %(refname) %(objectname) %(*objectname) [27ms]
2022-11-17 23:58:30.768 [info] > git config --get commit.template [2ms]
2022-11-17 23:58:30.777 [info] > git for-each-ref --format=%(refname)%00%(upstream:short)%00%(objectname)%00%(upstream:track)%00%(upstream:remotename)%00%(upstream:remoteref) refs/heads/master refs/remotes/master [1ms]
2022-11-17 23:58:35.804 [info] > git status -z -uall [7ms]
2022-11-17 23:58:35.805 [info] > git remote --verbose [13ms]
2022-11-17 23:58:35.806 [info] > git for-each-ref --sort -committerdate --format %(refname) %(objectname) %(*objectname) [18ms]
2022-11-17 23:58:35.806 [info] > git config --get commit.template [2ms]
2022-11-17 23:58:35.815 [info] > git for-each-ref --format=%(refname)%00%(upstream:short)%00%(objectname)%00%(upstream:track)%00%(upstream:remotename)%00%(upstream:remoteref) refs/heads/master refs/remotes/master [2ms]
2022-11-17 23:58:40.846 [info] > git status -z -uall [7ms]
2022-11-17 23:58:40.847 [info] > git remote --verbose [16ms]
2022-11-17 23:58:40.847 [info] > git for-each-ref --sort -committerdate --format %(refname) %(objectname) %(*objectname) [24ms]
2022-11-17 23:58:40.848 [info] > git config --get commit.template [3ms]
2022-11-17 23:58:40.857 [info] > git for-each-ref --format=%(refname)%00%(upstream:short)%00%(objectname)%00%(upstream:track)%00%(upstream:remotename)%00%(upstream:remoteref) refs/heads/master refs/remotes/master [2ms]
2022-11-17 23:58:45.896 [info] > git status -z -uall [11ms]
2022-11-17 23:58:45.897 [info] > git remote --verbose [21ms]
2022-11-17 23:58:45.898 [info] > git for-each-ref --sort -committerdate --format %(refname) %(objectname) %(*objectname) [30ms]
2022-11-17 23:58:45.899 [info] > git config --get commit.template [4ms]
2022-11-17 23:58:45.914 [info] > git for-each-ref --format=%(refname)%00%(upstream:short)%00%(objectname)%00%(upstream:track)%00%(upstream:remotename)%00%(upstream:remoteref) refs/heads/master refs/remotes/master [3ms]
2022-11-17 23:58:50.973 [info] > git status -z -uall [8ms]
2022-11-17 23:58:50.974 [info] > git remote --verbose [24ms]
2022-11-17 23:58:50.975 [info] > git for-each-ref --sort -committerdate --format %(refname) %(objectname) %(*objectname) [42ms]
2022-11-17 23:58:50.976 [info] > git config --get commit.template [2ms]
2022-11-17 23:58:50.984 [info] > git for-each-ref --format=%(refname)%00%(upstream:short)%00%(objectname)%00%(upstream:track)%00%(upstream:remotename)%00%(upstream:remoteref) refs/heads/master refs/remotes/master [2ms]
2022-11-17 23:58:56.021 [info] > git status -z -uall [7ms]
2022-11-17 23:58:56.022 [info] > git remote --verbose [12ms]
2022-11-17 23:58:56.022 [info] > git for-each-ref --sort -committerdate --format %(refname) %(objectname) %(*objectname) [17ms]
2022-11-17 23:58:56.023 [info] > git config --get commit.template [2ms]
2022-11-17 23:58:56.030 [info] > git for-each-ref --format=%(refname)%00%(upstream:short)%00%(objectname)%00%(upstream:track)%00%(upstream:remotename)%00%(upstream:remoteref) refs/heads/master refs/remotes/master [2ms]
2022-11-17 23:59:01.090 [info] > git status -z -uall [9ms]
2022-11-17 23:59:01.091 [info] > git remote --verbose [23ms]
2022-11-17 23:59:01.091 [info] > git for-each-ref --sort -committerdate --format %(refname) %(objectname) %(*objectname) [41ms]
2022-11-17 23:59:01.093 [info] > git config --get commit.template [3ms]
2022-11-17 23:59:01.102 [info] > git for-each-ref --format=%(refname)%00%(upstream:short)%00%(objectname)%00%(upstream:track)%00%(upstream:remotename)%00%(upstream:remoteref) refs/heads/master refs/remotes/master [2ms]
2022-11-17 23:59:07.726 [info] > git status -z -uall [8ms]
2022-11-17 23:59:07.727 [info] > git remote --verbose [23ms]
2022-11-17 23:59:07.727 [info] > git for-each-ref --sort -committerdate --format %(refname) %(objectname) %(*objectname) [45ms]
2022-11-17 23:59:07.729 [info] > git config --get commit.template [3ms]
2022-11-17 23:59:07.737 [info] > git for-each-ref --format=%(refname)%00%(upstream:short)%00%(objectname)%00%(upstream:track)%00%(upstream:remotename)%00%(upstream:remoteref) refs/heads/master refs/remotes/master [2ms]
2022-11-17 23:59:12.764 [info] > git status -z -uall [6ms]
2022-11-17 23:59:12.765 [info] > git remote --verbose [12ms]
2022-11-17 23:59:12.765 [info] > git for-each-ref --sort -committerdate --format %(refname) %(objectname) %(*objectname) [18ms]
2022-11-17 23:59:12.766 [info] > git config --get commit.template [1ms]
2022-11-17 23:59:12.773 [info] > git for-each-ref --format=%(refname)%00%(upstream:short)%00%(objectname)%00%(upstream:track)%00%(upstream:remotename)%00%(upstream:remoteref) refs/heads/master refs/remotes/master [1ms]
2022-11-17 23:59:18.318 [info] > git status -z -uall [13ms]
2022-11-17 23:59:18.318 [info] > git remote --verbose [30ms]
2022-11-17 23:59:18.318 [info] > git for-each-ref --sort -committerdate --format %(refname) %(objectname) %(*objectname) [61ms]
2022-11-17 23:59:18.320 [info] > git config --get commit.template [5ms]
2022-11-17 23:59:18.328 [info] > git for-each-ref --format=%(refname)%00%(upstream:short)%00%(objectname)%00%(upstream:track)%00%(upstream:remotename)%00%(upstream:remoteref) refs/heads/master refs/remotes/master [1ms]
2022-11-17 23:59:23.368 [info] > git status -z -uall [12ms]
2022-11-17 23:59:23.369 [info] > git remote --verbose [18ms]
2022-11-17 23:59:23.369 [info] > git for-each-ref --sort -committerdate --format %(refname) %(objectname) %(*objectname) [28ms]
2022-11-17 23:59:23.370 [info] > git config --get commit.template [5ms]
2022-11-17 23:59:23.382 [info] > git for-each-ref --format=%(refname)%00%(upstream:short)%00%(objectname)%00%(upstream:track)%00%(upstream:remotename)%00%(upstream:remoteref) refs/heads/master refs/remotes/master [3ms]
2022-11-17 23:59:28.408 [info] > git status -z -uall [7ms]
2022-11-17 23:59:28.409 [info] > git remote --verbose [12ms]
2022-11-17 23:59:28.409 [info] > git for-each-ref --sort -committerdate --format %(refname) %(objectname) %(*objectname) [18ms]
2022-11-17 23:59:28.410 [info] > git config --get commit.template [2ms]
2022-11-17 23:59:28.418 [info] > git for-each-ref --format=%(refname)%00%(upstream:short)%00%(objectname)%00%(upstream:track)%00%(upstream:remotename)%00%(upstream:remoteref) refs/heads/master refs/remotes/master [2ms]
2022-11-18 00:02:13.237 [info] > git status -z -uall [8ms]
2022-11-18 00:02:13.238 [info] > git remote --verbose [14ms]
2022-11-18 00:02:13.238 [info] > git for-each-ref --sort -committerdate --format %(refname) %(objectname) %(*objectname) [21ms]
2022-11-18 00:02:13.239 [info] > git config --get commit.template [2ms]
2022-11-18 00:02:13.247 [info] > git for-each-ref --format=%(refname)%00%(upstream:short)%00%(objectname)%00%(upstream:track)%00%(upstream:remotename)%00%(upstream:remoteref) refs/heads/master refs/remotes/master [2ms]
2022-11-18 00:02:18.277 [info] > git status -z -uall [7ms]
2022-11-18 00:02:18.277 [info] > git remote --verbose [13ms]
2022-11-18 00:02:18.278 [info] > git for-each-ref --sort -committerdate --format %(refname) %(objectname) %(*objectname) [19ms]
2022-11-18 00:02:18.278 [info] > git config --get commit.template [2ms]
2022-11-18 00:02:18.286 [info] > git for-each-ref --format=%(refname)%00%(upstream:short)%00%(objectname)%00%(upstream:track)%00%(upstream:remotename)%00%(upstream:remoteref) refs/heads/master refs/remotes/master [2ms]
2022-11-18 00:02:35.921 [info] > git status -z -uall [10ms]
2022-11-18 00:02:35.921 [info] > git remote --verbose [29ms]
2022-11-18 00:02:35.922 [info] > git for-each-ref --sort -committerdate --format %(refname) %(objectname) %(*objectname) [47ms]
2022-11-18 00:02:35.923 [info] > git config --get commit.template [2ms]
2022-11-18 00:02:35.931 [info] > git for-each-ref --format=%(refname)%00%(upstream:short)%00%(objectname)%00%(upstream:track)%00%(upstream:remotename)%00%(upstream:remoteref) refs/heads/master refs/remotes/master [2ms]
2022-11-18 00:10:13.590 [info] > git status -z -uall [9ms]
2022-11-18 00:10:13.591 [info] > git remote --verbose [21ms]
2022-11-18 00:10:13.591 [info] > git for-each-ref --sort -committerdate --format %(refname) %(objectname) %(*objectname) [40ms]
2022-11-18 00:10:13.592 [info] > git config --get commit.template [2ms]
2022-11-18 00:10:13.602 [info] > git for-each-ref --format=%(refname)%00%(upstream:short)%00%(objectname)%00%(upstream:track)%00%(upstream:remotename)%00%(upstream:remoteref) refs/heads/master refs/remotes/master [1ms]
2022-11-18 00:10:18.660 [info] > git status -z -uall [10ms]
2022-11-18 00:10:18.660 [info] > git remote --verbose [22ms]
2022-11-18 00:10:18.661 [info] > git for-each-ref --sort -committerdate --format %(refname) %(objectname) %(*objectname) [39ms]
2022-11-18 00:10:18.661 [info] > git config --get commit.template [2ms]
2022-11-18 00:10:18.669 [info] > git for-each-ref --format=%(refname)%00%(upstream:short)%00%(objectname)%00%(upstream:track)%00%(upstream:remotename)%00%(upstream:remoteref) refs/heads/master refs/remotes/master [1ms]
2022-11-18 00:10:25.640 [info] > git status -z -uall [10ms]
2022-11-18 00:10:25.641 [info] > git remote --verbose [19ms]
2022-11-18 00:10:25.641 [info] > git for-each-ref --sort -committerdate --format %(refname) %(objectname) %(*objectname) [37ms]
2022-11-18 00:10:25.642 [info] > git config --get commit.template [2ms]
2022-11-18 00:10:25.649 [info] > git for-each-ref --format=%(refname)%00%(upstream:short)%00%(objectname)%00%(upstream:track)%00%(upstream:remotename)%00%(upstream:remoteref) refs/heads/master refs/remotes/master [2ms]
2022-11-18 00:10:30.751 [info] > git status -z -uall [18ms]
2022-11-18 00:10:30.752 [info] > git remote --verbose [43ms]
2022-11-18 00:10:30.753 [info] > git for-each-ref --sort -committerdate --format %(refname) %(objectname) %(*objectname) [73ms]
2022-11-18 00:10:30.754 [info] > git config --get commit.template [5ms]
2022-11-18 00:10:30.766 [info] > git for-each-ref --format=%(refname)%00%(upstream:short)%00%(objectname)%00%(upstream:track)%00%(upstream:remotename)%00%(upstream:remoteref) refs/heads/master refs/remotes/master [2ms]
2022-11-18 00:10:36.681 [info] > git status -z -uall [9ms]
2022-11-18 00:10:36.682 [info] > git remote --verbose [18ms]
2022-11-18 00:10:36.682 [info] > git for-each-ref --sort -committerdate --format %(refname) %(objectname) %(*objectname) [31ms]
2022-11-18 00:10:36.683 [info] > git config --get commit.template [2ms]
2022-11-18 00:10:36.692 [info] > git for-each-ref --format=%(refname)%00%(upstream:short)%00%(objectname)%00%(upstream:track)%00%(upstream:remotename)%00%(upstream:remoteref) refs/heads/master refs/remotes/master [2ms]
2022-11-18 00:10:41.720 [info] > git status -z -uall [7ms]
2022-11-18 00:10:41.721 [info] > git remote --verbose [13ms]
2022-11-18 00:10:41.721 [info] > git for-each-ref --sort -committerdate --format %(refname) %(objectname) %(*objectname) [20ms]
2022-11-18 00:10:41.722 [info] > git config --get commit.template [2ms]
2022-11-18 00:10:41.730 [info] > git for-each-ref --format=%(refname)%00%(upstream:short)%00%(objectname)%00%(upstream:track)%00%(upstream:remotename)%00%(upstream:remoteref) refs/heads/master refs/remotes/master [1ms]
2022-11-18 00:10:52.877 [info] > git status -z -uall [10ms]
2022-11-18 00:10:52.878 [info] > git remote --verbose [24ms]
2022-11-18 00:10:52.878 [info] > git for-each-ref --sort -committerdate --format %(refname) %(objectname) %(*objectname) [44ms]
2022-11-18 00:10:52.879 [info] > git config --get commit.template [3ms]
2022-11-18 00:10:52.888 [info] > git for-each-ref --format=%(refname)%00%(upstream:short)%00%(objectname)%00%(upstream:track)%00%(upstream:remotename)%00%(upstream:remoteref) refs/heads/master refs/remotes/master [1ms]
2022-11-18 00:10:57.951 [info] > git status -z -uall [8ms]
2022-11-18 00:10:57.951 [info] > git remote --verbose [19ms]
2022-11-18 00:10:57.952 [info] > git for-each-ref --sort -committerdate --format %(refname) %(objectname) %(*objectname) [36ms]
2022-11-18 00:10:57.952 [info] > git config --get commit.template [2ms]
2022-11-18 00:10:57.961 [info] > git for-each-ref --format=%(refname)%00%(upstream:short)%00%(objectname)%00%(upstream:track)%00%(upstream:remotename)%00%(upstream:remoteref) refs/heads/master refs/remotes/master [2ms]
2022-11-18 00:11:05.582 [info] > git status -z -uall [12ms]
2022-11-18 00:11:05.583 [info] > git remote --verbose [23ms]
2022-11-18 00:11:05.583 [info] > git for-each-ref --sort -committerdate --format %(refname) %(objectname) %(*objectname) [41ms]
2022-11-18 00:11:05.585 [info] > git config --get commit.template [3ms]
2022-11-18 00:11:05.596 [info] > git for-each-ref --format=%(refname)%00%(upstream:short)%00%(objectname)%00%(upstream:track)%00%(upstream:remotename)%00%(upstream:remoteref) refs/heads/master refs/remotes/master [3ms]
2022-11-18 00:12:14.409 [info] > git status -z -uall [9ms]
2022-11-18 00:12:14.410 [info] > git remote --verbose [16ms]
2022-11-18 00:12:14.410 [info] > git for-each-ref --sort -committerdate --format %(refname) %(objectname) %(*objectname) [23ms]
2022-11-18 00:12:14.411 [info] > git config --get commit.template [3ms]
2022-11-18 00:12:14.422 [info] > git for-each-ref --format=%(refname)%00%(upstream:short)%00%(objectname)%00%(upstream:track)%00%(upstream:remotename)%00%(upstream:remoteref) refs/heads/master refs/remotes/master [2ms]
2022-11-18 00:12:19.494 [info] > git status -z -uall [10ms]
2022-11-18 00:12:19.494 [info] > git remote --verbose [23ms]
2022-11-18 00:12:19.495 [info] > git for-each-ref --sort -committerdate --format %(refname) %(objectname) %(*objectname) [44ms]
2022-11-18 00:12:19.497 [info] > git config --get commit.template [3ms]
2022-11-18 00:12:19.505 [info] > git for-each-ref --format=%(refname)%00%(upstream:short)%00%(objectname)%00%(upstream:track)%00%(upstream:remotename)%00%(upstream:remoteref) refs/heads/master refs/remotes/master [1ms]
2022-11-18 00:12:24.576 [info] > git status -z -uall [8ms]
2022-11-18 00:12:24.576 [info] > git remote --verbose [18ms]
2022-11-18 00:12:24.577 [info] > git for-each-ref --sort -committerdate --format %(refname) %(objectname) %(*objectname) [41ms]
2022-11-18 00:12:24.577 [info] > git config --get commit.template [2ms]
2022-11-18 00:12:24.585 [info] > git for-each-ref --format=%(refname)%00%(upstream:short)%00%(objectname)%00%(upstream:track)%00%(upstream:remotename)%00%(upstream:remoteref) refs/heads/master refs/remotes/master [2ms]
2022-11-18 00:12:29.664 [info] > git status -z -uall [11ms]
2022-11-18 00:12:29.665 [info] > git remote --verbose [25ms]
2022-11-18 00:12:29.665 [info] > git for-each-ref --sort -committerdate --format %(refname) %(objectname) %(*objectname) [51ms]
2022-11-18 00:12:29.666 [info] > git config --get commit.template [4ms]
2022-11-18 00:12:29.676 [info] > git for-each-ref --format=%(refname)%00%(upstream:short)%00%(objectname)%00%(upstream:track)%00%(upstream:remotename)%00%(upstream:remoteref) refs/heads/master refs/remotes/master [2ms]
2022-11-18 00:12:34.744 [info] > git status -z -uall [13ms]
2022-11-18 00:12:34.745 [info] > git remote --verbose [30ms]
2022-11-18 00:12:34.745 [info] > git for-each-ref --sort -committerdate --format %(refname) %(objectname) %(*objectname) [48ms]
2022-11-18 00:12:34.746 [info] > git config --get commit.template [3ms]
2022-11-18 00:12:34.755 [info] > git for-each-ref --format=%(refname)%00%(upstream:short)%00%(objectname)%00%(upstream:track)%00%(upstream:remotename)%00%(upstream:remoteref) refs/heads/master refs/remotes/master [2ms]
2022-11-18 00:12:45.183 [info] > git status -z -uall [26ms]
2022-11-18 00:12:45.186 [info] > git remote --verbose [50ms]
2022-11-18 00:12:45.187 [info] > git for-each-ref --sort -committerdate --format %(refname) %(objectname) %(*objectname) [75ms]
2022-11-18 00:12:45.190 [info] > git config --get commit.template [9ms]
2022-11-18 00:12:45.207 [info] > git for-each-ref --format=%(refname)%00%(upstream:short)%00%(objectname)%00%(upstream:track)%00%(upstream:remotename)%00%(upstream:remoteref) refs/heads/master refs/remotes/master [2ms]
2022-11-18 00:13:26.391 [info] > git status -z -uall [9ms]
2022-11-18 00:13:26.392 [info] > git remote --verbose [16ms]
2022-11-18 00:13:26.392 [info] > git for-each-ref --sort -committerdate --format %(refname) %(objectname) %(*objectname) [24ms]
2022-11-18 00:13:26.393 [info] > git config --get commit.template [2ms]
2022-11-18 00:13:26.403 [info] > git for-each-ref --format=%(refname)%00%(upstream:short)%00%(objectname)%00%(upstream:track)%00%(upstream:remotename)%00%(upstream:remoteref) refs/heads/master refs/remotes/master [2ms]
2022-11-18 00:16:44.284 [info] > git status -z -uall [10ms]
2022-11-18 00:16:44.284 [info] > git remote --verbose [23ms]
2022-11-18 00:16:44.285 [info] > git for-each-ref --sort -committerdate --format %(refname) %(objectname) %(*objectname) [43ms]
2022-11-18 00:16:44.286 [info] > git config --get commit.template [3ms]
2022-11-18 00:16:44.295 [info] > git for-each-ref --format=%(refname)%00%(upstream:short)%00%(objectname)%00%(upstream:track)%00%(upstream:remotename)%00%(upstream:remoteref) refs/heads/master refs/remotes/master [1ms]
2022-11-18 00:16:49.392 [info] > git status -z -uall [16ms]
2022-11-18 00:16:49.393 [info] > git remote --verbose [33ms]
2022-11-18 00:16:49.393 [info] > git for-each-ref --sort -committerdate --format %(refname) %(objectname) %(*objectname) [63ms]
2022-11-18 00:16:49.394 [info] > git config --get commit.template [4ms]
2022-11-18 00:16:49.406 [info] > git for-each-ref --format=%(refname)%00%(upstream:short)%00%(objectname)%00%(upstream:track)%00%(upstream:remotename)%00%(upstream:remoteref) refs/heads/master refs/remotes/master [1ms]
2022-11-18 00:16:59.527 [info] > git status -z -uall [7ms]
2022-11-18 00:16:59.528 [info] > git remote --verbose [19ms]
2022-11-18 00:16:59.528 [info] > git for-each-ref --sort -committerdate --format %(refname) %(objectname) %(*objectname) [35ms]
2022-11-18 00:16:59.529 [info] > git config --get commit.template [3ms]
2022-11-18 00:16:59.540 [info] > git for-each-ref --format=%(refname)%00%(upstream:short)%00%(objectname)%00%(upstream:track)%00%(upstream:remotename)%00%(upstream:remoteref) refs/heads/master refs/remotes/master [1ms]
2022-11-18 00:17:07.325 [info] > git status -z -uall [11ms]
2022-11-18 00:17:07.326 [info] > git remote --verbose [25ms]
2022-11-18 00:17:07.326 [info] > git for-each-ref --sort -committerdate --format %(refname) %(objectname) %(*objectname) [44ms]
2022-11-18 00:17:07.327 [info] > git config --get commit.template [2ms]
2022-11-18 00:17:07.336 [info] > git for-each-ref --format=%(refname)%00%(upstream:short)%00%(objectname)%00%(upstream:track)%00%(upstream:remotename)%00%(upstream:remoteref) refs/heads/master refs/remotes/master [1ms]
2022-11-18 00:17:14.886 [info] > git status -z -uall [10ms]
2022-11-18 00:17:14.887 [info] > git remote --verbose [24ms]
2022-11-18 00:17:14.887 [info] > git for-each-ref --sort -committerdate --format %(refname) %(objectname) %(*objectname) [44ms]
2022-11-18 00:17:14.888 [info] > git config --get commit.template [2ms]
2022-11-18 00:17:14.897 [info] > git for-each-ref --format=%(refname)%00%(upstream:short)%00%(objectname)%00%(upstream:track)%00%(upstream:remotename)%00%(upstream:remoteref) refs/heads/master refs/remotes/master [2ms]
2022-11-18 00:17:36.748 [info] > git status -z -uall [13ms]
2022-11-18 00:17:36.749 [info] > git remote --verbose [29ms]
2022-11-18 00:17:36.749 [info] > git for-each-ref --sort -committerdate --format %(refname) %(objectname) %(*objectname) [47ms]
2022-11-18 00:17:36.750 [info] > git config --get commit.template [3ms]
2022-11-18 00:17:36.759 [info] > git for-each-ref --format=%(refname)%00%(upstream:short)%00%(objectname)%00%(upstream:track)%00%(upstream:remotename)%00%(upstream:remoteref) refs/heads/master refs/remotes/master [2ms]
2022-11-18 00:21:41.936 [info] > git status -z -uall [7ms]
2022-11-18 00:21:41.937 [info] > git remote --verbose [15ms]
2022-11-18 00:21:41.938 [info] > git for-each-ref --sort -committerdate --format %(refname) %(objectname) %(*objectname) [21ms]
2022-11-18 00:21:41.938 [info] > git config --get commit.template [2ms]
2022-11-18 00:21:41.948 [info] > git for-each-ref --format=%(refname)%00%(upstream:short)%00%(objectname)%00%(upstream:track)%00%(upstream:remotename)%00%(upstream:remoteref) refs/heads/master refs/remotes/master [1ms]
2022-11-18 00:21:49.437 [info] > git show --textconv :index.html [10ms]
2022-11-18 00:21:49.439 [info] > git ls-files --stage -- /home/yunis/phase-0-html-tables-lab/index.html [1ms]
2022-11-18 00:21:49.449 [info] > git cat-file -s 9027f1a70efa1cc6169a97eac66cad26550b7a82 [3ms]
2022-11-18 00:21:49.766 [info] > git check-ignore -v -z --stdin [11ms]
