2022-11-18 00:22:19.613 [info] Extension host with pid 4585 started
2022-11-18 00:22:19.723 [info] ExtensionService#_doActivateExtension vscode.html-language-features, startup: false, activationEvent: 'onLanguage:html'
2022-11-18 00:22:19.724 [info] ExtensionService#_doActivateExtension vscode.microsoft-authentication, startup: false, activationEvent: 'onAuthenticationRequest:microsoft'
2022-11-18 00:22:19.724 [info] ExtensionService#_doActivateExtension vscode.git-base, startup: true, activationEvent: '*', root cause: vscode.git
2022-11-18 00:22:20.182 [info] ExtensionService#_doActivateExtension vscode.git, startup: true, activationEvent: '*'
2022-11-18 00:22:20.184 [info] ExtensionService#_doActivateExtension vscode.github, startup: true, activationEvent: '*'
2022-11-18 00:22:20.413 [info] Eager extensions activated
2022-11-18 00:22:20.528 [info] ExtensionService#_doActivateExtension vscode.debug-auto-launch, startup: false, activationEvent: 'onStartupFinished'
2022-11-18 00:22:20.529 [info] ExtensionService#_doActivateExtension vscode.emmet, startup: false, activationEvent: 'onStartupFinished'
2022-11-18 00:22:20.529 [info] ExtensionService#_doActivateExtension vscode.merge-conflict, startup: false, activationEvent: 'onStartupFinished'
2022-11-18 00:22:20.529 [info] ExtensionService#_doActivateExtension vscode.npm, startup: false, activationEvent: 'onStartupFinished', root cause: esbenp.prettier-vscode
2022-11-18 00:22:20.530 [info] ExtensionService#_doActivateExtension ritwickdey.LiveServer, startup: false, activationEvent: 'onStartupFinished'
2022-11-18 00:22:20.530 [info] ExtensionService#_doActivateExtension vscode.github-authentication, startup: false, activationEvent: 'onAuthenticationRequest:github'
2022-11-18 00:22:20.749 [info] ExtensionService#_doActivateExtension esbenp.prettier-vscode, startup: false, activationEvent: 'onStartupFinished'
2022-11-18 00:22:24.505 [info] ExtensionService#_doActivateExtension vscode.configuration-editing, startup: false, activationEvent: 'onLanguage:jsonc'
2022-11-18 00:22:24.505 [info] ExtensionService#_doActivateExtension vscode.json-language-features, startup: false, activationEvent: 'onLanguage:jsonc'
2022-11-18 00:22:24.505 [info] ExtensionService#_doActivateExtension vscode.typescript-language-features, startup: false, activationEvent: 'onLanguage:jsonc'
2022-11-18 00:51:31.298 [error] [vscode.emmet] provider FAILED
2022-11-18 00:51:31.299 [error] Error: Unable to find matching pair for < at char 569
	at r.error (/usr/share/code/resources/app/extensions/emmet/dist/node/emmetNodeMain.js:1:22607)
	at f (/usr/share/code/resources/app/extensions/emmet/dist/node/emmetNodeMain.js:1:21837)
	at u (/usr/share/code/resources/app/extensions/emmet/dist/node/emmetNodeMain.js:1:14498)
	at l (/usr/share/code/resources/app/extensions/emmet/dist/node/emmetNodeMain.js:1:14611)
	at /usr/share/code/resources/app/extensions/emmet/dist/node/emmetNodeMain.js:1:15226
	at m (/usr/share/code/resources/app/extensions/emmet/dist/node/emmetNodeMain.js:1:15333)
	at C (/usr/share/code/resources/app/extensions/emmet/dist/node/emmetNodeMain.js:1:16251)
	at _ (/usr/share/code/resources/app/extensions/emmet/dist/node/emmetNodeMain.js:1:16661)
	at t.getRootNode (/usr/share/code/resources/app/extensions/emmet/dist/node/emmetNodeMain.js:1:201832)
	at t.DefaultCompletionItemProvider.provideCompletionItemsInternal (/usr/share/code/resources/app/extensions/emmet/dist/node/emmetNodeMain.js:1:186939)
	at t.DefaultCompletionItemProvider.provideCompletionItems (/usr/share/code/resources/app/extensions/emmet/dist/node/emmetNodeMain.js:1:185715)
	at K.provideCompletionItems (/usr/share/code/resources/app/out/vs/workbench/api/node/extensionHostProcess.js:94:51930)
	at /usr/share/code/resources/app/out/vs/workbench/api/node/extensionHostProcess.js:94:77224
	at ne._withAdapter (/usr/share/code/resources/app/out/vs/workbench/api/node/extensionHostProcess.js:94:67325)
	at ne.$provideCompletionItems (/usr/share/code/resources/app/out/vs/workbench/api/node/extensionHostProcess.js:94:77200)
	at l._doInvokeHandler (/usr/share/code/resources/app/out/vs/workbench/api/node/extensionHostProcess.js:102:13680)
	at l._invokeHandler (/usr/share/code/resources/app/out/vs/workbench/api/node/extensionHostProcess.js:102:13362)
	at l._receiveRequest (/usr/share/code/resources/app/out/vs/workbench/api/node/extensionHostProcess.js:102:12081)
	at l._receiveOneMessage (/usr/share/code/resources/app/out/vs/workbench/api/node/extensionHostProcess.js:102:10834)
	at /usr/share/code/resources/app/out/vs/workbench/api/node/extensionHostProcess.js:102:8941
	at h.invoke (/usr/share/code/resources/app/out/vs/workbench/api/node/extensionHostProcess.js:61:145)
	at v.deliver (/usr/share/code/resources/app/out/vs/workbench/api/node/extensionHostProcess.js:61:2266)
	at g.fire (/usr/share/code/resources/app/out/vs/workbench/api/node/extensionHostProcess.js:61:1844)
	at r.fire (/usr/share/code/resources/app/out/vs/workbench/api/node/extensionHostProcess.js:70:16515)
	at /usr/share/code/resources/app/out/vs/workbench/api/node/extensionHostProcess.js:118:17104
	at h.invoke (/usr/share/code/resources/app/out/vs/workbench/api/node/extensionHostProcess.js:61:145)
	at v.deliver (/usr/share/code/resources/app/out/vs/workbench/api/node/extensionHostProcess.js:61:2266)
	at g.fire (/usr/share/code/resources/app/out/vs/workbench/api/node/extensionHostProcess.js:61:1844)
	at r.fire (/usr/share/code/resources/app/out/vs/workbench/api/node/extensionHostProcess.js:70:16515)
	at o._receiveMessage (/usr/share/code/resources/app/out/vs/workbench/api/node/extensionHostProcess.js:70:21327)
	at /usr/share/code/resources/app/out/vs/workbench/api/node/extensionHostProcess.js:70:18770
	at h.invoke (/usr/share/code/resources/app/out/vs/workbench/api/node/extensionHostProcess.js:61:145)
	at v.deliver (/usr/share/code/resources/app/out/vs/workbench/api/node/extensionHostProcess.js:61:2266)
	at g.fire (/usr/share/code/resources/app/out/vs/workbench/api/node/extensionHostProcess.js:61:1844)
	at g.acceptChunk (/usr/share/code/resources/app/out/vs/workbench/api/node/extensionHostProcess.js:70:13346)
	at /usr/share/code/resources/app/out/vs/workbench/api/node/extensionHostProcess.js:70:12476
	at Socket.i (/usr/share/code/resources/app/out/vs/workbench/api/node/extensionHostProcess.js:70:24594)
	at Socket.emit (node:events:526:28)
	at addChunk (node:internal/streams/readable:315:12)
	at readableAddChunk (node:internal/streams/readable:289:9)
	at Readable.push (node:internal/streams/readable:228:10)
	at Pipe.onStreamRead (node:internal/stream_base_commons:190:23)
