2023-03-02 12:07:00.609 [info] Validating found git in: git
2023-03-02 12:07:00.609 [info] Using git 2.38.1 from git
2023-03-02 12:07:00.609 [info] > git rev-parse --show-toplevel [5ms]
2023-03-02 12:07:00.611 [info] > git rev-parse --git-dir --git-common-dir [99ms]
2023-03-02 12:07:00.619 [info] Log level: Info
2023-03-02 12:07:00.619 [info] Open repository: /home/yunis/phase-0-html-experiencing-html-lab
2023-03-02 12:07:00.690 [info] > git status -z -uall [55ms]
2023-03-02 12:07:00.691 [info] > git rev-parse --show-toplevel [44ms]
2023-03-02 12:07:00.698 [info] > git remote --verbose [68ms]
2023-03-02 12:07:00.700 [info] > git for-each-ref --sort -committerdate --format %(refname) %(objectname) %(*objectname) [75ms]
2023-03-02 12:07:00.702 [info] > git rev-parse --show-toplevel [6ms]
2023-03-02 12:07:00.712 [info] > git config --get commit.template [23ms]
2023-03-02 12:07:00.730 [info] > git rev-parse --git-dir --git-common-dir [18ms]
2023-03-02 12:07:00.735 [info] Log level: Info
2023-03-02 12:07:00.735 [info] Open repository: /home/yunis/phase-0-html-experiencing-html-lab/phase-0-html-experiencing-html-lab
2023-03-02 12:07:00.795 [info] > git status -z -uall [33ms]
2023-03-02 12:07:00.796 [info] > git rev-parse --show-toplevel [23ms]
2023-03-02 12:07:00.798 [info] > git remote --verbose [43ms]
2023-03-02 12:07:00.798 [info] > git for-each-ref --sort -committerdate --format %(refname) %(objectname) %(*objectname) [55ms]
2023-03-02 12:07:00.800 [info] > git config --get commit.template [13ms]
2023-03-02 12:07:00.801 [info] > git for-each-ref --format=%(refname)%00%(upstream:short)%00%(objectname)%00%(upstream:track)%00%(upstream:remotename)%00%(upstream:remoteref) refs/heads/master refs/remotes/master [22ms]
2023-03-02 12:07:00.830 [info] > git status -z -uall [10ms]
2023-03-02 12:07:00.830 [info] > git remote --verbose [15ms]
2023-03-02 12:07:00.831 [info] > git for-each-ref --sort -committerdate --format %(refname) %(objectname) %(*objectname) [19ms]
2023-03-02 12:07:00.842 [info] > git config --get commit.template [14ms]
2023-03-02 12:07:00.843 [info] > git for-each-ref --format=%(refname)%00%(upstream:short)%00%(objectname)%00%(upstream:track)%00%(upstream:remotename)%00%(upstream:remoteref) refs/heads/master refs/remotes/master [8ms]
2023-03-02 12:07:00.877 [info] > git status -z -uall [12ms]
2023-03-02 12:07:00.878 [info] > git remote --verbose [17ms]
2023-03-02 12:07:00.878 [info] > git for-each-ref --sort -committerdate --format %(refname) %(objectname) %(*objectname) [24ms]
2023-03-02 12:07:00.879 [info] > git config --get commit.template [3ms]
2023-03-02 12:07:00.879 [info] > git for-each-ref --format=%(refname)%00%(upstream:short)%00%(objectname)%00%(upstream:track)%00%(upstream:remotename)%00%(upstream:remoteref) refs/heads/master refs/remotes/master [7ms]
2023-03-02 12:07:00.889 [info] > git for-each-ref --format=%(refname)%00%(upstream:short)%00%(objectname)%00%(upstream:track)%00%(upstream:remotename)%00%(upstream:remoteref) refs/heads/master refs/remotes/master [2ms]
2023-03-02 12:07:01.359 [info] > git check-ignore -v -z --stdin [40ms]
2023-03-02 12:07:01.368 [info] > git check-ignore -v -z --stdin [16ms]
2023-03-02 12:08:15.546 [info] > git show --textconv :my_list.txt [7ms]
2023-03-02 12:08:15.549 [info] > git ls-files --stage -- /home/yunis/phase-0-html-experiencing-html-lab/my_list.txt [3ms]
2023-03-02 12:08:15.557 [info] > git cat-file -s befd03190cb50575ecb91caed6244345c3cf9a70 [2ms]
2023-03-02 12:08:28.386 [info] > git status -z -uall [8ms]
2023-03-02 12:08:28.386 [info] > git remote --verbose [16ms]
2023-03-02 12:08:28.387 [info] > git for-each-ref --sort -committerdate --format %(refname) %(objectname) %(*objectname) [28ms]
2023-03-02 12:08:28.388 [info] > git config --get commit.template [4ms]
2023-03-02 12:08:28.397 [info] > git for-each-ref --format=%(refname)%00%(upstream:short)%00%(objectname)%00%(upstream:track)%00%(upstream:remotename)%00%(upstream:remoteref) refs/heads/master refs/remotes/master [2ms]
2023-03-02 12:08:33.462 [info] > git status -z -uall [8ms]
2023-03-02 12:08:33.463 [info] > git remote --verbose [22ms]
2023-03-02 12:08:33.463 [info] > git for-each-ref --sort -committerdate --format %(refname) %(objectname) %(*objectname) [41ms]
2023-03-02 12:08:33.465 [info] > git config --get commit.template [4ms]
2023-03-02 12:08:33.474 [info] > git for-each-ref --format=%(refname)%00%(upstream:short)%00%(objectname)%00%(upstream:track)%00%(upstream:remotename)%00%(upstream:remoteref) refs/heads/master refs/remotes/master [2ms]
2023-03-02 12:08:38.519 [info] > git status -z -uall [22ms]
2023-03-02 12:08:38.519 [info] > git show --textconv :my_list.html [8ms]
2023-03-02 12:08:38.520 [info] > git remote --verbose [28ms]
2023-03-02 12:08:38.521 [info] > git for-each-ref --sort -committerdate --format %(refname) %(objectname) %(*objectname) [37ms]
2023-03-02 12:08:38.523 [info] > git config --get commit.template [19ms]
2023-03-02 12:08:38.524 [info] > git ls-files --stage -- /home/yunis/phase-0-html-experiencing-html-lab/my_list.html [6ms]
2023-03-02 12:08:38.540 [info] > git cat-file -s 4453c65ab52d8ae1ecf7ea18bdbe63121a7eceef [9ms]
2023-03-02 12:08:38.542 [info] > git for-each-ref --format=%(refname)%00%(upstream:short)%00%(objectname)%00%(upstream:track)%00%(upstream:remotename)%00%(upstream:remoteref) refs/heads/master refs/remotes/master [4ms]
2023-03-02 12:10:55.256 [info] > git show --textconv :my_list.txt [22ms]
2023-03-02 12:10:55.261 [info] > git ls-files --stage -- /home/yunis/phase-0-html-experiencing-html-lab/my_list.txt [6ms]
2023-03-02 12:10:55.279 [info] > git cat-file -s befd03190cb50575ecb91caed6244345c3cf9a70 [5ms]
2023-03-02 12:10:57.328 [info] > git show --textconv :my_list.html [8ms]
2023-03-02 12:10:57.331 [info] > git ls-files --stage -- /home/yunis/phase-0-html-experiencing-html-lab/my_list.html [3ms]
2023-03-02 12:10:57.340 [info] > git cat-file -s 4453c65ab52d8ae1ecf7ea18bdbe63121a7eceef [2ms]
2023-03-02 12:13:54.627 [info] > git status -z -uall [12ms]
2023-03-02 12:13:54.629 [info] > git remote --verbose [30ms]
2023-03-02 12:13:54.630 [info] > git for-each-ref --sort -committerdate --format %(refname) %(objectname) %(*objectname) [47ms]
2023-03-02 12:13:54.633 [info] > git config --get commit.template [6ms]
2023-03-02 12:13:54.641 [info] > git for-each-ref --format=%(refname)%00%(upstream:short)%00%(objectname)%00%(upstream:track)%00%(upstream:remotename)%00%(upstream:remoteref) refs/heads/master refs/remotes/master [2ms]
2023-03-02 12:13:59.708 [info] > git status -z -uall [9ms]
2023-03-02 12:13:59.709 [info] > git remote --verbose [22ms]
2023-03-02 12:13:59.709 [info] > git for-each-ref --sort -committerdate --format %(refname) %(objectname) %(*objectname) [42ms]
2023-03-02 12:13:59.710 [info] > git config --get commit.template [3ms]
2023-03-02 12:13:59.718 [info] > git for-each-ref --format=%(refname)%00%(upstream:short)%00%(objectname)%00%(upstream:track)%00%(upstream:remotename)%00%(upstream:remoteref) refs/heads/master refs/remotes/master [2ms]
2023-03-02 12:16:07.847 [info] > git status -z -uall [10ms]
2023-03-02 12:16:07.848 [info] > git remote --verbose [24ms]
2023-03-02 12:16:07.849 [info] > git for-each-ref --sort -committerdate --format %(refname) %(objectname) %(*objectname) [41ms]
2023-03-02 12:16:07.851 [info] > git config --get commit.template [5ms]
2023-03-02 12:16:07.860 [info] > git for-each-ref --format=%(refname)%00%(upstream:short)%00%(objectname)%00%(upstream:track)%00%(upstream:remotename)%00%(upstream:remoteref) refs/heads/master refs/remotes/master [2ms]
2023-03-02 12:16:13.211 [info] > git status -z -uall [11ms]
2023-03-02 12:16:13.212 [info] > git remote --verbose [20ms]
2023-03-02 12:16:13.212 [info] > git for-each-ref --sort -committerdate --format %(refname) %(objectname) %(*objectname) [34ms]
2023-03-02 12:16:13.214 [info] > git config --get commit.template [7ms]
2023-03-02 12:16:13.225 [info] > git for-each-ref --format=%(refname)%00%(upstream:short)%00%(objectname)%00%(upstream:track)%00%(upstream:remotename)%00%(upstream:remoteref) refs/heads/master refs/remotes/master [2ms]
2023-03-02 12:16:19.785 [info] > git status -z -uall [7ms]
2023-03-02 12:16:19.786 [info] > git remote --verbose [15ms]
2023-03-02 12:16:19.786 [info] > git for-each-ref --sort -committerdate --format %(refname) %(objectname) %(*objectname) [31ms]
2023-03-02 12:16:19.787 [info] > git config --get commit.template [3ms]
2023-03-02 12:16:19.795 [info] > git for-each-ref --format=%(refname)%00%(upstream:short)%00%(objectname)%00%(upstream:track)%00%(upstream:remotename)%00%(upstream:remoteref) refs/heads/master refs/remotes/master [2ms]
2023-03-02 12:16:24.895 [info] > git status -z -uall [29ms]
2023-03-02 12:16:24.897 [info] > git remote --verbose [54ms]
2023-03-02 12:16:24.898 [info] > git for-each-ref --sort -committerdate --format %(refname) %(objectname) %(*objectname) [78ms]
2023-03-02 12:16:24.902 [info] > git config --get commit.template [9ms]
2023-03-02 12:16:24.936 [info] > git for-each-ref --format=%(refname)%00%(upstream:short)%00%(objectname)%00%(upstream:track)%00%(upstream:remotename)%00%(upstream:remoteref) refs/heads/master refs/remotes/master [8ms]
2023-03-02 12:16:33.009 [info] > git status -z -uall [7ms]
2023-03-02 12:16:33.009 [info] > git remote --verbose [13ms]
2023-03-02 12:16:33.010 [info] > git for-each-ref --sort -committerdate --format %(refname) %(objectname) %(*objectname) [19ms]
2023-03-02 12:16:33.012 [info] > git config --get commit.template [4ms]
2023-03-02 12:16:33.020 [info] > git for-each-ref --format=%(refname)%00%(upstream:short)%00%(objectname)%00%(upstream:track)%00%(upstream:remotename)%00%(upstream:remoteref) refs/heads/master refs/remotes/master [2ms]
2023-03-02 12:16:38.148 [info] > git status -z -uall [37ms]
2023-03-02 12:16:38.150 [info] > git remote --verbose [65ms]
2023-03-02 12:16:38.151 [info] > git for-each-ref --sort -committerdate --format %(refname) %(objectname) %(*objectname) [98ms]
2023-03-02 12:16:38.154 [info] > git config --get commit.template [13ms]
2023-03-02 12:16:38.176 [info] > git for-each-ref --format=%(refname)%00%(upstream:short)%00%(objectname)%00%(upstream:track)%00%(upstream:remotename)%00%(upstream:remoteref) refs/heads/master refs/remotes/master [5ms]
2023-03-02 12:20:56.459 [info] > git status -z -uall [10ms]
2023-03-02 12:20:56.460 [info] > git remote --verbose [23ms]
2023-03-02 12:20:56.461 [info] > git for-each-ref --sort -committerdate --format %(refname) %(objectname) %(*objectname) [43ms]
2023-03-02 12:20:56.462 [info] > git config --get commit.template [3ms]
2023-03-02 12:20:56.470 [info] > git for-each-ref --format=%(refname)%00%(upstream:short)%00%(objectname)%00%(upstream:track)%00%(upstream:remotename)%00%(upstream:remoteref) refs/heads/master refs/remotes/master [2ms]
2023-03-02 12:22:33.275 [info] > git status -z -uall [9ms]
2023-03-02 12:22:33.275 [info] > git remote --verbose [17ms]
2023-03-02 12:22:33.276 [info] > git for-each-ref --sort -committerdate --format %(refname) %(objectname) %(*objectname) [26ms]
2023-03-02 12:22:33.276 [info] > git config --get commit.template [2ms]
2023-03-02 12:22:33.285 [info] > git for-each-ref --format=%(refname)%00%(upstream:short)%00%(objectname)%00%(upstream:track)%00%(upstream:remotename)%00%(upstream:remoteref) refs/heads/master refs/remotes/master [1ms]
2023-03-02 12:22:45.094 [info] > git status -z -uall [11ms]
2023-03-02 12:22:45.095 [info] > git remote --verbose [26ms]
2023-03-02 12:22:45.095 [info] > git for-each-ref --sort -committerdate --format %(refname) %(objectname) %(*objectname) [42ms]
2023-03-02 12:22:45.096 [info] > git config --get commit.template [3ms]
2023-03-02 12:22:45.105 [info] > git for-each-ref --format=%(refname)%00%(upstream:short)%00%(objectname)%00%(upstream:track)%00%(upstream:remotename)%00%(upstream:remoteref) refs/heads/master refs/remotes/master [2ms]
2023-03-02 12:22:50.216 [info] > git status -z -uall [33ms]
2023-03-02 12:22:50.219 [info] > git remote --verbose [62ms]
2023-03-02 12:22:50.221 [info] > git for-each-ref --sort -committerdate --format %(refname) %(objectname) %(*objectname) [86ms]
2023-03-02 12:22:50.223 [info] > git config --get commit.template [9ms]
2023-03-02 12:22:50.246 [info] > git for-each-ref --format=%(refname)%00%(upstream:short)%00%(objectname)%00%(upstream:track)%00%(upstream:remotename)%00%(upstream:remoteref) refs/heads/master refs/remotes/master [5ms]
2023-03-02 12:23:50.361 [info] > git status -z -uall [9ms]
2023-03-02 12:23:50.362 [info] > git remote --verbose [16ms]
2023-03-02 12:23:50.362 [info] > git for-each-ref --sort -committerdate --format %(refname) %(objectname) %(*objectname) [29ms]
2023-03-02 12:23:50.363 [info] > git config --get commit.template [2ms]
2023-03-02 12:23:50.373 [info] > git for-each-ref --format=%(refname)%00%(upstream:short)%00%(objectname)%00%(upstream:track)%00%(upstream:remotename)%00%(upstream:remoteref) refs/heads/master refs/remotes/master [2ms]
2023-03-02 12:23:55.401 [info] > git status -z -uall [6ms]
2023-03-02 12:23:55.402 [info] > git remote --verbose [12ms]
2023-03-02 12:23:55.402 [info] > git for-each-ref --sort -committerdate --format %(refname) %(objectname) %(*objectname) [18ms]
2023-03-02 12:23:55.403 [info] > git config --get commit.template [2ms]
2023-03-02 12:23:55.411 [info] > git for-each-ref --format=%(refname)%00%(upstream:short)%00%(objectname)%00%(upstream:track)%00%(upstream:remotename)%00%(upstream:remoteref) refs/heads/master refs/remotes/master [2ms]
