2022-11-15 11:39:25.383 [info] Using settings sync service https://vscode-sync.trafficmanager.net/
2022-11-15 11:39:25.383 [info] Auto Sync is enabled.
2022-11-15 11:39:25.383 [info] Auto Sync: Suspended until auth token is available.
2022-11-15 11:39:25.828 [info] Auto Sync: Triggered by Interval
2022-11-15 11:39:25.828 [info] Sync started.
2022-11-15 12:06:44.122 [info] Request failed https://vscode-sync.trafficmanager.net/v1/manifest
2022-11-15 12:06:44.123 [error] RequestTimeout (UserDataSyncError) syncResource:unknown operationId:unknown: Connection refused for the request 'https://vscode-sync.trafficmanager.net/v1/manifest'.
    at E.request (vscode-file://vscode-app/usr/share/code/resources/app/out/vs/code/electron-browser/sharedProcess/sharedProcessMain.js:89:172574)
    at async E.manifest (vscode-file://vscode-app/usr/share/code/resources/app/out/vs/code/electron-browser/sharedProcess/sharedProcessMain.js:89:170304)
    at async a.createSyncTask (vscode-file://vscode-app/usr/share/code/resources/app/out/vs/code/electron-browser/sharedProcess/sharedProcessMain.js:89:137917)
    at async o.doSync (vscode-file://vscode-app/usr/share/code/resources/app/out/vs/code/electron-browser/sharedProcess/sharedProcessMain.js:89:97709)
2022-11-15 12:06:44.124 [error] RequestTimeout (UserDataSyncError) syncResource:unknown operationId:unknown: Connection refused for the request 'https://vscode-sync.trafficmanager.net/v1/manifest'.
    at E.request (vscode-file://vscode-app/usr/share/code/resources/app/out/vs/code/electron-browser/sharedProcess/sharedProcessMain.js:89:172574)
    at async E.manifest (vscode-file://vscode-app/usr/share/code/resources/app/out/vs/code/electron-browser/sharedProcess/sharedProcessMain.js:89:170304)
    at async a.createSyncTask (vscode-file://vscode-app/usr/share/code/resources/app/out/vs/code/electron-browser/sharedProcess/sharedProcessMain.js:89:137917)
    at async o.doSync (vscode-file://vscode-app/usr/share/code/resources/app/out/vs/code/electron-browser/sharedProcess/sharedProcessMain.js:89:97709)
2022-11-15 12:06:44.126 [info] Auto Sync: Triggered by Activity
2022-11-15 12:06:44.127 [info] Sync started.
2022-11-15 12:06:50.444 [info] Settings: No changes found during synchronizing settings.
2022-11-15 12:06:50.453 [info] Keybindings: No changes found during synchronizing keybindings.
2022-11-15 12:06:50.459 [info] Snippets: No changes found during synchronizing snippets.
2022-11-15 12:06:50.464 [info] Tasks: No changes found during synchronizing tasks.
2022-11-15 12:06:51.497 [info] GlobalState: Updated remote ui state. Updated: nps/lastSessionDate,nps/sessionCount,cpp.1.lastSessionDate,cpp.1.sessionCount,java.2.lastSessionDate,java.2.sessionCount,javascript.1.lastSessionDate,javascript.1.sessionCount,typescript.1.lastSessionDate,typescript.1.sessionCount.
2022-11-15 12:06:51.506 [info] GlobalState: Updated last synchronized ui state
2022-11-15 12:06:51.613 [info] Extensions: No changes found during synchronizing extensions.
2022-11-15 12:06:51.615 [info] Sync done. Took 7492ms
2022-11-15 12:06:51.616 [info] Auto Sync: Triggered by Activity
2022-11-15 12:06:51.616 [info] Sync started.
2022-11-15 12:06:52.230 [info] Settings: No changes found during synchronizing settings.
2022-11-15 12:06:52.247 [info] Keybindings: No changes found during synchronizing keybindings.
2022-11-15 12:06:52.261 [info] Snippets: No changes found during synchronizing snippets.
2022-11-15 12:06:52.270 [info] Tasks: No changes found during synchronizing tasks.
2022-11-15 12:06:52.280 [info] GlobalState: No changes found during synchronizing ui state.
2022-11-15 12:06:52.379 [info] Extensions: No changes found during synchronizing extensions.
2022-11-15 12:06:52.381 [info] Sync done. Took 766ms
2022-11-15 12:18:00.189 [info] Auto Sync: Triggered by Interval
2022-11-15 12:18:00.190 [info] Sync started.
2022-11-15 12:18:02.680 [info] Settings: No changes found during synchronizing settings.
2022-11-15 12:18:02.686 [info] Keybindings: No changes found during synchronizing keybindings.
2022-11-15 12:18:02.691 [info] Snippets: No changes found during synchronizing snippets.
2022-11-15 12:18:02.695 [info] Tasks: No changes found during synchronizing tasks.
2022-11-15 12:18:02.702 [info] GlobalState: No changes found during synchronizing ui state.
2022-11-15 12:18:02.788 [info] Extensions: No changes found during synchronizing extensions.
2022-11-15 12:18:02.789 [info] Sync done. Took 2601ms
2022-11-15 12:23:02.792 [info] Auto Sync: Triggered by Interval
2022-11-15 12:23:02.793 [info] Sync started.
2022-11-15 12:23:04.445 [info] Settings: No changes found during synchronizing settings.
2022-11-15 12:23:04.450 [info] Keybindings: No changes found during synchronizing keybindings.
2022-11-15 12:23:04.457 [info] Snippets: No changes found during synchronizing snippets.
2022-11-15 12:23:04.461 [info] Tasks: No changes found during synchronizing tasks.
2022-11-15 12:23:04.469 [info] GlobalState: No changes found during synchronizing ui state.
2022-11-15 12:23:04.548 [info] Extensions: No changes found during synchronizing extensions.
2022-11-15 12:23:04.549 [info] Sync done. Took 1759ms
2022-11-15 12:28:04.553 [info] Auto Sync: Triggered by Interval
2022-11-15 12:28:04.553 [info] Sync started.
2022-11-15 12:28:06.255 [info] Settings: No changes found during synchronizing settings.
2022-11-15 12:28:06.261 [info] Keybindings: No changes found during synchronizing keybindings.
2022-11-15 12:28:06.267 [info] Snippets: No changes found during synchronizing snippets.
2022-11-15 12:28:06.272 [info] Tasks: No changes found during synchronizing tasks.
2022-11-15 12:28:06.280 [info] GlobalState: No changes found during synchronizing ui state.
2022-11-15 12:28:06.372 [info] Extensions: No changes found during synchronizing extensions.
2022-11-15 12:28:06.374 [info] Sync done. Took 1823ms
2022-11-15 12:33:06.376 [info] Auto Sync: Triggered by Interval
2022-11-15 12:33:06.377 [info] Sync started.
