2022-11-17 15:35:41.573 [info] Added views:workbench.panel.markers.view in workbench.panel.markers
2022-11-17 15:35:41.573 [info] Added views:workbench.panel.output in workbench.panel.output
2022-11-17 15:35:41.573 [info] Added views:outline in workbench.view.explorer
2022-11-17 15:35:41.573 [info] Added views:terminal in workbench.view.explorer
2022-11-17 15:35:41.573 [info] Added views:workbench.scm in workbench.view.scm
2022-11-17 15:35:41.573 [info] Added views:workbench.view.search in workbench.view.search
2022-11-17 15:35:41.573 [info] Added views:timeline in workbench.view.explorer
2022-11-17 15:35:41.573 [info] Added views:workbench.explorer.emptyView in workbench.view.explorer
2022-11-17 15:35:41.573 [info] Added views:workbench.debug.variablesView,workbench.debug.watchExpressionsView,workbench.debug.callStackView,workbench.debug.breakPointsView in workbench.view.debug
2022-11-17 15:35:43.231 [info] Added views:workbench.panel.repl.view in workbench.panel.repl
2022-11-17 15:35:43.233 [info] Removed views:workbench.debug.breakPointsView,workbench.debug.callStackView,workbench.debug.watchExpressionsView,workbench.debug.variablesView from workbench.view.debug
2022-11-17 15:35:43.235 [info] Added views:workbench.debug.welcome in workbench.view.debug
2022-11-17 15:36:04.804 [info] Added views:workbench.panel.markers.view in workbench.panel.markers
2022-11-17 15:36:04.804 [info] Added views:workbench.panel.output in workbench.panel.output
2022-11-17 15:36:04.804 [info] Added views:outline in workbench.view.explorer
2022-11-17 15:36:04.804 [info] Added views:terminal in workbench.view.explorer
2022-11-17 15:36:04.804 [info] Added views:workbench.scm in workbench.view.scm
2022-11-17 15:36:04.804 [info] Added views:workbench.view.search in workbench.view.search
2022-11-17 15:36:04.804 [info] Added views:timeline in workbench.view.explorer
2022-11-17 15:36:04.804 [info] Added views:workbench.explorer.fileView in workbench.view.explorer
2022-11-17 15:36:05.108 [info] Added views:workbench.debug.welcome in workbench.view.debug
2022-11-17 15:36:05.845 [info] Added views:workbench.panel.repl.view in workbench.panel.repl
