0 verbose cli /usr/bin/node /usr/bin/npm
1 info using npm@8.19.2
2 info using node@v16.18.1
3 timing npm:load:whichnode Completed in 1ms
4 timing config:load:defaults Completed in 3ms
5 timing config:load:file:/usr/lib/node_modules/npm/npmrc Completed in 1ms
6 timing config:load:builtin Completed in 6ms
7 timing config:load:cli Completed in 3ms
8 timing config:load:env Completed in 1ms
9 timing config:load:file:/home/yunis/.cache/typescript/4.8/.npmrc Completed in 0ms
10 timing config:load:project Completed in 28ms
11 timing config:load:file:/home/yunis/.npmrc Completed in 0ms
12 timing config:load:user Completed in 1ms
13 timing config:load:file:/usr/etc/npmrc Completed in 0ms
14 timing config:load:global Completed in 0ms
15 timing config:load:validate Completed in 0ms
16 timing config:load:credentials Completed in 2ms
17 timing config:load:setEnvs Completed in 1ms
18 timing config:load Completed in 46ms
19 timing npm:load:configload Completed in 46ms
20 timing npm:load:mkdirpcache Completed in 2ms
21 timing npm:load:mkdirplogs Completed in 1ms
22 verbose title npm install @types/html-encoding-sniffer@ts4.8 @types/jsdom@ts4.8 @types/tough-cookie@ts4.8 @types/whatwg-encoding@ts4.8 @types/whatwg-mimetype@ts4.8 @types/whatwg-url@ts4.8
23 verbose argv "install" "--ignore-scripts" "@types/html-encoding-sniffer@ts4.8" "@types/jsdom@ts4.8" "@types/tough-cookie@ts4.8" "@types/whatwg-encoding@ts4.8" "@types/whatwg-mimetype@ts4.8" "@types/whatwg-url@ts4.8" "--save-dev" "--user-agent" "typesInstaller/4.8.4"
24 timing npm:load:setTitle Completed in 3ms
25 timing config:load:flatten Completed in 5ms
26 timing npm:load:display Completed in 6ms
27 verbose logfile logs-max:10 dir:/home/yunis/.npm/_logs
28 verbose logfile /home/yunis/.npm/_logs/2022-11-17T13_52_18_242Z-debug-0.log
29 timing npm:load:logFile Completed in 7ms
30 timing npm:load:timers Completed in 0ms
31 timing npm:load:configScope Completed in 0ms
32 timing npm:load Completed in 67ms
33 timing arborist:ctor Completed in 1ms
34 silly logfile start cleaning logs, removing 1 files
35 silly logfile done cleaning log files
36 timing idealTree:init Completed in 19ms
37 timing arborist:ctor Completed in 0ms
38 http fetch GET 200 https://registry.npmjs.org/@types%2fwhatwg-mimetype 2090ms (cache miss)
39 http fetch GET 200 https://registry.npmjs.org/@types%2ftough-cookie 2463ms (cache miss)
40 http fetch GET 200 https://registry.npmjs.org/@types%2fhtml-encoding-sniffer 3416ms (cache miss)
41 http fetch GET 200 https://registry.npmjs.org/@types%2fwhatwg-url 3429ms (cache miss)
42 http fetch GET 200 https://registry.npmjs.org/@types%2fjsdom 3433ms (cache miss)
43 http fetch GET 200 https://registry.npmjs.org/@types%2fwhatwg-encoding 3506ms (cache miss)
44 timing idealTree:userRequests Completed in 3516ms
45 silly idealTree buildDeps
46 silly fetch manifest @types/whatwg-mimetype@3.0.0
47 silly fetch manifest @types/tough-cookie@4.0.2
48 silly fetch manifest @types/html-encoding-sniffer@3.0.0
49 silly fetch manifest @types/whatwg-url@11.0.0
50 silly fetch manifest @types/jsdom@20.0.1
51 silly fetch manifest @types/whatwg-encoding@2.0.0
52 silly placeDep ROOT @types/html-encoding-sniffer@3.0.0 OK for:  want: 3.0.0
53 silly placeDep ROOT @types/jsdom@20.0.1 OK for:  want: 20.0.1
54 silly placeDep ROOT @types/tough-cookie@4.0.2 OK for:  want: 4.0.2
55 silly placeDep ROOT @types/whatwg-encoding@2.0.0 OK for:  want: 2.0.0
56 silly placeDep ROOT @types/whatwg-mimetype@3.0.0 OK for:  want: 3.0.0
57 silly placeDep ROOT @types/whatwg-url@11.0.0 OK for:  want: 11.0.0
58 silly fetch manifest parse5@^7.0.0
59 silly fetch manifest @types/webidl-conversions@*
60 http fetch GET 200 https://registry.npmjs.org/parse5 176ms (cache revalidated)
61 http fetch GET 200 https://registry.npmjs.org/@types%2fwebidl-conversions 2946ms (cache miss)
62 timing idealTree:#root Completed in 2971ms
63 timing idealTree:node_modules/@types/html-encoding-sniffer Completed in 0ms
64 silly placeDep ROOT parse5@7.1.1 OK for: @types/jsdom@20.0.1 want: ^7.0.0
65 silly fetch manifest entities@^4.4.0
66 http fetch GET 200 https://registry.npmjs.org/entities 78ms (cache miss)
67 timing idealTree:node_modules/@types/jsdom Completed in 83ms
68 timing idealTree:node_modules/@types/tough-cookie Completed in 0ms
69 timing idealTree:node_modules/@types/whatwg-encoding Completed in 0ms
70 timing idealTree:node_modules/@types/whatwg-mimetype Completed in 0ms
71 silly placeDep ROOT @types/webidl-conversions@7.0.0 OK for: @types/whatwg-url@11.0.0 want: *
72 timing idealTree:node_modules/@types/whatwg-url Completed in 3ms
73 timing idealTree:node_modules/@types/webidl-conversions Completed in 0ms
74 silly placeDep ROOT entities@4.4.0 OK for: parse5@7.1.1 want: ^4.4.0
75 timing idealTree:node_modules/parse5 Completed in 9ms
76 timing idealTree:node_modules/entities Completed in 0ms
77 timing idealTree:buildDeps Completed in 3068ms
78 timing idealTree:fixDepFlags Completed in 1ms
79 timing idealTree Completed in 6607ms
80 timing reify:loadTrees Completed in 6607ms
81 timing reify:diffTrees Completed in 4ms
82 silly reify moves {}
83 timing reify:retireShallow Completed in 3ms
84 timing reify:createSparse Completed in 9ms
85 timing reify:loadBundles Completed in 0ms
86 silly audit bulk request {
86 silly audit   '@types/chai': [ '4.3.4' ],
86 silly audit   '@types/chai-dom': [ '1.11.0' ],
86 silly audit   '@types/node': [ '18.11.9' ],
86 silly audit   'types-registry': [ '0.1.618' ],
86 silly audit   '@types/html-encoding-sniffer': [ '3.0.0' ],
86 silly audit   '@types/jsdom': [ '20.0.1' ],
86 silly audit   '@types/tough-cookie': [ '4.0.2' ],
86 silly audit   '@types/whatwg-encoding': [ '2.0.0' ],
86 silly audit   '@types/whatwg-mimetype': [ '3.0.0' ],
86 silly audit   '@types/whatwg-url': [ '11.0.0' ],
86 silly audit   parse5: [ '7.1.1' ],
86 silly audit   '@types/webidl-conversions': [ '7.0.0' ],
86 silly audit   entities: [ '4.4.0' ]
86 silly audit }
87 silly tarball no local data for @types/webidl-conversions@https://registry.npmjs.org/@types/webidl-conversions/-/webidl-conversions-7.0.0.tgz. Extracting by manifest.
88 silly tarball no local data for entities@https://registry.npmjs.org/entities/-/entities-4.4.0.tgz. Extracting by manifest.
89 silly tarball no local data for parse5@https://registry.npmjs.org/parse5/-/parse5-7.1.1.tgz. Extracting by manifest.
90 silly tarball no local data for @types/whatwg-encoding@https://registry.npmjs.org/@types/whatwg-encoding/-/whatwg-encoding-2.0.0.tgz. Extracting by manifest.
91 silly tarball no local data for @types/whatwg-url@https://registry.npmjs.org/@types/whatwg-url/-/whatwg-url-11.0.0.tgz. Extracting by manifest.
92 silly tarball no local data for @types/tough-cookie@https://registry.npmjs.org/@types/tough-cookie/-/tough-cookie-4.0.2.tgz. Extracting by manifest.
93 silly tarball no local data for @types/jsdom@https://registry.npmjs.org/@types/jsdom/-/jsdom-20.0.1.tgz. Extracting by manifest.
94 silly tarball no local data for @types/html-encoding-sniffer@https://registry.npmjs.org/@types/html-encoding-sniffer/-/html-encoding-sniffer-3.0.0.tgz. Extracting by manifest.
95 silly tarball no local data for @types/whatwg-mimetype@https://registry.npmjs.org/@types/whatwg-mimetype/-/whatwg-mimetype-3.0.0.tgz. Extracting by manifest.
96 http fetch GET 200 https://registry.npmjs.org/entities/-/entities-4.4.0.tgz 189ms (cache miss)
97 timing reifyNode:node_modules/entities Completed in 222ms
98 http fetch GET 200 https://registry.npmjs.org/@types/whatwg-encoding/-/whatwg-encoding-2.0.0.tgz 218ms (cache miss)
99 timing reifyNode:node_modules/@types/whatwg-encoding Completed in 239ms
100 http fetch GET 200 https://registry.npmjs.org/@types/tough-cookie/-/tough-cookie-4.0.2.tgz 216ms (cache miss)
101 timing reifyNode:node_modules/@types/tough-cookie Completed in 239ms
102 http fetch GET 200 https://registry.npmjs.org/@types/whatwg-mimetype/-/whatwg-mimetype-3.0.0.tgz 212ms (cache miss)
103 timing reifyNode:node_modules/@types/whatwg-mimetype Completed in 240ms
104 http fetch GET 200 https://registry.npmjs.org/@types/jsdom/-/jsdom-20.0.1.tgz 217ms (cache miss)
105 timing reifyNode:node_modules/@types/jsdom Completed in 241ms
106 http fetch GET 200 https://registry.npmjs.org/@types/whatwg-url/-/whatwg-url-11.0.0.tgz 219ms (cache miss)
107 timing reifyNode:node_modules/@types/whatwg-url Completed in 242ms
108 http fetch GET 200 https://registry.npmjs.org/@types/html-encoding-sniffer/-/html-encoding-sniffer-3.0.0.tgz 218ms (cache miss)
109 timing reifyNode:node_modules/@types/html-encoding-sniffer Completed in 243ms
110 http fetch GET 200 https://registry.npmjs.org/parse5/-/parse5-7.1.1.tgz 233ms (cache miss)
111 timing reifyNode:node_modules/parse5 Completed in 253ms
112 http fetch POST 200 https://registry.npmjs.org/-/npm/v1/security/advisories/bulk 450ms
113 timing auditReport:getReport Completed in 455ms
114 silly audit report {}
115 timing auditReport:init Completed in 0ms
116 timing reify:audit Completed in 458ms
117 http fetch GET 200 https://registry.npmjs.org/@types/webidl-conversions/-/webidl-conversions-7.0.0.tgz 520ms (cache miss)
118 timing reifyNode:node_modules/@types/webidl-conversions Completed in 535ms
119 timing reify:unpack Completed in 536ms
120 timing reify:unretire Completed in 0ms
121 timing build:queue Completed in 1ms
122 timing build:deps Completed in 1ms
123 timing build Completed in 2ms
124 timing reify:build Completed in 3ms
125 timing reify:trash Completed in 0ms
126 timing reify:save Completed in 19ms
127 timing reify Completed in 7202ms
128 silly ADD node_modules/entities
129 silly ADD node_modules/@types/webidl-conversions
130 silly ADD node_modules/parse5
131 silly ADD node_modules/@types/whatwg-url
132 silly ADD node_modules/@types/whatwg-mimetype
133 silly ADD node_modules/@types/whatwg-encoding
134 silly ADD node_modules/@types/tough-cookie
135 silly ADD node_modules/@types/jsdom
136 silly ADD node_modules/@types/html-encoding-sniffer
137 timing command:install Completed in 7209ms
138 verbose exit 0
139 timing npm Completed in 7378ms
140 info ok
