0 verbose cli /usr/bin/node /usr/bin/npm
1 info using npm@8.19.2
2 info using node@v16.18.1
3 timing npm:load:whichnode Completed in 0ms
4 timing config:load:defaults Completed in 2ms
5 timing config:load:file:/usr/lib/node_modules/npm/npmrc Completed in 0ms
6 timing config:load:builtin Completed in 1ms
7 timing config:load:cli Completed in 3ms
8 timing config:load:env Completed in 0ms
9 timing config:load:file:/home/yunis/.cache/typescript/4.8/.npmrc Completed in 0ms
10 timing config:load:project Completed in 11ms
11 timing config:load:file:/home/yunis/.npmrc Completed in 1ms
12 timing config:load:user Completed in 1ms
13 timing config:load:file:/usr/etc/npmrc Completed in 0ms
14 timing config:load:global Completed in 0ms
15 timing config:load:validate Completed in 0ms
16 timing config:load:credentials Completed in 1ms
17 timing config:load:setEnvs Completed in 1ms
18 timing config:load Completed in 20ms
19 timing npm:load:configload Completed in 20ms
20 timing npm:load:mkdirpcache Completed in 1ms
21 timing npm:load:mkdirplogs Completed in 0ms
22 verbose title npm install @types/chai@ts4.8 @types/chai-dom@ts4.8
23 verbose argv "install" "--ignore-scripts" "@types/chai@ts4.8" "@types/chai-dom@ts4.8" "--save-dev" "--user-agent" "typesInstaller/4.8.4"
24 timing npm:load:setTitle Completed in 2ms
25 timing config:load:flatten Completed in 2ms
26 timing npm:load:display Completed in 3ms
27 verbose logfile logs-max:10 dir:/home/yunis/.npm/_logs
28 verbose logfile /home/yunis/.npm/_logs/2022-11-17T13_18_42_323Z-debug-0.log
29 timing npm:load:logFile Completed in 7ms
30 timing npm:load:timers Completed in 0ms
31 timing npm:load:configScope Completed in 0ms
32 timing npm:load Completed in 33ms
33 timing arborist:ctor Completed in 1ms
34 silly logfile start cleaning logs, removing 1 files
35 silly logfile done cleaning log files
36 timing idealTree:init Completed in 16ms
37 timing arborist:ctor Completed in 0ms
38 http fetch GET 200 https://registry.npmjs.org/@types%2fchai 456ms (cache miss)
39 http fetch GET 200 https://registry.npmjs.org/@types%2fchai-dom 2957ms (cache miss)
40 timing idealTree:userRequests Completed in 2962ms
41 silly idealTree buildDeps
42 silly fetch manifest @types/chai@4.3.4
43 silly fetch manifest @types/chai-dom@1.11.0
44 silly placeDep ROOT @types/chai@4.3.4 OK for:  want: 4.3.4
45 silly placeDep ROOT @types/chai-dom@1.11.0 OK for:  want: 1.11.0
46 timing idealTree:#root Completed in 9ms
47 timing idealTree:node_modules/@types/chai Completed in 0ms
48 timing idealTree:node_modules/@types/chai-dom Completed in 0ms
49 timing idealTree:buildDeps Completed in 12ms
50 timing idealTree:fixDepFlags Completed in 1ms
51 timing idealTree Completed in 2991ms
52 timing reify:loadTrees Completed in 2991ms
53 timing reify:diffTrees Completed in 2ms
54 silly reify moves {}
55 timing reify:retireShallow Completed in 0ms
56 timing reify:createSparse Completed in 0ms
57 timing reify:loadBundles Completed in 0ms
58 silly audit bulk request {
58 silly audit   '@types/node': [ '18.11.9' ],
58 silly audit   'types-registry': [ '0.1.618' ],
58 silly audit   '@types/chai': [ '4.3.4' ],
58 silly audit   '@types/chai-dom': [ '1.11.0' ]
58 silly audit }
59 silly tarball no local data for @types/chai-dom@https://registry.npmjs.org/@types/chai-dom/-/chai-dom-1.11.0.tgz. Extracting by manifest.
60 silly tarball no local data for @types/chai@https://registry.npmjs.org/@types/chai/-/chai-4.3.4.tgz. Extracting by manifest.
61 http fetch GET 200 https://registry.npmjs.org/@types/chai/-/chai-4.3.4.tgz 346ms (cache miss)
62 timing reifyNode:node_modules/@types/chai Completed in 357ms
63 http fetch POST 200 https://registry.npmjs.org/-/npm/v1/security/advisories/bulk 370ms
64 timing auditReport:getReport Completed in 372ms
65 silly audit report {}
66 timing auditReport:init Completed in 0ms
67 timing reify:audit Completed in 372ms
68 http fetch GET 200 https://registry.npmjs.org/@types/chai-dom/-/chai-dom-1.11.0.tgz 1618ms (cache miss)
69 timing reifyNode:node_modules/@types/chai-dom Completed in 1626ms
70 timing reify:unpack Completed in 1626ms
71 timing reify:unretire Completed in 0ms
72 timing build:queue Completed in 1ms
73 timing build:deps Completed in 1ms
74 timing build Completed in 1ms
75 timing reify:build Completed in 2ms
76 timing reify:trash Completed in 0ms
77 timing reify:save Completed in 9ms
78 timing reify Completed in 4645ms
79 silly ADD node_modules/@types/chai-dom
80 silly ADD node_modules/@types/chai
81 timing command:install Completed in 4651ms
82 verbose exit 0
83 timing npm Completed in 4772ms
84 info ok
