0 verbose cli /usr/bin/node /usr/bin/npm
1 info using npm@8.19.2
2 info using node@v16.18.1
3 timing npm:load:whichnode Completed in 0ms
4 timing config:load:defaults Completed in 2ms
5 timing config:load:file:/usr/lib/node_modules/npm/npmrc Completed in 0ms
6 timing config:load:builtin Completed in 0ms
7 timing config:load:cli Completed in 2ms
8 timing config:load:env Completed in 0ms
9 timing config:load:file:/home/yunis/Development/code/phase-0/phase-0-completing-assignments-learn-lab-gem/phase-0-completing-assignments-learn-lab-gem/.npmrc Completed in 0ms
10 timing config:load:project Completed in 11ms
11 timing config:load:file:/home/yunis/.npmrc Completed in 0ms
12 timing config:load:user Completed in 0ms
13 timing config:load:file:/usr/etc/npmrc Completed in 0ms
14 timing config:load:global Completed in 0ms
15 timing config:load:validate Completed in 0ms
16 timing config:load:credentials Completed in 1ms
17 timing config:load:setEnvs Completed in 1ms
18 timing config:load Completed in 19ms
19 timing npm:load:configload Completed in 19ms
20 timing npm:load:mkdirpcache Completed in 1ms
21 timing npm:load:mkdirplogs Completed in 0ms
22 verbose title npm install
23 verbose argv "install"
24 timing npm:load:setTitle Completed in 1ms
25 timing config:load:flatten Completed in 3ms
26 timing npm:load:display Completed in 4ms
27 verbose logfile logs-max:10 dir:/home/yunis/.npm/_logs
28 verbose logfile /home/yunis/.npm/_logs/2022-11-16T12_13_47_595Z-debug-0.log
29 timing npm:load:logFile Completed in 5ms
30 timing npm:load:timers Completed in 0ms
31 timing npm:load:configScope Completed in 0ms
32 timing npm:load Completed in 30ms
33 timing arborist:ctor Completed in 1ms
34 silly logfile start cleaning logs, removing 1 files
35 silly logfile done cleaning log files
36 timing idealTree:init Completed in 172ms
37 timing idealTree:userRequests Completed in 0ms
38 silly idealTree buildDeps
39 timing idealTree:#root Completed in 1ms
40 timing idealTree:buildDeps Completed in 1ms
41 timing idealTree:fixDepFlags Completed in 0ms
42 timing idealTree Completed in 177ms
43 timing arborist:ctor Completed in 1ms
44 timing reify:loadTrees Completed in 281ms
45 timing reify:diffTrees Completed in 5ms
46 silly reify moves {}
47 timing reify:retireShallow Completed in 1ms
48 timing reify:createSparse Completed in 1ms
49 timing reify:loadBundles Completed in 0ms
50 silly audit bulk request {
50 silly audit   abab: [ '1.0.4' ],
50 silly audit   acorn: [ '4.0.13' ],
50 silly audit   'acorn-globals': [ '3.1.0' ],
50 silly audit   ajv: [ '6.12.6' ],
50 silly audit   'ansi-colors': [ '3.2.3' ],
50 silly audit   'ansi-regex': [ '3.0.1', '4.1.1' ],
50 silly audit   'ansi-styles': [ '3.2.1' ],
50 silly audit   argparse: [ '1.0.10' ],
50 silly audit   'array-equal': [ '1.0.0' ],
50 silly audit   'array-events': [ '0.2.0' ],
50 silly audit   'array.prototype.reduce': [ '1.0.5' ],
50 silly audit   asn1: [ '0.2.6' ],
50 silly audit   'assert-plus': [ '1.0.0' ],
50 silly audit   'assertion-error': [ '1.1.0' ],
50 silly audit   'async-arrays': [ '1.0.1' ],
50 silly audit   asynckit: [ '0.4.0' ],
50 silly audit   'available-typed-arrays': [ '1.0.5' ],
50 silly audit   'aws-sign2': [ '0.7.0' ],
50 silly audit   aws4: [ '1.11.0' ],
50 silly audit   'balanced-match': [ '1.0.2' ],
50 silly audit   'bcrypt-pbkdf': [ '1.0.2' ],
50 silly audit   'bit-mask': [ '1.0.2' ],
50 silly audit   'brace-expansion': [ '1.1.11' ],
50 silly audit   'browser-stdout': [ '1.3.1' ],
50 silly audit   'call-bind': [ '1.0.2' ],
50 silly audit   'call-me-maybe': [ '1.0.2' ],
50 silly audit   camelcase: [ '5.3.1' ],
50 silly audit   caseless: [ '0.12.0' ],
50 silly audit   chai: [ '3.5.0' ],
50 silly audit   'chai-fs': [ '2.0.0' ],
50 silly audit   chalk: [ '2.4.2' ],
50 silly audit   'supports-color': [ '5.5.0', '6.0.0' ],
50 silly audit   cliui: [ '5.0.0' ],
50 silly audit   'string-width': [ '3.1.0', '2.1.1' ],
50 silly audit   'strip-ansi': [ '5.2.0', '4.0.0' ],
50 silly audit   'color-convert': [ '1.9.3' ],
50 silly audit   'color-name': [ '1.1.3' ],
50 silly audit   'combined-stream': [ '1.0.8' ],
50 silly audit   'concat-map': [ '0.0.1' ],
50 silly audit   'content-type-parser': [ '1.0.2' ],
50 silly audit   'core-util-is': [ '1.0.2' ],
50 silly audit   cssom: [ '0.3.8' ],
50 silly audit   cssstyle: [ '0.2.37' ],
50 silly audit   dashdash: [ '1.14.1' ],
50 silly audit   debug: [ '3.2.6', '4.3.4' ],
50 silly audit   decamelize: [ '1.2.0' ],
50 silly audit   'deep-eql': [ '0.1.3' ],
50 silly audit   'type-detect': [ '0.1.1', '1.0.0' ],
50 silly audit   'deep-is': [ '0.1.4' ],
50 silly audit   'define-properties': [ '1.1.4' ],
50 silly audit   'delayed-stream': [ '1.0.0' ],
50 silly audit   diff: [ '3.5.0' ],
50 silly audit   'ecc-jsbn': [ '0.1.2' ],
50 silly audit   'emoji-regex': [ '7.0.3' ],
50 silly audit   'es-abstract': [ '1.20.4' ],
50 silly audit   'object.assign': [ '4.1.4', '4.1.0' ],
50 silly audit   'es-array-method-boxes-properly': [ '1.0.0' ],
50 silly audit   'es-get-iterator': [ '1.1.2' ],
50 silly audit   'es-to-primitive': [ '1.2.1' ],
50 silly audit   'es6-promise': [ '4.2.8' ],
50 silly audit   'escape-string-regexp': [ '1.0.5' ],
50 silly audit   escodegen: [ '1.14.3' ],
50 silly audit   esprima: [ '4.0.1' ],
50 silly audit   estraverse: [ '4.3.0' ],
50 silly audit   esutils: [ '2.0.3' ],
50 silly audit   expect: [ '1.20.2' ],
50 silly audit   extend: [ '3.0.2' ],
50 silly audit   'extended-emitter': [ '1.1.0' ],
50 silly audit   extsprintf: [ '1.3.0' ],
50 silly audit   'fast-deep-equal': [ '3.1.3' ],
50 silly audit   'fast-json-stable-stringify': [ '2.1.0' ],
50 silly audit   'fast-levenshtein': [ '2.0.6' ],
50 silly audit   'find-up': [ '3.0.0' ],
50 silly audit   first: [ '0.0.3' ],
50 silly audit   flat: [ '4.1.1' ],
50 silly audit   'for-each': [ '0.3.3' ],
50 silly audit   'forever-agent': [ '0.6.1' ],
50 silly audit   'form-data': [ '2.3.3' ],
50 silly audit   'fs.realpath': [ '1.0.0' ],
50 silly audit   'function-bind': [ '1.1.1' ],
50 silly audit   'function.prototype.name': [ '1.1.5' ],
50 silly audit   'functions-have-names': [ '1.2.3' ],
50 silly audit   'get-caller-file': [ '2.0.5' ],
50 silly audit   'get-intrinsic': [ '1.1.3' ],
50 silly audit   'get-symbol-description': [ '1.0.0' ],
50 silly audit   getpass: [ '0.1.7' ],
50 silly audit   glob: [ '7.1.3' ],
50 silly audit   'glob-to-regexp': [ '0.3.0' ],
50 silly audit   globalthis: [ '1.0.3' ],
50 silly audit   gopd: [ '1.0.1' ],
50 silly audit   growl: [ '1.10.5' ],
50 silly audit   'har-schema': [ '2.0.0' ],
50 silly audit   'har-validator': [ '5.1.5' ],
50 silly audit   has: [ '1.0.3' ],
50 silly audit   'has-bigints': [ '1.0.2' ],
50 silly audit   'has-flag': [ '3.0.0' ],
50 silly audit   'has-property-descriptors': [ '1.0.0' ],
50 silly audit   'has-symbols': [ '1.0.3' ],
50 silly audit   'has-tostringtag': [ '1.0.0' ],
50 silly audit   he: [ '1.2.0' ],
50 silly audit   'html-encoding-sniffer': [ '1.0.2' ],
50 silly audit   'http-signature': [ '1.2.0' ],
50 silly audit   'iconv-lite': [ '0.4.24' ],
50 silly audit   inflight: [ '1.0.6' ],
50 silly audit   inherits: [ '2.0.4' ],
50 silly audit   'internal-slot': [ '1.0.3' ],
50 silly audit   'is-arguments': [ '1.1.1' ],
50 silly audit   'is-arrow-function': [ '2.0.3' ],
50 silly audit   'is-async-function': [ '2.0.0' ],
50 silly audit   'is-bigint': [ '1.0.4' ],
50 silly audit   'is-boolean-object': [ '1.1.2' ],
50 silly audit   'is-buffer': [ '2.0.5' ],
50 silly audit   'is-callable': [ '1.2.7' ],
50 silly audit   'is-date-object': [ '1.0.5' ],
50 silly audit   'is-equal': [ '1.6.4' ],
50 silly audit   'is-finalizationregistry': [ '1.0.2' ],
50 silly audit   'is-fullwidth-code-point': [ '2.0.0' ],
50 silly audit   'is-generator-function': [ '1.0.10' ],
50 silly audit   'is-map': [ '2.0.2' ],
50 silly audit   'is-negative-zero': [ '2.0.2' ],
50 silly audit   'is-number-object': [ '1.0.7' ],
50 silly audit   'is-regex': [ '1.1.4' ],
50 silly audit   'is-set': [ '2.0.2' ],
50 silly audit   'is-shared-array-buffer': [ '1.0.2' ],
50 silly audit   'is-string': [ '1.0.7' ],
50 silly audit   'is-symbol': [ '1.0.4' ],
50 silly audit   'is-typed-array': [ '1.1.10' ],
50 silly audit   'is-typedarray': [ '1.0.0' ],
50 silly audit   'is-weakmap': [ '2.0.1' ],
50 silly audit   'is-weakref': [ '1.0.2' ],
50 silly audit   'is-weakset': [ '2.0.2' ],
50 silly audit   isarray: [ '2.0.5' ],
50 silly audit   isexe: [ '2.0.0' ],
50 silly audit   isstream: [ '0.1.2' ],
50 silly audit   'js-yaml': [ '3.13.1' ],
50 silly audit   jsbn: [ '0.1.1' ],
50 silly audit   jsdom: [ '9.12.0' ],
50 silly audit   'json-schema': [ '0.4.0' ],
50 silly audit   'json-schema-traverse': [ '0.4.1' ],
50 silly audit   'json-stringify-safe': [ '5.0.1' ],
50 silly audit   jsprim: [ '1.4.2' ],
50 silly audit   levn: [ '0.3.0' ],
50 silly audit   'locate-path': [ '3.0.0' ],
50 silly audit   lodash: [ '4.17.21' ],
50 silly audit   'lodash.once': [ '4.1.1' ],
50 silly audit   'log-symbols': [ '2.2.0' ],
50 silly audit   'mime-db': [ '1.52.0' ],
50 silly audit   'mime-types': [ '2.1.35' ],
50 silly audit   minimatch: [ '3.0.4' ],
50 silly audit   minimist: [ '1.2.7' ],
50 silly audit   mkdirp: [ '0.5.4', '1.0.4' ],
50 silly audit   mocha: [ '6.2.3' ],
50 silly audit   'mocha-jsdom': [ '1.1.0' ],
50 silly audit   'mocha-multi': [ '1.1.6' ],
50 silly audit   ms: [ '2.1.2', '2.1.1' ],
50 silly audit   'node-environment-flags': [ '1.0.5' ],
50 silly audit   nwmatcher: [ '1.4.4' ],
50 silly audit   'oauth-sign': [ '0.9.0' ],
50 silly audit   'object-assign': [ '4.1.1' ],
50 silly audit   'object-inspect': [ '1.12.2' ],
50 silly audit   'object-keys': [ '1.1.1' ],
50 silly audit   'object.entries': [ '1.1.6' ],
50 silly audit   'object.getownpropertydescriptors': [ '2.1.5' ],
50 silly audit   'object.getprototypeof': [ '1.0.4' ],
50 silly audit   once: [ '1.4.0' ],
50 silly audit   optionator: [ '0.8.3' ],
50 silly audit   'p-limit': [ '2.3.0' ],
50 silly audit   'p-locate': [ '3.0.0' ],
50 silly audit   'p-try': [ '2.2.0' ],
50 silly audit   parse5: [ '1.5.1' ],
50 silly audit   'path-exists': [ '3.0.0' ],
50 silly audit   'path-is-absolute': [ '1.0.1' ],
50 silly audit   'performance-now': [ '2.1.0' ],
50 silly audit   'prelude-ls': [ '1.1.2' ],
50 silly audit   psl: [ '1.9.0' ],
50 silly audit   punycode: [ '2.1.1' ],
50 silly audit   qs: [ '6.5.3' ],
50 silly audit   'readdir-enhanced': [ '1.5.2' ],
50 silly audit   'reflect.getprototypeof': [ '1.0.3' ],
50 silly audit   'regexp.prototype.flags': [ '1.4.3' ],
50 silly audit   request: [ '2.88.2' ],
50 silly audit   'require-directory': [ '2.1.1' ],
50 silly audit   'require-main-filename': [ '2.0.0' ],
50 silly audit   'safe-buffer': [ '5.2.1' ],
50 silly audit   'safe-regex-test': [ '1.0.0' ],
50 silly audit   'safer-buffer': [ '2.1.2' ],
50 silly audit   sax: [ '1.2.4' ],
50 silly audit   semver: [ '5.7.1' ],
50 silly audit   'set-blocking': [ '2.0.0' ],
50 silly audit   'side-channel': [ '1.0.4' ],
50 silly audit   sift: [ '16.0.1' ],
50 silly audit   'source-map': [ '0.6.1' ],
50 silly audit   'sprintf-js': [ '1.0.3' ],
50 silly audit   sshpk: [ '1.17.0' ],
50 silly audit   'string.prototype.trimend': [ '1.0.6' ],
50 silly audit   'string.prototype.trimstart': [ '1.0.6' ],
50 silly audit   'strip-json-comments': [ '2.0.1' ],
50 silly audit   'symbol-tree': [ '3.2.4' ],
50 silly audit   tmatch: [ '2.0.1' ],
50 silly audit   'tough-cookie': [ '2.5.0' ],
50 silly audit   tr46: [ '0.0.3' ],
50 silly audit   'tunnel-agent': [ '0.6.0' ],
50 silly audit   tweetnacl: [ '0.14.5' ],
50 silly audit   'type-check': [ '0.3.2' ],
50 silly audit   'unbox-primitive': [ '1.0.2' ],
50 silly audit   'uri-js': [ '4.4.1' ],
50 silly audit   uuid: [ '3.4.0' ],
50 silly audit   verror: [ '1.10.0' ],
50 silly audit   'webidl-conversions': [ '4.0.2', '3.0.1' ],
50 silly audit   'whatwg-encoding': [ '1.0.5' ],
50 silly audit   'whatwg-url': [ '4.8.0' ],
50 silly audit   which: [ '1.3.1' ],
50 silly audit   'which-boxed-primitive': [ '1.0.2' ],
50 silly audit   'which-builtin-type': [ '1.1.3' ],
50 silly audit   'which-collection': [ '1.0.1' ],
50 silly audit   'which-module': [ '2.0.0' ],
50 silly audit   'which-typed-array': [ '1.1.9' ],
50 silly audit   'wide-align': [ '1.1.3' ],
50 silly audit   'wolfy87-eventemitter': [ '5.2.9' ],
50 silly audit   'word-wrap': [ '1.2.3' ],
50 silly audit   'wrap-ansi': [ '5.1.0' ],
50 silly audit   wrappy: [ '1.0.2' ],
50 silly audit   'xml-name-validator': [ '2.0.1' ],
50 silly audit   y18n: [ '4.0.3' ],
50 silly audit   yargs: [ '13.3.2' ],
50 silly audit   'yargs-parser': [ '13.1.2' ],
50 silly audit   'yargs-unparser': [ '1.6.0' ]
50 silly audit }
51 timing reify:unpack Completed in 3ms
52 timing reify:unretire Completed in 0ms
53 timing build:queue Completed in 0ms
54 timing build:deps Completed in 1ms
55 timing build Completed in 1ms
56 timing reify:build Completed in 1ms
57 timing reify:trash Completed in 0ms
58 timing reify:save Completed in 45ms
59 http fetch POST 200 https://registry.npmjs.org/-/npm/v1/security/advisories/bulk 1622ms
60 timing auditReport:getReport Completed in 1628ms
61 silly audit report {
61 silly audit report   jsdom: [
61 silly audit report     {
61 silly audit report       id: 1084333,
61 silly audit report       url: 'https://github.com/advisories/GHSA-f4c9-cqv8-9v98',
61 silly audit report       title: 'Insufficient Granularity of Access Control in JSDom',
61 silly audit report       severity: 'moderate',
61 silly audit report       vulnerable_versions: '<=16.4.0',
61 silly audit report       cwe: [Array],
61 silly audit report       cvss: [Object]
61 silly audit report     }
61 silly audit report   ],
61 silly audit report   minimatch: [
61 silly audit report     {
61 silly audit report       id: 1084765,
61 silly audit report       url: 'https://github.com/advisories/GHSA-f8q6-p94x-37v3',
61 silly audit report       title: 'minimatch ReDoS vulnerability',
61 silly audit report       severity: 'high',
61 silly audit report       vulnerable_versions: '<3.0.5',
61 silly audit report       cwe: [Array],
61 silly audit report       cvss: [Object]
61 silly audit report     }
61 silly audit report   ]
61 silly audit report }
62 timing metavuln:cache:get:security-advisory:jsdom:wWyLXv2Avd/k+QZrEcDR1j6FxBd4eXIqo2dmvW5PdJY4tCLXOYyMwnM4bW0OwgH//W8axfrVPWR20ehcbr3rSA== Completed in 42ms
63 timing metavuln:cache:get:security-advisory:minimatch:+9SGwmlcalAea11K2GVsvQfjWw965zBttp7hAKanb2xCp8W9Pig14zX2S2nTcC9KSa0UHmcdnjQhUZp3zlW5IQ== Completed in 42ms
64 http fetch GET 200 https://registry.npmjs.org/minimatch 919ms (cache revalidated)
65 timing metavuln:packument:minimatch Completed in 921ms
66 timing metavuln:load:security-advisory:minimatch:1084765 Completed in 1ms
67 timing metavuln:calculate:security-advisory:minimatch:1084765 Completed in 925ms
68 http fetch GET 200 https://registry.npmjs.org/jsdom 929ms (cache revalidated)
69 timing metavuln:packument:jsdom Completed in 936ms
70 timing metavuln:load:security-advisory:jsdom:1084333 Completed in 3ms
71 timing metavuln:calculate:security-advisory:jsdom:1084333 Completed in 940ms
72 timing metavuln:cache:get:security-advisory:mocha-jsdom:fjw7DFGMxNKL/mrgAYH7i+ZpBqww2TvXO7q8DeSeq6ROtv+pao4tzL8xlVoQubQq7ZkLDKQEQ0fxKyd8eSm5iw== Completed in 4ms
73 http fetch GET 200 https://registry.npmjs.org/mocha-jsdom 249ms (cache revalidated)
74 timing metavuln:packument:mocha-jsdom Completed in 251ms
75 timing metavuln:load:security-advisory:mocha-jsdom:wWyLXv2Avd/k+QZrEcDR1j6FxBd4eXIqo2dmvW5PdJY4tCLXOYyMwnM4bW0OwgH//W8axfrVPWR20ehcbr3rSA== Completed in 1ms
76 timing metavuln:calculate:security-advisory:mocha-jsdom:wWyLXv2Avd/k+QZrEcDR1j6FxBd4eXIqo2dmvW5PdJY4tCLXOYyMwnM4bW0OwgH//W8axfrVPWR20ehcbr3rSA== Completed in 252ms
77 timing metavuln:cache:get:security-advisory:glob:8cK6ytb/RSxrSj+1aKddYNGqgjq+ZlC9b/wTQ/E6gbkVmwZ+1VaFxwvytvtwrxOFpOwciONFMcZmlIHBTqvLUw== Completed in 10ms
78 timing metavuln:cache:get:security-advisory:mocha:jK75FK8N2lB+gT1olRrEGbf/UZZ5e4rk4TBBx295HMYUimFDVn67Yor/pF6cQ75/SsrO1hd9sU1DUd9eJig2zQ== Completed in 15ms
79 http fetch GET 200 https://registry.npmjs.org/glob 234ms (cache revalidated)
80 timing metavuln:packument:glob Completed in 240ms
81 timing metavuln:load:security-advisory:glob:+9SGwmlcalAea11K2GVsvQfjWw965zBttp7hAKanb2xCp8W9Pig14zX2S2nTcC9KSa0UHmcdnjQhUZp3zlW5IQ== Completed in 3ms
82 timing metavuln:calculate:security-advisory:glob:+9SGwmlcalAea11K2GVsvQfjWw965zBttp7hAKanb2xCp8W9Pig14zX2S2nTcC9KSa0UHmcdnjQhUZp3zlW5IQ== Completed in 243ms
83 http fetch GET 200 https://registry.npmjs.org/mocha 244ms (cache revalidated)
84 timing metavuln:packument:mocha Completed in 253ms
85 timing metavuln:load:security-advisory:mocha:+9SGwmlcalAea11K2GVsvQfjWw965zBttp7hAKanb2xCp8W9Pig14zX2S2nTcC9KSa0UHmcdnjQhUZp3zlW5IQ== Completed in 3ms
86 timing metavuln:calculate:security-advisory:mocha:+9SGwmlcalAea11K2GVsvQfjWw965zBttp7hAKanb2xCp8W9Pig14zX2S2nTcC9KSa0UHmcdnjQhUZp3zlW5IQ== Completed in 256ms
87 timing metavuln:cache:get:security-advisory:mocha-jsdom:ZNl6NEjksXdchrV7ET8tpfl+HfKF6DXRYYmGayrcMF3I8Y9+e7cu1m7IcR2JUz/Fye1Vw9xxOPn+v+UtbI4bTQ== Completed in 18ms
88 timing metavuln:load:security-advisory:mocha-jsdom:jK75FK8N2lB+gT1olRrEGbf/UZZ5e4rk4TBBx295HMYUimFDVn67Yor/pF6cQ75/SsrO1hd9sU1DUd9eJig2zQ== Completed in 0ms
89 timing metavuln:calculate:security-advisory:mocha-jsdom:jK75FK8N2lB+gT1olRrEGbf/UZZ5e4rk4TBBx295HMYUimFDVn67Yor/pF6cQ75/SsrO1hd9sU1DUd9eJig2zQ== Completed in 18ms
90 timing metavuln:cache:get:security-advisory:mocha-multi:bqXSyXxqst/aqMZ3oT1Gm5aP9KWarn/+09jPCItOr0gGUNarQhjZRYNpV5vnUBGSUQ6Nn8IKU+I2+/Y2yTFegw== Completed in 20ms
91 http fetch GET 200 https://registry.npmjs.org/mocha-multi 465ms (cache updated)
92 timing metavuln:packument:mocha-multi Completed in 466ms
93 timing metavuln:load:security-advisory:mocha-multi:jK75FK8N2lB+gT1olRrEGbf/UZZ5e4rk4TBBx295HMYUimFDVn67Yor/pF6cQ75/SsrO1hd9sU1DUd9eJig2zQ== Completed in 5ms
94 timing metavuln:cache:put:security-advisory:mocha-multi:bqXSyXxqst/aqMZ3oT1Gm5aP9KWarn/+09jPCItOr0gGUNarQhjZRYNpV5vnUBGSUQ6Nn8IKU+I2+/Y2yTFegw== Completed in 3ms
95 timing metavuln:calculate:security-advisory:mocha-multi:jK75FK8N2lB+gT1olRrEGbf/UZZ5e4rk4TBBx295HMYUimFDVn67Yor/pF6cQ75/SsrO1hd9sU1DUd9eJig2zQ== Completed in 476ms
96 timing auditReport:init Completed in 1966ms
97 timing reify:audit Completed in 3595ms
98 timing reify Completed in 3894ms
99 timing command:install Completed in 3913ms
100 verbose exit 0
101 timing npm Completed in 4044ms
102 info ok
