0 verbose cli /usr/bin/node /usr/bin/npm
1 info using npm@8.19.2
2 info using node@v16.18.1
3 timing npm:load:whichnode Completed in 0ms
4 timing config:load:defaults Completed in 3ms
5 timing config:load:file:/usr/lib/node_modules/npm/npmrc Completed in 7ms
6 timing config:load:builtin Completed in 8ms
7 timing config:load:cli Completed in 10ms
8 timing config:load:env Completed in 3ms
9 timing config:load:file:/home/yunis/.cache/typescript/4.8/.npmrc Completed in 1ms
10 timing config:load:project Completed in 17ms
11 timing config:load:file:/home/yunis/.npmrc Completed in 0ms
12 timing config:load:user Completed in 0ms
13 timing config:load:file:/usr/etc/npmrc Completed in 1ms
14 timing config:load:global Completed in 1ms
15 timing config:load:validate Completed in 0ms
16 timing config:load:credentials Completed in 4ms
17 timing config:load:setEnvs Completed in 2ms
18 timing config:load Completed in 48ms
19 timing npm:load:configload Completed in 49ms
20 timing npm:load:mkdirpcache Completed in 1ms
21 timing npm:load:mkdirplogs Completed in 1ms
22 verbose title npm install types-registry@latest
23 verbose argv "install" "--ignore-scripts" "types-registry@latest"
24 timing npm:load:setTitle Completed in 2ms
25 timing config:load:flatten Completed in 4ms
26 timing npm:load:display Completed in 6ms
27 verbose logfile logs-max:10 dir:/home/yunis/.npm/_logs
28 verbose logfile /home/yunis/.npm/_logs/2023-02-21T11_11_18_887Z-debug-0.log
29 timing npm:load:logFile Completed in 14ms
30 timing npm:load:timers Completed in 1ms
31 timing npm:load:configScope Completed in 0ms
32 timing npm:load Completed in 74ms
33 timing arborist:ctor Completed in 7ms
34 silly logfile start cleaning logs, removing 1 files
35 silly logfile done cleaning log files
36 timing idealTree:init Completed in 147ms
37 timing arborist:ctor Completed in 0ms
38 http fetch GET 200 https://registry.npmjs.org/types-registry 1440ms (cache revalidated)
39 timing idealTree:userRequests Completed in 1461ms
40 silly idealTree buildDeps
41 silly fetch manifest types-registry@0.1.632
42 silly placeDep ROOT types-registry@0.1.632 REPLACE for:  want: 0.1.632
43 timing idealTree:#root Completed in 8ms
44 timing idealTree:node_modules/types-registry Completed in 0ms
45 timing idealTree:buildDeps Completed in 10ms
46 timing idealTree:fixDepFlags Completed in 1ms
47 timing idealTree Completed in 1621ms
48 timing reify:loadTrees Completed in 1623ms
49 timing reify:diffTrees Completed in 6ms
50 silly reify moves {}
51 timing reify:retireShallow Completed in 2ms
52 timing reify:createSparse Completed in 0ms
53 timing reify:loadBundles Completed in 0ms
54 silly audit bulk request {
54 silly audit   '@babel/helper-string-parser': [ '7.19.4' ],
54 silly audit   '@babel/helper-validator-identifier': [ '7.19.1' ],
54 silly audit   '@babel/parser': [ '7.20.15' ],
54 silly audit   '@babel/types': [ '7.20.7' ],
54 silly audit   '@types/babel__core': [ '7.20.0' ],
54 silly audit   '@types/babel__generator': [ '7.6.4' ],
54 silly audit   '@types/babel__preset-env': [ '7.9.2' ],
54 silly audit   '@types/babel__template': [ '7.4.1' ],
54 silly audit   '@types/babel__traverse': [ '7.18.2' ],
54 silly audit   '@types/babel-core': [ '6.25.7' ],
54 silly audit   '@types/babel-generator': [ '6.25.5' ],
54 silly audit   '@types/babel-template': [ '6.25.2' ],
54 silly audit   '@types/babel-traverse': [ '6.25.7' ],
54 silly audit   '@types/babel-types': [ '7.0.11' ],
54 silly audit   '@types/babylon': [ '6.16.6' ],
54 silly audit   '@types/body-parser': [ '1.19.2' ],
54 silly audit   '@types/chai': [ '4.3.4' ],
54 silly audit   '@types/chai-dom': [ '1.11.0' ],
54 silly audit   '@types/chai-spies': [ '1.0.3' ],
54 silly audit   '@types/connect': [ '3.4.35' ],
54 silly audit   '@types/express': [ '4.17.15' ],
54 silly audit   '@types/express-serve-static-core': [ '4.17.31' ],
54 silly audit   '@types/html-encoding-sniffer': [ '3.0.0' ],
54 silly audit   '@types/jsdom': [ '21.1.0' ],
54 silly audit   '@types/json-server': [ '0.14.4' ],
54 silly audit   '@types/lodash': [ '4.14.191' ],
54 silly audit   '@types/lowdb': [ '1.0.11' ],
54 silly audit   '@types/mime': [ '3.0.1' ],
54 silly audit   '@types/mocha': [ '10.0.1' ],
54 silly audit   '@types/node': [ '18.11.9' ],
54 silly audit   '@types/node-fetch': [ '2.6.2' ],
54 silly audit   '@types/prompt-sync': [ '4.2.0' ],
54 silly audit   '@types/qs': [ '6.9.7' ],
54 silly audit   '@types/range-parser': [ '1.2.4' ],
54 silly audit   '@types/serve-static': [ '1.15.0' ],
54 silly audit   '@types/sinon': [ '10.0.13' ],
54 silly audit   '@types/sinon-stub-promise': [ '2.1.7' ],
54 silly audit   '@types/sinonjs__fake-timers': [ '8.1.2' ],
54 silly audit   '@types/tough-cookie': [ '4.0.2' ],
54 silly audit   '@types/webidl-conversions': [ '7.0.0' ],
54 silly audit   '@types/whatwg-encoding': [ '2.0.0' ],
54 silly audit   '@types/whatwg-mimetype': [ '3.0.0' ],
54 silly audit   '@types/whatwg-url': [ '11.0.0' ],
54 silly audit   asynckit: [ '0.4.0' ],
54 silly audit   'combined-stream': [ '1.0.8' ],
54 silly audit   'delayed-stream': [ '1.0.0' ],
54 silly audit   entities: [ '4.4.0' ],
54 silly audit   'form-data': [ '3.0.1' ],
54 silly audit   'mime-db': [ '1.52.0' ],
54 silly audit   'mime-types': [ '2.1.35' ],
54 silly audit   parse5: [ '7.1.1' ],
54 silly audit   'to-fast-properties': [ '2.0.0' ],
54 silly audit   'types-registry': [ '0.1.632' ]
54 silly audit }
55 timing reify:unpack Completed in 1ms
56 timing reify:unretire Completed in 0ms
57 timing build:queue Completed in 0ms
58 timing build:deps Completed in 0ms
59 timing build Completed in 1ms
60 timing reify:build Completed in 2ms
61 timing reify:trash Completed in 0ms
62 timing reify:save Completed in 19ms
63 http fetch POST 200 https://registry.npmjs.org/-/npm/v1/security/advisories/bulk 379ms
64 timing auditReport:getReport Completed in 383ms
65 silly audit report {}
66 timing auditReport:init Completed in 0ms
67 timing reify:audit Completed in 383ms
68 timing reify Completed in 2023ms
69 timing command:install Completed in 2038ms
70 verbose exit 0
71 timing npm Completed in 2347ms
72 info ok
