2022-11-17 15:07:53.060 [info] Validating found git in: git
2022-11-17 15:07:53.060 [info] Using git 2.38.1 from git
2022-11-17 15:07:53.060 [info] > git rev-parse --show-toplevel [14ms]
2022-11-17 15:07:53.060 [info] > git rev-parse --git-dir --git-common-dir [29ms]
2022-11-17 15:07:53.060 [info] Log level: Info
2022-11-17 15:07:53.060 [info] Open repository: /home/yunis/phase-0-html-experiencing-html-lab
2022-11-17 15:07:53.060 [info] > git remote --verbose [74ms]
2022-11-17 15:07:53.061 [info] > git for-each-ref --sort -committerdate --format %(refname) %(objectname) %(*objectname) [93ms]
2022-11-17 15:07:53.061 [info] > git config --get commit.template [70ms]
2022-11-17 15:07:53.061 [info] > git for-each-ref --format=%(refname)%00%(upstream:short)%00%(objectname)%00%(upstream:track)%00%(upstream:remotename)%00%(upstream:remoteref) refs/heads/master refs/remotes/master [42ms]
2022-11-17 15:07:53.061 [info] > git status -z -uall [228ms]
2022-11-17 15:07:53.061 [info] > git status -z -uall [26ms]
2022-11-17 15:07:53.061 [info] > git remote --verbose [49ms]
2022-11-17 15:07:53.061 [info] > git for-each-ref --sort -committerdate --format %(refname) %(objectname) %(*objectname) [65ms]
2022-11-17 15:07:53.061 [info] > git config --get commit.template [24ms]
2022-11-17 15:07:53.061 [info] > git for-each-ref --format=%(refname)%00%(upstream:short)%00%(objectname)%00%(upstream:track)%00%(upstream:remotename)%00%(upstream:remoteref) refs/heads/master refs/remotes/master [4ms]
2022-11-17 15:07:53.061 [info] > git check-ignore -v -z --stdin [6ms]
2022-11-17 15:07:53.061 [info] > git ls-files --stage -- /home/yunis/phase-0-html-experiencing-html-lab/my_list.html [71ms]
2022-11-17 15:07:53.061 [info] > git cat-file -s 4453c65ab52d8ae1ecf7ea18bdbe63121a7eceef [91ms]
2022-11-17 15:07:53.061 [info] > git show --textconv :my_list.html [203ms]
