[Trace 12:07:00.268] VsCodeClientWorkspace: TextDocument.onDidOpen: file:///home/yunis/Development/code/phase-0/phase-0-completing-assignments-learn-lab-gem/phase-0-completing-assignments-learn-lab-gem/README.md
[Trace 12:07:00.269] VsCodeClientWorkspace: TextDocument.onDidChanceContent: file:///home/yunis/Development/code/phase-0/phase-0-completing-assignments-learn-lab-gem/phase-0-completing-assignments-learn-lab-gem/README.md
[Trace 12:07:00.272] Server: connection.languages.diagnostics.on: file:///home/yunis/Development/code/phase-0/phase-0-completing-assignments-learn-lab-gem/phase-0-completing-assignments-learn-lab-gem/README.md
[Trace 12:07:00.276] Server: connection.languages.diagnostics.on: file:///home/yunis/Development/code/phase-0/phase-0-completing-assignments-learn-lab-gem/phase-0-completing-assignments-learn-lab-gem/README.md
[Trace 12:07:00.473] DocumentSymbolProvider: provideDocumentSymbols — file:///home/yunis/Development/code/phase-0/phase-0-completing-assignments-learn-lab-gem/phase-0-completing-assignments-learn-lab-gem/README.md 1
[Debug 12:07:00.473] LinkProvider: compute - file:///home/yunis/Development/code/phase-0/phase-0-completing-assignments-learn-lab-gem/phase-0-completing-assignments-learn-lab-gem/README.md
[Trace 12:07:00.822] DocumentSymbolProvider: provideDocumentSymbols — file:///home/yunis/Development/code/phase-0/phase-0-completing-assignments-learn-lab-gem/phase-0-completing-assignments-learn-lab-gem/README.md 1
[Debug 12:07:00.883] TableOfContentsProvider: create - file:///home/yunis/Development/code/phase-0/phase-0-completing-assignments-learn-lab-gem/phase-0-completing-assignments-learn-lab-gem/README.md
[Trace 12:07:01.491] VsCodeClientWorkspace: TextDocument.onDidChanceContent: file:///home/yunis/Development/code/phase-0/phase-0-completing-assignments-learn-lab-gem/phase-0-completing-assignments-learn-lab-gem/README.md
[Trace 12:07:01.492] Server: connection.languages.diagnostics.on: file:///home/yunis/Development/code/phase-0/phase-0-completing-assignments-learn-lab-gem/phase-0-completing-assignments-learn-lab-gem/README.md
[Trace 12:07:01.827] DocumentSymbolProvider: provideDocumentSymbols — file:///home/yunis/Development/code/phase-0/phase-0-completing-assignments-learn-lab-gem/phase-0-completing-assignments-learn-lab-gem/README.md 2
[Debug 12:07:01.827] LinkProvider: compute - file:///home/yunis/Development/code/phase-0/phase-0-completing-assignments-learn-lab-gem/phase-0-completing-assignments-learn-lab-gem/README.md
[Debug 12:07:01.838] TableOfContentsProvider: create - file:///home/yunis/Development/code/phase-0/phase-0-completing-assignments-learn-lab-gem/phase-0-completing-assignments-learn-lab-gem/README.md
[Trace 12:07:01.980] VsCodeClientWorkspace: TextDocument.onDidChanceContent: file:///home/yunis/Development/code/phase-0/phase-0-completing-assignments-learn-lab-gem/phase-0-completing-assignments-learn-lab-gem/README.md
[Trace 12:07:01.982] Server: connection.languages.diagnostics.on: file:///home/yunis/Development/code/phase-0/phase-0-completing-assignments-learn-lab-gem/phase-0-completing-assignments-learn-lab-gem/README.md
[Trace 12:07:02.103] VsCodeClientWorkspace: TextDocument.onDidChanceContent: file:///home/yunis/Development/code/phase-0/phase-0-completing-assignments-learn-lab-gem/phase-0-completing-assignments-learn-lab-gem/README.md
[Trace 12:07:02.104] Server: connection.languages.diagnostics.on: file:///home/yunis/Development/code/phase-0/phase-0-completing-assignments-learn-lab-gem/phase-0-completing-assignments-learn-lab-gem/README.md
[Debug 12:07:02.342] LinkProvider: compute - file:///home/yunis/Development/code/phase-0/phase-0-completing-assignments-learn-lab-gem/phase-0-completing-assignments-learn-lab-gem/README.md
[Trace 12:07:02.446] DocumentSymbolProvider: provideDocumentSymbols — file:///home/yunis/Development/code/phase-0/phase-0-completing-assignments-learn-lab-gem/phase-0-completing-assignments-learn-lab-gem/README.md 4
[Debug 12:07:02.447] TableOfContentsProvider: create - file:///home/yunis/Development/code/phase-0/phase-0-completing-assignments-learn-lab-gem/phase-0-completing-assignments-learn-lab-gem/README.md
[Debug 12:07:03.594] MdFoldingProvider: provideFoldingRanges — file:///home/yunis/Development/code/phase-0/phase-0-completing-assignments-learn-lab-gem/phase-0-completing-assignments-learn-lab-gem/README.md 4
[Trace 12:07:11.687] VsCodeClientWorkspace: onDidChangeWatchedFiles: 2: file:///home/yunis/Development/code/phase-0/phase-0-completing-assignments-learn-lab-gem/phase-0-completing-assignments-learn-lab-gem/README.md
