2023-03-02 12:26:35.876 [info] Validating found git in: git
2023-03-02 12:26:35.876 [info] Using git 2.38.1 from git
2023-03-02 12:26:35.876 [info] > git rev-parse --show-toplevel [44ms]
2023-03-02 12:26:35.876 [info] > git rev-parse --git-dir --git-common-dir [2ms]
2023-03-02 12:26:35.876 [info] Log level: Info
2023-03-02 12:26:35.876 [info] Open repository: /home/yunis
2023-03-02 12:26:35.876 [info] > git remote --verbose [100ms]
2023-03-02 12:26:35.876 [info] > git rev-parse --show-toplevel [74ms]
2023-03-02 12:26:35.876 [info] > git config --get commit.template [109ms]
2023-03-02 12:26:35.876 [info] > git for-each-ref --sort -committerdate --format %(refname) %(objectname) %(*objectname) [221ms]
2023-03-02 12:26:35.889 [info] > git rev-parse --show-toplevel [80ms]
2023-03-02 12:26:35.929 [info] > git for-each-ref --format=%(refname)%00%(upstream:short)%00%(objectname)%00%(upstream:track)%00%(upstream:remotename)%00%(upstream:remoteref) refs/heads/main refs/remotes/main [43ms]
2023-03-02 12:26:35.992 [info] > git rev-parse --show-toplevel [85ms]
2023-03-02 12:26:36.067 [info] > git rev-parse --show-toplevel [6ms]
2023-03-02 12:26:36.118 [info] > git rev-parse --show-toplevel [4ms]
2023-03-02 12:26:36.151 [info] > git rev-parse --show-toplevel [6ms]
2023-03-02 12:26:36.193 [info] > git rev-parse --show-toplevel [11ms]
2023-03-02 12:26:36.213 [info] > git rev-parse --show-toplevel [12ms]
2023-03-02 12:26:36.265 [info] > git rev-parse --show-toplevel [33ms]
2023-03-02 12:26:36.293 [info] > git rev-parse --show-toplevel [3ms]
2023-03-02 12:26:36.492 [info] > git rev-parse --show-toplevel [192ms]
2023-03-02 12:26:36.533 [info] > git rev-parse --show-toplevel [3ms]
2023-03-02 12:26:36.560 [info] > git rev-parse --show-toplevel [2ms]
2023-03-02 12:26:36.587 [info] > git rev-parse --show-toplevel [6ms]
2023-03-02 12:26:36.622 [info] > git check-ignore -v -z --stdin [360ms]
2023-03-02 12:26:36.633 [info] > git rev-parse --show-toplevel [10ms]
2023-03-02 12:26:36.673 [info] > git rev-parse --show-toplevel [11ms]
2023-03-02 12:26:36.820 [info] > git rev-parse --show-toplevel [96ms]
2023-03-02 12:26:36.837 [info] > git rev-parse --show-toplevel [7ms]
2023-03-02 12:26:36.852 [info] > git rev-parse --show-toplevel [3ms]
2023-03-02 12:26:36.885 [info] > git rev-parse --show-toplevel [6ms]
2023-03-02 12:26:36.915 [info] > git rev-parse --show-toplevel [5ms]
2023-03-02 12:26:36.946 [info] > git rev-parse --show-toplevel [4ms]
2023-03-02 12:26:36.973 [info] > git rev-parse --show-toplevel [6ms]
2023-03-02 12:26:37.003 [info] > git rev-parse --show-toplevel [11ms]
2023-03-02 12:26:37.043 [info] > git rev-parse --show-toplevel [6ms]
2023-03-02 12:26:37.075 [info] > git rev-parse --git-dir --git-common-dir [17ms]
2023-03-02 12:26:37.080 [info] Log level: Info
2023-03-02 12:26:37.080 [info] Open repository: /home/yunis/l1-js-arrays-and-objects
2023-03-02 12:26:37.214 [info] > git status -z -uall [72ms]
2023-03-02 12:26:37.215 [info] > git remote --verbose [97ms]
2023-03-02 12:26:37.216 [info] > git for-each-ref --sort -committerdate --format %(refname) %(objectname) %(*objectname) [115ms]
2023-03-02 12:26:37.233 [info] > git config --get commit.template [35ms]
2023-03-02 12:26:37.234 [info] > git rev-parse --show-toplevel [54ms]
2023-03-02 12:26:37.257 [info] > git rev-parse --git-dir --git-common-dir [12ms]
2023-03-02 12:26:37.266 [info] Log level: Info
2023-03-02 12:26:37.266 [info] Open repository: /home/yunis/l1-js-communicate-to-servers
2023-03-02 12:26:37.364 [info] > git remote --verbose [49ms]
2023-03-02 12:26:37.365 [info] > git for-each-ref --sort -committerdate --format %(refname) %(objectname) %(*objectname) [66ms]
2023-03-02 12:26:37.365 [info] > git for-each-ref --format=%(refname)%00%(upstream:short)%00%(objectname)%00%(upstream:track)%00%(upstream:remotename)%00%(upstream:remoteref) refs/heads/main refs/remotes/main [109ms]
2023-03-02 12:26:37.431 [info] > git status -z -uall [107ms]
2023-03-02 12:26:37.431 [info] > git status -z -uall [16ms]
2023-03-02 12:26:37.432 [info] > git remote --verbose [30ms]
2023-03-02 12:26:37.433 [info] > git for-each-ref --sort -committerdate --format %(refname) %(objectname) %(*objectname) [49ms]
2023-03-02 12:26:37.433 [info] > git config --get commit.template [70ms]
2023-03-02 12:26:37.434 [info] > git rev-parse --show-toplevel [84ms]
2023-03-02 12:26:37.447 [info] > git config --get commit.template [16ms]
2023-03-02 12:26:37.529 [info] > git rev-parse --git-dir --git-common-dir [84ms]
2023-03-02 12:26:37.535 [info] Log level: Info
2023-03-02 12:26:37.535 [info] Open repository: /home/yunis/l1-js-dom
2023-03-02 12:26:37.637 [info] > git status -z -uall [66ms]
2023-03-02 12:26:37.637 [info] > git remote --verbose [79ms]
2023-03-02 12:26:37.638 [info] > git for-each-ref --sort -committerdate --format %(refname) %(objectname) %(*objectname) [92ms]
2023-03-02 12:26:37.639 [info] > git for-each-ref --format=%(refname)%00%(upstream:short)%00%(objectname)%00%(upstream:track)%00%(upstream:remotename)%00%(upstream:remoteref) refs/heads/main refs/remotes/main [110ms]
2023-03-02 12:26:37.644 [info] > git for-each-ref --format=%(refname)%00%(upstream:short)%00%(objectname)%00%(upstream:track)%00%(upstream:remotename)%00%(upstream:remoteref) refs/heads/main refs/remotes/main [160ms]
2023-03-02 12:26:37.775 [info] > git status -z -uall [55ms]
2023-03-02 12:26:37.779 [info] > git remote --verbose [73ms]
2023-03-02 12:26:37.779 [info] > git for-each-ref --sort -committerdate --format %(refname) %(objectname) %(*objectname) [98ms]
2023-03-02 12:26:37.790 [info] > git config --get commit.template [147ms]
2023-03-02 12:26:37.791 [info] > git rev-parse --show-toplevel [208ms]
2023-03-02 12:26:37.844 [info] > git config --get commit.template [89ms]
2023-03-02 12:26:37.939 [info] > git for-each-ref --format=%(refname)%00%(upstream:short)%00%(objectname)%00%(upstream:track)%00%(upstream:remotename)%00%(upstream:remoteref) refs/heads/main refs/remotes/main [75ms]
2023-03-02 12:26:37.948 [info] > git rev-parse --git-dir --git-common-dir [103ms]
2023-03-02 12:26:37.960 [info] Log level: Info
2023-03-02 12:26:37.960 [info] Open repository: /home/yunis/l1-js-fundamentals
2023-03-02 12:26:38.248 [info] > git check-ignore -v -z --stdin [347ms]
2023-03-02 12:26:38.249 [info] > git status -z -uall [168ms]
2023-03-02 12:26:38.258 [info] > git for-each-ref --sort -committerdate --format %(refname) %(objectname) %(*objectname) [254ms]
2023-03-02 12:26:38.259 [info] > git for-each-ref --format=%(refname)%00%(upstream:short)%00%(objectname)%00%(upstream:track)%00%(upstream:remotename)%00%(upstream:remoteref) refs/heads/main refs/remotes/main [322ms]
2023-03-02 12:26:38.278 [info] > git config --get commit.template [127ms]
2023-03-02 12:26:38.279 [info] > git remote --verbose [221ms]
2023-03-02 12:26:38.280 [info] > git rev-parse --show-toplevel [178ms]
2023-03-02 12:26:38.359 [info] > git for-each-ref --format=%(refname)%00%(upstream:short)%00%(objectname)%00%(upstream:track)%00%(upstream:remotename)%00%(upstream:remoteref) refs/heads/main refs/remotes/main [8ms]
2023-03-02 12:26:38.382 [info] > git rev-parse --show-toplevel [55ms]
2023-03-02 12:26:38.406 [info] > git rev-parse --git-dir --git-common-dir [3ms]
2023-03-02 12:26:38.410 [info] Log level: Info
2023-03-02 12:26:38.410 [info] Open repository: /home/yunis/my-git-project
2023-03-02 12:26:38.576 [info] > git status -z -uall [68ms]
2023-03-02 12:26:38.577 [info] > git remote --verbose [88ms]
2023-03-02 12:26:38.578 [info] > git for-each-ref --sort -committerdate --format %(refname) %(objectname) %(*objectname) [121ms]
2023-03-02 12:26:38.582 [info] > git rev-parse --show-toplevel [40ms]
2023-03-02 12:26:38.599 [info] > git config --get commit.template [23ms]
2023-03-02 12:26:38.624 [info] > git rev-parse --show-toplevel [26ms]
2023-03-02 12:26:38.663 [info] > git for-each-ref --format=%(refname)%00%(upstream:short)%00%(objectname)%00%(upstream:track)%00%(upstream:remotename)%00%(upstream:remoteref) refs/heads/main refs/remotes/main [44ms]
2023-03-02 12:26:38.675 [info] > git rev-parse --show-toplevel [15ms]
2023-03-02 12:26:38.731 [info] > git rev-parse --show-toplevel [33ms]
2023-03-02 12:26:38.769 [info] > git rev-parse --git-dir --git-common-dir [9ms]
2023-03-02 12:26:38.777 [info] Log level: Info
2023-03-02 12:26:38.777 [info] Open repository: /home/yunis/phase-0-completing-assignments-learn-lab-gem
2023-03-02 12:26:38.928 [info] > git status -z -uall [73ms]
2023-03-02 12:26:38.929 [info] > git remote --verbose [84ms]
2023-03-02 12:26:38.930 [info] > git for-each-ref --sort -committerdate --format %(refname) %(objectname) %(*objectname) [125ms]
2023-03-02 12:26:38.931 [info] > git config --get commit.template [31ms]
2023-03-02 12:26:38.932 [info] > git rev-parse --show-toplevel [43ms]
2023-03-02 12:26:38.954 [info] > git rev-parse --git-dir --git-common-dir [11ms]
2023-03-02 12:26:38.967 [info] Log level: Info
2023-03-02 12:26:38.967 [info] Open repository: /home/yunis/phase-0-css-fundamentals-lab
2023-03-02 12:26:39.047 [info] > git remote --verbose [50ms]
2023-03-02 12:26:39.048 [info] > git for-each-ref --sort -committerdate --format %(refname) %(objectname) %(*objectname) [67ms]
2023-03-02 12:26:39.048 [info] > git for-each-ref --format=%(refname)%00%(upstream:short)%00%(objectname)%00%(upstream:track)%00%(upstream:remotename)%00%(upstream:remoteref) refs/heads/main refs/remotes/main [95ms]
2023-03-02 12:26:39.055 [info] > git config --get commit.template [9ms]
2023-03-02 12:26:39.078 [info] > git rev-parse --show-toplevel [52ms]
2023-03-02 12:26:39.113 [info] > git status -z -uall [101ms]
2023-03-02 12:26:39.114 [info] > git rev-parse --git-dir --git-common-dir [16ms]
2023-03-02 12:26:39.120 [info] Log level: Info
2023-03-02 12:26:39.120 [info] Open repository: /home/yunis/phase-0-css-graffiti-lab
2023-03-02 12:26:39.165 [info] > git for-each-ref --format=%(refname)%00%(upstream:short)%00%(objectname)%00%(upstream:track)%00%(upstream:remotename)%00%(upstream:remoteref) refs/heads/master refs/remotes/master [89ms]
2023-03-02 12:26:39.199 [info] > git remote --verbose [54ms]
2023-03-02 12:26:39.200 [info] > git for-each-ref --sort -committerdate --format %(refname) %(objectname) %(*objectname) [72ms]
2023-03-02 12:26:39.202 [info] > git config --get commit.template [6ms]
2023-03-02 12:26:39.202 [info] > git rev-parse --show-toplevel [39ms]
2023-03-02 12:26:39.224 [info] > git rev-parse --git-dir --git-common-dir [11ms]
2023-03-02 12:26:39.230 [info] Log level: Info
2023-03-02 12:26:39.230 [info] Open repository: /home/yunis/phase-0-css-intro-lab
2023-03-02 12:26:39.357 [info] > git status -z -uall [203ms]
2023-03-02 12:26:39.358 [info] > git remote --verbose [59ms]
2023-03-02 12:26:39.358 [info] > git for-each-ref --format=%(refname)%00%(upstream:short)%00%(objectname)%00%(upstream:track)%00%(upstream:remotename)%00%(upstream:remoteref) refs/heads/master refs/remotes/master [135ms]
2023-03-02 12:26:39.369 [info] > git rev-parse --show-toplevel [37ms]
2023-03-02 12:26:39.380 [info] > git status -z -uall [63ms]
2023-03-02 12:26:39.381 [info] > git for-each-ref --sort -committerdate --format %(refname) %(objectname) %(*objectname) [99ms]
2023-03-02 12:26:39.382 [info] > git config --get commit.template [37ms]
2023-03-02 12:26:39.393 [info] > git rev-parse --git-dir --git-common-dir [13ms]
2023-03-02 12:26:39.397 [info] Log level: Info
2023-03-02 12:26:39.397 [info] Open repository: /home/yunis/phase-0-css-issue-bot-9000
2023-03-02 12:26:39.497 [info] > git status -z -uall [70ms]
2023-03-02 12:26:39.500 [info] > git remote --verbose [81ms]
2023-03-02 12:26:39.501 [info] > git for-each-ref --sort -committerdate --format %(refname) %(objectname) %(*objectname) [96ms]
2023-03-02 12:26:39.501 [info] > git for-each-ref --format=%(refname)%00%(upstream:short)%00%(objectname)%00%(upstream:track)%00%(upstream:remotename)%00%(upstream:remoteref) refs/heads/master refs/remotes/master [110ms]
2023-03-02 12:26:39.514 [info] > git config --get commit.template [30ms]
2023-03-02 12:26:39.514 [info] > git rev-parse --show-toplevel [54ms]
2023-03-02 12:26:39.542 [info] > git rev-parse --git-dir --git-common-dir [14ms]
2023-03-02 12:26:39.546 [info] Log level: Info
2023-03-02 12:26:39.546 [info] Open repository: /home/yunis/phase-0-css-kitten-lab
2023-03-02 12:26:39.598 [info] > git remote --verbose [36ms]
2023-03-02 12:26:39.599 [info] > git for-each-ref --sort -committerdate --format %(refname) %(objectname) %(*objectname) [44ms]
2023-03-02 12:26:39.600 [info] > git config --get commit.template [4ms]
2023-03-02 12:26:39.601 [info] > git for-each-ref --format=%(refname)%00%(upstream:short)%00%(objectname)%00%(upstream:track)%00%(upstream:remotename)%00%(upstream:remoteref) refs/heads/master refs/remotes/master [15ms]
2023-03-02 12:26:39.605 [info] > git rev-parse --show-toplevel [28ms]
2023-03-02 12:26:39.625 [info] > git rev-parse --git-dir --git-common-dir [12ms]
2023-03-02 12:26:39.628 [info] Log level: Info
2023-03-02 12:26:39.628 [info] Open repository: /home/yunis/phase-0-css-rainbow-lab
2023-03-02 12:26:39.676 [info] > git rev-parse --show-toplevel [14ms]
2023-03-02 12:26:39.683 [info] > git remote --verbose [37ms]
2023-03-02 12:26:39.684 [info] > git for-each-ref --format=%(refname)%00%(upstream:short)%00%(objectname)%00%(upstream:track)%00%(upstream:remotename)%00%(upstream:remoteref) refs/heads/master refs/remotes/master [59ms]
2023-03-02 12:26:39.691 [info] > git status -z -uall [124ms]
2023-03-02 12:26:39.691 [info] > git rev-parse --git-dir --git-common-dir [9ms]
2023-03-02 12:26:39.696 [info] Log level: Info
2023-03-02 12:26:39.696 [info] Open repository: /home/yunis/phase-0-git-basics-lab
2023-03-02 12:26:39.731 [info] > git config --get commit.template [57ms]
2023-03-02 12:26:39.734 [info] > git for-each-ref --sort -committerdate --format %(refname) %(objectname) %(*objectname) [100ms]
2023-03-02 12:26:39.781 [info] > git status -z -uall [130ms]
2023-03-02 12:26:39.781 [info] > git status -z -uall [59ms]
2023-03-02 12:26:39.781 [info] > git rev-parse --show-toplevel [51ms]
2023-03-02 12:26:39.793 [info] > git remote --verbose [79ms]
2023-03-02 12:26:39.793 [info] > git for-each-ref --sort -committerdate --format %(refname) %(objectname) %(*objectname) [87ms]
2023-03-02 12:26:39.810 [info] > git rev-parse --git-dir --git-common-dir [18ms]
2023-03-02 12:26:39.812 [info] Log level: Info
2023-03-02 12:26:39.812 [info] Open repository: /home/yunis/phase-0-html-album-cover-lab
2023-03-02 12:26:39.850 [info] > git config --get commit.template [103ms]
2023-03-02 12:26:39.873 [info] > git rev-parse --show-toplevel [22ms]
2023-03-02 12:26:39.898 [info] > git remote --verbose [68ms]
2023-03-02 12:26:39.899 [info] > git for-each-ref --sort -committerdate --format %(refname) %(objectname) %(*objectname) [80ms]
2023-03-02 12:26:39.899 [info] > git for-each-ref --format=%(refname)%00%(upstream:short)%00%(objectname)%00%(upstream:track)%00%(upstream:remotename)%00%(upstream:remoteref) refs/heads/master refs/remotes/master [100ms]
2023-03-02 12:26:39.924 [info] > git rev-parse --git-dir --git-common-dir [25ms]
2023-03-02 12:26:39.927 [info] Log level: Info
2023-03-02 12:26:39.927 [info] Open repository: /home/yunis/phase-0-html-document-structure-lab
2023-03-02 12:26:39.960 [info] > git config --get commit.template [98ms]
2023-03-02 12:26:39.968 [info] > git status -z -uall [18ms]
2023-03-02 12:26:39.969 [info] > git rev-parse --show-toplevel [9ms]
2023-03-02 12:26:39.980 [info] > git remote --verbose [38ms]
2023-03-02 12:26:39.980 [info] > git for-each-ref --sort -committerdate --format %(refname) %(objectname) %(*objectname) [47ms]
2023-03-02 12:26:39.981 [info] > git for-each-ref --format=%(refname)%00%(upstream:short)%00%(objectname)%00%(upstream:track)%00%(upstream:remotename)%00%(upstream:remoteref) refs/heads/master refs/remotes/master [61ms]
2023-03-02 12:26:39.996 [info] > git rev-parse --git-dir --git-common-dir [17ms]
2023-03-02 12:26:39.999 [info] Log level: Info
2023-03-02 12:26:39.999 [info] Open repository: /home/yunis/phase-0-html-experiencing-html-lab
2023-03-02 12:26:40.028 [info] > git config --get commit.template [60ms]
2023-03-02 12:26:40.056 [info] > git status -z -uall [214ms]
2023-03-02 12:26:40.056 [info] > git status -z -uall [36ms]
2023-03-02 12:26:40.056 [info] > git rev-parse --show-toplevel [29ms]
2023-03-02 12:26:40.069 [info] > git remote --verbose [54ms]
2023-03-02 12:26:40.069 [info] > git for-each-ref --sort -committerdate --format %(refname) %(objectname) %(*objectname) [61ms]
2023-03-02 12:26:40.070 [info] > git for-each-ref --format=%(refname)%00%(upstream:short)%00%(objectname)%00%(upstream:track)%00%(upstream:remotename)%00%(upstream:remoteref) refs/heads/master refs/remotes/master [77ms]
2023-03-02 12:26:40.084 [info] > git rev-parse --git-dir --git-common-dir [16ms]
2023-03-02 12:26:40.087 [info] Log level: Info
2023-03-02 12:26:40.087 [info] Open repository: /home/yunis/phase-0-html-images-lab
2023-03-02 12:26:40.120 [info] > git config --get commit.template [74ms]
2023-03-02 12:26:40.134 [info] > git status -z -uall [24ms]
2023-03-02 12:26:40.135 [info] > git remote --verbose [32ms]
2023-03-02 12:26:40.136 [info] > git for-each-ref --sort -committerdate --format %(refname) %(objectname) %(*objectname) [41ms]
2023-03-02 12:26:40.136 [info] > git for-each-ref --format=%(refname)%00%(upstream:short)%00%(objectname)%00%(upstream:track)%00%(upstream:remotename)%00%(upstream:remoteref) refs/heads/master refs/remotes/master [54ms]
2023-03-02 12:26:40.157 [info] > git rev-parse --show-toplevel [36ms]
2023-03-02 12:26:40.177 [info] > git rev-parse --git-dir --git-common-dir [2ms]
2023-03-02 12:26:40.183 [info] Log level: Info
2023-03-02 12:26:40.183 [info] Open repository: /home/yunis/phase-0-html-issue-bot-9000-lab
2023-03-02 12:26:40.216 [info] > git for-each-ref --format=%(refname)%00%(upstream:short)%00%(objectname)%00%(upstream:track)%00%(upstream:remotename)%00%(upstream:remoteref) refs/heads/master refs/remotes/master [63ms]
2023-03-02 12:26:40.219 [info] > git config --get commit.template [86ms]
2023-03-02 12:26:40.249 [info] > git status -z -uall [43ms]
2023-03-02 12:26:40.249 [info] > git rev-parse --show-toplevel [34ms]
2023-03-02 12:26:40.263 [info] > git remote --verbose [67ms]
2023-03-02 12:26:40.263 [info] > git for-each-ref --sort -committerdate --format %(refname) %(objectname) %(*objectname) [73ms]
2023-03-02 12:26:40.266 [info] > git rev-parse --git-dir --git-common-dir [4ms]
2023-03-02 12:26:40.270 [info] Log level: Info
2023-03-02 12:26:40.270 [info] Open repository: /home/yunis/phase-0-html-link-tag-with-href
2023-03-02 12:26:40.306 [info] > git config --get commit.template [58ms]
2023-03-02 12:26:40.306 [info] > git for-each-ref --format=%(refname)%00%(upstream:short)%00%(objectname)%00%(upstream:track)%00%(upstream:remotename)%00%(upstream:remoteref) refs/heads/master refs/remotes/master [72ms]
2023-03-02 12:26:40.327 [info] > git check-ignore -v -z --stdin [292ms]
2023-03-02 12:26:40.329 [info] > git status -z -uall [34ms]
2023-03-02 12:26:40.329 [info] > git rev-parse --show-toplevel [25ms]
2023-03-02 12:26:40.343 [info] > git remote --verbose [58ms]
2023-03-02 12:26:40.343 [info] > git for-each-ref --sort -committerdate --format %(refname) %(objectname) %(*objectname) [67ms]
2023-03-02 12:26:40.363 [info] > git config --get commit.template [37ms]
2023-03-02 12:26:40.364 [info] > git for-each-ref --format=%(refname)%00%(upstream:short)%00%(objectname)%00%(upstream:track)%00%(upstream:remotename)%00%(upstream:remoteref) refs/heads/master refs/remotes/master [9ms]
2023-03-02 12:26:40.368 [info] > git rev-parse --git-dir --git-common-dir [27ms]
2023-03-02 12:26:40.371 [info] Log level: Info
2023-03-02 12:26:40.371 [info] Open repository: /home/yunis/phase-0-html-lists-lab
2023-03-02 12:26:40.424 [info] > git status -z -uall [31ms]
2023-03-02 12:26:40.425 [info] > git remote --verbose [38ms]
2023-03-02 12:26:40.425 [info] > git for-each-ref --sort -committerdate --format %(refname) %(objectname) %(*objectname) [47ms]
2023-03-02 12:26:40.430 [info] > git for-each-ref --format=%(refname)%00%(upstream:short)%00%(objectname)%00%(upstream:track)%00%(upstream:remotename)%00%(upstream:remoteref) refs/heads/master refs/remotes/master [24ms]
2023-03-02 12:26:40.434 [info] > git rev-parse --show-toplevel [35ms]
2023-03-02 12:26:40.443 [info] > git config --get commit.template [29ms]
2023-03-02 12:26:40.457 [info] > git rev-parse --git-dir --git-common-dir [15ms]
2023-03-02 12:26:40.461 [info] Log level: Info
2023-03-02 12:26:40.461 [info] Open repository: /home/yunis/phase-0-html-riyadh-blog-lab
2023-03-02 12:26:40.525 [info] > git status -z -uall [41ms]
2023-03-02 12:26:40.526 [info] > git remote --verbose [48ms]
2023-03-02 12:26:40.526 [info] > git for-each-ref --sort -committerdate --format %(refname) %(objectname) %(*objectname) [55ms]
2023-03-02 12:26:40.527 [info] > git for-each-ref --format=%(refname)%00%(upstream:short)%00%(objectname)%00%(upstream:track)%00%(upstream:remotename)%00%(upstream:remoteref) refs/heads/master refs/remotes/master [72ms]
2023-03-02 12:26:40.548 [info] > git config --get commit.template [47ms]
2023-03-02 12:26:40.548 [info] > git rev-parse --show-toplevel [56ms]
2023-03-02 12:26:40.563 [info] > git rev-parse --git-dir --git-common-dir [9ms]
2023-03-02 12:26:40.566 [info] Log level: Info
2023-03-02 12:26:40.566 [info] Open repository: /home/yunis/phase-0-html-tables-lab
2023-03-02 12:26:40.622 [info] > git status -z -uall [34ms]
2023-03-02 12:26:40.622 [info] > git rev-parse --show-toplevel [27ms]
2023-03-02 12:26:40.637 [info] > git remote --verbose [57ms]
2023-03-02 12:26:40.638 [info] > git for-each-ref --sort -committerdate --format %(refname) %(objectname) %(*objectname) [66ms]
2023-03-02 12:26:40.641 [info] > git config --get commit.template [21ms]
2023-03-02 12:26:40.641 [info] > git for-each-ref --format=%(refname)%00%(upstream:short)%00%(objectname)%00%(upstream:track)%00%(upstream:remotename)%00%(upstream:remoteref) refs/heads/master refs/remotes/master [32ms]
2023-03-02 12:26:40.644 [info] > git rev-parse --git-dir --git-common-dir [9ms]
2023-03-02 12:26:40.648 [info] Log level: Info
2023-03-02 12:26:40.648 [info] Open repository: /home/yunis/phase-0-html-tag-lab
2023-03-02 12:26:40.707 [info] > git status -z -uall [33ms]
2023-03-02 12:26:40.708 [info] > git remote --verbose [42ms]
2023-03-02 12:26:40.709 [info] > git for-each-ref --sort -committerdate --format %(refname) %(objectname) %(*objectname) [49ms]
2023-03-02 12:26:40.710 [info] > git config --get commit.template [5ms]
2023-03-02 12:26:40.711 [info] > git for-each-ref --format=%(refname)%00%(upstream:short)%00%(objectname)%00%(upstream:track)%00%(upstream:remotename)%00%(upstream:remoteref) refs/heads/master refs/remotes/master [14ms]
2023-03-02 12:26:40.716 [info] > git rev-parse --show-toplevel [34ms]
2023-03-02 12:26:40.736 [info] > git check-ignore -v -z --stdin [174ms]
2023-03-02 12:26:40.738 [info] > git rev-parse --git-dir --git-common-dir [12ms]
2023-03-02 12:26:40.740 [info] Log level: Info
2023-03-02 12:26:40.740 [info] Open repository: /home/yunis/phase-0-intro-to-js-2-array-lab
2023-03-02 12:26:40.775 [info] > git status -z -uall [16ms]
2023-03-02 12:26:40.776 [info] > git remote --verbose [24ms]
2023-03-02 12:26:40.777 [info] > git for-each-ref --format=%(refname)%00%(upstream:short)%00%(objectname)%00%(upstream:track)%00%(upstream:remotename)%00%(upstream:remoteref) refs/heads/master refs/remotes/master [43ms]
2023-03-02 12:26:40.790 [info] > git config --get commit.template [15ms]
2023-03-02 12:26:40.791 [info] > git for-each-ref --sort -committerdate --format %(refname) %(objectname) %(*objectname) [45ms]
2023-03-02 12:26:40.792 [info] > git rev-parse --show-toplevel [25ms]
2023-03-02 12:26:40.813 [info] > git rev-parse --git-dir --git-common-dir [11ms]
2023-03-02 12:26:40.816 [info] Log level: Info
2023-03-02 12:26:40.816 [info] Open repository: /home/yunis/phase-0-intro-to-js-2-looping-code-along
2023-03-02 12:26:40.849 [info] > git status -z -uall [16ms]
2023-03-02 12:26:40.850 [info] > git remote --verbose [23ms]
2023-03-02 12:26:40.851 [info] > git for-each-ref --sort -committerdate --format %(refname) %(objectname) %(*objectname) [29ms]
2023-03-02 12:26:40.851 [info] > git for-each-ref --format=%(refname)%00%(upstream:short)%00%(objectname)%00%(upstream:track)%00%(upstream:remotename)%00%(upstream:remoteref) refs/heads/master refs/remotes/master [40ms]
2023-03-02 12:26:40.856 [info] > git config --get commit.template [7ms]
2023-03-02 12:26:40.856 [info] > git rev-parse --show-toplevel [15ms]
2023-03-02 12:26:40.875 [info] > git rev-parse --git-dir --git-common-dir [9ms]
2023-03-02 12:26:40.877 [info] Log level: Info
2023-03-02 12:26:40.877 [info] Open repository: /home/yunis/phase-0-intro-to-js-2-objects-lab
2023-03-02 12:26:40.915 [info] > git status -z -uall [18ms]
2023-03-02 12:26:40.916 [info] > git remote --verbose [26ms]
2023-03-02 12:26:40.916 [info] > git for-each-ref --sort -committerdate --format %(refname) %(objectname) %(*objectname) [33ms]
2023-03-02 12:26:40.917 [info] > git for-each-ref --format=%(refname)%00%(upstream:short)%00%(objectname)%00%(upstream:track)%00%(upstream:remotename)%00%(upstream:remoteref) refs/heads/master refs/remotes/master [42ms]
2023-03-02 12:26:40.922 [info] > git config --get commit.template [8ms]
2023-03-02 12:26:40.922 [info] > git rev-parse --show-toplevel [18ms]
2023-03-02 12:26:40.950 [info] > git rev-parse --git-dir --git-common-dir [19ms]
2023-03-02 12:26:40.953 [info] Log level: Info
2023-03-02 12:26:40.953 [info] Open repository: /home/yunis/phase-0-pac-1-logical-operators
2023-03-02 12:26:41.000 [info] > git status -z -uall [21ms]
2023-03-02 12:26:41.006 [info] > git remote --verbose [33ms]
2023-03-02 12:26:41.006 [info] > git for-each-ref --sort -committerdate --format %(refname) %(objectname) %(*objectname) [45ms]
2023-03-02 12:26:41.006 [info] > git for-each-ref --format=%(refname)%00%(upstream:short)%00%(objectname)%00%(upstream:track)%00%(upstream:remotename)%00%(upstream:remoteref) refs/heads/master refs/remotes/master [58ms]
2023-03-02 12:26:41.012 [info] > git config --get commit.template [11ms]
2023-03-02 12:26:41.013 [info] > git rev-parse --show-toplevel [25ms]
2023-03-02 12:26:41.024 [info] > git rev-parse --git-dir --git-common-dir [2ms]
2023-03-02 12:26:41.029 [info] Log level: Info
2023-03-02 12:26:41.029 [info] Open repository: /home/yunis/phase-0-pac-3-what-is-a-test
2023-03-02 12:26:41.086 [info] > git status -z -uall [31ms]
2023-03-02 12:26:41.087 [info] > git remote --verbose [40ms]
2023-03-02 12:26:41.087 [info] > git for-each-ref --sort -committerdate --format %(refname) %(objectname) %(*objectname) [49ms]
2023-03-02 12:26:41.089 [info] > git config --get commit.template [8ms]
2023-03-02 12:26:41.090 [info] > git for-each-ref --format=%(refname)%00%(upstream:short)%00%(objectname)%00%(upstream:track)%00%(upstream:remotename)%00%(upstream:remoteref) refs/heads/master refs/remotes/master [15ms]
2023-03-02 12:26:41.094 [info] > git rev-parse --show-toplevel [30ms]
2023-03-02 12:26:41.113 [info] > git rev-parse --git-dir --git-common-dir [13ms]
2023-03-02 12:26:41.116 [info] Log level: Info
2023-03-02 12:26:41.116 [info] Open repository: /home/yunis/phase-0-the-dom-editing-lab
2023-03-02 12:26:41.152 [info] > git status -z -uall [17ms]
2023-03-02 12:26:41.153 [info] > git remote --verbose [24ms]
2023-03-02 12:26:41.153 [info] > git for-each-ref --sort -committerdate --format %(refname) %(objectname) %(*objectname) [31ms]
2023-03-02 12:26:41.154 [info] > git for-each-ref --format=%(refname)%00%(upstream:short)%00%(objectname)%00%(upstream:track)%00%(upstream:remotename)%00%(upstream:remoteref) refs/heads/master refs/remotes/master [42ms]
2023-03-02 12:26:41.159 [info] > git config --get commit.template [6ms]
2023-03-02 12:26:41.159 [info] > git rev-parse --show-toplevel [17ms]
2023-03-02 12:26:41.180 [info] > git rev-parse --git-dir --git-common-dir [11ms]
2023-03-02 12:26:41.183 [info] Log level: Info
2023-03-02 12:26:41.183 [info] Open repository: /home/yunis/phase-1-algorithms-has-target-sum
2023-03-02 12:26:41.223 [info] > git status -z -uall [21ms]
2023-03-02 12:26:41.223 [info] > git remote --verbose [28ms]
2023-03-02 12:26:41.223 [info] > git for-each-ref --format=%(refname)%00%(upstream:short)%00%(objectname)%00%(upstream:track)%00%(upstream:remotename)%00%(upstream:remoteref) refs/heads/master refs/remotes/master [44ms]
2023-03-02 12:26:41.229 [info] > git config --get commit.template [6ms]
2023-03-02 12:26:41.230 [info] > git for-each-ref --sort -committerdate --format %(refname) %(objectname) %(*objectname) [40ms]
2023-03-02 12:26:41.230 [info] > git rev-parse --show-toplevel [20ms]
2023-03-02 12:26:41.249 [info] > git rev-parse --git-dir --git-common-dir [9ms]
2023-03-02 12:26:41.251 [info] Log level: Info
2023-03-02 12:26:41.251 [info] Open repository: /home/yunis/phase-1-algorithms-has-target-sum-solution
2023-03-02 12:26:41.285 [info] > git status -z -uall [16ms]
2023-03-02 12:26:41.287 [info] > git remote --verbose [23ms]
2023-03-02 12:26:41.287 [info] > git for-each-ref --sort -committerdate --format %(refname) %(objectname) %(*objectname) [30ms]
2023-03-02 12:26:41.288 [info] > git for-each-ref --format=%(refname)%00%(upstream:short)%00%(objectname)%00%(upstream:track)%00%(upstream:remotename)%00%(upstream:remoteref) refs/heads/main refs/remotes/main [40ms]
2023-03-02 12:26:41.292 [info] > git config --get commit.template [8ms]
2023-03-02 12:26:41.293 [info] > git rev-parse --show-toplevel [17ms]
2023-03-02 12:26:41.308 [info] > git rev-parse --git-dir --git-common-dir [3ms]
2023-03-02 12:26:41.312 [info] Log level: Info
2023-03-02 12:26:41.312 [info] Open repository: /home/yunis/phase-1-algorithms-palindrome
2023-03-02 12:26:41.372 [info] > git status -z -uall [35ms]
2023-03-02 12:26:41.372 [info] > git remote --verbose [43ms]
2023-03-02 12:26:41.373 [info] > git for-each-ref --sort -committerdate --format %(refname) %(objectname) %(*objectname) [51ms]
2023-03-02 12:26:41.374 [info] > git config --get commit.template [12ms]
2023-03-02 12:26:41.374 [info] > git for-each-ref --format=%(refname)%00%(upstream:short)%00%(objectname)%00%(upstream:track)%00%(upstream:remotename)%00%(upstream:remoteref) refs/heads/main refs/remotes/main [24ms]
2023-03-02 12:26:41.377 [info] > git rev-parse --show-toplevel [34ms]
2023-03-02 12:26:41.390 [info] > git rev-parse --git-dir --git-common-dir [4ms]
2023-03-02 12:26:41.393 [info] Log level: Info
2023-03-02 12:26:41.393 [info] Open repository: /home/yunis/phase-1-algorithms-palindrome-solution-1
2023-03-02 12:26:41.443 [info] > git status -z -uall [29ms]
2023-03-02 12:26:41.444 [info] > git rev-parse --show-toplevel [21ms]
2023-03-02 12:26:41.454 [info] > git remote --verbose [45ms]
2023-03-02 12:26:41.454 [info] > git for-each-ref --sort -committerdate --format %(refname) %(objectname) %(*objectname) [53ms]
2023-03-02 12:26:41.457 [info] > git rev-parse --git-dir --git-common-dir [5ms]
2023-03-02 12:26:41.461 [info] Log level: Info
2023-03-02 12:26:41.461 [info] Open repository: /home/yunis/phase-1-algorithms-palindrome-solution-2
2023-03-02 12:26:41.489 [info] > git config --get commit.template [46ms]
2023-03-02 12:26:41.489 [info] > git for-each-ref --format=%(refname)%00%(upstream:short)%00%(objectname)%00%(upstream:track)%00%(upstream:remotename)%00%(upstream:remoteref) refs/heads/main refs/remotes/main [57ms]
2023-03-02 12:26:41.501 [info] > git status -z -uall [20ms]
2023-03-02 12:26:41.502 [info] > git rev-parse --show-toplevel [13ms]
2023-03-02 12:26:41.515 [info] > git remote --verbose [41ms]
2023-03-02 12:26:41.516 [info] > git for-each-ref --sort -committerdate --format %(refname) %(objectname) %(*objectname) [48ms]
2023-03-02 12:26:41.525 [info] > git config --get commit.template [24ms]
2023-03-02 12:26:41.526 [info] > git rev-parse --git-dir --git-common-dir [11ms]
2023-03-02 12:26:41.530 [info] Log level: Info
2023-03-02 12:26:41.530 [info] Open repository: /home/yunis/phase-1-arithmetic-lab
2023-03-02 12:26:41.588 [info] > git status -z -uall [39ms]
2023-03-02 12:26:41.589 [info] > git remote --verbose [45ms]
2023-03-02 12:26:41.590 [info] > git for-each-ref --sort -committerdate --format %(refname) %(objectname) %(*objectname) [53ms]
2023-03-02 12:26:41.590 [info] > git for-each-ref --format=%(refname)%00%(upstream:short)%00%(objectname)%00%(upstream:track)%00%(upstream:remotename)%00%(upstream:remoteref) refs/heads/main refs/remotes/main [67ms]
2023-03-02 12:26:41.594 [info] > git config --get commit.template [11ms]
2023-03-02 12:26:41.594 [info] > git for-each-ref --format=%(refname)%00%(upstream:short)%00%(objectname)%00%(upstream:track)%00%(upstream:remotename)%00%(upstream:remoteref) refs/heads/main refs/remotes/main [27ms]
2023-03-02 12:26:41.598 [info] > git rev-parse --show-toplevel [41ms]
2023-03-02 12:26:41.616 [info] > git rev-parse --git-dir --git-common-dir [9ms]
2023-03-02 12:26:41.619 [info] Log level: Info
2023-03-02 12:26:41.619 [info] Open repository: /home/yunis/phase-1-arrow-functions
2023-03-02 12:26:41.664 [info] > git status -z -uall [20ms]
2023-03-02 12:26:41.664 [info] > git remote --verbose [30ms]
2023-03-02 12:26:41.664 [info] > git for-each-ref --sort -committerdate --format %(refname) %(objectname) %(*objectname) [36ms]
2023-03-02 12:26:41.665 [info] > git for-each-ref --format=%(refname)%00%(upstream:short)%00%(objectname)%00%(upstream:track)%00%(upstream:remotename)%00%(upstream:remoteref) refs/heads/master refs/remotes/master [51ms]
2023-03-02 12:26:41.670 [info] > git config --get commit.template [6ms]
2023-03-02 12:26:41.670 [info] > git rev-parse --show-toplevel [19ms]
2023-03-02 12:26:41.680 [info] > git rev-parse --git-dir --git-common-dir [3ms]
2023-03-02 12:26:41.683 [info] Log level: Info
2023-03-02 12:26:41.683 [info] Open repository: /home/yunis/phase-1-context-lab
2023-03-02 12:26:41.755 [info] > git status -z -uall [50ms]
2023-03-02 12:26:41.756 [info] > git rev-parse --show-toplevel [43ms]
2023-03-02 12:26:41.764 [info] > git remote --verbose [67ms]
2023-03-02 12:26:41.764 [info] > git for-each-ref --sort -committerdate --format %(refname) %(objectname) %(*objectname) [72ms]
2023-03-02 12:26:41.772 [info] > git rev-parse --git-dir --git-common-dir [8ms]
2023-03-02 12:26:41.775 [info] Log level: Info
2023-03-02 12:26:41.775 [info] Open repository: /home/yunis/phase-1-control-flow-lab
2023-03-02 12:26:41.809 [info] > git config --get commit.template [55ms]
2023-03-02 12:26:41.809 [info] > git for-each-ref --format=%(refname)%00%(upstream:short)%00%(objectname)%00%(upstream:track)%00%(upstream:remotename)%00%(upstream:remoteref) refs/heads/master refs/remotes/master [63ms]
2023-03-02 12:26:41.823 [info] > git status -z -uall [25ms]
2023-03-02 12:26:41.824 [info] > git rev-parse --show-toplevel [15ms]
2023-03-02 12:26:41.836 [info] > git remote --verbose [44ms]
2023-03-02 12:26:41.836 [info] > git for-each-ref --sort -committerdate --format %(refname) %(objectname) %(*objectname) [53ms]
2023-03-02 12:26:41.850 [info] > git rev-parse --git-dir --git-common-dir [15ms]
2023-03-02 12:26:41.855 [info] Log level: Info
2023-03-02 12:26:41.855 [info] Open repository: /home/yunis/phase-1-fetch-lab
2023-03-02 12:26:41.884 [info] > git config --get commit.template [62ms]
2023-03-02 12:26:41.896 [info] > git status -z -uall [20ms]
2023-03-02 12:26:41.897 [info] > git remote --verbose [29ms]
2023-03-02 12:26:41.898 [info] > git for-each-ref --sort -committerdate --format %(refname) %(objectname) %(*objectname) [36ms]
2023-03-02 12:26:41.898 [info] > git for-each-ref --format=%(refname)%00%(upstream:short)%00%(objectname)%00%(upstream:track)%00%(upstream:remotename)%00%(upstream:remoteref) refs/heads/master refs/remotes/master [53ms]
2023-03-02 12:26:41.915 [info] > git config --get commit.template [20ms]
2023-03-02 12:26:41.923 [info] > git rev-parse --show-toplevel [32ms]
2023-03-02 12:26:41.934 [info] > git for-each-ref --format=%(refname)%00%(upstream:short)%00%(objectname)%00%(upstream:track)%00%(upstream:remotename)%00%(upstream:remoteref) refs/heads/master refs/remotes/master [21ms]
2023-03-02 12:26:41.947 [info] > git rev-parse --git-dir --git-common-dir [14ms]
2023-03-02 12:26:41.950 [info] Log level: Info
2023-03-02 12:26:41.950 [info] Open repository: /home/yunis/phase-1-first-class-functions
2023-03-02 12:26:41.998 [info] > git status -z -uall [21ms]
2023-03-02 12:26:41.998 [info] > git remote --verbose [31ms]
2023-03-02 12:26:41.999 [info] > git for-each-ref --sort -committerdate --format %(refname) %(objectname) %(*objectname) [39ms]
2023-03-02 12:26:41.999 [info] > git for-each-ref --format=%(refname)%00%(upstream:short)%00%(objectname)%00%(upstream:track)%00%(upstream:remotename)%00%(upstream:remoteref) refs/heads/master refs/remotes/master [54ms]
2023-03-02 12:26:42.006 [info] > git config --get commit.template [9ms]
2023-03-02 12:26:42.007 [info] > git rev-parse --show-toplevel [24ms]
2023-03-02 12:26:42.017 [info] > git rev-parse --git-dir --git-common-dir [1ms]
2023-03-02 12:26:42.027 [info] Log level: Info
2023-03-02 12:26:42.027 [info] Open repository: /home/yunis/phase-1-first-class-functions-lab
2023-03-02 12:26:42.078 [info] > git status -z -uall [29ms]
2023-03-02 12:26:42.079 [info] > git remote --verbose [37ms]
2023-03-02 12:26:42.080 [info] > git for-each-ref --sort -committerdate --format %(refname) %(objectname) %(*objectname) [43ms]
2023-03-02 12:26:42.086 [info] > git config --get commit.template [10ms]
2023-03-02 12:26:42.086 [info] > git for-each-ref --format=%(refname)%00%(upstream:short)%00%(objectname)%00%(upstream:track)%00%(upstream:remotename)%00%(upstream:remoteref) refs/heads/master refs/remotes/master [22ms]
2023-03-02 12:26:42.090 [info] > git rev-parse --show-toplevel [34ms]
2023-03-02 12:26:42.101 [info] > git rev-parse --git-dir --git-common-dir [1ms]
2023-03-02 12:26:42.104 [info] Log level: Info
2023-03-02 12:26:42.104 [info] Open repository: /home/yunis/phase-1-functions-lab
2023-03-02 12:26:42.151 [info] > git status -z -uall [25ms]
2023-03-02 12:26:42.152 [info] > git remote --verbose [34ms]
2023-03-02 12:26:42.152 [info] > git for-each-ref --sort -committerdate --format %(refname) %(objectname) %(*objectname) [41ms]
2023-03-02 12:26:42.157 [info] > git config --get commit.template [8ms]
2023-03-02 12:26:42.158 [info] > git rev-parse --show-toplevel [25ms]
2023-03-02 12:26:42.166 [info] > git for-each-ref --format=%(refname)%00%(upstream:short)%00%(objectname)%00%(upstream:track)%00%(upstream:remotename)%00%(upstream:remoteref) refs/heads/master refs/remotes/master [25ms]
2023-03-02 12:26:42.186 [info] > git rev-parse --git-dir --git-common-dir [21ms]
2023-03-02 12:26:42.190 [info] Log level: Info
2023-03-02 12:26:42.190 [info] Open repository: /home/yunis/phase-1-github-search-app
2023-03-02 12:26:42.232 [info] > git status -z -uall [21ms]
2023-03-02 12:26:42.234 [info] > git remote --verbose [30ms]
2023-03-02 12:26:42.234 [info] > git for-each-ref --sort -committerdate --format %(refname) %(objectname) %(*objectname) [38ms]
2023-03-02 12:26:42.235 [info] > git for-each-ref --format=%(refname)%00%(upstream:short)%00%(objectname)%00%(upstream:track)%00%(upstream:remotename)%00%(upstream:remoteref) refs/heads/master refs/remotes/master [56ms]
2023-03-02 12:26:42.244 [info] > git rev-parse --show-toplevel [26ms]
2023-03-02 12:26:42.257 [info] > git rev-parse --git-dir --git-common-dir [2ms]
2023-03-02 12:26:42.261 [info] Log level: Info
2023-03-02 12:26:42.261 [info] Open repository: /home/yunis/phase-1-intro-to-context
2023-03-02 12:26:42.303 [info] > git config --get commit.template [72ms]
2023-03-02 12:26:42.326 [info] > git status -z -uall [34ms]
2023-03-02 12:26:42.327 [info] > git rev-parse --show-toplevel [24ms]
2023-03-02 12:26:42.338 [info] > git remote --verbose [54ms]
2023-03-02 12:26:42.338 [info] > git for-each-ref --sort -committerdate --format %(refname) %(objectname) %(*objectname) [61ms]
2023-03-02 12:26:42.341 [info] > git rev-parse --git-dir --git-common-dir [6ms]
2023-03-02 12:26:42.345 [info] Log level: Info
2023-03-02 12:26:42.345 [info] Open repository: /home/yunis/phase-1-javascript-functions-continued
2023-03-02 12:26:42.390 [info] > git config --get commit.template [68ms]
2023-03-02 12:26:42.391 [info] > git for-each-ref --format=%(refname)%00%(upstream:short)%00%(objectname)%00%(upstream:track)%00%(upstream:remotename)%00%(upstream:remoteref) refs/heads/master refs/remotes/master [79ms]
2023-03-02 12:26:42.403 [info] > git status -z -uall [28ms]
2023-03-02 12:26:42.404 [info] > git rev-parse --show-toplevel [14ms]
2023-03-02 12:26:42.424 [info] > git remote --verbose [56ms]
2023-03-02 12:26:42.424 [info] > git for-each-ref --sort -committerdate --format %(refname) %(objectname) %(*objectname) [69ms]
2023-03-02 12:26:42.438 [info] > git rev-parse --git-dir --git-common-dir [18ms]
2023-03-02 12:26:42.441 [info] Log level: Info
2023-03-02 12:26:42.441 [info] Open repository: /home/yunis/phase-1-javascript-variables-lab
2023-03-02 12:26:42.476 [info] > git config --get commit.template [74ms]
2023-03-02 12:26:42.491 [info] > git status -z -uall [24ms]
2023-03-02 12:26:42.492 [info] > git remote --verbose [33ms]
2023-03-02 12:26:42.492 [info] > git for-each-ref --sort -committerdate --format %(refname) %(objectname) %(*objectname) [43ms]
2023-03-02 12:26:42.493 [info] > git for-each-ref --format=%(refname)%00%(upstream:short)%00%(objectname)%00%(upstream:track)%00%(upstream:remotename)%00%(upstream:remoteref) refs/heads/master refs/remotes/master [58ms]
2023-03-02 12:26:42.513 [info] > git config --get commit.template [28ms]
2023-03-02 12:26:42.514 [info] > git rev-parse --show-toplevel [38ms]
2023-03-02 12:26:42.522 [info] > git for-each-ref --format=%(refname)%00%(upstream:short)%00%(objectname)%00%(upstream:track)%00%(upstream:remotename)%00%(upstream:remoteref) refs/heads/master refs/remotes/master [11ms]
2023-03-02 12:26:42.536 [info] > git rev-parse --git-dir --git-common-dir [13ms]
2023-03-02 12:26:42.540 [info] Log level: Info
2023-03-02 12:26:42.540 [info] Open repository: /home/yunis/phase-1-mock-cc-ramen-rater
2023-03-02 12:26:42.588 [info] > git status -z -uall [24ms]
2023-03-02 12:26:42.589 [info] > git remote --verbose [34ms]
2023-03-02 12:26:42.590 [info] > git for-each-ref --sort -committerdate --format %(refname) %(objectname) %(*objectname) [42ms]
2023-03-02 12:26:42.590 [info] > git for-each-ref --format=%(refname)%00%(upstream:short)%00%(objectname)%00%(upstream:track)%00%(upstream:remotename)%00%(upstream:remoteref) refs/heads/master refs/remotes/master [57ms]
2023-03-02 12:26:42.598 [info] > git config --get commit.template [15ms]
2023-03-02 12:26:42.599 [info] > git rev-parse --show-toplevel [28ms]
2023-03-02 12:26:42.609 [info] > git rev-parse --git-dir --git-common-dir [2ms]
2023-03-02 12:26:42.612 [info] Log level: Info
2023-03-02 12:26:42.612 [info] Open repository: /home/yunis/phase-1-review-strings-lab
2023-03-02 12:26:42.687 [info] > git status -z -uall [50ms]
2023-03-02 12:26:42.688 [info] > git remote --verbose [59ms]
2023-03-02 12:26:42.689 [info] > git for-each-ref --sort -committerdate --format %(refname) %(objectname) %(*objectname) [69ms]
2023-03-02 12:26:42.693 [info] > git config --get commit.template [14ms]
2023-03-02 12:26:42.694 [info] > git for-each-ref --format=%(refname)%00%(upstream:short)%00%(objectname)%00%(upstream:track)%00%(upstream:remotename)%00%(upstream:remoteref) refs/heads/main refs/remotes/main [38ms]
2023-03-02 12:26:42.696 [info] > git rev-parse --show-toplevel [50ms]
2023-03-02 12:26:42.709 [info] > git rev-parse --git-dir --git-common-dir [6ms]
2023-03-02 12:26:42.712 [info] Log level: Info
2023-03-02 12:26:42.712 [info] Open repository: /home/yunis/phase-1-scope-lab
2023-03-02 12:26:42.766 [info] > git status -z -uall [34ms]
2023-03-02 12:26:42.767 [info] > git remote --verbose [41ms]
2023-03-02 12:26:42.767 [info] > git for-each-ref --sort -committerdate --format %(refname) %(objectname) %(*objectname) [49ms]
2023-03-02 12:26:42.771 [info] > git config --get commit.template [11ms]
2023-03-02 12:26:42.772 [info] > git for-each-ref --format=%(refname)%00%(upstream:short)%00%(objectname)%00%(upstream:track)%00%(upstream:remotename)%00%(upstream:remoteref) refs/heads/master refs/remotes/master [23ms]
2023-03-02 12:26:42.776 [info] > git rev-parse --show-toplevel [35ms]
2023-03-02 12:26:42.798 [info] > git rev-parse --git-dir --git-common-dir [14ms]
2023-03-02 12:26:42.800 [info] Log level: Info
2023-03-02 12:26:42.800 [info] Open repository: /home/yunis/project-1-digital-clock
2023-03-02 12:26:42.866 [info] > git status -z -uall [43ms]
2023-03-02 12:26:42.867 [info] > git rev-parse --show-toplevel [37ms]
2023-03-02 12:26:42.876 [info] > git remote --verbose [60ms]
2023-03-02 12:26:42.876 [info] > git for-each-ref --sort -committerdate --format %(refname) %(objectname) %(*objectname) [69ms]
2023-03-02 12:26:42.876 [info] > git for-each-ref --format=%(refname)%00%(upstream:short)%00%(objectname)%00%(upstream:track)%00%(upstream:remotename)%00%(upstream:remoteref) refs/heads/master refs/remotes/master [80ms]
2023-03-02 12:26:42.880 [info] > git rev-parse --show-toplevel [4ms]
2023-03-02 12:26:42.889 [info] > git config --get commit.template [25ms]
2023-03-02 12:26:42.900 [info] > git rev-parse --show-toplevel [12ms]
2023-03-02 12:26:42.911 [info] > git for-each-ref --format=%(refname)%00%(upstream:short)%00%(objectname)%00%(upstream:track)%00%(upstream:remotename)%00%(upstream:remoteref) refs/heads/main refs/remotes/main [11ms]
2023-03-02 12:26:42.915 [info] > git rev-parse --git-dir --git-common-dir [6ms]
2023-03-02 12:26:42.917 [info] Log level: Info
2023-03-02 12:26:42.917 [info] Open repository: /home/yunis/sumaya-code-1
2023-03-02 12:26:42.980 [info] > git status -z -uall [40ms]
2023-03-02 12:26:42.980 [info] > git rev-parse --show-toplevel [22ms]
2023-03-02 12:26:42.991 [info] > git remote --verbose [58ms]
2023-03-02 12:26:42.991 [info] > git for-each-ref --sort -committerdate --format %(refname) %(objectname) %(*objectname) [65ms]
2023-03-02 12:26:42.995 [info] > git rev-parse --show-toplevel [6ms]
2023-03-02 12:26:43.007 [info] > git config --get commit.template [25ms]
2023-03-02 12:26:43.012 [info] > git rev-parse --git-dir --git-common-dir [7ms]
2023-03-02 12:26:43.015 [info] Log level: Info
2023-03-02 12:26:43.015 [info] Open repository: /home/yunis/yunis-code-1
2023-03-02 12:26:43.066 [info] > git status -z -uall [29ms]
2023-03-02 12:26:43.067 [info] > git rev-parse --show-toplevel [21ms]
2023-03-02 12:26:43.086 [info] > git remote --verbose [57ms]
2023-03-02 12:26:43.087 [info] > git for-each-ref --sort -committerdate --format %(refname) %(objectname) %(*objectname) [64ms]
2023-03-02 12:26:43.091 [info] > git rev-parse --git-dir --git-common-dir [6ms]
2023-03-02 12:26:43.097 [info] Log level: Info
2023-03-02 12:26:43.098 [info] Open repository: /home/yunis/yunis-code-2
2023-03-02 12:26:43.149 [info] > git config --get commit.template [83ms]
2023-03-02 12:26:43.149 [info] > git for-each-ref --format=%(refname)%00%(upstream:short)%00%(objectname)%00%(upstream:track)%00%(upstream:remotename)%00%(upstream:remoteref) refs/heads/main refs/remotes/main [94ms]
2023-03-02 12:26:43.172 [info] > git status -z -uall [30ms]
2023-03-02 12:26:43.172 [info] > git rev-parse --show-toplevel [24ms]
2023-03-02 12:26:43.195 [info] > git remote --verbose [64ms]
2023-03-02 12:26:43.195 [info] > git for-each-ref --sort -committerdate --format %(refname) %(objectname) %(*objectname) [83ms]
2023-03-02 12:26:43.211 [info] > git rev-parse --git-dir --git-common-dir [17ms]
2023-03-02 12:26:43.213 [info] Log level: Info
2023-03-02 12:26:43.214 [info] Open repository: /home/yunis/yunis-code-3
2023-03-02 12:26:43.270 [info] > git config --get commit.template [109ms]
2023-03-02 12:26:43.294 [info] > git status -z -uall [52ms]
2023-03-02 12:26:43.294 [info] > git show --textconv :index.js [43ms]
2023-03-02 12:26:43.302 [info] > git remote --verbose [62ms]
2023-03-02 12:26:43.303 [info] > git for-each-ref --sort -committerdate --format %(refname) %(objectname) %(*objectname) [80ms]
2023-03-02 12:26:43.303 [info] > git for-each-ref --format=%(refname)%00%(upstream:short)%00%(objectname)%00%(upstream:track)%00%(upstream:remotename)%00%(upstream:remoteref) refs/heads/main refs/remotes/main [97ms]
2023-03-02 12:26:43.319 [info] > git config --get commit.template [25ms]
2023-03-02 12:26:43.320 [info] > git ls-files --stage -- /home/yunis/index.js [50ms]
2023-03-02 12:26:43.335 [info] > git for-each-ref --format=%(refname)%00%(upstream:short)%00%(objectname)%00%(upstream:track)%00%(upstream:remotename)%00%(upstream:remoteref) refs/heads/main refs/remotes/main [19ms]
2023-03-02 12:26:43.340 [info] > git for-each-ref --format=%(refname)%00%(upstream:short)%00%(objectname)%00%(upstream:track)%00%(upstream:remotename)%00%(upstream:remoteref) refs/heads/main refs/remotes/main [6ms]
2023-03-02 12:26:43.474 [info] > git status -z -uall [7807ms] (cancelled)
2023-03-02 12:26:43.488 [info] > git check-ignore -v -z --stdin [15ms]
2023-03-02 12:26:44.817 [info] > git check-ignore -v -z --stdin [364ms]
2023-03-02 12:26:44.822 [info] > git check-ignore -v -z --stdin [341ms]
2023-03-02 12:26:44.823 [info] > git check-ignore -v -z --stdin [316ms]
2023-03-02 12:26:44.823 [info] > git check-ignore -v -z --stdin [291ms]
2023-03-02 12:26:44.824 [info] > git check-ignore -v -z --stdin [277ms]
2023-03-02 12:26:44.824 [info] > git check-ignore -v -z --stdin [261ms]
2023-03-02 12:26:44.824 [info] > git check-ignore -v -z --stdin [251ms]
2023-03-02 12:26:44.824 [info] > git check-ignore -v -z --stdin [241ms]
2023-03-02 12:26:44.824 [info] > git check-ignore -v -z --stdin [230ms]
2023-03-02 12:26:44.825 [info] > git check-ignore -v -z --stdin [221ms]
2023-03-02 12:26:44.825 [info] > git check-ignore -v -z --stdin [208ms]
2023-03-02 12:26:44.829 [info] > git check-ignore -v -z --stdin [201ms]
2023-03-02 12:26:44.830 [info] > git check-ignore -v -z --stdin [190ms]
2023-03-02 12:26:44.830 [info] > git check-ignore -v -z --stdin [181ms]
2023-03-02 12:26:44.830 [info] > git check-ignore -v -z --stdin [171ms]
2023-03-02 12:26:44.830 [info] > git check-ignore -v -z --stdin [161ms]
2023-03-02 12:26:44.831 [info] > git check-ignore -v -z --stdin [153ms]
2023-03-02 12:26:44.831 [info] > git check-ignore -v -z --stdin [141ms]
2023-03-02 12:26:44.831 [info] > git check-ignore -v -z --stdin [132ms]
2023-03-02 12:26:44.831 [info] > git check-ignore -v -z --stdin [123ms]
2023-03-02 12:26:44.831 [info] > git check-ignore -v -z --stdin [115ms]
2023-03-02 12:26:44.832 [info] > git check-ignore -v -z --stdin [110ms]
2023-03-02 12:26:44.832 [info] > git check-ignore -v -z --stdin [102ms]
2023-03-02 12:26:44.833 [info] > git check-ignore -v -z --stdin [97ms]
2023-03-02 12:26:44.833 [info] > git check-ignore -v -z --stdin [87ms]
2023-03-02 12:26:44.833 [info] > git check-ignore -v -z --stdin [81ms]
2023-03-02 12:26:44.833 [info] > git check-ignore -v -z --stdin [73ms]
2023-03-02 12:26:44.834 [info] > git check-ignore -v -z --stdin [66ms]
2023-03-02 12:26:44.834 [info] > git check-ignore -v -z --stdin [57ms]
2023-03-02 12:26:44.834 [info] > git check-ignore -v -z --stdin [48ms]
2023-03-02 12:26:44.835 [info] > git check-ignore -v -z --stdin [42ms]
2023-03-02 12:26:44.835 [info] > git check-ignore -v -z --stdin [34ms]
2023-03-02 12:26:45.329 [info] > git check-ignore -v -z --stdin [14ms]
2023-03-02 12:26:45.329 [info] > git check-ignore -v -z --stdin [8ms]
2023-03-02 12:26:45.330 [info] > git check-ignore -v -z --stdin [2ms]
2023-03-02 12:26:46.854 [info] > git check-ignore -v -z --stdin [19ms]
2023-03-02 12:26:46.854 [info] > git check-ignore -v -z --stdin [10ms]
2023-03-02 12:26:46.855 [info] > git check-ignore -v -z --stdin [3ms]
2023-03-02 12:27:00.282 [info] > git remote --verbose [1572ms]
2023-03-02 12:27:00.284 [info] > git for-each-ref --sort -committerdate --format %(refname) %(objectname) %(*objectname) [1579ms]
2023-03-02 12:27:00.291 [info] > git config --get commit.template [15ms]
2023-03-02 12:27:00.326 [info] > git status -z -uall [1610ms] (cancelled)
2023-03-02 12:27:00.327 [info] > git for-each-ref --format=%(refname)%00%(upstream:short)%00%(objectname)%00%(upstream:track)%00%(upstream:remotename)%00%(upstream:remoteref) refs/heads/main refs/remotes/main [27ms]
2023-03-02 12:27:03.526 [info] > git check-ignore -v -z --stdin [29ms]
2023-03-02 12:27:03.526 [info] > git check-ignore -v -z --stdin [13ms]
2023-03-02 12:27:03.527 [info] > git check-ignore -v -z --stdin [2ms]
2023-03-02 12:27:04.856 [info] > git check-ignore -v -z --stdin [85ms]
2023-03-02 12:27:04.857 [info] > git check-ignore -v -z --stdin [70ms]
2023-03-02 12:27:04.857 [info] > git check-ignore -v -z --stdin [57ms]
2023-03-02 12:27:04.857 [info] > git check-ignore -v -z --stdin [44ms]
2023-03-02 12:27:04.857 [info] > git check-ignore -v -z --stdin [21ms]
2023-03-02 12:27:04.857 [info] > git check-ignore -v -z --stdin [7ms]
2023-03-02 12:27:04.861 [info] > git check-ignore -v -z --stdin [37ms]
2023-03-02 12:27:05.416 [info] > git check-ignore -v -z --stdin [25ms]
2023-03-02 12:27:08.070 [info] > git check-ignore -v -z --stdin [126ms]
2023-03-02 12:27:08.072 [info] > git check-ignore -v -z --stdin [91ms]
2023-03-02 12:27:08.073 [info] > git check-ignore -v -z --stdin [64ms]
2023-03-02 12:27:08.076 [info] > git check-ignore -v -z --stdin [41ms]
2023-03-02 12:27:08.131 [info] > git check-ignore -v -z --stdin [67ms]
2023-03-02 12:27:43.362 [info] > git check-ignore -v -z --stdin [5ms]
2023-03-02 12:27:47.212 [info] > git show --textconv :my_list.html [9ms]
2023-03-02 12:27:47.214 [info] > git ls-files --stage -- /home/yunis/phase-0-html-experiencing-html-lab/my_list.html [2ms]
2023-03-02 12:27:47.224 [info] > git cat-file -s 4453c65ab52d8ae1ecf7ea18bdbe63121a7eceef [2ms]
2023-03-02 12:27:51.283 [info] > git show --textconv :my_list.txt [27ms]
2023-03-02 12:27:51.289 [info] > git ls-files --stage -- /home/yunis/phase-0-html-experiencing-html-lab/my_list.txt [7ms]
2023-03-02 12:27:51.314 [info] > git cat-file -s befd03190cb50575ecb91caed6244345c3cf9a70 [5ms]
