2023-02-14 11:13:43.150 [info] Validating found git in: git
2023-02-14 11:13:43.150 [info] Using git 2.38.1 from git
2023-02-14 11:13:43.150 [info] > git rev-parse --show-toplevel [25ms]
2023-02-14 11:13:43.152 [info] > git rev-parse --git-dir --git-common-dir [7ms]
2023-02-14 11:13:43.174 [info] Log level: Info
2023-02-14 11:13:43.174 [info] Open repository: /home/yunis/phase-1-first-class-functions-lab
2023-02-14 11:13:43.443 [info] > git status -z -uall [215ms]
2023-02-14 11:13:43.445 [info] > git remote --verbose [232ms]
2023-02-14 11:13:43.447 [info] > git for-each-ref --sort -committerdate --format %(refname) %(objectname) %(*objectname) [253ms]
2023-02-14 11:13:43.452 [info] > git rev-parse --show-toplevel [212ms]
2023-02-14 11:13:43.502 [info] > git config --get commit.template [59ms]
2023-02-14 11:13:43.518 [info] > git rev-parse --show-toplevel [18ms]
2023-02-14 11:13:43.527 [info] > git for-each-ref --format=%(refname)%00%(upstream:short)%00%(objectname)%00%(upstream:track)%00%(upstream:remotename)%00%(upstream:remoteref) refs/heads/master refs/remotes/master [10ms]
2023-02-14 11:13:43.579 [info] > git status -z -uall [14ms]
2023-02-14 11:13:43.580 [info] > git remote --verbose [29ms]
2023-02-14 11:13:43.581 [info] > git for-each-ref --sort -committerdate --format %(refname) %(objectname) %(*objectname) [36ms]
2023-02-14 11:13:43.592 [info] > git config --get commit.template [13ms]
2023-02-14 11:13:43.596 [info] > git for-each-ref --format=%(refname)%00%(upstream:short)%00%(objectname)%00%(upstream:track)%00%(upstream:remotename)%00%(upstream:remoteref) refs/heads/master refs/remotes/master [5ms]
2023-02-14 11:13:43.768 [info] > git check-ignore -v -z --stdin [6ms]
2023-02-14 11:13:44.228 [info] > git show --textconv :index.js [62ms]
2023-02-14 11:13:44.233 [info] > git ls-files --stage -- /home/yunis/phase-1-first-class-functions-lab/index.js [7ms]
2023-02-14 11:13:44.314 [info] > git cat-file -s 18a78acae85a550ad6a19899d448aa4bf4b8985b [52ms]
2023-02-14 11:15:58.784 [info] > git status -z -uall [7ms]
2023-02-14 11:15:58.785 [info] > git remote --verbose [13ms]
2023-02-14 11:15:58.785 [info] > git for-each-ref --sort -committerdate --format %(refname) %(objectname) %(*objectname) [22ms]
2023-02-14 11:15:58.787 [info] > git config --get commit.template [3ms]
2023-02-14 11:15:58.794 [info] > git for-each-ref --format=%(refname)%00%(upstream:short)%00%(objectname)%00%(upstream:track)%00%(upstream:remotename)%00%(upstream:remoteref) refs/heads/master refs/remotes/master [2ms]
2023-02-14 11:16:04.063 [info] > git status -z -uall [8ms]
2023-02-14 11:16:04.064 [info] > git remote --verbose [19ms]
2023-02-14 11:16:04.065 [info] > git for-each-ref --sort -committerdate --format %(refname) %(objectname) %(*objectname) [35ms]
2023-02-14 11:16:04.067 [info] > git config --get commit.template [4ms]
2023-02-14 11:16:04.075 [info] > git for-each-ref --format=%(refname)%00%(upstream:short)%00%(objectname)%00%(upstream:track)%00%(upstream:remotename)%00%(upstream:remoteref) refs/heads/master refs/remotes/master [2ms]
2023-02-14 11:16:09.127 [info] > git remote --verbose [13ms]
2023-02-14 11:16:09.128 [info] > git for-each-ref --sort -committerdate --format %(refname) %(objectname) %(*objectname) [27ms]
2023-02-14 11:16:09.137 [info] > git status -z -uall [13ms]
2023-02-14 11:16:09.138 [info] > git config --get commit.template [2ms]
2023-02-14 11:16:09.146 [info] > git for-each-ref --format=%(refname)%00%(upstream:short)%00%(objectname)%00%(upstream:track)%00%(upstream:remotename)%00%(upstream:remoteref) refs/heads/master refs/remotes/master [2ms]
2023-02-14 11:16:15.976 [info] > git remote --verbose [11ms]
2023-02-14 11:16:15.979 [info] > git for-each-ref --sort -committerdate --format %(refname) %(objectname) %(*objectname) [18ms]
2023-02-14 11:16:15.987 [info] > git status -z -uall [16ms]
2023-02-14 11:16:16.000 [info] > git config --get commit.template [14ms]
2023-02-14 11:16:16.001 [info] > git for-each-ref --format=%(refname)%00%(upstream:short)%00%(objectname)%00%(upstream:track)%00%(upstream:remotename)%00%(upstream:remoteref) refs/heads/master refs/remotes/master [2ms]
2023-02-14 11:16:26.983 [info] > git status -z -uall [11ms]
2023-02-14 11:16:26.984 [info] > git remote --verbose [28ms]
2023-02-14 11:16:26.985 [info] > git for-each-ref --sort -committerdate --format %(refname) %(objectname) %(*objectname) [45ms]
2023-02-14 11:16:26.986 [info] > git config --get commit.template [4ms]
2023-02-14 11:16:26.996 [info] > git for-each-ref --format=%(refname)%00%(upstream:short)%00%(objectname)%00%(upstream:track)%00%(upstream:remotename)%00%(upstream:remoteref) refs/heads/master refs/remotes/master [2ms]
2023-02-14 11:16:32.411 [info] > git status -z -uall [7ms]
2023-02-14 11:16:32.412 [info] > git remote --verbose [16ms]
2023-02-14 11:16:32.412 [info] > git for-each-ref --sort -committerdate --format %(refname) %(objectname) %(*objectname) [31ms]
2023-02-14 11:16:32.413 [info] > git config --get commit.template [3ms]
2023-02-14 11:16:32.422 [info] > git for-each-ref --format=%(refname)%00%(upstream:short)%00%(objectname)%00%(upstream:track)%00%(upstream:remotename)%00%(upstream:remoteref) refs/heads/master refs/remotes/master [1ms]
2023-02-14 11:16:37.487 [info] > git status -z -uall [13ms]
2023-02-14 11:16:37.490 [info] > git remote --verbose [32ms]
2023-02-14 11:16:37.490 [info] > git for-each-ref --sort -committerdate --format %(refname) %(objectname) %(*objectname) [49ms]
2023-02-14 11:16:37.491 [info] > git config --get commit.template [5ms]
2023-02-14 11:16:37.502 [info] > git for-each-ref --format=%(refname)%00%(upstream:short)%00%(objectname)%00%(upstream:track)%00%(upstream:remotename)%00%(upstream:remoteref) refs/heads/master refs/remotes/master [2ms]
2023-02-14 11:17:18.294 [info] > git status -z -uall [5ms]
2023-02-14 11:17:18.295 [info] > git remote --verbose [10ms]
2023-02-14 11:17:18.295 [info] > git for-each-ref --sort -committerdate --format %(refname) %(objectname) %(*objectname) [16ms]
2023-02-14 11:17:18.296 [info] > git config --get commit.template [2ms]
2023-02-14 11:17:18.303 [info] > git for-each-ref --format=%(refname)%00%(upstream:short)%00%(objectname)%00%(upstream:track)%00%(upstream:remotename)%00%(upstream:remoteref) refs/heads/master refs/remotes/master [2ms]
2023-02-14 11:17:24.368 [info] > git status -z -uall [13ms]
2023-02-14 11:17:24.369 [info] > git remote --verbose [31ms]
2023-02-14 11:17:24.370 [info] > git for-each-ref --sort -committerdate --format %(refname) %(objectname) %(*objectname) [49ms]
2023-02-14 11:17:24.372 [info] > git config --get commit.template [5ms]
2023-02-14 11:17:24.382 [info] > git for-each-ref --format=%(refname)%00%(upstream:short)%00%(objectname)%00%(upstream:track)%00%(upstream:remotename)%00%(upstream:remoteref) refs/heads/master refs/remotes/master [2ms]
2023-02-14 11:17:33.202 [info] > git status -z -uall [10ms]
2023-02-14 11:17:33.203 [info] > git remote --verbose [23ms]
2023-02-14 11:17:33.204 [info] > git for-each-ref --sort -committerdate --format %(refname) %(objectname) %(*objectname) [40ms]
2023-02-14 11:17:33.204 [info] > git config --get commit.template [3ms]
2023-02-14 11:17:33.213 [info] > git for-each-ref --format=%(refname)%00%(upstream:short)%00%(objectname)%00%(upstream:track)%00%(upstream:remotename)%00%(upstream:remoteref) refs/heads/master refs/remotes/master [2ms]
2023-02-14 11:17:38.247 [info] > git status -z -uall [7ms]
2023-02-14 11:17:38.247 [info] > git remote --verbose [13ms]
2023-02-14 11:17:38.248 [info] > git for-each-ref --sort -committerdate --format %(refname) %(objectname) %(*objectname) [18ms]
2023-02-14 11:17:38.248 [info] > git config --get commit.template [2ms]
2023-02-14 11:17:38.255 [info] > git for-each-ref --format=%(refname)%00%(upstream:short)%00%(objectname)%00%(upstream:track)%00%(upstream:remotename)%00%(upstream:remoteref) refs/heads/master refs/remotes/master [2ms]
2023-02-14 11:17:43.317 [info] > git status -z -uall [11ms]
2023-02-14 11:17:43.318 [info] > git remote --verbose [23ms]
2023-02-14 11:17:43.319 [info] > git for-each-ref --sort -committerdate --format %(refname) %(objectname) %(*objectname) [41ms]
2023-02-14 11:17:43.320 [info] > git config --get commit.template [5ms]
2023-02-14 11:17:43.333 [info] > git for-each-ref --format=%(refname)%00%(upstream:short)%00%(objectname)%00%(upstream:track)%00%(upstream:remotename)%00%(upstream:remoteref) refs/heads/master refs/remotes/master [2ms]
2023-02-14 11:17:48.403 [info] > git status -z -uall [8ms]
2023-02-14 11:17:48.404 [info] > git remote --verbose [22ms]
2023-02-14 11:17:48.405 [info] > git for-each-ref --sort -committerdate --format %(refname) %(objectname) %(*objectname) [45ms]
2023-02-14 11:17:48.406 [info] > git config --get commit.template [2ms]
2023-02-14 11:17:48.415 [info] > git for-each-ref --format=%(refname)%00%(upstream:short)%00%(objectname)%00%(upstream:track)%00%(upstream:remotename)%00%(upstream:remoteref) refs/heads/master refs/remotes/master [2ms]
2023-02-14 11:17:53.485 [info] > git status -z -uall [14ms]
2023-02-14 11:17:53.486 [info] > git remote --verbose [32ms]
2023-02-14 11:17:53.486 [info] > git for-each-ref --sort -committerdate --format %(refname) %(objectname) %(*objectname) [52ms]
2023-02-14 11:17:53.488 [info] > git config --get commit.template [4ms]
2023-02-14 11:17:53.496 [info] > git for-each-ref --format=%(refname)%00%(upstream:short)%00%(objectname)%00%(upstream:track)%00%(upstream:remotename)%00%(upstream:remoteref) refs/heads/master refs/remotes/master [1ms]
2023-02-14 11:17:58.561 [info] > git status -z -uall [10ms]
2023-02-14 11:17:58.561 [info] > git remote --verbose [21ms]
2023-02-14 11:17:58.562 [info] > git for-each-ref --sort -committerdate --format %(refname) %(objectname) %(*objectname) [42ms]
2023-02-14 11:17:58.563 [info] > git config --get commit.template [3ms]
2023-02-14 11:17:58.572 [info] > git for-each-ref --format=%(refname)%00%(upstream:short)%00%(objectname)%00%(upstream:track)%00%(upstream:remotename)%00%(upstream:remoteref) refs/heads/master refs/remotes/master [2ms]
2023-02-14 11:18:03.627 [info] > git status -z -uall [9ms]
2023-02-14 11:18:03.628 [info] > git remote --verbose [19ms]
2023-02-14 11:18:03.628 [info] > git for-each-ref --sort -committerdate --format %(refname) %(objectname) %(*objectname) [37ms]
2023-02-14 11:18:03.629 [info] > git config --get commit.template [4ms]
2023-02-14 11:18:03.638 [info] > git for-each-ref --format=%(refname)%00%(upstream:short)%00%(objectname)%00%(upstream:track)%00%(upstream:remotename)%00%(upstream:remoteref) refs/heads/master refs/remotes/master [2ms]
2023-02-14 11:18:08.670 [info] > git status -z -uall [7ms]
2023-02-14 11:18:08.671 [info] > git remote --verbose [12ms]
2023-02-14 11:18:08.671 [info] > git for-each-ref --sort -committerdate --format %(refname) %(objectname) %(*objectname) [18ms]
2023-02-14 11:18:08.672 [info] > git config --get commit.template [2ms]
2023-02-14 11:18:08.679 [info] > git for-each-ref --format=%(refname)%00%(upstream:short)%00%(objectname)%00%(upstream:track)%00%(upstream:remotename)%00%(upstream:remoteref) refs/heads/master refs/remotes/master [2ms]
2023-02-14 11:19:24.202 [info] > git status -z -uall [18ms]
2023-02-14 11:19:24.203 [info] > git remote --verbose [43ms]
2023-02-14 11:19:24.203 [info] > git for-each-ref --sort -committerdate --format %(refname) %(objectname) %(*objectname) [75ms]
2023-02-14 11:19:24.205 [info] > git config --get commit.template [6ms]
2023-02-14 11:19:24.220 [info] > git for-each-ref --format=%(refname)%00%(upstream:short)%00%(objectname)%00%(upstream:track)%00%(upstream:remotename)%00%(upstream:remoteref) refs/heads/master refs/remotes/master [1ms]
2023-02-14 11:19:29.281 [info] > git status -z -uall [9ms]
2023-02-14 11:19:29.282 [info] > git remote --verbose [21ms]
2023-02-14 11:19:29.282 [info] > git for-each-ref --sort -committerdate --format %(refname) %(objectname) %(*objectname) [39ms]
2023-02-14 11:19:29.283 [info] > git config --get commit.template [2ms]
2023-02-14 11:19:29.292 [info] > git for-each-ref --format=%(refname)%00%(upstream:short)%00%(objectname)%00%(upstream:track)%00%(upstream:remotename)%00%(upstream:remoteref) refs/heads/master refs/remotes/master [1ms]
2023-02-14 11:19:34.363 [info] > git status -z -uall [12ms]
2023-02-14 11:19:34.363 [info] > git remote --verbose [26ms]
2023-02-14 11:19:34.364 [info] > git for-each-ref --sort -committerdate --format %(refname) %(objectname) %(*objectname) [47ms]
2023-02-14 11:19:34.365 [info] > git config --get commit.template [4ms]
2023-02-14 11:19:34.374 [info] > git for-each-ref --format=%(refname)%00%(upstream:short)%00%(objectname)%00%(upstream:track)%00%(upstream:remotename)%00%(upstream:remoteref) refs/heads/master refs/remotes/master [2ms]
2023-02-14 11:21:54.561 [info] > git remote --verbose [13ms]
2023-02-14 11:21:54.562 [info] > git for-each-ref --sort -committerdate --format %(refname) %(objectname) %(*objectname) [22ms]
2023-02-14 11:21:54.573 [info] > git status -z -uall [14ms]
2023-02-14 11:21:54.587 [info] > git config --get commit.template [14ms]
2023-02-14 11:21:54.588 [info] > git for-each-ref --format=%(refname)%00%(upstream:short)%00%(objectname)%00%(upstream:track)%00%(upstream:remotename)%00%(upstream:remoteref) refs/heads/master refs/remotes/master [3ms]
2023-02-14 11:22:00.067 [info] > git status -z -uall [8ms]
2023-02-14 11:22:00.068 [info] > git remote --verbose [18ms]
2023-02-14 11:22:00.068 [info] > git for-each-ref --sort -committerdate --format %(refname) %(objectname) %(*objectname) [38ms]
2023-02-14 11:22:00.069 [info] > git config --get commit.template [2ms]
2023-02-14 11:22:00.077 [info] > git for-each-ref --format=%(refname)%00%(upstream:short)%00%(objectname)%00%(upstream:track)%00%(upstream:remotename)%00%(upstream:remoteref) refs/heads/master refs/remotes/master [1ms]
2023-02-14 11:22:13.300 [info] > git status -z -uall [11ms]
2023-02-14 11:22:13.301 [info] > git remote --verbose [21ms]
2023-02-14 11:22:13.301 [info] > git for-each-ref --sort -committerdate --format %(refname) %(objectname) %(*objectname) [31ms]
2023-02-14 11:22:13.302 [info] > git config --get commit.template [3ms]
2023-02-14 11:22:13.310 [info] > git for-each-ref --format=%(refname)%00%(upstream:short)%00%(objectname)%00%(upstream:track)%00%(upstream:remotename)%00%(upstream:remoteref) refs/heads/master refs/remotes/master [2ms]
2023-02-14 11:22:18.362 [info] > git status -z -uall [9ms]
2023-02-14 11:22:18.363 [info] > git remote --verbose [18ms]
2023-02-14 11:22:18.363 [info] > git for-each-ref --sort -committerdate --format %(refname) %(objectname) %(*objectname) [31ms]
2023-02-14 11:22:18.364 [info] > git config --get commit.template [2ms]
2023-02-14 11:22:18.372 [info] > git for-each-ref --format=%(refname)%00%(upstream:short)%00%(objectname)%00%(upstream:track)%00%(upstream:remotename)%00%(upstream:remoteref) refs/heads/master refs/remotes/master [2ms]
2023-02-14 11:22:23.402 [info] > git status -z -uall [8ms]
2023-02-14 11:22:23.402 [info] > git remote --verbose [14ms]
2023-02-14 11:22:23.403 [info] > git for-each-ref --sort -committerdate --format %(refname) %(objectname) %(*objectname) [19ms]
2023-02-14 11:22:23.403 [info] > git config --get commit.template [3ms]
2023-02-14 11:22:23.411 [info] > git for-each-ref --format=%(refname)%00%(upstream:short)%00%(objectname)%00%(upstream:track)%00%(upstream:remotename)%00%(upstream:remoteref) refs/heads/master refs/remotes/master [2ms]
2023-02-14 11:22:29.139 [info] > git status -z -uall [13ms]
2023-02-14 11:22:29.140 [info] > git remote --verbose [32ms]
2023-02-14 11:22:29.140 [info] > git for-each-ref --sort -committerdate --format %(refname) %(objectname) %(*objectname) [50ms]
2023-02-14 11:22:29.141 [info] > git config --get commit.template [3ms]
2023-02-14 11:22:29.151 [info] > git for-each-ref --format=%(refname)%00%(upstream:short)%00%(objectname)%00%(upstream:track)%00%(upstream:remotename)%00%(upstream:remoteref) refs/heads/master refs/remotes/master [2ms]
2023-02-14 11:22:34.211 [info] > git status -z -uall [10ms]
2023-02-14 11:22:34.211 [info] > git remote --verbose [19ms]
2023-02-14 11:22:34.212 [info] > git for-each-ref --sort -committerdate --format %(refname) %(objectname) %(*objectname) [32ms]
2023-02-14 11:22:34.213 [info] > git config --get commit.template [3ms]
2023-02-14 11:22:34.221 [info] > git for-each-ref --format=%(refname)%00%(upstream:short)%00%(objectname)%00%(upstream:track)%00%(upstream:remotename)%00%(upstream:remoteref) refs/heads/master refs/remotes/master [1ms]
2023-02-14 11:22:39.255 [info] > git status -z -uall [6ms]
2023-02-14 11:22:39.256 [info] > git remote --verbose [13ms]
2023-02-14 11:22:39.256 [info] > git for-each-ref --sort -committerdate --format %(refname) %(objectname) %(*objectname) [19ms]
2023-02-14 11:22:39.257 [info] > git config --get commit.template [2ms]
2023-02-14 11:22:39.265 [info] > git for-each-ref --format=%(refname)%00%(upstream:short)%00%(objectname)%00%(upstream:track)%00%(upstream:remotename)%00%(upstream:remoteref) refs/heads/master refs/remotes/master [1ms]
2023-02-14 11:22:44.327 [info] > git status -z -uall [8ms]
2023-02-14 11:22:44.328 [info] > git remote --verbose [21ms]
2023-02-14 11:22:44.328 [info] > git for-each-ref --sort -committerdate --format %(refname) %(objectname) %(*objectname) [40ms]
2023-02-14 11:22:44.329 [info] > git config --get commit.template [3ms]
2023-02-14 11:22:44.337 [info] > git for-each-ref --format=%(refname)%00%(upstream:short)%00%(objectname)%00%(upstream:track)%00%(upstream:remotename)%00%(upstream:remoteref) refs/heads/master refs/remotes/master [1ms]
2023-02-14 11:22:56.239 [info] > git status -z -uall [8ms]
2023-02-14 11:22:56.242 [info] > git remote --verbose [18ms]
2023-02-14 11:22:56.242 [info] > git for-each-ref --sort -committerdate --format %(refname) %(objectname) %(*objectname) [31ms]
2023-02-14 11:22:56.243 [info] > git config --get commit.template [5ms]
2023-02-14 11:22:56.251 [info] > git for-each-ref --format=%(refname)%00%(upstream:short)%00%(objectname)%00%(upstream:track)%00%(upstream:remotename)%00%(upstream:remoteref) refs/heads/master refs/remotes/master [2ms]
2023-02-14 11:23:01.279 [info] > git status -z -uall [7ms]
2023-02-14 11:23:01.280 [info] > git remote --verbose [14ms]
2023-02-14 11:23:01.280 [info] > git for-each-ref --sort -committerdate --format %(refname) %(objectname) %(*objectname) [21ms]
2023-02-14 11:23:01.281 [info] > git config --get commit.template [2ms]
2023-02-14 11:23:01.289 [info] > git for-each-ref --format=%(refname)%00%(upstream:short)%00%(objectname)%00%(upstream:track)%00%(upstream:remotename)%00%(upstream:remoteref) refs/heads/master refs/remotes/master [2ms]
2023-02-14 11:23:06.315 [info] > git status -z -uall [6ms]
2023-02-14 11:23:06.316 [info] > git remote --verbose [12ms]
2023-02-14 11:23:06.316 [info] > git for-each-ref --sort -committerdate --format %(refname) %(objectname) %(*objectname) [18ms]
2023-02-14 11:23:06.317 [info] > git config --get commit.template [2ms]
2023-02-14 11:23:06.324 [info] > git for-each-ref --format=%(refname)%00%(upstream:short)%00%(objectname)%00%(upstream:track)%00%(upstream:remotename)%00%(upstream:remoteref) refs/heads/master refs/remotes/master [2ms]
2023-02-14 11:23:13.529 [info] > git status -z -uall [6ms]
2023-02-14 11:23:13.529 [info] > git remote --verbose [13ms]
2023-02-14 11:23:13.530 [info] > git for-each-ref --sort -committerdate --format %(refname) %(objectname) %(*objectname) [19ms]
2023-02-14 11:23:13.530 [info] > git config --get commit.template [2ms]
2023-02-14 11:23:13.539 [info] > git for-each-ref --format=%(refname)%00%(upstream:short)%00%(objectname)%00%(upstream:track)%00%(upstream:remotename)%00%(upstream:remoteref) refs/heads/master refs/remotes/master [2ms]
2023-02-14 11:23:18.590 [info] > git status -z -uall [8ms]
2023-02-14 11:23:18.591 [info] > git remote --verbose [16ms]
2023-02-14 11:23:18.592 [info] > git for-each-ref --sort -committerdate --format %(refname) %(objectname) %(*objectname) [24ms]
2023-02-14 11:23:18.592 [info] > git config --get commit.template [4ms]
2023-02-14 11:23:18.600 [info] > git for-each-ref --format=%(refname)%00%(upstream:short)%00%(objectname)%00%(upstream:track)%00%(upstream:remotename)%00%(upstream:remoteref) refs/heads/master refs/remotes/master [2ms]
2023-02-14 11:23:31.211 [info] > git status -z -uall [10ms]
2023-02-14 11:23:31.212 [info] > git remote --verbose [20ms]
2023-02-14 11:23:31.213 [info] > git for-each-ref --sort -committerdate --format %(refname) %(objectname) %(*objectname) [29ms]
2023-02-14 11:23:31.214 [info] > git config --get commit.template [4ms]
2023-02-14 11:23:31.225 [info] > git for-each-ref --format=%(refname)%00%(upstream:short)%00%(objectname)%00%(upstream:track)%00%(upstream:remotename)%00%(upstream:remoteref) refs/heads/master refs/remotes/master [2ms]
2023-02-14 11:23:42.682 [info] > git status -z -uall [8ms]
2023-02-14 11:23:42.683 [info] > git remote --verbose [18ms]
2023-02-14 11:23:42.683 [info] > git for-each-ref --sort -committerdate --format %(refname) %(objectname) %(*objectname) [45ms]
2023-02-14 11:23:42.684 [info] > git config --get commit.template [3ms]
2023-02-14 11:23:42.691 [info] > git for-each-ref --format=%(refname)%00%(upstream:short)%00%(objectname)%00%(upstream:track)%00%(upstream:remotename)%00%(upstream:remoteref) refs/heads/master refs/remotes/master [2ms]
2023-02-14 11:23:47.737 [info] > git status -z -uall [7ms]
2023-02-14 11:23:47.738 [info] > git remote --verbose [15ms]
2023-02-14 11:23:47.738 [info] > git for-each-ref --sort -committerdate --format %(refname) %(objectname) %(*objectname) [28ms]
2023-02-14 11:23:47.738 [info] > git config --get commit.template [2ms]
2023-02-14 11:23:47.746 [info] > git for-each-ref --format=%(refname)%00%(upstream:short)%00%(objectname)%00%(upstream:track)%00%(upstream:remotename)%00%(upstream:remoteref) refs/heads/master refs/remotes/master [1ms]
2023-02-14 11:23:52.780 [info] > git status -z -uall [10ms]
2023-02-14 11:23:52.781 [info] > git remote --verbose [17ms]
2023-02-14 11:23:52.781 [info] > git for-each-ref --sort -committerdate --format %(refname) %(objectname) %(*objectname) [24ms]
2023-02-14 11:23:52.782 [info] > git config --get commit.template [3ms]
2023-02-14 11:23:52.794 [info] > git for-each-ref --format=%(refname)%00%(upstream:short)%00%(objectname)%00%(upstream:track)%00%(upstream:remotename)%00%(upstream:remoteref) refs/heads/master refs/remotes/master [3ms]
2023-02-14 11:23:58.265 [info] > git status -z -uall [9ms]
2023-02-14 11:23:58.265 [info] > git remote --verbose [15ms]
2023-02-14 11:23:58.266 [info] > git for-each-ref --sort -committerdate --format %(refname) %(objectname) %(*objectname) [21ms]
2023-02-14 11:23:58.267 [info] > git config --get commit.template [6ms]
2023-02-14 11:23:58.276 [info] > git for-each-ref --format=%(refname)%00%(upstream:short)%00%(objectname)%00%(upstream:track)%00%(upstream:remotename)%00%(upstream:remoteref) refs/heads/master refs/remotes/master [2ms]
2023-02-14 11:24:03.350 [info] > git status -z -uall [10ms]
2023-02-14 11:24:03.351 [info] > git remote --verbose [21ms]
2023-02-14 11:24:03.351 [info] > git for-each-ref --sort -committerdate --format %(refname) %(objectname) %(*objectname) [41ms]
2023-02-14 11:24:03.353 [info] > git config --get commit.template [5ms]
2023-02-14 11:24:03.363 [info] > git for-each-ref --format=%(refname)%00%(upstream:short)%00%(objectname)%00%(upstream:track)%00%(upstream:remotename)%00%(upstream:remoteref) refs/heads/master refs/remotes/master [2ms]
2023-02-14 11:24:08.405 [info] > git status -z -uall [9ms]
2023-02-14 11:24:08.405 [info] > git remote --verbose [17ms]
2023-02-14 11:24:08.405 [info] > git for-each-ref --sort -committerdate --format %(refname) %(objectname) %(*objectname) [24ms]
2023-02-14 11:24:08.406 [info] > git config --get commit.template [4ms]
2023-02-14 11:24:08.414 [info] > git for-each-ref --format=%(refname)%00%(upstream:short)%00%(objectname)%00%(upstream:track)%00%(upstream:remotename)%00%(upstream:remoteref) refs/heads/master refs/remotes/master [2ms]
2023-02-14 11:24:13.460 [info] > git status -z -uall [8ms]
2023-02-14 11:24:13.461 [info] > git remote --verbose [16ms]
2023-02-14 11:24:13.461 [info] > git for-each-ref --sort -committerdate --format %(refname) %(objectname) %(*objectname) [27ms]
2023-02-14 11:24:13.462 [info] > git config --get commit.template [2ms]
2023-02-14 11:24:13.470 [info] > git for-each-ref --format=%(refname)%00%(upstream:short)%00%(objectname)%00%(upstream:track)%00%(upstream:remotename)%00%(upstream:remoteref) refs/heads/master refs/remotes/master [2ms]
2023-02-14 11:24:23.450 [info] > git status -z -uall [6ms]
2023-02-14 11:24:23.451 [info] > git remote --verbose [11ms]
2023-02-14 11:24:23.451 [info] > git for-each-ref --sort -committerdate --format %(refname) %(objectname) %(*objectname) [17ms]
2023-02-14 11:24:23.452 [info] > git config --get commit.template [2ms]
2023-02-14 11:24:23.459 [info] > git for-each-ref --format=%(refname)%00%(upstream:short)%00%(objectname)%00%(upstream:track)%00%(upstream:remotename)%00%(upstream:remoteref) refs/heads/master refs/remotes/master [2ms]
2023-02-14 11:24:31.936 [info] > git status -z -uall [7ms]
2023-02-14 11:24:31.937 [info] > git remote --verbose [14ms]
2023-02-14 11:24:31.937 [info] > git for-each-ref --sort -committerdate --format %(refname) %(objectname) %(*objectname) [22ms]
2023-02-14 11:24:31.938 [info] > git config --get commit.template [2ms]
2023-02-14 11:24:31.946 [info] > git for-each-ref --format=%(refname)%00%(upstream:short)%00%(objectname)%00%(upstream:track)%00%(upstream:remotename)%00%(upstream:remoteref) refs/heads/master refs/remotes/master [2ms]
2023-02-14 11:24:37.001 [info] > git status -z -uall [9ms]
2023-02-14 11:24:37.002 [info] > git remote --verbose [19ms]
2023-02-14 11:24:37.002 [info] > git for-each-ref --sort -committerdate --format %(refname) %(objectname) %(*objectname) [35ms]
2023-02-14 11:24:37.003 [info] > git config --get commit.template [2ms]
2023-02-14 11:24:37.012 [info] > git for-each-ref --format=%(refname)%00%(upstream:short)%00%(objectname)%00%(upstream:track)%00%(upstream:remotename)%00%(upstream:remoteref) refs/heads/master refs/remotes/master [2ms]
2023-02-14 11:25:12.253 [info] > git status -z -uall [7ms]
2023-02-14 11:25:12.253 [info] > git remote --verbose [14ms]
2023-02-14 11:25:12.254 [info] > git for-each-ref --sort -committerdate --format %(refname) %(objectname) %(*objectname) [20ms]
2023-02-14 11:25:12.254 [info] > git config --get commit.template [2ms]
2023-02-14 11:25:12.262 [info] > git for-each-ref --format=%(refname)%00%(upstream:short)%00%(objectname)%00%(upstream:track)%00%(upstream:remotename)%00%(upstream:remoteref) refs/heads/master refs/remotes/master [1ms]
2023-02-14 11:25:17.296 [info] > git status -z -uall [9ms]
2023-02-14 11:25:17.297 [info] > git remote --verbose [17ms]
2023-02-14 11:25:17.297 [info] > git for-each-ref --sort -committerdate --format %(refname) %(objectname) %(*objectname) [24ms]
2023-02-14 11:25:17.299 [info] > git config --get commit.template [3ms]
2023-02-14 11:25:17.310 [info] > git for-each-ref --format=%(refname)%00%(upstream:short)%00%(objectname)%00%(upstream:track)%00%(upstream:remotename)%00%(upstream:remoteref) refs/heads/master refs/remotes/master [3ms]
2023-02-14 11:25:26.016 [info] > git status -z -uall [14ms]
2023-02-14 11:25:26.016 [info] > git remote --verbose [19ms]
2023-02-14 11:25:26.017 [info] > git for-each-ref --sort -committerdate --format %(refname) %(objectname) %(*objectname) [26ms]
2023-02-14 11:25:26.017 [info] > git config --get commit.template [9ms]
2023-02-14 11:25:26.028 [info] > git for-each-ref --format=%(refname)%00%(upstream:short)%00%(objectname)%00%(upstream:track)%00%(upstream:remotename)%00%(upstream:remoteref) refs/heads/master refs/remotes/master [3ms]
2023-02-14 11:25:31.081 [info] > git status -z -uall [9ms]
2023-02-14 11:25:31.081 [info] > git remote --verbose [19ms]
2023-02-14 11:25:31.082 [info] > git for-each-ref --sort -committerdate --format %(refname) %(objectname) %(*objectname) [32ms]
2023-02-14 11:25:31.083 [info] > git config --get commit.template [3ms]
2023-02-14 11:25:31.092 [info] > git for-each-ref --format=%(refname)%00%(upstream:short)%00%(objectname)%00%(upstream:track)%00%(upstream:remotename)%00%(upstream:remoteref) refs/heads/master refs/remotes/master [2ms]
2023-02-14 11:25:36.163 [info] > git status -z -uall [11ms]
2023-02-14 11:25:36.164 [info] > git remote --verbose [29ms]
2023-02-14 11:25:36.164 [info] > git for-each-ref --sort -committerdate --format %(refname) %(objectname) %(*objectname) [49ms]
2023-02-14 11:25:36.165 [info] > git config --get commit.template [3ms]
2023-02-14 11:25:36.174 [info] > git for-each-ref --format=%(refname)%00%(upstream:short)%00%(objectname)%00%(upstream:track)%00%(upstream:remotename)%00%(upstream:remoteref) refs/heads/master refs/remotes/master [2ms]
2023-02-14 11:25:41.228 [info] > git status -z -uall [8ms]
2023-02-14 11:25:41.229 [info] > git remote --verbose [17ms]
2023-02-14 11:25:41.229 [info] > git for-each-ref --sort -committerdate --format %(refname) %(objectname) %(*objectname) [35ms]
2023-02-14 11:25:41.230 [info] > git config --get commit.template [2ms]
2023-02-14 11:25:41.238 [info] > git for-each-ref --format=%(refname)%00%(upstream:short)%00%(objectname)%00%(upstream:track)%00%(upstream:remotename)%00%(upstream:remoteref) refs/heads/master refs/remotes/master [2ms]
2023-02-14 11:26:09.966 [info] > git status -z -uall [8ms]
2023-02-14 11:26:09.967 [info] > git remote --verbose [17ms]
2023-02-14 11:26:09.967 [info] > git for-each-ref --sort -committerdate --format %(refname) %(objectname) %(*objectname) [33ms]
2023-02-14 11:26:09.968 [info] > git config --get commit.template [1ms]
2023-02-14 11:26:09.976 [info] > git for-each-ref --format=%(refname)%00%(upstream:short)%00%(objectname)%00%(upstream:track)%00%(upstream:remotename)%00%(upstream:remoteref) refs/heads/master refs/remotes/master [2ms]
2023-02-14 11:26:37.646 [info] > git status -z -uall [8ms]
2023-02-14 11:26:37.647 [info] > git remote --verbose [20ms]
2023-02-14 11:26:37.647 [info] > git for-each-ref --sort -committerdate --format %(refname) %(objectname) %(*objectname) [45ms]
2023-02-14 11:26:37.648 [info] > git config --get commit.template [2ms]
2023-02-14 11:26:37.656 [info] > git for-each-ref --format=%(refname)%00%(upstream:short)%00%(objectname)%00%(upstream:track)%00%(upstream:remotename)%00%(upstream:remoteref) refs/heads/master refs/remotes/master [2ms]
2023-02-14 11:26:42.716 [info] > git status -z -uall [9ms]
2023-02-14 11:26:42.717 [info] > git remote --verbose [23ms]
2023-02-14 11:26:42.718 [info] > git for-each-ref --sort -committerdate --format %(refname) %(objectname) %(*objectname) [40ms]
2023-02-14 11:26:42.718 [info] > git config --get commit.template [3ms]
2023-02-14 11:26:42.728 [info] > git for-each-ref --format=%(refname)%00%(upstream:short)%00%(objectname)%00%(upstream:track)%00%(upstream:remotename)%00%(upstream:remoteref) refs/heads/master refs/remotes/master [2ms]
2023-02-14 11:26:47.759 [info] > git status -z -uall [6ms]
2023-02-14 11:26:47.760 [info] > git remote --verbose [11ms]
2023-02-14 11:26:47.760 [info] > git for-each-ref --sort -committerdate --format %(refname) %(objectname) %(*objectname) [17ms]
2023-02-14 11:26:47.761 [info] > git config --get commit.template [2ms]
2023-02-14 11:26:47.768 [info] > git for-each-ref --format=%(refname)%00%(upstream:short)%00%(objectname)%00%(upstream:track)%00%(upstream:remotename)%00%(upstream:remoteref) refs/heads/master refs/remotes/master [2ms]
2023-02-14 11:27:44.511 [info] > git status -z -uall [11ms]
2023-02-14 11:27:44.511 [info] > git remote --verbose [29ms]
2023-02-14 11:27:44.512 [info] > git for-each-ref --sort -committerdate --format %(refname) %(objectname) %(*objectname) [47ms]
2023-02-14 11:27:44.513 [info] > git config --get commit.template [2ms]
2023-02-14 11:27:44.522 [info] > git for-each-ref --format=%(refname)%00%(upstream:short)%00%(objectname)%00%(upstream:track)%00%(upstream:remotename)%00%(upstream:remoteref) refs/heads/master refs/remotes/master [2ms]
2023-02-14 11:28:02.012 [info] > git status -z -uall [8ms]
2023-02-14 11:28:02.013 [info] > git remote --verbose [19ms]
2023-02-14 11:28:02.013 [info] > git for-each-ref --sort -committerdate --format %(refname) %(objectname) %(*objectname) [38ms]
2023-02-14 11:28:02.014 [info] > git config --get commit.template [2ms]
2023-02-14 11:28:02.023 [info] > git for-each-ref --format=%(refname)%00%(upstream:short)%00%(objectname)%00%(upstream:track)%00%(upstream:remotename)%00%(upstream:remoteref) refs/heads/master refs/remotes/master [1ms]
2023-02-14 11:28:07.087 [info] > git status -z -uall [8ms]
2023-02-14 11:28:07.088 [info] > git remote --verbose [17ms]
2023-02-14 11:28:07.088 [info] > git for-each-ref --sort -committerdate --format %(refname) %(objectname) %(*objectname) [37ms]
2023-02-14 11:28:07.089 [info] > git config --get commit.template [2ms]
2023-02-14 11:28:07.096 [info] > git for-each-ref --format=%(refname)%00%(upstream:short)%00%(objectname)%00%(upstream:track)%00%(upstream:remotename)%00%(upstream:remoteref) refs/heads/master refs/remotes/master [2ms]
2023-02-14 11:28:12.121 [info] > git status -z -uall [7ms]
2023-02-14 11:28:12.122 [info] > git remote --verbose [12ms]
2023-02-14 11:28:12.122 [info] > git for-each-ref --sort -committerdate --format %(refname) %(objectname) %(*objectname) [19ms]
2023-02-14 11:28:12.123 [info] > git config --get commit.template [1ms]
2023-02-14 11:28:12.131 [info] > git for-each-ref --format=%(refname)%00%(upstream:short)%00%(objectname)%00%(upstream:track)%00%(upstream:remotename)%00%(upstream:remoteref) refs/heads/master refs/remotes/master [2ms]
2023-02-14 11:28:17.158 [info] > git status -z -uall [7ms]
2023-02-14 11:28:17.159 [info] > git remote --verbose [14ms]
2023-02-14 11:28:17.159 [info] > git for-each-ref --sort -committerdate --format %(refname) %(objectname) %(*objectname) [21ms]
2023-02-14 11:28:17.161 [info] > git config --get commit.template [3ms]
2023-02-14 11:28:17.171 [info] > git for-each-ref --format=%(refname)%00%(upstream:short)%00%(objectname)%00%(upstream:track)%00%(upstream:remotename)%00%(upstream:remoteref) refs/heads/master refs/remotes/master [1ms]
2023-02-14 11:28:22.202 [info] > git status -z -uall [6ms]
2023-02-14 11:28:22.203 [info] > git remote --verbose [11ms]
2023-02-14 11:28:22.203 [info] > git for-each-ref --sort -committerdate --format %(refname) %(objectname) %(*objectname) [17ms]
2023-02-14 11:28:22.204 [info] > git config --get commit.template [2ms]
2023-02-14 11:28:22.212 [info] > git for-each-ref --format=%(refname)%00%(upstream:short)%00%(objectname)%00%(upstream:track)%00%(upstream:remotename)%00%(upstream:remoteref) refs/heads/master refs/remotes/master [1ms]
2023-02-14 11:28:27.311 [info] > git status -z -uall [25ms]
2023-02-14 11:28:27.313 [info] > git remote --verbose [56ms]
2023-02-14 11:28:27.314 [info] > git for-each-ref --sort -committerdate --format %(refname) %(objectname) %(*objectname) [78ms]
2023-02-14 11:28:27.315 [info] > git config --get commit.template [4ms]
2023-02-14 11:28:27.330 [info] > git for-each-ref --format=%(refname)%00%(upstream:short)%00%(objectname)%00%(upstream:track)%00%(upstream:remotename)%00%(upstream:remoteref) refs/heads/master refs/remotes/master [4ms]
2023-02-14 11:42:36.269 [info] > git status -z -uall [11ms]
2023-02-14 11:42:36.270 [info] > git remote --verbose [24ms]
2023-02-14 11:42:36.271 [info] > git for-each-ref --sort -committerdate --format %(refname) %(objectname) %(*objectname) [38ms]
2023-02-14 11:42:36.271 [info] > git config --get commit.template [2ms]
2023-02-14 11:42:36.280 [info] > git for-each-ref --format=%(refname)%00%(upstream:short)%00%(objectname)%00%(upstream:track)%00%(upstream:remotename)%00%(upstream:remoteref) refs/heads/master refs/remotes/master [2ms]
2023-02-14 11:43:53.077 [info] > git status -z -uall [14ms]
2023-02-14 11:43:53.078 [info] > git remote --verbose [31ms]
2023-02-14 11:43:53.078 [info] > git for-each-ref --sort -committerdate --format %(refname) %(objectname) %(*objectname) [48ms]
2023-02-14 11:43:53.079 [info] > git config --get commit.template [4ms]
2023-02-14 11:43:53.089 [info] > git for-each-ref --format=%(refname)%00%(upstream:short)%00%(objectname)%00%(upstream:track)%00%(upstream:remotename)%00%(upstream:remoteref) refs/heads/master refs/remotes/master [2ms]
2023-02-14 11:43:58.149 [info] > git status -z -uall [13ms]
2023-02-14 11:43:58.149 [info] > git remote --verbose [22ms]
2023-02-14 11:43:58.150 [info] > git for-each-ref --sort -committerdate --format %(refname) %(objectname) %(*objectname) [35ms]
2023-02-14 11:43:58.150 [info] > git config --get commit.template [2ms]
2023-02-14 11:43:58.163 [info] > git for-each-ref --format=%(refname)%00%(upstream:short)%00%(objectname)%00%(upstream:track)%00%(upstream:remotename)%00%(upstream:remoteref) refs/heads/master refs/remotes/master [2ms]
2023-02-14 11:44:32.785 [info] > git status -z -uall [11ms]
2023-02-14 11:44:32.786 [info] > git remote --verbose [18ms]
2023-02-14 11:44:32.786 [info] > git for-each-ref --sort -committerdate --format %(refname) %(objectname) %(*objectname) [28ms]
2023-02-14 11:44:32.787 [info] > git config --get commit.template [2ms]
2023-02-14 11:44:32.798 [info] > git for-each-ref --format=%(refname)%00%(upstream:short)%00%(objectname)%00%(upstream:track)%00%(upstream:remotename)%00%(upstream:remoteref) refs/heads/master refs/remotes/master [4ms]
2023-02-14 11:44:54.613 [info] > git status -z -uall [8ms]
2023-02-14 11:44:54.613 [info] > git remote --verbose [17ms]
2023-02-14 11:44:54.614 [info] > git for-each-ref --sort -committerdate --format %(refname) %(objectname) %(*objectname) [35ms]
2023-02-14 11:44:54.614 [info] > git config --get commit.template [2ms]
2023-02-14 11:44:54.622 [info] > git for-each-ref --format=%(refname)%00%(upstream:short)%00%(objectname)%00%(upstream:track)%00%(upstream:remotename)%00%(upstream:remoteref) refs/heads/master refs/remotes/master [2ms]
2023-02-14 11:47:58.051 [info] > git status -z -uall [15ms]
2023-02-14 11:47:58.052 [info] > git remote --verbose [32ms]
2023-02-14 11:47:58.052 [info] > git for-each-ref --sort -committerdate --format %(refname) %(objectname) %(*objectname) [49ms]
2023-02-14 11:47:58.054 [info] > git config --get commit.template [3ms]
2023-02-14 11:47:58.064 [info] > git for-each-ref --format=%(refname)%00%(upstream:short)%00%(objectname)%00%(upstream:track)%00%(upstream:remotename)%00%(upstream:remoteref) refs/heads/master refs/remotes/master [2ms]
2023-02-14 11:48:06.358 [info] > git status -z -uall [8ms]
2023-02-14 11:48:06.358 [info] > git remote --verbose [20ms]
2023-02-14 11:48:06.358 [info] > git for-each-ref --sort -committerdate --format %(refname) %(objectname) %(*objectname) [40ms]
2023-02-14 11:48:06.359 [info] > git config --get commit.template [2ms]
2023-02-14 11:48:06.368 [info] > git for-each-ref --format=%(refname)%00%(upstream:short)%00%(objectname)%00%(upstream:track)%00%(upstream:remotename)%00%(upstream:remoteref) refs/heads/master refs/remotes/master [1ms]
2023-02-14 11:48:21.401 [info] > git status -z -uall [24ms]
2023-02-14 11:48:21.402 [info] > git remote --verbose [52ms]
2023-02-14 11:48:21.402 [info] > git for-each-ref --sort -committerdate --format %(refname) %(objectname) %(*objectname) [77ms]
2023-02-14 11:48:21.404 [info] > git config --get commit.template [5ms]
2023-02-14 11:48:21.418 [info] > git for-each-ref --format=%(refname)%00%(upstream:short)%00%(objectname)%00%(upstream:track)%00%(upstream:remotename)%00%(upstream:remoteref) refs/heads/master refs/remotes/master [2ms]
2023-02-14 11:48:26.455 [info] > git status -z -uall [7ms]
2023-02-14 11:48:26.455 [info] > git remote --verbose [12ms]
2023-02-14 11:48:26.456 [info] > git for-each-ref --sort -committerdate --format %(refname) %(objectname) %(*objectname) [20ms]
2023-02-14 11:48:26.456 [info] > git config --get commit.template [2ms]
2023-02-14 11:48:26.465 [info] > git for-each-ref --format=%(refname)%00%(upstream:short)%00%(objectname)%00%(upstream:track)%00%(upstream:remotename)%00%(upstream:remoteref) refs/heads/master refs/remotes/master [1ms]
2023-02-14 11:48:31.497 [info] > git status -z -uall [8ms]
2023-02-14 11:48:31.498 [info] > git remote --verbose [14ms]
2023-02-14 11:48:31.498 [info] > git for-each-ref --sort -committerdate --format %(refname) %(objectname) %(*objectname) [21ms]
2023-02-14 11:48:31.499 [info] > git config --get commit.template [3ms]
2023-02-14 11:48:31.509 [info] > git for-each-ref --format=%(refname)%00%(upstream:short)%00%(objectname)%00%(upstream:track)%00%(upstream:remotename)%00%(upstream:remoteref) refs/heads/master refs/remotes/master [2ms]
2023-02-14 11:48:38.726 [info] > git status -z -uall [7ms]
2023-02-14 11:48:38.726 [info] > git remote --verbose [14ms]
2023-02-14 11:48:38.727 [info] > git for-each-ref --sort -committerdate --format %(refname) %(objectname) %(*objectname) [21ms]
2023-02-14 11:48:38.728 [info] > git config --get commit.template [2ms]
2023-02-14 11:48:38.737 [info] > git for-each-ref --format=%(refname)%00%(upstream:short)%00%(objectname)%00%(upstream:track)%00%(upstream:remotename)%00%(upstream:remoteref) refs/heads/master refs/remotes/master [2ms]
2023-02-14 11:49:24.245 [info] > git status -z -uall [15ms]
2023-02-14 11:49:24.246 [info] > git remote --verbose [36ms]
2023-02-14 11:49:24.246 [info] > git for-each-ref --sort -committerdate --format %(refname) %(objectname) %(*objectname) [69ms]
2023-02-14 11:49:24.247 [info] > git config --get commit.template [5ms]
2023-02-14 11:49:24.256 [info] > git for-each-ref --format=%(refname)%00%(upstream:short)%00%(objectname)%00%(upstream:track)%00%(upstream:remotename)%00%(upstream:remoteref) refs/heads/master refs/remotes/master [2ms]
2023-02-14 11:51:11.215 [info] > git status -z -uall [10ms]
2023-02-14 11:51:11.217 [info] > git remote --verbose [24ms]
2023-02-14 11:51:11.217 [info] > git for-each-ref --sort -committerdate --format %(refname) %(objectname) %(*objectname) [35ms]
2023-02-14 11:51:11.229 [info] > git config --get commit.template [14ms]
2023-02-14 11:51:11.232 [info] > git for-each-ref --format=%(refname)%00%(upstream:short)%00%(objectname)%00%(upstream:track)%00%(upstream:remotename)%00%(upstream:remoteref) refs/heads/master refs/remotes/master [5ms]
2023-02-14 11:51:16.260 [info] > git status -z -uall [6ms]
2023-02-14 11:51:16.261 [info] > git remote --verbose [13ms]
2023-02-14 11:51:16.261 [info] > git for-each-ref --sort -committerdate --format %(refname) %(objectname) %(*objectname) [19ms]
2023-02-14 11:51:16.262 [info] > git config --get commit.template [1ms]
2023-02-14 11:51:16.270 [info] > git for-each-ref --format=%(refname)%00%(upstream:short)%00%(objectname)%00%(upstream:track)%00%(upstream:remotename)%00%(upstream:remoteref) refs/heads/master refs/remotes/master [2ms]
2023-02-14 11:51:21.324 [info] > git status -z -uall [7ms]
2023-02-14 11:51:21.325 [info] > git remote --verbose [14ms]
2023-02-14 11:51:21.325 [info] > git for-each-ref --sort -committerdate --format %(refname) %(objectname) %(*objectname) [26ms]
2023-02-14 11:51:21.325 [info] > git config --get commit.template [2ms]
2023-02-14 11:51:21.333 [info] > git for-each-ref --format=%(refname)%00%(upstream:short)%00%(objectname)%00%(upstream:track)%00%(upstream:remotename)%00%(upstream:remoteref) refs/heads/master refs/remotes/master [2ms]
2023-02-14 11:51:26.434 [info] > git status -z -uall [27ms]
2023-02-14 11:51:26.436 [info] > git remote --verbose [54ms]
2023-02-14 11:51:26.437 [info] > git for-each-ref --sort -committerdate --format %(refname) %(objectname) %(*objectname) [78ms]
2023-02-14 11:51:26.438 [info] > git config --get commit.template [5ms]
2023-02-14 11:51:26.451 [info] > git for-each-ref --format=%(refname)%00%(upstream:short)%00%(objectname)%00%(upstream:track)%00%(upstream:remotename)%00%(upstream:remoteref) refs/heads/master refs/remotes/master [3ms]
2023-02-14 11:51:31.513 [info] > git status -z -uall [9ms]
2023-02-14 11:51:31.514 [info] > git remote --verbose [18ms]
2023-02-14 11:51:31.514 [info] > git for-each-ref --sort -committerdate --format %(refname) %(objectname) %(*objectname) [39ms]
2023-02-14 11:51:31.515 [info] > git config --get commit.template [3ms]
2023-02-14 11:51:31.523 [info] > git for-each-ref --format=%(refname)%00%(upstream:short)%00%(objectname)%00%(upstream:track)%00%(upstream:remotename)%00%(upstream:remoteref) refs/heads/master refs/remotes/master [2ms]
2023-02-14 11:51:36.590 [info] > git status -z -uall [13ms]
2023-02-14 11:51:36.591 [info] > git remote --verbose [29ms]
2023-02-14 11:51:36.591 [info] > git for-each-ref --sort -committerdate --format %(refname) %(objectname) %(*objectname) [47ms]
2023-02-14 11:51:36.592 [info] > git config --get commit.template [3ms]
2023-02-14 11:51:36.602 [info] > git for-each-ref --format=%(refname)%00%(upstream:short)%00%(objectname)%00%(upstream:track)%00%(upstream:remotename)%00%(upstream:remoteref) refs/heads/master refs/remotes/master [2ms]
2023-02-14 11:54:30.743 [info] > git status -z -uall [9ms]
2023-02-14 11:54:30.744 [info] > git remote --verbose [16ms]
2023-02-14 11:54:30.745 [info] > git for-each-ref --sort -committerdate --format %(refname) %(objectname) %(*objectname) [25ms]
2023-02-14 11:54:30.746 [info] > git config --get commit.template [3ms]
2023-02-14 11:54:30.754 [info] > git for-each-ref --format=%(refname)%00%(upstream:short)%00%(objectname)%00%(upstream:track)%00%(upstream:remotename)%00%(upstream:remoteref) refs/heads/master refs/remotes/master [2ms]
2023-02-14 11:54:43.641 [info] > git status -z -uall [10ms]
2023-02-14 11:54:43.642 [info] > git remote --verbose [25ms]
2023-02-14 11:54:43.642 [info] > git for-each-ref --sort -committerdate --format %(refname) %(objectname) %(*objectname) [45ms]
2023-02-14 11:54:43.643 [info] > git config --get commit.template [3ms]
2023-02-14 11:54:43.652 [info] > git for-each-ref --format=%(refname)%00%(upstream:short)%00%(objectname)%00%(upstream:track)%00%(upstream:remotename)%00%(upstream:remoteref) refs/heads/master refs/remotes/master [1ms]
2023-02-14 11:54:48.693 [info] > git status -z -uall [8ms]
2023-02-14 11:54:48.694 [info] > git remote --verbose [15ms]
2023-02-14 11:54:48.694 [info] > git for-each-ref --sort -committerdate --format %(refname) %(objectname) %(*objectname) [23ms]
2023-02-14 11:54:48.695 [info] > git config --get commit.template [3ms]
2023-02-14 11:54:48.705 [info] > git for-each-ref --format=%(refname)%00%(upstream:short)%00%(objectname)%00%(upstream:track)%00%(upstream:remotename)%00%(upstream:remoteref) refs/heads/master refs/remotes/master [2ms]
2023-02-14 11:55:25.129 [info] > git status -z -uall [9ms]
2023-02-14 11:55:25.129 [info] > git remote --verbose [18ms]
2023-02-14 11:55:25.130 [info] > git for-each-ref --sort -committerdate --format %(refname) %(objectname) %(*objectname) [29ms]
2023-02-14 11:55:25.130 [info] > git config --get commit.template [3ms]
2023-02-14 11:55:25.140 [info] > git for-each-ref --format=%(refname)%00%(upstream:short)%00%(objectname)%00%(upstream:track)%00%(upstream:remotename)%00%(upstream:remoteref) refs/heads/master refs/remotes/master [2ms]
2023-02-14 11:55:52.109 [info] > git status -z -uall [10ms]
2023-02-14 11:55:52.110 [info] > git remote --verbose [22ms]
2023-02-14 11:55:52.110 [info] > git for-each-ref --sort -committerdate --format %(refname) %(objectname) %(*objectname) [43ms]
2023-02-14 11:55:52.111 [info] > git config --get commit.template [3ms]
2023-02-14 11:55:52.120 [info] > git for-each-ref --format=%(refname)%00%(upstream:short)%00%(objectname)%00%(upstream:track)%00%(upstream:remotename)%00%(upstream:remoteref) refs/heads/master refs/remotes/master [1ms]
2023-02-14 11:55:57.226 [info] > git status -z -uall [16ms]
2023-02-14 11:55:57.227 [info] > git remote --verbose [44ms]
2023-02-14 11:55:57.228 [info] > git for-each-ref --sort -committerdate --format %(refname) %(objectname) %(*objectname) [74ms]
2023-02-14 11:55:57.229 [info] > git config --get commit.template [3ms]
2023-02-14 11:55:57.240 [info] > git for-each-ref --format=%(refname)%00%(upstream:short)%00%(objectname)%00%(upstream:track)%00%(upstream:remotename)%00%(upstream:remoteref) refs/heads/master refs/remotes/master [2ms]
2023-02-14 12:02:24.386 [info] > git status -z -uall [9ms]
2023-02-14 12:02:24.387 [info] > git remote --verbose [18ms]
2023-02-14 12:02:24.387 [info] > git for-each-ref --sort -committerdate --format %(refname) %(objectname) %(*objectname) [33ms]
2023-02-14 12:02:24.388 [info] > git config --get commit.template [2ms]
2023-02-14 12:02:24.396 [info] > git for-each-ref --format=%(refname)%00%(upstream:short)%00%(objectname)%00%(upstream:track)%00%(upstream:remotename)%00%(upstream:remoteref) refs/heads/master refs/remotes/master [2ms]
2023-02-14 12:02:29.429 [info] > git status -z -uall [8ms]
2023-02-14 12:02:29.430 [info] > git remote --verbose [15ms]
2023-02-14 12:02:29.430 [info] > git for-each-ref --sort -committerdate --format %(refname) %(objectname) %(*objectname) [22ms]
2023-02-14 12:02:29.430 [info] > git config --get commit.template [2ms]
2023-02-14 12:02:29.440 [info] > git for-each-ref --format=%(refname)%00%(upstream:short)%00%(objectname)%00%(upstream:track)%00%(upstream:remotename)%00%(upstream:remoteref) refs/heads/master refs/remotes/master [2ms]
2023-02-14 12:02:42.234 [info] > git status -z -uall [9ms]
2023-02-14 12:02:42.234 [info] > git remote --verbose [20ms]
2023-02-14 12:02:42.234 [info] > git for-each-ref --sort -committerdate --format %(refname) %(objectname) %(*objectname) [38ms]
2023-02-14 12:02:42.235 [info] > git config --get commit.template [3ms]
2023-02-14 12:02:42.245 [info] > git for-each-ref --format=%(refname)%00%(upstream:short)%00%(objectname)%00%(upstream:track)%00%(upstream:remotename)%00%(upstream:remoteref) refs/heads/master refs/remotes/master [2ms]
2023-02-14 12:02:47.282 [info] > git status -z -uall [7ms]
2023-02-14 12:02:47.283 [info] > git remote --verbose [13ms]
2023-02-14 12:02:47.283 [info] > git for-each-ref --sort -committerdate --format %(refname) %(objectname) %(*objectname) [19ms]
2023-02-14 12:02:47.284 [info] > git config --get commit.template [1ms]
2023-02-14 12:02:47.292 [info] > git for-each-ref --format=%(refname)%00%(upstream:short)%00%(objectname)%00%(upstream:track)%00%(upstream:remotename)%00%(upstream:remoteref) refs/heads/master refs/remotes/master [2ms]
2023-02-14 12:09:54.066 [info] > git status -z -uall [10ms]
2023-02-14 12:09:54.067 [info] > git remote --verbose [17ms]
2023-02-14 12:09:54.067 [info] > git for-each-ref --sort -committerdate --format %(refname) %(objectname) %(*objectname) [29ms]
2023-02-14 12:09:54.068 [info] > git config --get commit.template [2ms]
2023-02-14 12:09:54.079 [info] > git for-each-ref --format=%(refname)%00%(upstream:short)%00%(objectname)%00%(upstream:track)%00%(upstream:remotename)%00%(upstream:remoteref) refs/heads/master refs/remotes/master [2ms]
2023-02-14 12:09:59.143 [info] > git status -z -uall [9ms]
2023-02-14 12:09:59.144 [info] > git remote --verbose [18ms]
2023-02-14 12:09:59.144 [info] > git for-each-ref --sort -committerdate --format %(refname) %(objectname) %(*objectname) [33ms]
2023-02-14 12:09:59.145 [info] > git config --get commit.template [2ms]
2023-02-14 12:09:59.153 [info] > git for-each-ref --format=%(refname)%00%(upstream:short)%00%(objectname)%00%(upstream:track)%00%(upstream:remotename)%00%(upstream:remoteref) refs/heads/master refs/remotes/master [2ms]
2023-02-14 12:10:04.249 [info] > git status -z -uall [26ms]
2023-02-14 12:10:04.251 [info] > git remote --verbose [51ms]
2023-02-14 12:10:04.252 [info] > git for-each-ref --sort -committerdate --format %(refname) %(objectname) %(*objectname) [75ms]
2023-02-14 12:10:04.254 [info] > git config --get commit.template [6ms]
2023-02-14 12:10:04.288 [info] > git for-each-ref --format=%(refname)%00%(upstream:short)%00%(objectname)%00%(upstream:track)%00%(upstream:remotename)%00%(upstream:remoteref) refs/heads/master refs/remotes/master [7ms]
2023-02-14 12:10:19.738 [info] > git status -z -uall [7ms]
2023-02-14 12:10:19.739 [info] > git remote --verbose [17ms]
2023-02-14 12:10:19.739 [info] > git for-each-ref --sort -committerdate --format %(refname) %(objectname) %(*objectname) [26ms]
2023-02-14 12:10:19.740 [info] > git config --get commit.template [2ms]
2023-02-14 12:10:19.749 [info] > git for-each-ref --format=%(refname)%00%(upstream:short)%00%(objectname)%00%(upstream:track)%00%(upstream:remotename)%00%(upstream:remoteref) refs/heads/master refs/remotes/master [2ms]
2023-02-14 12:10:24.814 [info] > git status -z -uall [11ms]
2023-02-14 12:10:24.815 [info] > git remote --verbose [22ms]
2023-02-14 12:10:24.815 [info] > git for-each-ref --sort -committerdate --format %(refname) %(objectname) %(*objectname) [43ms]
2023-02-14 12:10:24.816 [info] > git config --get commit.template [3ms]
2023-02-14 12:10:24.830 [info] > git for-each-ref --format=%(refname)%00%(upstream:short)%00%(objectname)%00%(upstream:track)%00%(upstream:remotename)%00%(upstream:remoteref) refs/heads/master refs/remotes/master [2ms]
2023-02-14 12:10:49.578 [info] > git status -z -uall [11ms]
2023-02-14 12:10:49.578 [info] > git remote --verbose [24ms]
2023-02-14 12:10:49.579 [info] > git for-each-ref --sort -committerdate --format %(refname) %(objectname) %(*objectname) [35ms]
2023-02-14 12:10:49.580 [info] > git config --get commit.template [2ms]
2023-02-14 12:10:49.590 [info] > git for-each-ref --format=%(refname)%00%(upstream:short)%00%(objectname)%00%(upstream:track)%00%(upstream:remotename)%00%(upstream:remoteref) refs/heads/master refs/remotes/master [2ms]
2023-02-14 12:13:50.940 [info] > git status -z -uall [12ms]
2023-02-14 12:13:50.940 [info] > git remote --verbose [27ms]
2023-02-14 12:13:50.940 [info] > git for-each-ref --sort -committerdate --format %(refname) %(objectname) %(*objectname) [40ms]
2023-02-14 12:13:50.941 [info] > git config --get commit.template [2ms]
2023-02-14 12:13:50.952 [info] > git for-each-ref --format=%(refname)%00%(upstream:short)%00%(objectname)%00%(upstream:track)%00%(upstream:remotename)%00%(upstream:remoteref) refs/heads/master refs/remotes/master [2ms]
2023-02-14 12:13:55.985 [info] > git status -z -uall [7ms]
2023-02-14 12:13:55.985 [info] > git remote --verbose [14ms]
2023-02-14 12:13:55.985 [info] > git for-each-ref --sort -committerdate --format %(refname) %(objectname) %(*objectname) [21ms]
2023-02-14 12:13:55.986 [info] > git config --get commit.template [2ms]
2023-02-14 12:13:55.996 [info] > git for-each-ref --format=%(refname)%00%(upstream:short)%00%(objectname)%00%(upstream:track)%00%(upstream:remotename)%00%(upstream:remoteref) refs/heads/master refs/remotes/master [1ms]
2023-02-14 12:14:07.556 [info] > git status -z -uall [8ms]
2023-02-14 12:14:07.557 [info] > git remote --verbose [15ms]
2023-02-14 12:14:07.557 [info] > git for-each-ref --sort -committerdate --format %(refname) %(objectname) %(*objectname) [23ms]
2023-02-14 12:14:07.558 [info] > git config --get commit.template [1ms]
2023-02-14 12:14:07.567 [info] > git for-each-ref --format=%(refname)%00%(upstream:short)%00%(objectname)%00%(upstream:track)%00%(upstream:remotename)%00%(upstream:remoteref) refs/heads/master refs/remotes/master [2ms]
2023-02-14 12:14:13.275 [info] > git status -z -uall [9ms]
2023-02-14 12:14:13.275 [info] > git remote --verbose [17ms]
2023-02-14 12:14:13.275 [info] > git for-each-ref --sort -committerdate --format %(refname) %(objectname) %(*objectname) [29ms]
2023-02-14 12:14:13.276 [info] > git config --get commit.template [3ms]
2023-02-14 12:14:13.287 [info] > git for-each-ref --format=%(refname)%00%(upstream:short)%00%(objectname)%00%(upstream:track)%00%(upstream:remotename)%00%(upstream:remoteref) refs/heads/master refs/remotes/master [2ms]
2023-02-14 12:14:18.354 [info] > git status -z -uall [9ms]
2023-02-14 12:14:18.355 [info] > git remote --verbose [20ms]
2023-02-14 12:14:18.355 [info] > git for-each-ref --sort -committerdate --format %(refname) %(objectname) %(*objectname) [41ms]
2023-02-14 12:14:18.356 [info] > git config --get commit.template [2ms]
2023-02-14 12:14:18.365 [info] > git for-each-ref --format=%(refname)%00%(upstream:short)%00%(objectname)%00%(upstream:track)%00%(upstream:remotename)%00%(upstream:remoteref) refs/heads/master refs/remotes/master [2ms]
2023-02-14 12:14:25.468 [info] > git status -z -uall [9ms]
2023-02-14 12:14:25.469 [info] > git remote --verbose [20ms]
2023-02-14 12:14:25.470 [info] > git for-each-ref --sort -committerdate --format %(refname) %(objectname) %(*objectname) [42ms]
2023-02-14 12:14:25.471 [info] > git config --get commit.template [2ms]
2023-02-14 12:14:25.481 [info] > git for-each-ref --format=%(refname)%00%(upstream:short)%00%(objectname)%00%(upstream:track)%00%(upstream:remotename)%00%(upstream:remoteref) refs/heads/master refs/remotes/master [1ms]
2023-02-14 12:14:35.605 [info] > git status -z -uall [11ms]
2023-02-14 12:14:35.606 [info] > git remote --verbose [21ms]
2023-02-14 12:14:35.606 [info] > git for-each-ref --sort -committerdate --format %(refname) %(objectname) %(*objectname) [34ms]
2023-02-14 12:14:35.607 [info] > git config --get commit.template [2ms]
2023-02-14 12:14:35.620 [info] > git for-each-ref --format=%(refname)%00%(upstream:short)%00%(objectname)%00%(upstream:track)%00%(upstream:remotename)%00%(upstream:remoteref) refs/heads/master refs/remotes/master [4ms]
2023-02-14 12:14:40.654 [info] > git status -z -uall [9ms]
2023-02-14 12:14:40.655 [info] > git remote --verbose [17ms]
2023-02-14 12:14:40.655 [info] > git for-each-ref --sort -committerdate --format %(refname) %(objectname) %(*objectname) [25ms]
2023-02-14 12:14:40.656 [info] > git config --get commit.template [2ms]
2023-02-14 12:14:40.668 [info] > git for-each-ref --format=%(refname)%00%(upstream:short)%00%(objectname)%00%(upstream:track)%00%(upstream:remotename)%00%(upstream:remoteref) refs/heads/master refs/remotes/master [3ms]
2023-02-14 12:14:51.272 [info] > git status -z -uall [11ms]
2023-02-14 12:14:51.273 [info] > git remote --verbose [26ms]
2023-02-14 12:14:51.273 [info] > git for-each-ref --sort -committerdate --format %(refname) %(objectname) %(*objectname) [53ms]
2023-02-14 12:14:51.274 [info] > git config --get commit.template [3ms]
2023-02-14 12:14:51.284 [info] > git for-each-ref --format=%(refname)%00%(upstream:short)%00%(objectname)%00%(upstream:track)%00%(upstream:remotename)%00%(upstream:remoteref) refs/heads/master refs/remotes/master [1ms]
2023-02-14 12:14:56.363 [info] > git status -z -uall [14ms]
2023-02-14 12:14:56.364 [info] > git remote --verbose [34ms]
2023-02-14 12:14:56.364 [info] > git for-each-ref --sort -committerdate --format %(refname) %(objectname) %(*objectname) [56ms]
2023-02-14 12:14:56.367 [info] > git config --get commit.template [5ms]
2023-02-14 12:14:56.379 [info] > git for-each-ref --format=%(refname)%00%(upstream:short)%00%(objectname)%00%(upstream:track)%00%(upstream:remotename)%00%(upstream:remoteref) refs/heads/master refs/remotes/master [2ms]
2023-02-14 12:21:54.544 [info] > git status -z -uall [8ms]
2023-02-14 12:21:54.545 [info] > git remote --verbose [16ms]
2023-02-14 12:21:54.545 [info] > git for-each-ref --sort -committerdate --format %(refname) %(objectname) %(*objectname) [27ms]
2023-02-14 12:21:54.545 [info] > git config --get commit.template [2ms]
2023-02-14 12:21:54.556 [info] > git for-each-ref --format=%(refname)%00%(upstream:short)%00%(objectname)%00%(upstream:track)%00%(upstream:remotename)%00%(upstream:remoteref) refs/heads/master refs/remotes/master [2ms]
2023-02-14 12:21:59.604 [info] > git status -z -uall [8ms]
2023-02-14 12:21:59.605 [info] > git remote --verbose [17ms]
2023-02-14 12:21:59.605 [info] > git for-each-ref --sort -committerdate --format %(refname) %(objectname) %(*objectname) [25ms]
2023-02-14 12:21:59.606 [info] > git config --get commit.template [3ms]
2023-02-14 12:21:59.616 [info] > git for-each-ref --format=%(refname)%00%(upstream:short)%00%(objectname)%00%(upstream:track)%00%(upstream:remotename)%00%(upstream:remoteref) refs/heads/master refs/remotes/master [2ms]
2023-02-14 12:22:04.688 [info] > git status -z -uall [10ms]
2023-02-14 12:22:04.688 [info] > git remote --verbose [23ms]
2023-02-14 12:22:04.689 [info] > git for-each-ref --sort -committerdate --format %(refname) %(objectname) %(*objectname) [47ms]
2023-02-14 12:22:04.689 [info] > git config --get commit.template [3ms]
2023-02-14 12:22:04.699 [info] > git for-each-ref --format=%(refname)%00%(upstream:short)%00%(objectname)%00%(upstream:track)%00%(upstream:remotename)%00%(upstream:remoteref) refs/heads/master refs/remotes/master [2ms]
2023-02-14 12:22:09.768 [info] > git status -z -uall [13ms]
2023-02-14 12:22:09.769 [info] > git remote --verbose [31ms]
2023-02-14 12:22:09.769 [info] > git for-each-ref --sort -committerdate --format %(refname) %(objectname) %(*objectname) [50ms]
2023-02-14 12:22:09.770 [info] > git config --get commit.template [3ms]
2023-02-14 12:22:09.782 [info] > git for-each-ref --format=%(refname)%00%(upstream:short)%00%(objectname)%00%(upstream:track)%00%(upstream:remotename)%00%(upstream:remoteref) refs/heads/master refs/remotes/master [3ms]
2023-02-14 12:22:17.547 [info] > git status -z -uall [9ms]
2023-02-14 12:22:17.548 [info] > git remote --verbose [19ms]
2023-02-14 12:22:17.548 [info] > git for-each-ref --sort -committerdate --format %(refname) %(objectname) %(*objectname) [40ms]
2023-02-14 12:22:17.549 [info] > git config --get commit.template [3ms]
2023-02-14 12:22:17.559 [info] > git for-each-ref --format=%(refname)%00%(upstream:short)%00%(objectname)%00%(upstream:track)%00%(upstream:remotename)%00%(upstream:remoteref) refs/heads/master refs/remotes/master [2ms]
2023-02-14 12:22:22.623 [info] > git status -z -uall [9ms]
2023-02-14 12:22:22.623 [info] > git remote --verbose [20ms]
2023-02-14 12:22:22.624 [info] > git for-each-ref --sort -committerdate --format %(refname) %(objectname) %(*objectname) [39ms]
2023-02-14 12:22:22.624 [info] > git config --get commit.template [2ms]
2023-02-14 12:22:22.635 [info] > git for-each-ref --format=%(refname)%00%(upstream:short)%00%(objectname)%00%(upstream:track)%00%(upstream:remotename)%00%(upstream:remoteref) refs/heads/master refs/remotes/master [1ms]
2023-02-14 12:25:20.014 [info] > git status -z -uall [11ms]
2023-02-14 12:25:20.014 [info] > git remote --verbose [20ms]
2023-02-14 12:25:20.014 [info] > git for-each-ref --sort -committerdate --format %(refname) %(objectname) %(*objectname) [32ms]
2023-02-14 12:25:20.015 [info] > git config --get commit.template [3ms]
2023-02-14 12:25:20.025 [info] > git for-each-ref --format=%(refname)%00%(upstream:short)%00%(objectname)%00%(upstream:track)%00%(upstream:remotename)%00%(upstream:remoteref) refs/heads/master refs/remotes/master [2ms]
2023-02-14 12:25:20.053 [info] > git ls-files --stage -- /home/yunis/phase-1-first-class-functions-lab/index.js [2ms]
2023-02-14 12:25:20.063 [info] > git cat-file -s fd4ba8b1325e15805942bd1bba8fddc6762a7ae5 [2ms]
2023-02-14 12:25:20.076 [info] > git show --textconv :index.js [2ms]
2023-02-14 12:25:25.097 [info] > git status -z -uall [12ms]
2023-02-14 12:25:25.098 [info] > git remote --verbose [24ms]
2023-02-14 12:25:25.098 [info] > git for-each-ref --sort -committerdate --format %(refname) %(objectname) %(*objectname) [46ms]
2023-02-14 12:25:25.099 [info] > git config --get commit.template [1ms]
2023-02-14 12:25:25.113 [info] > git for-each-ref --format=%(refname)%00%(upstream:short)%00%(objectname)%00%(upstream:track)%00%(upstream:remotename)%00%(upstream:remoteref) refs/heads/master refs/remotes/master [2ms]
