2022-11-17 17:24:25.122 [info] Validating found git in: git
2022-11-17 17:24:25.122 [info] Using git 2.38.1 from git
2022-11-17 17:25:11.654 [info] > git rev-parse --show-toplevel [2ms]
2022-11-17 17:25:11.662 [info] > git rev-parse --git-dir --git-common-dir [1ms]
2022-11-17 17:25:11.673 [info] Log level: Info
2022-11-17 17:25:11.673 [info] Open repository: /home/yunis/phase-0-html-lists-lab
2022-11-17 17:25:11.703 [info] > git status -z -uall [12ms]
2022-11-17 17:25:11.705 [info] > git remote --verbose [21ms]
2022-11-17 17:25:11.706 [info] > git for-each-ref --sort -committerdate --format %(refname) %(objectname) %(*objectname) [27ms]
2022-11-17 17:25:11.772 [info] > git for-each-ref --format=%(refname)%00%(upstream:short)%00%(objectname)%00%(upstream:track)%00%(upstream:remotename)%00%(upstream:remoteref) refs/heads/master refs/remotes/master [49ms]
2022-11-17 17:25:11.774 [info] > git config --get commit.template [71ms]
2022-11-17 17:25:11.822 [info] > git status -z -uall [15ms]
2022-11-17 17:25:11.824 [info] > git remote --verbose [23ms]
2022-11-17 17:25:11.825 [info] > git for-each-ref --sort -committerdate --format %(refname) %(objectname) %(*objectname) [33ms]
2022-11-17 17:25:11.828 [info] > git config --get commit.template [4ms]
2022-11-17 17:25:11.852 [info] > git for-each-ref --format=%(refname)%00%(upstream:short)%00%(objectname)%00%(upstream:track)%00%(upstream:remotename)%00%(upstream:remoteref) refs/heads/master refs/remotes/master [2ms]
2022-11-17 17:25:12.165 [info] > git show --textconv :index.html [14ms]
2022-11-17 17:25:12.167 [info] > git ls-files --stage -- /home/yunis/phase-0-html-lists-lab/index.html [5ms]
2022-11-17 17:25:12.179 [info] > git cat-file -s 8a63b502b371454c4cdd68b6913867d10980efe8 [4ms]
2022-11-17 17:25:12.317 [info] > git check-ignore -v -z --stdin [2ms]
2022-11-17 17:27:01.824 [info] > git status -z -uall [9ms]
2022-11-17 17:27:01.826 [info] > git remote --verbose [19ms]
2022-11-17 17:27:01.827 [info] > git for-each-ref --sort -committerdate --format %(refname) %(objectname) %(*objectname) [37ms]
2022-11-17 17:27:01.828 [info] > git config --get commit.template [5ms]
2022-11-17 17:27:01.835 [info] > git for-each-ref --format=%(refname)%00%(upstream:short)%00%(objectname)%00%(upstream:track)%00%(upstream:remotename)%00%(upstream:remoteref) refs/heads/master refs/remotes/master [2ms]
2022-11-17 17:30:30.927 [info] > git status -z -uall [12ms]
2022-11-17 17:30:30.929 [info] > git remote --verbose [30ms]
2022-11-17 17:30:30.930 [info] > git for-each-ref --sort -committerdate --format %(refname) %(objectname) %(*objectname) [46ms]
2022-11-17 17:30:30.932 [info] > git config --get commit.template [5ms]
2022-11-17 17:30:30.949 [info] > git for-each-ref --format=%(refname)%00%(upstream:short)%00%(objectname)%00%(upstream:track)%00%(upstream:remotename)%00%(upstream:remoteref) refs/heads/master refs/remotes/master [4ms]
2022-11-17 17:30:35.977 [info] > git status -z -uall [7ms]
2022-11-17 17:30:35.978 [info] > git remote --verbose [13ms]
2022-11-17 17:30:35.979 [info] > git for-each-ref --sort -committerdate --format %(refname) %(objectname) %(*objectname) [18ms]
2022-11-17 17:30:35.980 [info] > git config --get commit.template [2ms]
2022-11-17 17:30:35.989 [info] > git for-each-ref --format=%(refname)%00%(upstream:short)%00%(objectname)%00%(upstream:track)%00%(upstream:remotename)%00%(upstream:remoteref) refs/heads/master refs/remotes/master [2ms]
2022-11-17 17:30:45.382 [info] > git status -z -uall [6ms]
2022-11-17 17:30:45.383 [info] > git remote --verbose [12ms]
2022-11-17 17:30:45.383 [info] > git for-each-ref --sort -committerdate --format %(refname) %(objectname) %(*objectname) [17ms]
2022-11-17 17:30:45.384 [info] > git config --get commit.template [3ms]
2022-11-17 17:30:45.392 [info] > git for-each-ref --format=%(refname)%00%(upstream:short)%00%(objectname)%00%(upstream:track)%00%(upstream:remotename)%00%(upstream:remoteref) refs/heads/master refs/remotes/master [2ms]
2022-11-17 17:30:50.464 [info] > git status -z -uall [10ms]
2022-11-17 17:30:50.465 [info] > git remote --verbose [23ms]
2022-11-17 17:30:50.465 [info] > git for-each-ref --sort -committerdate --format %(refname) %(objectname) %(*objectname) [42ms]
2022-11-17 17:30:50.466 [info] > git config --get commit.template [3ms]
2022-11-17 17:30:50.474 [info] > git for-each-ref --format=%(refname)%00%(upstream:short)%00%(objectname)%00%(upstream:track)%00%(upstream:remotename)%00%(upstream:remoteref) refs/heads/master refs/remotes/master [1ms]
2022-11-17 17:30:55.536 [info] > git status -z -uall [8ms]
2022-11-17 17:30:55.537 [info] > git remote --verbose [18ms]
2022-11-17 17:30:55.537 [info] > git for-each-ref --sort -committerdate --format %(refname) %(objectname) %(*objectname) [39ms]
2022-11-17 17:30:55.538 [info] > git config --get commit.template [2ms]
2022-11-17 17:30:55.546 [info] > git for-each-ref --format=%(refname)%00%(upstream:short)%00%(objectname)%00%(upstream:track)%00%(upstream:remotename)%00%(upstream:remoteref) refs/heads/master refs/remotes/master [2ms]
2022-11-17 17:31:00.607 [info] > git status -z -uall [11ms]
2022-11-17 17:31:00.608 [info] > git remote --verbose [25ms]
2022-11-17 17:31:00.608 [info] > git for-each-ref --sort -committerdate --format %(refname) %(objectname) %(*objectname) [42ms]
2022-11-17 17:31:00.610 [info] > git config --get commit.template [4ms]
2022-11-17 17:31:00.622 [info] > git for-each-ref --format=%(refname)%00%(upstream:short)%00%(objectname)%00%(upstream:track)%00%(upstream:remotename)%00%(upstream:remoteref) refs/heads/master refs/remotes/master [3ms]
2022-11-17 17:31:05.658 [info] > git status -z -uall [6ms]
2022-11-17 17:31:05.659 [info] > git remote --verbose [12ms]
2022-11-17 17:31:05.659 [info] > git for-each-ref --sort -committerdate --format %(refname) %(objectname) %(*objectname) [19ms]
2022-11-17 17:31:05.660 [info] > git config --get commit.template [3ms]
2022-11-17 17:31:05.667 [info] > git for-each-ref --format=%(refname)%00%(upstream:short)%00%(objectname)%00%(upstream:track)%00%(upstream:remotename)%00%(upstream:remoteref) refs/heads/master refs/remotes/master [2ms]
2022-11-17 17:31:13.568 [info] > git status -z -uall [14ms]
2022-11-17 17:31:13.569 [info] > git remote --verbose [26ms]
2022-11-17 17:31:13.570 [info] > git for-each-ref --sort -committerdate --format %(refname) %(objectname) %(*objectname) [38ms]
2022-11-17 17:31:13.571 [info] > git config --get commit.template [4ms]
2022-11-17 17:31:13.579 [info] > git for-each-ref --format=%(refname)%00%(upstream:short)%00%(objectname)%00%(upstream:track)%00%(upstream:remotename)%00%(upstream:remoteref) refs/heads/master refs/remotes/master [2ms]
2022-11-17 17:31:18.646 [info] > git status -z -uall [11ms]
2022-11-17 17:31:18.647 [info] > git remote --verbose [30ms]
2022-11-17 17:31:18.647 [info] > git for-each-ref --sort -committerdate --format %(refname) %(objectname) %(*objectname) [47ms]
2022-11-17 17:31:18.650 [info] > git config --get commit.template [6ms]
2022-11-17 17:31:18.658 [info] > git for-each-ref --format=%(refname)%00%(upstream:short)%00%(objectname)%00%(upstream:track)%00%(upstream:remotename)%00%(upstream:remoteref) refs/heads/master refs/remotes/master [1ms]
2022-11-17 17:31:23.721 [info] > git status -z -uall [8ms]
2022-11-17 17:31:23.722 [info] > git remote --verbose [18ms]
2022-11-17 17:31:23.722 [info] > git for-each-ref --sort -committerdate --format %(refname) %(objectname) %(*objectname) [40ms]
2022-11-17 17:31:23.724 [info] > git config --get commit.template [3ms]
2022-11-17 17:31:23.733 [info] > git for-each-ref --format=%(refname)%00%(upstream:short)%00%(objectname)%00%(upstream:track)%00%(upstream:remotename)%00%(upstream:remoteref) refs/heads/master refs/remotes/master [2ms]
2022-11-17 17:31:28.794 [info] > git status -z -uall [8ms]
2022-11-17 17:31:28.795 [info] > git remote --verbose [18ms]
2022-11-17 17:31:28.796 [info] > git for-each-ref --sort -committerdate --format %(refname) %(objectname) %(*objectname) [34ms]
2022-11-17 17:31:28.797 [info] > git config --get commit.template [2ms]
2022-11-17 17:31:28.803 [info] > git for-each-ref --format=%(refname)%00%(upstream:short)%00%(objectname)%00%(upstream:track)%00%(upstream:remotename)%00%(upstream:remoteref) refs/heads/master refs/remotes/master [1ms]
2022-11-17 17:31:33.861 [info] > git status -z -uall [9ms]
2022-11-17 17:31:33.862 [info] > git remote --verbose [21ms]
2022-11-17 17:31:33.862 [info] > git for-each-ref --sort -committerdate --format %(refname) %(objectname) %(*objectname) [38ms]
2022-11-17 17:31:33.863 [info] > git config --get commit.template [2ms]
2022-11-17 17:31:33.870 [info] > git for-each-ref --format=%(refname)%00%(upstream:short)%00%(objectname)%00%(upstream:track)%00%(upstream:remotename)%00%(upstream:remoteref) refs/heads/master refs/remotes/master [1ms]
2022-11-17 17:31:38.926 [info] > git status -z -uall [12ms]
2022-11-17 17:31:38.927 [info] > git remote --verbose [30ms]
2022-11-17 17:31:38.928 [info] > git for-each-ref --sort -committerdate --format %(refname) %(objectname) %(*objectname) [47ms]
2022-11-17 17:31:38.929 [info] > git config --get commit.template [3ms]
2022-11-17 17:31:38.939 [info] > git for-each-ref --format=%(refname)%00%(upstream:short)%00%(objectname)%00%(upstream:track)%00%(upstream:remotename)%00%(upstream:remoteref) refs/heads/master refs/remotes/master [2ms]
2022-11-17 17:31:44.002 [info] > git status -z -uall [9ms]
2022-11-17 17:31:44.003 [info] > git remote --verbose [19ms]
2022-11-17 17:31:44.003 [info] > git for-each-ref --sort -committerdate --format %(refname) %(objectname) %(*objectname) [39ms]
2022-11-17 17:31:44.004 [info] > git config --get commit.template [3ms]
2022-11-17 17:31:44.014 [info] > git for-each-ref --format=%(refname)%00%(upstream:short)%00%(objectname)%00%(upstream:track)%00%(upstream:remotename)%00%(upstream:remoteref) refs/heads/master refs/remotes/master [1ms]
2022-11-17 17:31:49.105 [info] > git status -z -uall [25ms]
2022-11-17 17:31:49.108 [info] > git remote --verbose [46ms]
2022-11-17 17:31:49.109 [info] > git for-each-ref --sort -committerdate --format %(refname) %(objectname) %(*objectname) [69ms]
2022-11-17 17:31:49.114 [info] > git config --get commit.template [9ms]
2022-11-17 17:31:49.152 [info] > git for-each-ref --format=%(refname)%00%(upstream:short)%00%(objectname)%00%(upstream:track)%00%(upstream:remotename)%00%(upstream:remoteref) refs/heads/master refs/remotes/master [11ms]
2022-11-17 17:31:54.222 [info] > git status -z -uall [9ms]
2022-11-17 17:31:54.223 [info] > git remote --verbose [20ms]
2022-11-17 17:31:54.223 [info] > git for-each-ref --sort -committerdate --format %(refname) %(objectname) %(*objectname) [38ms]
2022-11-17 17:31:54.224 [info] > git config --get commit.template [2ms]
2022-11-17 17:31:54.232 [info] > git for-each-ref --format=%(refname)%00%(upstream:short)%00%(objectname)%00%(upstream:track)%00%(upstream:remotename)%00%(upstream:remoteref) refs/heads/master refs/remotes/master [1ms]
2022-11-17 17:31:59.341 [info] > git status -z -uall [27ms]
2022-11-17 17:31:59.343 [info] > git remote --verbose [52ms]
2022-11-17 17:31:59.344 [info] > git for-each-ref --sort -committerdate --format %(refname) %(objectname) %(*objectname) [84ms]
2022-11-17 17:31:59.347 [info] > git config --get commit.template [12ms]
2022-11-17 17:31:59.363 [info] > git for-each-ref --format=%(refname)%00%(upstream:short)%00%(objectname)%00%(upstream:track)%00%(upstream:remotename)%00%(upstream:remoteref) refs/heads/master refs/remotes/master [3ms]
2022-11-17 17:32:04.423 [info] > git status -z -uall [10ms]
2022-11-17 17:32:04.424 [info] > git remote --verbose [26ms]
2022-11-17 17:32:04.425 [info] > git for-each-ref --sort -committerdate --format %(refname) %(objectname) %(*objectname) [42ms]
2022-11-17 17:32:04.427 [info] > git config --get commit.template [3ms]
2022-11-17 17:32:04.437 [info] > git for-each-ref --format=%(refname)%00%(upstream:short)%00%(objectname)%00%(upstream:track)%00%(upstream:remotename)%00%(upstream:remoteref) refs/heads/master refs/remotes/master [2ms]
2022-11-17 17:32:09.507 [info] > git status -z -uall [12ms]
2022-11-17 17:32:09.508 [info] > git remote --verbose [29ms]
2022-11-17 17:32:09.508 [info] > git for-each-ref --sort -committerdate --format %(refname) %(objectname) %(*objectname) [49ms]
2022-11-17 17:32:09.509 [info] > git config --get commit.template [3ms]
2022-11-17 17:32:09.518 [info] > git for-each-ref --format=%(refname)%00%(upstream:short)%00%(objectname)%00%(upstream:track)%00%(upstream:remotename)%00%(upstream:remoteref) refs/heads/master refs/remotes/master [2ms]
2022-11-17 17:32:14.835 [info] > git status -z -uall [14ms]
2022-11-17 17:32:14.836 [info] > git remote --verbose [34ms]
2022-11-17 17:32:14.836 [info] > git for-each-ref --sort -committerdate --format %(refname) %(objectname) %(*objectname) [54ms]
2022-11-17 17:32:14.837 [info] > git config --get commit.template [4ms]
2022-11-17 17:32:14.848 [info] > git for-each-ref --format=%(refname)%00%(upstream:short)%00%(objectname)%00%(upstream:track)%00%(upstream:remotename)%00%(upstream:remoteref) refs/heads/master refs/remotes/master [2ms]
2022-11-17 17:32:19.891 [info] > git status -z -uall [12ms]
2022-11-17 17:32:19.891 [info] > git remote --verbose [23ms]
2022-11-17 17:32:19.892 [info] > git for-each-ref --sort -committerdate --format %(refname) %(objectname) %(*objectname) [34ms]
2022-11-17 17:32:19.893 [info] > git config --get commit.template [2ms]
2022-11-17 17:32:19.901 [info] > git for-each-ref --format=%(refname)%00%(upstream:short)%00%(objectname)%00%(upstream:track)%00%(upstream:remotename)%00%(upstream:remoteref) refs/heads/master refs/remotes/master [2ms]
2022-11-17 17:32:24.958 [info] > git status -z -uall [10ms]
2022-11-17 17:32:24.959 [info] > git remote --verbose [25ms]
2022-11-17 17:32:24.959 [info] > git for-each-ref --sort -committerdate --format %(refname) %(objectname) %(*objectname) [41ms]
2022-11-17 17:32:24.960 [info] > git config --get commit.template [3ms]
2022-11-17 17:32:24.968 [info] > git for-each-ref --format=%(refname)%00%(upstream:short)%00%(objectname)%00%(upstream:track)%00%(upstream:remotename)%00%(upstream:remoteref) refs/heads/master refs/remotes/master [2ms]
2022-11-17 17:32:30.099 [info] > git status -z -uall [34ms]
2022-11-17 17:32:30.101 [info] > git remote --verbose [69ms]
2022-11-17 17:32:30.102 [info] > git for-each-ref --sort -committerdate --format %(refname) %(objectname) %(*objectname) [102ms]
2022-11-17 17:32:30.107 [info] > git config --get commit.template [16ms]
2022-11-17 17:32:30.142 [info] > git for-each-ref --format=%(refname)%00%(upstream:short)%00%(objectname)%00%(upstream:track)%00%(upstream:remotename)%00%(upstream:remoteref) refs/heads/master refs/remotes/master [7ms]
2022-11-17 17:32:35.206 [info] > git status -z -uall [9ms]
2022-11-17 17:32:35.207 [info] > git remote --verbose [22ms]
2022-11-17 17:32:35.208 [info] > git for-each-ref --sort -committerdate --format %(refname) %(objectname) %(*objectname) [40ms]
2022-11-17 17:32:35.208 [info] > git config --get commit.template [2ms]
2022-11-17 17:32:35.216 [info] > git for-each-ref --format=%(refname)%00%(upstream:short)%00%(objectname)%00%(upstream:track)%00%(upstream:remotename)%00%(upstream:remoteref) refs/heads/master refs/remotes/master [2ms]
2022-11-17 17:32:51.193 [info] > git status -z -uall [11ms]
2022-11-17 17:32:51.193 [info] > git remote --verbose [32ms]
2022-11-17 17:32:51.194 [info] > git for-each-ref --sort -committerdate --format %(refname) %(objectname) %(*objectname) [53ms]
2022-11-17 17:32:51.196 [info] > git config --get commit.template [3ms]
2022-11-17 17:32:51.206 [info] > git for-each-ref --format=%(refname)%00%(upstream:short)%00%(objectname)%00%(upstream:track)%00%(upstream:remotename)%00%(upstream:remoteref) refs/heads/master refs/remotes/master [2ms]
2022-11-17 17:32:56.261 [info] > git status -z -uall [8ms]
2022-11-17 17:32:56.262 [info] > git remote --verbose [17ms]
2022-11-17 17:32:56.262 [info] > git for-each-ref --sort -committerdate --format %(refname) %(objectname) %(*objectname) [34ms]
2022-11-17 17:32:56.263 [info] > git config --get commit.template [2ms]
2022-11-17 17:32:56.270 [info] > git for-each-ref --format=%(refname)%00%(upstream:short)%00%(objectname)%00%(upstream:track)%00%(upstream:remotename)%00%(upstream:remoteref) refs/heads/master refs/remotes/master [2ms]
2022-11-17 17:33:03.789 [info] > git status -z -uall [15ms]
2022-11-17 17:33:03.790 [info] > git remote --verbose [36ms]
2022-11-17 17:33:03.790 [info] > git for-each-ref --sort -committerdate --format %(refname) %(objectname) %(*objectname) [55ms]
2022-11-17 17:33:03.792 [info] > git config --get commit.template [3ms]
2022-11-17 17:33:03.802 [info] > git for-each-ref --format=%(refname)%00%(upstream:short)%00%(objectname)%00%(upstream:track)%00%(upstream:remotename)%00%(upstream:remoteref) refs/heads/master refs/remotes/master [2ms]
2022-11-17 17:33:08.834 [info] > git status -z -uall [8ms]
2022-11-17 17:33:08.834 [info] > git remote --verbose [16ms]
2022-11-17 17:33:08.835 [info] > git for-each-ref --sort -committerdate --format %(refname) %(objectname) %(*objectname) [24ms]
2022-11-17 17:33:08.836 [info] > git config --get commit.template [2ms]
2022-11-17 17:33:08.848 [info] > git for-each-ref --format=%(refname)%00%(upstream:short)%00%(objectname)%00%(upstream:track)%00%(upstream:remotename)%00%(upstream:remoteref) refs/heads/master refs/remotes/master [2ms]
2022-11-17 17:33:13.907 [info] > git status -z -uall [10ms]
2022-11-17 17:33:13.908 [info] > git remote --verbose [19ms]
2022-11-17 17:33:13.908 [info] > git for-each-ref --sort -committerdate --format %(refname) %(objectname) %(*objectname) [35ms]
2022-11-17 17:33:13.909 [info] > git config --get commit.template [4ms]
2022-11-17 17:33:13.917 [info] > git for-each-ref --format=%(refname)%00%(upstream:short)%00%(objectname)%00%(upstream:track)%00%(upstream:remotename)%00%(upstream:remoteref) refs/heads/master refs/remotes/master [2ms]
2022-11-17 17:33:44.045 [info] > git status -z -uall [10ms]
2022-11-17 17:33:44.046 [info] > git remote --verbose [24ms]
2022-11-17 17:33:44.046 [info] > git for-each-ref --sort -committerdate --format %(refname) %(objectname) %(*objectname) [44ms]
2022-11-17 17:33:44.048 [info] > git config --get commit.template [4ms]
2022-11-17 17:33:44.056 [info] > git for-each-ref --format=%(refname)%00%(upstream:short)%00%(objectname)%00%(upstream:track)%00%(upstream:remotename)%00%(upstream:remoteref) refs/heads/master refs/remotes/master [1ms]
2022-11-17 17:33:58.432 [info] > git status -z -uall [9ms]
2022-11-17 17:33:58.432 [info] > git remote --verbose [17ms]
2022-11-17 17:33:58.433 [info] > git for-each-ref --sort -committerdate --format %(refname) %(objectname) %(*objectname) [32ms]
2022-11-17 17:33:58.434 [info] > git config --get commit.template [3ms]
2022-11-17 17:33:58.441 [info] > git for-each-ref --format=%(refname)%00%(upstream:short)%00%(objectname)%00%(upstream:track)%00%(upstream:remotename)%00%(upstream:remoteref) refs/heads/master refs/remotes/master [2ms]
2022-11-17 17:34:07.868 [info] > git status -z -uall [9ms]
2022-11-17 17:34:07.868 [info] > git remote --verbose [22ms]
2022-11-17 17:34:07.869 [info] > git for-each-ref --sort -committerdate --format %(refname) %(objectname) %(*objectname) [37ms]
2022-11-17 17:34:07.869 [info] > git config --get commit.template [2ms]
2022-11-17 17:34:07.878 [info] > git for-each-ref --format=%(refname)%00%(upstream:short)%00%(objectname)%00%(upstream:track)%00%(upstream:remotename)%00%(upstream:remoteref) refs/heads/master refs/remotes/master [2ms]
2022-11-17 17:34:15.692 [info] > git status -z -uall [12ms]
2022-11-17 17:34:15.693 [info] > git remote --verbose [31ms]
2022-11-17 17:34:15.693 [info] > git for-each-ref --sort -committerdate --format %(refname) %(objectname) %(*objectname) [49ms]
2022-11-17 17:34:15.694 [info] > git config --get commit.template [2ms]
2022-11-17 17:34:15.702 [info] > git for-each-ref --format=%(refname)%00%(upstream:short)%00%(objectname)%00%(upstream:track)%00%(upstream:remotename)%00%(upstream:remoteref) refs/heads/master refs/remotes/master [2ms]
2022-11-17 17:34:20.764 [info] > git status -z -uall [8ms]
2022-11-17 17:34:20.765 [info] > git remote --verbose [18ms]
2022-11-17 17:34:20.765 [info] > git for-each-ref --sort -committerdate --format %(refname) %(objectname) %(*objectname) [39ms]
2022-11-17 17:34:20.766 [info] > git config --get commit.template [3ms]
2022-11-17 17:34:20.776 [info] > git for-each-ref --format=%(refname)%00%(upstream:short)%00%(objectname)%00%(upstream:track)%00%(upstream:remotename)%00%(upstream:remoteref) refs/heads/master refs/remotes/master [2ms]
2022-11-17 17:34:25.807 [info] > git status -z -uall [8ms]
2022-11-17 17:34:25.807 [info] > git remote --verbose [16ms]
2022-11-17 17:34:25.808 [info] > git for-each-ref --sort -committerdate --format %(refname) %(objectname) %(*objectname) [21ms]
2022-11-17 17:34:25.808 [info] > git config --get commit.template [2ms]
2022-11-17 17:34:25.818 [info] > git for-each-ref --format=%(refname)%00%(upstream:short)%00%(objectname)%00%(upstream:track)%00%(upstream:remotename)%00%(upstream:remoteref) refs/heads/master refs/remotes/master [2ms]
2022-11-17 17:36:18.616 [info] > git status -z -uall [10ms]
2022-11-17 17:36:18.616 [info] > git remote --verbose [22ms]
2022-11-17 17:36:18.617 [info] > git for-each-ref --sort -committerdate --format %(refname) %(objectname) %(*objectname) [41ms]
2022-11-17 17:36:18.618 [info] > git config --get commit.template [2ms]
2022-11-17 17:36:18.625 [info] > git for-each-ref --format=%(refname)%00%(upstream:short)%00%(objectname)%00%(upstream:track)%00%(upstream:remotename)%00%(upstream:remoteref) refs/heads/master refs/remotes/master [2ms]
2022-11-17 17:36:37.582 [info] > git status -z -uall [7ms]
2022-11-17 17:36:37.582 [info] > git remote --verbose [13ms]
2022-11-17 17:36:37.583 [info] > git for-each-ref --sort -committerdate --format %(refname) %(objectname) %(*objectname) [19ms]
2022-11-17 17:36:37.583 [info] > git config --get commit.template [2ms]
2022-11-17 17:36:37.592 [info] > git for-each-ref --format=%(refname)%00%(upstream:short)%00%(objectname)%00%(upstream:track)%00%(upstream:remotename)%00%(upstream:remoteref) refs/heads/master refs/remotes/master [2ms]
2022-11-17 17:36:42.641 [info] > git status -z -uall [10ms]
2022-11-17 17:36:42.642 [info] > git remote --verbose [20ms]
2022-11-17 17:36:42.643 [info] > git for-each-ref --sort -committerdate --format %(refname) %(objectname) %(*objectname) [31ms]
2022-11-17 17:36:42.644 [info] > git config --get commit.template [3ms]
2022-11-17 17:36:42.655 [info] > git for-each-ref --format=%(refname)%00%(upstream:short)%00%(objectname)%00%(upstream:track)%00%(upstream:remotename)%00%(upstream:remoteref) refs/heads/master refs/remotes/master [3ms]
2022-11-17 17:36:47.687 [info] > git status -z -uall [8ms]
2022-11-17 17:36:47.687 [info] > git remote --verbose [15ms]
2022-11-17 17:36:47.688 [info] > git for-each-ref --sort -committerdate --format %(refname) %(objectname) %(*objectname) [21ms]
2022-11-17 17:36:47.688 [info] > git config --get commit.template [2ms]
2022-11-17 17:36:47.697 [info] > git for-each-ref --format=%(refname)%00%(upstream:short)%00%(objectname)%00%(upstream:track)%00%(upstream:remotename)%00%(upstream:remoteref) refs/heads/master refs/remotes/master [1ms]
2022-11-17 17:36:52.767 [info] > git status -z -uall [9ms]
2022-11-17 17:36:52.768 [info] > git remote --verbose [24ms]
2022-11-17 17:36:52.768 [info] > git for-each-ref --sort -committerdate --format %(refname) %(objectname) %(*objectname) [47ms]
2022-11-17 17:36:52.769 [info] > git config --get commit.template [3ms]
2022-11-17 17:36:52.780 [info] > git for-each-ref --format=%(refname)%00%(upstream:short)%00%(objectname)%00%(upstream:track)%00%(upstream:remotename)%00%(upstream:remoteref) refs/heads/master refs/remotes/master [2ms]
2022-11-17 17:36:57.828 [info] > git status -z -uall [12ms]
2022-11-17 17:36:57.828 [info] > git remote --verbose [19ms]
2022-11-17 17:36:57.830 [info] > git for-each-ref --sort -committerdate --format %(refname) %(objectname) %(*objectname) [30ms]
2022-11-17 17:36:57.832 [info] > git config --get commit.template [4ms]
2022-11-17 17:36:57.845 [info] > git for-each-ref --format=%(refname)%00%(upstream:short)%00%(objectname)%00%(upstream:track)%00%(upstream:remotename)%00%(upstream:remoteref) refs/heads/master refs/remotes/master [3ms]
2022-11-17 17:37:02.911 [info] > git status -z -uall [13ms]
2022-11-17 17:37:02.912 [info] > git remote --verbose [31ms]
2022-11-17 17:37:02.913 [info] > git for-each-ref --sort -committerdate --format %(refname) %(objectname) %(*objectname) [48ms]
2022-11-17 17:37:02.914 [info] > git config --get commit.template [2ms]
2022-11-17 17:37:02.924 [info] > git for-each-ref --format=%(refname)%00%(upstream:short)%00%(objectname)%00%(upstream:track)%00%(upstream:remotename)%00%(upstream:remoteref) refs/heads/master refs/remotes/master [1ms]
2022-11-17 17:37:09.524 [info] > git status -z -uall [7ms]
2022-11-17 17:37:09.525 [info] > git remote --verbose [13ms]
2022-11-17 17:37:09.525 [info] > git for-each-ref --sort -committerdate --format %(refname) %(objectname) %(*objectname) [19ms]
2022-11-17 17:37:09.526 [info] > git config --get commit.template [2ms]
2022-11-17 17:37:09.535 [info] > git for-each-ref --format=%(refname)%00%(upstream:short)%00%(objectname)%00%(upstream:track)%00%(upstream:remotename)%00%(upstream:remoteref) refs/heads/master refs/remotes/master [1ms]
2022-11-17 17:37:18.466 [info] > git status -z -uall [7ms]
2022-11-17 17:37:18.467 [info] > git remote --verbose [14ms]
2022-11-17 17:37:18.467 [info] > git for-each-ref --sort -committerdate --format %(refname) %(objectname) %(*objectname) [21ms]
2022-11-17 17:37:18.468 [info] > git config --get commit.template [2ms]
2022-11-17 17:37:18.478 [info] > git for-each-ref --format=%(refname)%00%(upstream:short)%00%(objectname)%00%(upstream:track)%00%(upstream:remotename)%00%(upstream:remoteref) refs/heads/master refs/remotes/master [2ms]
2022-11-17 17:37:23.509 [info] > git status -z -uall [9ms]
2022-11-17 17:37:23.509 [info] > git remote --verbose [15ms]
2022-11-17 17:37:23.510 [info] > git for-each-ref --sort -committerdate --format %(refname) %(objectname) %(*objectname) [22ms]
2022-11-17 17:37:23.510 [info] > git config --get commit.template [2ms]
2022-11-17 17:37:23.519 [info] > git for-each-ref --format=%(refname)%00%(upstream:short)%00%(objectname)%00%(upstream:track)%00%(upstream:remotename)%00%(upstream:remoteref) refs/heads/master refs/remotes/master [1ms]
2022-11-17 17:37:28.900 [info] > git status -z -uall [8ms]
2022-11-17 17:37:28.901 [info] > git remote --verbose [18ms]
2022-11-17 17:37:28.901 [info] > git for-each-ref --sort -committerdate --format %(refname) %(objectname) %(*objectname) [36ms]
2022-11-17 17:37:28.901 [info] > git config --get commit.template [1ms]
2022-11-17 17:37:28.909 [info] > git for-each-ref --format=%(refname)%00%(upstream:short)%00%(objectname)%00%(upstream:track)%00%(upstream:remotename)%00%(upstream:remoteref) refs/heads/master refs/remotes/master [1ms]
2022-11-17 17:37:33.946 [info] > git status -z -uall [8ms]
2022-11-17 17:37:33.947 [info] > git remote --verbose [15ms]
2022-11-17 17:37:33.947 [info] > git for-each-ref --sort -committerdate --format %(refname) %(objectname) %(*objectname) [22ms]
2022-11-17 17:37:33.948 [info] > git config --get commit.template [2ms]
2022-11-17 17:37:33.956 [info] > git for-each-ref --format=%(refname)%00%(upstream:short)%00%(objectname)%00%(upstream:track)%00%(upstream:remotename)%00%(upstream:remoteref) refs/heads/master refs/remotes/master [2ms]
2022-11-17 17:37:41.330 [info] > git status -z -uall [9ms]
2022-11-17 17:37:41.331 [info] > git remote --verbose [15ms]
2022-11-17 17:37:41.331 [info] > git for-each-ref --sort -committerdate --format %(refname) %(objectname) %(*objectname) [22ms]
2022-11-17 17:37:41.332 [info] > git config --get commit.template [1ms]
2022-11-17 17:37:41.339 [info] > git for-each-ref --format=%(refname)%00%(upstream:short)%00%(objectname)%00%(upstream:track)%00%(upstream:remotename)%00%(upstream:remoteref) refs/heads/master refs/remotes/master [2ms]
2022-11-17 17:38:37.240 [info] > git status -z -uall [9ms]
2022-11-17 17:38:37.241 [info] > git remote --verbose [22ms]
2022-11-17 17:38:37.242 [info] > git for-each-ref --sort -committerdate --format %(refname) %(objectname) %(*objectname) [45ms]
2022-11-17 17:38:37.243 [info] > git config --get commit.template [2ms]
2022-11-17 17:38:37.252 [info] > git for-each-ref --format=%(refname)%00%(upstream:short)%00%(objectname)%00%(upstream:track)%00%(upstream:remotename)%00%(upstream:remoteref) refs/heads/master refs/remotes/master [2ms]
2022-11-17 17:38:42.288 [info] > git status -z -uall [9ms]
2022-11-17 17:38:42.289 [info] > git remote --verbose [17ms]
2022-11-17 17:38:42.289 [info] > git for-each-ref --sort -committerdate --format %(refname) %(objectname) %(*objectname) [25ms]
2022-11-17 17:38:42.290 [info] > git config --get commit.template [3ms]
2022-11-17 17:38:42.301 [info] > git for-each-ref --format=%(refname)%00%(upstream:short)%00%(objectname)%00%(upstream:track)%00%(upstream:remotename)%00%(upstream:remoteref) refs/heads/master refs/remotes/master [2ms]
2022-11-17 17:38:50.116 [info] > git status -z -uall [7ms]
2022-11-17 17:38:50.117 [info] > git remote --verbose [13ms]
2022-11-17 17:38:50.117 [info] > git for-each-ref --sort -committerdate --format %(refname) %(objectname) %(*objectname) [20ms]
2022-11-17 17:38:50.118 [info] > git config --get commit.template [1ms]
2022-11-17 17:38:50.126 [info] > git for-each-ref --format=%(refname)%00%(upstream:short)%00%(objectname)%00%(upstream:track)%00%(upstream:remotename)%00%(upstream:remoteref) refs/heads/master refs/remotes/master [2ms]
2022-11-17 17:38:55.162 [info] > git status -z -uall [10ms]
2022-11-17 17:38:55.163 [info] > git remote --verbose [17ms]
2022-11-17 17:38:55.163 [info] > git for-each-ref --sort -committerdate --format %(refname) %(objectname) %(*objectname) [25ms]
2022-11-17 17:38:55.164 [info] > git config --get commit.template [3ms]
2022-11-17 17:38:55.174 [info] > git for-each-ref --format=%(refname)%00%(upstream:short)%00%(objectname)%00%(upstream:track)%00%(upstream:remotename)%00%(upstream:remoteref) refs/heads/master refs/remotes/master [2ms]
2022-11-17 17:39:56.759 [info] > git status -z -uall [12ms]
2022-11-17 17:39:56.760 [info] > git remote --verbose [33ms]
2022-11-17 17:39:56.760 [info] > git for-each-ref --sort -committerdate --format %(refname) %(objectname) %(*objectname) [53ms]
2022-11-17 17:39:56.762 [info] > git config --get commit.template [2ms]
2022-11-17 17:39:56.771 [info] > git for-each-ref --format=%(refname)%00%(upstream:short)%00%(objectname)%00%(upstream:track)%00%(upstream:remotename)%00%(upstream:remoteref) refs/heads/master refs/remotes/master [2ms]
2022-11-17 17:40:01.840 [info] > git status -z -uall [10ms]
2022-11-17 17:40:01.841 [info] > git remote --verbose [23ms]
2022-11-17 17:40:01.841 [info] > git for-each-ref --sort -committerdate --format %(refname) %(objectname) %(*objectname) [44ms]
2022-11-17 17:40:01.842 [info] > git config --get commit.template [2ms]
2022-11-17 17:40:01.850 [info] > git for-each-ref --format=%(refname)%00%(upstream:short)%00%(objectname)%00%(upstream:track)%00%(upstream:remotename)%00%(upstream:remoteref) refs/heads/master refs/remotes/master [1ms]
2022-11-17 17:40:06.883 [info] > git status -z -uall [8ms]
2022-11-17 17:40:06.884 [info] > git remote --verbose [16ms]
2022-11-17 17:40:06.884 [info] > git for-each-ref --sort -committerdate --format %(refname) %(objectname) %(*objectname) [23ms]
2022-11-17 17:40:06.885 [info] > git config --get commit.template [2ms]
2022-11-17 17:40:06.895 [info] > git for-each-ref --format=%(refname)%00%(upstream:short)%00%(objectname)%00%(upstream:track)%00%(upstream:remotename)%00%(upstream:remoteref) refs/heads/master refs/remotes/master [2ms]
2022-11-17 17:40:13.849 [info] > git status -z -uall [12ms]
2022-11-17 17:40:13.850 [info] > git remote --verbose [32ms]
2022-11-17 17:40:13.850 [info] > git for-each-ref --sort -committerdate --format %(refname) %(objectname) %(*objectname) [53ms]
2022-11-17 17:40:13.851 [info] > git config --get commit.template [3ms]
2022-11-17 17:40:13.860 [info] > git for-each-ref --format=%(refname)%00%(upstream:short)%00%(objectname)%00%(upstream:track)%00%(upstream:remotename)%00%(upstream:remoteref) refs/heads/master refs/remotes/master [2ms]
2022-11-17 17:40:25.972 [info] > git status -z -uall [11ms]
2022-11-17 17:40:25.973 [info] > git remote --verbose [21ms]
2022-11-17 17:40:25.974 [info] > git for-each-ref --sort -committerdate --format %(refname) %(objectname) %(*objectname) [27ms]
2022-11-17 17:40:25.976 [info] > git config --get commit.template [3ms]
2022-11-17 17:40:25.984 [info] > git for-each-ref --format=%(refname)%00%(upstream:short)%00%(objectname)%00%(upstream:track)%00%(upstream:remotename)%00%(upstream:remoteref) refs/heads/master refs/remotes/master [2ms]
2022-11-17 17:40:31.013 [info] > git status -z -uall [8ms]
2022-11-17 17:40:31.014 [info] > git remote --verbose [16ms]
2022-11-17 17:40:31.014 [info] > git for-each-ref --sort -committerdate --format %(refname) %(objectname) %(*objectname) [22ms]
2022-11-17 17:40:31.015 [info] > git config --get commit.template [2ms]
2022-11-17 17:40:31.025 [info] > git for-each-ref --format=%(refname)%00%(upstream:short)%00%(objectname)%00%(upstream:track)%00%(upstream:remotename)%00%(upstream:remoteref) refs/heads/master refs/remotes/master [2ms]
2022-11-17 17:41:38.976 [info] > git status -z -uall [10ms]
2022-11-17 17:41:38.976 [info] > git remote --verbose [23ms]
2022-11-17 17:41:38.977 [info] > git for-each-ref --sort -committerdate --format %(refname) %(objectname) %(*objectname) [48ms]
2022-11-17 17:41:38.978 [info] > git config --get commit.template [3ms]
2022-11-17 17:41:38.988 [info] > git for-each-ref --format=%(refname)%00%(upstream:short)%00%(objectname)%00%(upstream:track)%00%(upstream:remotename)%00%(upstream:remoteref) refs/heads/master refs/remotes/master [2ms]
2022-11-17 17:41:45.225 [info] > git status -z -uall [9ms]
2022-11-17 17:41:45.225 [info] > git remote --verbose [18ms]
2022-11-17 17:41:45.226 [info] > git for-each-ref --sort -committerdate --format %(refname) %(objectname) %(*objectname) [32ms]
2022-11-17 17:41:45.226 [info] > git config --get commit.template [2ms]
2022-11-17 17:41:45.235 [info] > git for-each-ref --format=%(refname)%00%(upstream:short)%00%(objectname)%00%(upstream:track)%00%(upstream:remotename)%00%(upstream:remoteref) refs/heads/master refs/remotes/master [2ms]
2022-11-17 17:41:50.276 [info] > git status -z -uall [15ms]
2022-11-17 17:41:50.277 [info] > git remote --verbose [25ms]
2022-11-17 17:41:50.277 [info] > git for-each-ref --sort -committerdate --format %(refname) %(objectname) %(*objectname) [33ms]
2022-11-17 17:41:50.278 [info] > git config --get commit.template [6ms]
2022-11-17 17:41:50.290 [info] > git for-each-ref --format=%(refname)%00%(upstream:short)%00%(objectname)%00%(upstream:track)%00%(upstream:remotename)%00%(upstream:remoteref) refs/heads/master refs/remotes/master [1ms]
2022-11-17 17:41:55.340 [info] > git status -z -uall [8ms]
2022-11-17 17:41:55.341 [info] > git remote --verbose [17ms]
2022-11-17 17:41:55.342 [info] > git for-each-ref --sort -committerdate --format %(refname) %(objectname) %(*objectname) [28ms]
2022-11-17 17:41:55.343 [info] > git config --get commit.template [3ms]
2022-11-17 17:41:55.355 [info] > git for-each-ref --format=%(refname)%00%(upstream:short)%00%(objectname)%00%(upstream:track)%00%(upstream:remotename)%00%(upstream:remoteref) refs/heads/master refs/remotes/master [2ms]
2022-11-17 17:42:00.427 [info] > git status -z -uall [9ms]
2022-11-17 17:42:00.428 [info] > git remote --verbose [21ms]
2022-11-17 17:42:00.428 [info] > git for-each-ref --sort -committerdate --format %(refname) %(objectname) %(*objectname) [45ms]
2022-11-17 17:42:00.429 [info] > git config --get commit.template [3ms]
2022-11-17 17:42:00.442 [info] > git for-each-ref --format=%(refname)%00%(upstream:short)%00%(objectname)%00%(upstream:track)%00%(upstream:remotename)%00%(upstream:remoteref) refs/heads/master refs/remotes/master [2ms]
2022-11-17 17:42:05.489 [info] > git status -z -uall [9ms]
2022-11-17 17:42:05.490 [info] > git remote --verbose [17ms]
2022-11-17 17:42:05.490 [info] > git for-each-ref --sort -committerdate --format %(refname) %(objectname) %(*objectname) [32ms]
2022-11-17 17:42:05.491 [info] > git config --get commit.template [2ms]
2022-11-17 17:42:05.499 [info] > git for-each-ref --format=%(refname)%00%(upstream:short)%00%(objectname)%00%(upstream:track)%00%(upstream:remotename)%00%(upstream:remoteref) refs/heads/master refs/remotes/master [2ms]
2022-11-17 17:42:10.541 [info] > git status -z -uall [9ms]
2022-11-17 17:42:10.541 [info] > git remote --verbose [17ms]
2022-11-17 17:42:10.541 [info] > git for-each-ref --sort -committerdate --format %(refname) %(objectname) %(*objectname) [31ms]
2022-11-17 17:42:10.542 [info] > git config --get commit.template [2ms]
2022-11-17 17:42:10.551 [info] > git for-each-ref --format=%(refname)%00%(upstream:short)%00%(objectname)%00%(upstream:track)%00%(upstream:remotename)%00%(upstream:remoteref) refs/heads/master refs/remotes/master [2ms]
2022-11-17 17:42:15.615 [info] > git status -z -uall [13ms]
2022-11-17 17:42:15.616 [info] > git remote --verbose [28ms]
2022-11-17 17:42:15.616 [info] > git for-each-ref --sort -committerdate --format %(refname) %(objectname) %(*objectname) [47ms]
2022-11-17 17:42:15.617 [info] > git config --get commit.template [3ms]
2022-11-17 17:42:15.626 [info] > git for-each-ref --format=%(refname)%00%(upstream:short)%00%(objectname)%00%(upstream:track)%00%(upstream:remotename)%00%(upstream:remoteref) refs/heads/master refs/remotes/master [2ms]
2022-11-17 17:42:20.693 [info] > git status -z -uall [9ms]
2022-11-17 17:42:20.694 [info] > git remote --verbose [19ms]
2022-11-17 17:42:20.694 [info] > git for-each-ref --sort -committerdate --format %(refname) %(objectname) %(*objectname) [36ms]
2022-11-17 17:42:20.694 [info] > git config --get commit.template [2ms]
2022-11-17 17:42:20.703 [info] > git for-each-ref --format=%(refname)%00%(upstream:short)%00%(objectname)%00%(upstream:track)%00%(upstream:remotename)%00%(upstream:remoteref) refs/heads/master refs/remotes/master [1ms]
2022-11-17 17:42:25.736 [info] > git status -z -uall [7ms]
2022-11-17 17:42:25.737 [info] > git remote --verbose [14ms]
2022-11-17 17:42:25.737 [info] > git for-each-ref --sort -committerdate --format %(refname) %(objectname) %(*objectname) [23ms]
2022-11-17 17:42:25.738 [info] > git config --get commit.template [2ms]
2022-11-17 17:42:25.748 [info] > git for-each-ref --format=%(refname)%00%(upstream:short)%00%(objectname)%00%(upstream:track)%00%(upstream:remotename)%00%(upstream:remoteref) refs/heads/master refs/remotes/master [1ms]
2022-11-17 17:42:30.821 [info] > git status -z -uall [11ms]
2022-11-17 17:42:30.822 [info] > git remote --verbose [23ms]
2022-11-17 17:42:30.822 [info] > git for-each-ref --sort -committerdate --format %(refname) %(objectname) %(*objectname) [47ms]
2022-11-17 17:42:30.823 [info] > git config --get commit.template [1ms]
2022-11-17 17:42:30.831 [info] > git for-each-ref --format=%(refname)%00%(upstream:short)%00%(objectname)%00%(upstream:track)%00%(upstream:remotename)%00%(upstream:remoteref) refs/heads/master refs/remotes/master [2ms]
2022-11-17 17:42:37.809 [info] > git status -z -uall [12ms]
2022-11-17 17:42:37.810 [info] > git remote --verbose [22ms]
2022-11-17 17:42:37.810 [info] > git for-each-ref --sort -committerdate --format %(refname) %(objectname) %(*objectname) [33ms]
2022-11-17 17:42:37.811 [info] > git config --get commit.template [3ms]
2022-11-17 17:42:37.825 [info] > git for-each-ref --format=%(refname)%00%(upstream:short)%00%(objectname)%00%(upstream:track)%00%(upstream:remotename)%00%(upstream:remoteref) refs/heads/master refs/remotes/master [2ms]
2022-11-17 17:42:42.892 [info] > git status -z -uall [12ms]
2022-11-17 17:42:42.893 [info] > git remote --verbose [23ms]
2022-11-17 17:42:42.893 [info] > git for-each-ref --sort -committerdate --format %(refname) %(objectname) %(*objectname) [39ms]
2022-11-17 17:42:42.894 [info] > git config --get commit.template [2ms]
2022-11-17 17:42:42.906 [info] > git for-each-ref --format=%(refname)%00%(upstream:short)%00%(objectname)%00%(upstream:track)%00%(upstream:remotename)%00%(upstream:remoteref) refs/heads/master refs/remotes/master [1ms]
2022-11-17 17:42:47.965 [info] > git status -z -uall [8ms]
2022-11-17 17:42:47.965 [info] > git remote --verbose [18ms]
2022-11-17 17:42:47.966 [info] > git for-each-ref --sort -committerdate --format %(refname) %(objectname) %(*objectname) [33ms]
2022-11-17 17:42:47.966 [info] > git config --get commit.template [2ms]
2022-11-17 17:42:47.975 [info] > git for-each-ref --format=%(refname)%00%(upstream:short)%00%(objectname)%00%(upstream:track)%00%(upstream:remotename)%00%(upstream:remoteref) refs/heads/master refs/remotes/master [2ms]
2022-11-17 17:42:53.053 [info] > git status -z -uall [11ms]
2022-11-17 17:42:53.053 [info] > git remote --verbose [24ms]
2022-11-17 17:42:53.053 [info] > git for-each-ref --sort -committerdate --format %(refname) %(objectname) %(*objectname) [50ms]
2022-11-17 17:42:53.054 [info] > git config --get commit.template [3ms]
2022-11-17 17:42:53.063 [info] > git for-each-ref --format=%(refname)%00%(upstream:short)%00%(objectname)%00%(upstream:track)%00%(upstream:remotename)%00%(upstream:remoteref) refs/heads/master refs/remotes/master [2ms]
2022-11-17 17:42:58.139 [info] > git status -z -uall [11ms]
2022-11-17 17:42:58.139 [info] > git remote --verbose [23ms]
2022-11-17 17:42:58.140 [info] > git for-each-ref --sort -committerdate --format %(refname) %(objectname) %(*objectname) [47ms]
2022-11-17 17:42:58.140 [info] > git config --get commit.template [2ms]
2022-11-17 17:42:58.149 [info] > git for-each-ref --format=%(refname)%00%(upstream:short)%00%(objectname)%00%(upstream:track)%00%(upstream:remotename)%00%(upstream:remoteref) refs/heads/master refs/remotes/master [2ms]
2022-11-17 17:43:03.250 [info] > git status -z -uall [19ms]
2022-11-17 17:43:03.251 [info] > git remote --verbose [47ms]
2022-11-17 17:43:03.251 [info] > git for-each-ref --sort -committerdate --format %(refname) %(objectname) %(*objectname) [74ms]
2022-11-17 17:43:03.253 [info] > git config --get commit.template [3ms]
2022-11-17 17:43:03.266 [info] > git for-each-ref --format=%(refname)%00%(upstream:short)%00%(objectname)%00%(upstream:track)%00%(upstream:remotename)%00%(upstream:remoteref) refs/heads/master refs/remotes/master [2ms]
2022-11-17 17:43:08.306 [info] > git status -z -uall [8ms]
2022-11-17 17:43:08.307 [info] > git remote --verbose [15ms]
2022-11-17 17:43:08.307 [info] > git for-each-ref --sort -committerdate --format %(refname) %(objectname) %(*objectname) [26ms]
2022-11-17 17:43:08.316 [info] > git config --get commit.template [2ms]
2022-11-17 17:43:08.326 [info] > git for-each-ref --format=%(refname)%00%(upstream:short)%00%(objectname)%00%(upstream:track)%00%(upstream:remotename)%00%(upstream:remoteref) refs/heads/master refs/remotes/master [1ms]
2022-11-17 17:43:13.372 [info] > git status -z -uall [9ms]
2022-11-17 17:43:13.373 [info] > git remote --verbose [17ms]
2022-11-17 17:43:13.373 [info] > git for-each-ref --sort -committerdate --format %(refname) %(objectname) %(*objectname) [25ms]
2022-11-17 17:43:13.374 [info] > git config --get commit.template [2ms]
2022-11-17 17:43:13.383 [info] > git for-each-ref --format=%(refname)%00%(upstream:short)%00%(objectname)%00%(upstream:track)%00%(upstream:remotename)%00%(upstream:remoteref) refs/heads/master refs/remotes/master [1ms]
2022-11-17 17:43:24.858 [info] > git status -z -uall [10ms]
2022-11-17 17:43:24.859 [info] > git remote --verbose [22ms]
2022-11-17 17:43:24.859 [info] > git for-each-ref --sort -committerdate --format %(refname) %(objectname) %(*objectname) [46ms]
2022-11-17 17:43:24.860 [info] > git config --get commit.template [2ms]
2022-11-17 17:43:24.869 [info] > git for-each-ref --format=%(refname)%00%(upstream:short)%00%(objectname)%00%(upstream:track)%00%(upstream:remotename)%00%(upstream:remoteref) refs/heads/master refs/remotes/master [1ms]
2022-11-17 17:43:30.402 [info] > git status -z -uall [8ms]
2022-11-17 17:43:30.403 [info] > git remote --verbose [17ms]
2022-11-17 17:43:30.403 [info] > git for-each-ref --sort -committerdate --format %(refname) %(objectname) %(*objectname) [37ms]
2022-11-17 17:43:30.404 [info] > git config --get commit.template [1ms]
2022-11-17 17:43:30.413 [info] > git for-each-ref --format=%(refname)%00%(upstream:short)%00%(objectname)%00%(upstream:track)%00%(upstream:remotename)%00%(upstream:remoteref) refs/heads/master refs/remotes/master [2ms]
2022-11-17 17:43:35.496 [info] > git status -z -uall [14ms]
2022-11-17 17:43:35.497 [info] > git remote --verbose [28ms]
2022-11-17 17:43:35.497 [info] > git for-each-ref --sort -committerdate --format %(refname) %(objectname) %(*objectname) [55ms]
2022-11-17 17:43:35.498 [info] > git config --get commit.template [3ms]
2022-11-17 17:43:35.508 [info] > git for-each-ref --format=%(refname)%00%(upstream:short)%00%(objectname)%00%(upstream:track)%00%(upstream:remotename)%00%(upstream:remoteref) refs/heads/master refs/remotes/master [2ms]
2022-11-17 17:43:40.581 [info] > git status -z -uall [10ms]
2022-11-17 17:43:40.582 [info] > git remote --verbose [21ms]
2022-11-17 17:43:40.582 [info] > git for-each-ref --sort -committerdate --format %(refname) %(objectname) %(*objectname) [41ms]
2022-11-17 17:43:40.583 [info] > git config --get commit.template [2ms]
2022-11-17 17:43:40.592 [info] > git for-each-ref --format=%(refname)%00%(upstream:short)%00%(objectname)%00%(upstream:track)%00%(upstream:remotename)%00%(upstream:remoteref) refs/heads/master refs/remotes/master [2ms]
2022-11-17 17:43:45.634 [info] > git status -z -uall [9ms]
2022-11-17 17:43:45.635 [info] > git remote --verbose [17ms]
2022-11-17 17:43:45.635 [info] > git for-each-ref --sort -committerdate --format %(refname) %(objectname) %(*objectname) [24ms]
2022-11-17 17:43:45.636 [info] > git config --get commit.template [2ms]
2022-11-17 17:43:45.645 [info] > git for-each-ref --format=%(refname)%00%(upstream:short)%00%(objectname)%00%(upstream:track)%00%(upstream:remotename)%00%(upstream:remoteref) refs/heads/master refs/remotes/master [1ms]
2022-11-17 17:44:41.665 [info] > git status -z -uall [12ms]
2022-11-17 17:44:41.666 [info] > git remote --verbose [20ms]
2022-11-17 17:44:41.666 [info] > git for-each-ref --sort -committerdate --format %(refname) %(objectname) %(*objectname) [33ms]
2022-11-17 17:44:41.667 [info] > git config --get commit.template [4ms]
2022-11-17 17:44:41.682 [info] > git for-each-ref --format=%(refname)%00%(upstream:short)%00%(objectname)%00%(upstream:track)%00%(upstream:remotename)%00%(upstream:remoteref) refs/heads/master refs/remotes/master [2ms]
2022-11-17 17:44:46.729 [info] > git status -z -uall [8ms]
2022-11-17 17:44:46.729 [info] > git remote --verbose [16ms]
2022-11-17 17:44:46.730 [info] > git for-each-ref --sort -committerdate --format %(refname) %(objectname) %(*objectname) [23ms]
2022-11-17 17:44:46.730 [info] > git config --get commit.template [2ms]
2022-11-17 17:44:46.740 [info] > git for-each-ref --format=%(refname)%00%(upstream:short)%00%(objectname)%00%(upstream:track)%00%(upstream:remotename)%00%(upstream:remoteref) refs/heads/master refs/remotes/master [2ms]
2022-11-17 17:44:51.779 [info] > git status -z -uall [10ms]
2022-11-17 17:44:51.780 [info] > git remote --verbose [18ms]
2022-11-17 17:44:51.780 [info] > git for-each-ref --sort -committerdate --format %(refname) %(objectname) %(*objectname) [27ms]
2022-11-17 17:44:51.782 [info] > git config --get commit.template [3ms]
2022-11-17 17:44:51.791 [info] > git for-each-ref --format=%(refname)%00%(upstream:short)%00%(objectname)%00%(upstream:track)%00%(upstream:remotename)%00%(upstream:remoteref) refs/heads/master refs/remotes/master [1ms]
2022-11-17 17:51:29.967 [info] > git status -z -uall [11ms]
2022-11-17 17:51:29.967 [info] > git remote --verbose [22ms]
2022-11-17 17:51:29.968 [info] > git for-each-ref --sort -committerdate --format %(refname) %(objectname) %(*objectname) [31ms]
2022-11-17 17:51:29.968 [info] > git config --get commit.template [2ms]
2022-11-17 17:51:29.978 [info] > git for-each-ref --format=%(refname)%00%(upstream:short)%00%(objectname)%00%(upstream:track)%00%(upstream:remotename)%00%(upstream:remoteref) refs/heads/master refs/remotes/master [1ms]
2022-11-17 17:51:35.028 [info] > git status -z -uall [10ms]
2022-11-17 17:51:35.029 [info] > git remote --verbose [19ms]
2022-11-17 17:51:35.029 [info] > git for-each-ref --sort -committerdate --format %(refname) %(objectname) %(*objectname) [28ms]
2022-11-17 17:51:35.030 [info] > git config --get commit.template [2ms]
2022-11-17 17:51:35.040 [info] > git for-each-ref --format=%(refname)%00%(upstream:short)%00%(objectname)%00%(upstream:track)%00%(upstream:remotename)%00%(upstream:remoteref) refs/heads/master refs/remotes/master [1ms]
2022-11-17 17:51:40.079 [info] > git status -z -uall [10ms]
2022-11-17 17:51:40.079 [info] > git remote --verbose [19ms]
2022-11-17 17:51:40.080 [info] > git for-each-ref --sort -committerdate --format %(refname) %(objectname) %(*objectname) [27ms]
2022-11-17 17:51:40.080 [info] > git config --get commit.template [2ms]
2022-11-17 17:51:40.092 [info] > git for-each-ref --format=%(refname)%00%(upstream:short)%00%(objectname)%00%(upstream:track)%00%(upstream:remotename)%00%(upstream:remoteref) refs/heads/master refs/remotes/master [2ms]
2022-11-17 17:51:55.496 [info] > git status -z -uall [14ms]
2022-11-17 17:51:55.497 [info] > git remote --verbose [36ms]
2022-11-17 17:51:55.497 [info] > git for-each-ref --sort -committerdate --format %(refname) %(objectname) %(*objectname) [71ms]
2022-11-17 17:51:55.498 [info] > git config --get commit.template [5ms]
2022-11-17 17:51:55.512 [info] > git for-each-ref --format=%(refname)%00%(upstream:short)%00%(objectname)%00%(upstream:track)%00%(upstream:remotename)%00%(upstream:remoteref) refs/heads/master refs/remotes/master [2ms]
2022-11-17 17:52:00.649 [info] > git status -z -uall [21ms]
2022-11-17 17:52:00.650 [info] > git remote --verbose [54ms]
2022-11-17 17:52:00.651 [info] > git for-each-ref --sort -committerdate --format %(refname) %(objectname) %(*objectname) [94ms]
2022-11-17 17:52:00.653 [info] > git config --get commit.template [9ms]
2022-11-17 17:52:00.681 [info] > git for-each-ref --format=%(refname)%00%(upstream:short)%00%(objectname)%00%(upstream:track)%00%(upstream:remotename)%00%(upstream:remoteref) refs/heads/master refs/remotes/master [15ms]
2022-11-17 17:52:05.810 [info] > git status -z -uall [16ms]
2022-11-17 17:52:05.811 [info] > git remote --verbose [44ms]
2022-11-17 17:52:05.812 [info] > git for-each-ref --sort -committerdate --format %(refname) %(objectname) %(*objectname) [82ms]
2022-11-17 17:52:05.813 [info] > git config --get commit.template [3ms]
2022-11-17 17:52:05.828 [info] > git for-each-ref --format=%(refname)%00%(upstream:short)%00%(objectname)%00%(upstream:track)%00%(upstream:remotename)%00%(upstream:remoteref) refs/heads/master refs/remotes/master [4ms]
2022-11-17 17:52:10.898 [info] > git status -z -uall [8ms]
2022-11-17 17:52:10.899 [info] > git remote --verbose [25ms]
2022-11-17 17:52:10.899 [info] > git for-each-ref --sort -committerdate --format %(refname) %(objectname) %(*objectname) [47ms]
2022-11-17 17:52:10.900 [info] > git config --get commit.template [2ms]
2022-11-17 17:52:10.908 [info] > git for-each-ref --format=%(refname)%00%(upstream:short)%00%(objectname)%00%(upstream:track)%00%(upstream:remotename)%00%(upstream:remoteref) refs/heads/master refs/remotes/master [2ms]
2022-11-17 17:52:15.950 [info] > git status -z -uall [11ms]
2022-11-17 17:52:15.951 [info] > git remote --verbose [24ms]
2022-11-17 17:52:15.951 [info] > git for-each-ref --sort -committerdate --format %(refname) %(objectname) %(*objectname) [32ms]
2022-11-17 17:52:15.954 [info] > git config --get commit.template [5ms]
2022-11-17 17:52:15.963 [info] > git for-each-ref --format=%(refname)%00%(upstream:short)%00%(objectname)%00%(upstream:track)%00%(upstream:remotename)%00%(upstream:remoteref) refs/heads/master refs/remotes/master [1ms]
2022-11-17 17:52:21.027 [info] > git status -z -uall [10ms]
2022-11-17 17:52:21.027 [info] > git remote --verbose [27ms]
2022-11-17 17:52:21.028 [info] > git for-each-ref --sort -committerdate --format %(refname) %(objectname) %(*objectname) [44ms]
2022-11-17 17:52:21.029 [info] > git config --get commit.template [2ms]
2022-11-17 17:52:21.037 [info] > git for-each-ref --format=%(refname)%00%(upstream:short)%00%(objectname)%00%(upstream:track)%00%(upstream:remotename)%00%(upstream:remoteref) refs/heads/master refs/remotes/master [3ms]
2022-11-17 17:52:26.072 [info] > git status -z -uall [8ms]
2022-11-17 17:52:26.073 [info] > git remote --verbose [17ms]
2022-11-17 17:52:26.074 [info] > git for-each-ref --sort -committerdate --format %(refname) %(objectname) %(*objectname) [24ms]
2022-11-17 17:52:26.075 [info] > git config --get commit.template [2ms]
2022-11-17 17:52:26.086 [info] > git for-each-ref --format=%(refname)%00%(upstream:short)%00%(objectname)%00%(upstream:track)%00%(upstream:remotename)%00%(upstream:remoteref) refs/heads/master refs/remotes/master [2ms]
2022-11-17 17:52:31.133 [info] > git status -z -uall [7ms]
2022-11-17 17:52:31.134 [info] > git remote --verbose [15ms]
2022-11-17 17:52:31.134 [info] > git for-each-ref --sort -committerdate --format %(refname) %(objectname) %(*objectname) [25ms]
2022-11-17 17:52:31.135 [info] > git config --get commit.template [3ms]
2022-11-17 17:52:31.145 [info] > git for-each-ref --format=%(refname)%00%(upstream:short)%00%(objectname)%00%(upstream:track)%00%(upstream:remotename)%00%(upstream:remoteref) refs/heads/master refs/remotes/master [1ms]
2022-11-17 17:52:38.761 [info] > git status -z -uall [11ms]
2022-11-17 17:52:38.762 [info] > git remote --verbose [19ms]
2022-11-17 17:52:38.762 [info] > git for-each-ref --sort -committerdate --format %(refname) %(objectname) %(*objectname) [27ms]
2022-11-17 17:52:38.763 [info] > git config --get commit.template [3ms]
2022-11-17 17:52:38.772 [info] > git for-each-ref --format=%(refname)%00%(upstream:short)%00%(objectname)%00%(upstream:track)%00%(upstream:remotename)%00%(upstream:remoteref) refs/heads/master refs/remotes/master [1ms]
2022-11-17 17:52:46.351 [info] > git status -z -uall [10ms]
2022-11-17 17:52:46.352 [info] > git remote --verbose [23ms]
2022-11-17 17:52:46.352 [info] > git for-each-ref --sort -committerdate --format %(refname) %(objectname) %(*objectname) [45ms]
2022-11-17 17:52:46.353 [info] > git config --get commit.template [2ms]
2022-11-17 17:52:46.360 [info] > git for-each-ref --format=%(refname)%00%(upstream:short)%00%(objectname)%00%(upstream:track)%00%(upstream:remotename)%00%(upstream:remoteref) refs/heads/master refs/remotes/master [1ms]
2022-11-17 17:52:57.451 [info] > git status -z -uall [13ms]
2022-11-17 17:52:57.452 [info] > git remote --verbose [32ms]
2022-11-17 17:52:57.452 [info] > git for-each-ref --sort -committerdate --format %(refname) %(objectname) %(*objectname) [52ms]
2022-11-17 17:52:57.453 [info] > git config --get commit.template [2ms]
2022-11-17 17:52:57.462 [info] > git for-each-ref --format=%(refname)%00%(upstream:short)%00%(objectname)%00%(upstream:track)%00%(upstream:remotename)%00%(upstream:remoteref) refs/heads/master refs/remotes/master [1ms]
2022-11-17 17:53:02.534 [info] > git status -z -uall [12ms]
2022-11-17 17:53:02.535 [info] > git remote --verbose [24ms]
2022-11-17 17:53:02.536 [info] > git for-each-ref --sort -committerdate --format %(refname) %(objectname) %(*objectname) [49ms]
2022-11-17 17:53:02.537 [info] > git config --get commit.template [4ms]
2022-11-17 17:53:02.548 [info] > git for-each-ref --format=%(refname)%00%(upstream:short)%00%(objectname)%00%(upstream:track)%00%(upstream:remotename)%00%(upstream:remoteref) refs/heads/master refs/remotes/master [2ms]
2022-11-17 17:53:09.167 [info] > git status -z -uall [9ms]
2022-11-17 17:53:09.167 [info] > git remote --verbose [17ms]
2022-11-17 17:53:09.168 [info] > git for-each-ref --sort -committerdate --format %(refname) %(objectname) %(*objectname) [32ms]
2022-11-17 17:53:09.168 [info] > git config --get commit.template [2ms]
2022-11-17 17:53:09.179 [info] > git for-each-ref --format=%(refname)%00%(upstream:short)%00%(objectname)%00%(upstream:track)%00%(upstream:remotename)%00%(upstream:remoteref) refs/heads/master refs/remotes/master [1ms]
2022-11-17 17:53:14.240 [info] > git status -z -uall [12ms]
2022-11-17 17:53:14.241 [info] > git remote --verbose [27ms]
2022-11-17 17:53:14.241 [info] > git for-each-ref --sort -committerdate --format %(refname) %(objectname) %(*objectname) [40ms]
2022-11-17 17:53:14.242 [info] > git config --get commit.template [2ms]
2022-11-17 17:53:14.251 [info] > git for-each-ref --format=%(refname)%00%(upstream:short)%00%(objectname)%00%(upstream:track)%00%(upstream:remotename)%00%(upstream:remoteref) refs/heads/master refs/remotes/master [1ms]
2022-11-17 17:53:19.284 [info] > git status -z -uall [8ms]
2022-11-17 17:53:19.285 [info] > git remote --verbose [15ms]
2022-11-17 17:53:19.285 [info] > git for-each-ref --sort -committerdate --format %(refname) %(objectname) %(*objectname) [22ms]
2022-11-17 17:53:19.286 [info] > git config --get commit.template [2ms]
2022-11-17 17:53:19.296 [info] > git for-each-ref --format=%(refname)%00%(upstream:short)%00%(objectname)%00%(upstream:track)%00%(upstream:remotename)%00%(upstream:remoteref) refs/heads/master refs/remotes/master [1ms]
2022-11-17 17:53:24.332 [info] > git status -z -uall [8ms]
2022-11-17 17:53:24.333 [info] > git remote --verbose [15ms]
2022-11-17 17:53:24.333 [info] > git for-each-ref --sort -committerdate --format %(refname) %(objectname) %(*objectname) [22ms]
2022-11-17 17:53:24.334 [info] > git config --get commit.template [2ms]
2022-11-17 17:53:24.342 [info] > git for-each-ref --format=%(refname)%00%(upstream:short)%00%(objectname)%00%(upstream:track)%00%(upstream:remotename)%00%(upstream:remoteref) refs/heads/master refs/remotes/master [1ms]
2022-11-17 17:53:29.443 [info] > git status -z -uall [20ms]
2022-11-17 17:53:29.444 [info] > git remote --verbose [44ms]
2022-11-17 17:53:29.445 [info] > git for-each-ref --sort -committerdate --format %(refname) %(objectname) %(*objectname) [71ms]
2022-11-17 17:53:29.448 [info] > git config --get commit.template [8ms]
2022-11-17 17:53:29.471 [info] > git for-each-ref --format=%(refname)%00%(upstream:short)%00%(objectname)%00%(upstream:track)%00%(upstream:remotename)%00%(upstream:remoteref) refs/heads/master refs/remotes/master [6ms]
2022-11-17 17:53:34.552 [info] > git status -z -uall [11ms]
2022-11-17 17:53:34.553 [info] > git remote --verbose [25ms]
2022-11-17 17:53:34.553 [info] > git for-each-ref --sort -committerdate --format %(refname) %(objectname) %(*objectname) [50ms]
2022-11-17 17:53:34.554 [info] > git config --get commit.template [3ms]
2022-11-17 17:53:34.563 [info] > git for-each-ref --format=%(refname)%00%(upstream:short)%00%(objectname)%00%(upstream:track)%00%(upstream:remotename)%00%(upstream:remoteref) refs/heads/master refs/remotes/master [1ms]
2022-11-17 17:53:39.632 [info] > git status -z -uall [10ms]
2022-11-17 17:53:39.632 [info] > git remote --verbose [22ms]
2022-11-17 17:53:39.632 [info] > git for-each-ref --sort -committerdate --format %(refname) %(objectname) %(*objectname) [45ms]
2022-11-17 17:53:39.633 [info] > git config --get commit.template [2ms]
2022-11-17 17:53:39.642 [info] > git for-each-ref --format=%(refname)%00%(upstream:short)%00%(objectname)%00%(upstream:track)%00%(upstream:remotename)%00%(upstream:remoteref) refs/heads/master refs/remotes/master [1ms]
2022-11-17 17:53:44.704 [info] > git status -z -uall [9ms]
2022-11-17 17:53:44.704 [info] > git remote --verbose [19ms]
2022-11-17 17:53:44.704 [info] > git for-each-ref --sort -committerdate --format %(refname) %(objectname) %(*objectname) [36ms]
2022-11-17 17:53:44.705 [info] > git config --get commit.template [2ms]
2022-11-17 17:53:44.713 [info] > git for-each-ref --format=%(refname)%00%(upstream:short)%00%(objectname)%00%(upstream:track)%00%(upstream:remotename)%00%(upstream:remoteref) refs/heads/master refs/remotes/master [2ms]
2022-11-17 17:53:54.476 [info] > git status -z -uall [9ms]
2022-11-17 17:53:54.476 [info] > git remote --verbose [15ms]
2022-11-17 17:53:54.477 [info] > git for-each-ref --sort -committerdate --format %(refname) %(objectname) %(*objectname) [21ms]
2022-11-17 17:53:54.477 [info] > git config --get commit.template [2ms]
2022-11-17 17:53:54.485 [info] > git for-each-ref --format=%(refname)%00%(upstream:short)%00%(objectname)%00%(upstream:track)%00%(upstream:remotename)%00%(upstream:remoteref) refs/heads/master refs/remotes/master [2ms]
2022-11-17 17:54:10.913 [info] > git status -z -uall [14ms]
2022-11-17 17:54:10.913 [info] > git remote --verbose [35ms]
2022-11-17 17:54:10.914 [info] > git for-each-ref --sort -committerdate --format %(refname) %(objectname) %(*objectname) [53ms]
2022-11-17 17:54:10.915 [info] > git config --get commit.template [2ms]
2022-11-17 17:54:10.924 [info] > git for-each-ref --format=%(refname)%00%(upstream:short)%00%(objectname)%00%(upstream:track)%00%(upstream:remotename)%00%(upstream:remoteref) refs/heads/master refs/remotes/master [1ms]
2022-11-17 17:54:15.953 [info] > git status -z -uall [8ms]
2022-11-17 17:54:15.954 [info] > git remote --verbose [15ms]
2022-11-17 17:54:15.954 [info] > git for-each-ref --sort -committerdate --format %(refname) %(objectname) %(*objectname) [23ms]
2022-11-17 17:54:15.955 [info] > git config --get commit.template [2ms]
2022-11-17 17:54:15.965 [info] > git for-each-ref --format=%(refname)%00%(upstream:short)%00%(objectname)%00%(upstream:track)%00%(upstream:remotename)%00%(upstream:remoteref) refs/heads/master refs/remotes/master [2ms]
2022-11-17 17:54:21.043 [info] > git status -z -uall [18ms]
2022-11-17 17:54:21.045 [info] > git remote --verbose [38ms]
2022-11-17 17:54:21.045 [info] > git for-each-ref --sort -committerdate --format %(refname) %(objectname) %(*objectname) [57ms]
2022-11-17 17:54:21.046 [info] > git config --get commit.template [4ms]
2022-11-17 17:54:21.056 [info] > git for-each-ref --format=%(refname)%00%(upstream:short)%00%(objectname)%00%(upstream:track)%00%(upstream:remotename)%00%(upstream:remoteref) refs/heads/master refs/remotes/master [1ms]
