2023-02-19 12:46:43.552 [info] Validating found git in: git
2023-02-19 12:46:43.552 [info] Using git 2.38.1 from git
2023-02-19 12:46:43.552 [info] > git rev-parse --show-toplevel [135ms]
2023-02-19 12:46:43.554 [info] > git rev-parse --git-dir --git-common-dir [2ms]
2023-02-19 12:46:43.568 [info] Log level: Info
2023-02-19 12:46:43.568 [info] Open repository: /home/yunis/phase-0-intro-to-js-2-objects-lab
2023-02-19 12:46:43.734 [info] > git rev-parse --show-toplevel [122ms]
2023-02-19 12:46:43.742 [info] > git remote --verbose [159ms]
2023-02-19 12:46:43.766 [info] > git rev-parse --show-toplevel [25ms]
2023-02-19 12:46:43.769 [info] > git config --get commit.template [50ms]
2023-02-19 12:46:43.770 [info] > git for-each-ref --sort -committerdate --format %(refname) %(objectname) %(*objectname) [192ms]
2023-02-19 12:46:43.773 [info] > git status -z -uall [173ms]
2023-02-19 12:46:43.804 [info] > git for-each-ref --format=%(refname)%00%(upstream:short)%00%(objectname)%00%(upstream:track)%00%(upstream:remotename)%00%(upstream:remoteref) refs/heads/master refs/remotes/master [21ms]
2023-02-19 12:46:43.845 [info] > git status -z -uall [13ms]
2023-02-19 12:46:43.847 [info] > git remote --verbose [20ms]
2023-02-19 12:46:43.847 [info] > git for-each-ref --sort -committerdate --format %(refname) %(objectname) %(*objectname) [26ms]
2023-02-19 12:46:43.850 [info] > git config --get commit.template [5ms]
2023-02-19 12:46:43.866 [info] > git for-each-ref --format=%(refname)%00%(upstream:short)%00%(objectname)%00%(upstream:track)%00%(upstream:remotename)%00%(upstream:remoteref) refs/heads/master refs/remotes/master [4ms]
2023-02-19 12:46:44.255 [info] > git check-ignore -v -z --stdin [3ms]
2023-02-19 12:46:44.573 [info] > git show --textconv :package.json [20ms]
2023-02-19 12:46:44.574 [info] > git ls-files --stage -- /home/yunis/phase-0-intro-to-js-2-objects-lab/package.json [13ms]
2023-02-19 12:46:44.585 [info] > git cat-file -s d524d95fef8f77daa2ded18050af7c70119829b2 [4ms]
2023-02-19 12:46:57.294 [info] > git check-ignore -v -z --stdin [1ms]
2023-02-19 12:48:01.994 [info] > git ls-files --stage -- /home/yunis/phase-0-intro-to-js-2-objects-lab/index.js [2ms]
2023-02-19 12:48:02.043 [info] > git show --textconv :index.js [58ms]
2023-02-19 12:48:02.048 [info] > git cat-file -s 8782152b4d2fc38a3c9b6a3ce2d62abf71a4a7a3 [47ms]
2023-02-19 13:52:32.193 [info] > git status -z -uall [16ms]
2023-02-19 13:52:32.195 [info] > git remote --verbose [38ms]
2023-02-19 13:52:32.196 [info] > git for-each-ref --sort -committerdate --format %(refname) %(objectname) %(*objectname) [59ms]
2023-02-19 13:52:32.199 [info] > git config --get commit.template [6ms]
2023-02-19 13:52:32.208 [info] > git for-each-ref --format=%(refname)%00%(upstream:short)%00%(objectname)%00%(upstream:track)%00%(upstream:remotename)%00%(upstream:remoteref) refs/heads/master refs/remotes/master [2ms]
2023-02-19 13:53:43.535 [info] > git status -z -uall [10ms]
2023-02-19 13:53:43.536 [info] > git remote --verbose [17ms]
2023-02-19 13:53:43.537 [info] > git for-each-ref --sort -committerdate --format %(refname) %(objectname) %(*objectname) [27ms]
2023-02-19 13:53:43.539 [info] > git config --get commit.template [4ms]
2023-02-19 13:53:43.547 [info] > git for-each-ref --format=%(refname)%00%(upstream:short)%00%(objectname)%00%(upstream:track)%00%(upstream:remotename)%00%(upstream:remoteref) refs/heads/master refs/remotes/master [2ms]
2023-02-19 13:54:02.063 [info] > git status -z -uall [10ms]
2023-02-19 13:54:02.064 [info] > git remote --verbose [23ms]
2023-02-19 13:54:02.064 [info] > git for-each-ref --sort -committerdate --format %(refname) %(objectname) %(*objectname) [42ms]
2023-02-19 13:54:02.066 [info] > git config --get commit.template [3ms]
2023-02-19 13:54:02.075 [info] > git for-each-ref --format=%(refname)%00%(upstream:short)%00%(objectname)%00%(upstream:track)%00%(upstream:remotename)%00%(upstream:remoteref) refs/heads/master refs/remotes/master [1ms]
2023-02-19 13:54:07.376 [info] > git status -z -uall [9ms]
2023-02-19 13:54:07.377 [info] > git remote --verbose [19ms]
2023-02-19 13:54:07.377 [info] > git for-each-ref --sort -committerdate --format %(refname) %(objectname) %(*objectname) [41ms]
2023-02-19 13:54:07.378 [info] > git config --get commit.template [3ms]
2023-02-19 13:54:07.386 [info] > git for-each-ref --format=%(refname)%00%(upstream:short)%00%(objectname)%00%(upstream:track)%00%(upstream:remotename)%00%(upstream:remoteref) refs/heads/master refs/remotes/master [1ms]
2023-02-19 13:54:12.431 [info] > git status -z -uall [7ms]
2023-02-19 13:54:12.432 [info] > git remote --verbose [14ms]
2023-02-19 13:54:12.432 [info] > git for-each-ref --sort -committerdate --format %(refname) %(objectname) %(*objectname) [28ms]
2023-02-19 13:54:12.433 [info] > git config --get commit.template [2ms]
2023-02-19 13:54:12.440 [info] > git for-each-ref --format=%(refname)%00%(upstream:short)%00%(objectname)%00%(upstream:track)%00%(upstream:remotename)%00%(upstream:remoteref) refs/heads/master refs/remotes/master [2ms]
2023-02-19 13:54:17.468 [info] > git status -z -uall [7ms]
2023-02-19 13:54:17.469 [info] > git remote --verbose [12ms]
2023-02-19 13:54:17.469 [info] > git for-each-ref --sort -committerdate --format %(refname) %(objectname) %(*objectname) [18ms]
2023-02-19 13:54:17.470 [info] > git config --get commit.template [2ms]
2023-02-19 13:54:17.479 [info] > git for-each-ref --format=%(refname)%00%(upstream:short)%00%(objectname)%00%(upstream:track)%00%(upstream:remotename)%00%(upstream:remoteref) refs/heads/master refs/remotes/master [2ms]
2023-02-19 13:54:26.628 [info] > git status -z -uall [13ms]
2023-02-19 13:54:26.629 [info] > git remote --verbose [33ms]
2023-02-19 13:54:26.630 [info] > git for-each-ref --sort -committerdate --format %(refname) %(objectname) %(*objectname) [50ms]
2023-02-19 13:54:26.631 [info] > git config --get commit.template [4ms]
2023-02-19 13:54:26.640 [info] > git for-each-ref --format=%(refname)%00%(upstream:short)%00%(objectname)%00%(upstream:track)%00%(upstream:remotename)%00%(upstream:remoteref) refs/heads/master refs/remotes/master [2ms]
2023-02-19 13:54:32.204 [info] > git status -z -uall [10ms]
2023-02-19 13:54:32.205 [info] > git remote --verbose [17ms]
2023-02-19 13:54:32.205 [info] > git for-each-ref --sort -committerdate --format %(refname) %(objectname) %(*objectname) [26ms]
2023-02-19 13:54:32.207 [info] > git config --get commit.template [4ms]
2023-02-19 13:54:32.217 [info] > git for-each-ref --format=%(refname)%00%(upstream:short)%00%(objectname)%00%(upstream:track)%00%(upstream:remotename)%00%(upstream:remoteref) refs/heads/master refs/remotes/master [1ms]
2023-02-19 13:54:37.293 [info] > git status -z -uall [12ms]
2023-02-19 13:54:37.294 [info] > git remote --verbose [25ms]
2023-02-19 13:54:37.294 [info] > git for-each-ref --sort -committerdate --format %(refname) %(objectname) %(*objectname) [49ms]
2023-02-19 13:54:37.295 [info] > git config --get commit.template [5ms]
2023-02-19 13:54:37.304 [info] > git for-each-ref --format=%(refname)%00%(upstream:short)%00%(objectname)%00%(upstream:track)%00%(upstream:remotename)%00%(upstream:remoteref) refs/heads/master refs/remotes/master [1ms]
2023-02-19 13:54:42.368 [info] > git status -z -uall [10ms]
2023-02-19 13:54:42.369 [info] > git remote --verbose [23ms]
2023-02-19 13:54:42.369 [info] > git for-each-ref --sort -committerdate --format %(refname) %(objectname) %(*objectname) [42ms]
2023-02-19 13:54:42.370 [info] > git config --get commit.template [3ms]
2023-02-19 13:54:42.377 [info] > git for-each-ref --format=%(refname)%00%(upstream:short)%00%(objectname)%00%(upstream:track)%00%(upstream:remotename)%00%(upstream:remoteref) refs/heads/master refs/remotes/master [2ms]
2023-02-19 13:54:47.451 [info] > git status -z -uall [17ms]
2023-02-19 13:54:47.452 [info] > git remote --verbose [37ms]
2023-02-19 13:54:47.453 [info] > git for-each-ref --sort -committerdate --format %(refname) %(objectname) %(*objectname) [55ms]
2023-02-19 13:54:47.454 [info] > git config --get commit.template [3ms]
2023-02-19 13:54:47.463 [info] > git for-each-ref --format=%(refname)%00%(upstream:short)%00%(objectname)%00%(upstream:track)%00%(upstream:remotename)%00%(upstream:remoteref) refs/heads/master refs/remotes/master [2ms]
2023-02-19 13:54:52.492 [info] > git status -z -uall [7ms]
2023-02-19 13:54:52.493 [info] > git remote --verbose [14ms]
2023-02-19 13:54:52.493 [info] > git for-each-ref --sort -committerdate --format %(refname) %(objectname) %(*objectname) [20ms]
2023-02-19 13:54:52.494 [info] > git config --get commit.template [2ms]
2023-02-19 13:54:52.504 [info] > git for-each-ref --format=%(refname)%00%(upstream:short)%00%(objectname)%00%(upstream:track)%00%(upstream:remotename)%00%(upstream:remoteref) refs/heads/master refs/remotes/master [2ms]
2023-02-19 13:55:12.768 [info] > git status -z -uall [7ms]
2023-02-19 13:55:12.769 [info] > git remote --verbose [14ms]
2023-02-19 13:55:12.769 [info] > git for-each-ref --sort -committerdate --format %(refname) %(objectname) %(*objectname) [21ms]
2023-02-19 13:55:12.770 [info] > git config --get commit.template [2ms]
2023-02-19 13:55:12.778 [info] > git for-each-ref --format=%(refname)%00%(upstream:short)%00%(objectname)%00%(upstream:track)%00%(upstream:remotename)%00%(upstream:remoteref) refs/heads/master refs/remotes/master [1ms]
2023-02-19 13:55:18.708 [info] > git status -z -uall [10ms]
2023-02-19 13:55:18.709 [info] > git remote --verbose [24ms]
2023-02-19 13:55:18.709 [info] > git for-each-ref --sort -committerdate --format %(refname) %(objectname) %(*objectname) [43ms]
2023-02-19 13:55:18.710 [info] > git config --get commit.template [3ms]
2023-02-19 13:55:18.719 [info] > git for-each-ref --format=%(refname)%00%(upstream:short)%00%(objectname)%00%(upstream:track)%00%(upstream:remotename)%00%(upstream:remoteref) refs/heads/master refs/remotes/master [2ms]
2023-02-19 13:55:23.744 [info] > git status -z -uall [7ms]
2023-02-19 13:55:23.745 [info] > git remote --verbose [13ms]
2023-02-19 13:55:23.745 [info] > git for-each-ref --sort -committerdate --format %(refname) %(objectname) %(*objectname) [20ms]
2023-02-19 13:55:23.746 [info] > git config --get commit.template [2ms]
2023-02-19 13:55:23.755 [info] > git for-each-ref --format=%(refname)%00%(upstream:short)%00%(objectname)%00%(upstream:track)%00%(upstream:remotename)%00%(upstream:remoteref) refs/heads/master refs/remotes/master [2ms]
2023-02-19 13:55:29.518 [info] > git status -z -uall [8ms]
2023-02-19 13:55:29.519 [info] > git remote --verbose [17ms]
2023-02-19 13:55:29.520 [info] > git for-each-ref --sort -committerdate --format %(refname) %(objectname) %(*objectname) [32ms]
2023-02-19 13:55:29.521 [info] > git config --get commit.template [2ms]
2023-02-19 13:55:29.529 [info] > git for-each-ref --format=%(refname)%00%(upstream:short)%00%(objectname)%00%(upstream:track)%00%(upstream:remotename)%00%(upstream:remoteref) refs/heads/master refs/remotes/master [1ms]
2023-02-19 13:55:34.656 [info] > git status -z -uall [12ms]
2023-02-19 13:55:34.657 [info] > git remote --verbose [29ms]
2023-02-19 13:55:34.658 [info] > git for-each-ref --sort -committerdate --format %(refname) %(objectname) %(*objectname) [46ms]
2023-02-19 13:55:34.658 [info] > git config --get commit.template [2ms]
2023-02-19 13:55:34.668 [info] > git for-each-ref --format=%(refname)%00%(upstream:short)%00%(objectname)%00%(upstream:track)%00%(upstream:remotename)%00%(upstream:remoteref) refs/heads/master refs/remotes/master [1ms]
2023-02-19 13:56:48.448 [info] > git status -z -uall [9ms]
2023-02-19 13:56:48.449 [info] > git remote --verbose [18ms]
2023-02-19 13:56:48.449 [info] > git for-each-ref --sort -committerdate --format %(refname) %(objectname) %(*objectname) [28ms]
2023-02-19 13:56:48.450 [info] > git config --get commit.template [3ms]
2023-02-19 13:56:48.462 [info] > git for-each-ref --format=%(refname)%00%(upstream:short)%00%(objectname)%00%(upstream:track)%00%(upstream:remotename)%00%(upstream:remoteref) refs/heads/master refs/remotes/master [2ms]
2023-02-19 13:58:01.906 [info] > git status -z -uall [24ms]
2023-02-19 13:58:01.907 [info] > git remote --verbose [43ms]
2023-02-19 13:58:01.908 [info] > git for-each-ref --sort -committerdate --format %(refname) %(objectname) %(*objectname) [63ms]
2023-02-19 13:58:01.909 [info] > git config --get commit.template [8ms]
2023-02-19 13:58:01.921 [info] > git for-each-ref --format=%(refname)%00%(upstream:short)%00%(objectname)%00%(upstream:track)%00%(upstream:remotename)%00%(upstream:remoteref) refs/heads/master refs/remotes/master [2ms]
2023-02-19 13:58:08.255 [info] > git status -z -uall [6ms]
2023-02-19 13:58:08.256 [info] > git remote --verbose [13ms]
2023-02-19 13:58:08.256 [info] > git for-each-ref --sort -committerdate --format %(refname) %(objectname) %(*objectname) [19ms]
2023-02-19 13:58:08.258 [info] > git config --get commit.template [2ms]
2023-02-19 13:58:08.266 [info] > git for-each-ref --format=%(refname)%00%(upstream:short)%00%(objectname)%00%(upstream:track)%00%(upstream:remotename)%00%(upstream:remoteref) refs/heads/master refs/remotes/master [2ms]
2023-02-19 13:58:13.345 [info] > git status -z -uall [13ms]
2023-02-19 13:58:13.346 [info] > git remote --verbose [33ms]
2023-02-19 13:58:13.346 [info] > git for-each-ref --sort -committerdate --format %(refname) %(objectname) %(*objectname) [56ms]
2023-02-19 13:58:13.347 [info] > git config --get commit.template [5ms]
2023-02-19 13:58:13.356 [info] > git for-each-ref --format=%(refname)%00%(upstream:short)%00%(objectname)%00%(upstream:track)%00%(upstream:remotename)%00%(upstream:remoteref) refs/heads/master refs/remotes/master [2ms]
2023-02-19 13:58:18.422 [info] > git status -z -uall [13ms]
2023-02-19 13:58:18.423 [info] > git remote --verbose [30ms]
2023-02-19 13:58:18.423 [info] > git for-each-ref --sort -committerdate --format %(refname) %(objectname) %(*objectname) [48ms]
2023-02-19 13:58:18.424 [info] > git config --get commit.template [4ms]
2023-02-19 13:58:18.433 [info] > git for-each-ref --format=%(refname)%00%(upstream:short)%00%(objectname)%00%(upstream:track)%00%(upstream:remotename)%00%(upstream:remoteref) refs/heads/master refs/remotes/master [2ms]
2023-02-19 13:58:23.921 [info] > git status -z -uall [8ms]
2023-02-19 13:58:23.922 [info] > git remote --verbose [19ms]
2023-02-19 13:58:23.922 [info] > git for-each-ref --sort -committerdate --format %(refname) %(objectname) %(*objectname) [42ms]
2023-02-19 13:58:23.923 [info] > git config --get commit.template [2ms]
2023-02-19 13:58:23.931 [info] > git for-each-ref --format=%(refname)%00%(upstream:short)%00%(objectname)%00%(upstream:track)%00%(upstream:remotename)%00%(upstream:remoteref) refs/heads/master refs/remotes/master [2ms]
2023-02-19 13:58:28.963 [info] > git status -z -uall [8ms]
2023-02-19 13:58:28.963 [info] > git remote --verbose [15ms]
2023-02-19 13:58:28.964 [info] > git for-each-ref --sort -committerdate --format %(refname) %(objectname) %(*objectname) [24ms]
2023-02-19 13:58:28.965 [info] > git config --get commit.template [4ms]
2023-02-19 13:58:28.973 [info] > git for-each-ref --format=%(refname)%00%(upstream:short)%00%(objectname)%00%(upstream:track)%00%(upstream:remotename)%00%(upstream:remoteref) refs/heads/master refs/remotes/master [1ms]
2023-02-19 13:58:34.049 [info] > git status -z -uall [20ms]
2023-02-19 13:58:34.050 [info] > git remote --verbose [31ms]
2023-02-19 13:58:34.050 [info] > git for-each-ref --sort -committerdate --format %(refname) %(objectname) %(*objectname) [53ms]
2023-02-19 13:58:34.051 [info] > git config --get commit.template [3ms]
2023-02-19 13:58:34.058 [info] > git for-each-ref --format=%(refname)%00%(upstream:short)%00%(objectname)%00%(upstream:track)%00%(upstream:remotename)%00%(upstream:remoteref) refs/heads/master refs/remotes/master [2ms]
2023-02-19 13:58:39.095 [info] > git status -z -uall [7ms]
2023-02-19 13:58:39.095 [info] > git remote --verbose [15ms]
2023-02-19 13:58:39.096 [info] > git for-each-ref --sort -committerdate --format %(refname) %(objectname) %(*objectname) [22ms]
2023-02-19 13:58:39.096 [info] > git config --get commit.template [2ms]
2023-02-19 13:58:39.107 [info] > git for-each-ref --format=%(refname)%00%(upstream:short)%00%(objectname)%00%(upstream:track)%00%(upstream:remotename)%00%(upstream:remoteref) refs/heads/master refs/remotes/master [1ms]
2023-02-19 13:58:44.139 [info] > git status -z -uall [11ms]
2023-02-19 13:58:44.139 [info] > git remote --verbose [17ms]
2023-02-19 13:58:44.140 [info] > git for-each-ref --sort -committerdate --format %(refname) %(objectname) %(*objectname) [24ms]
2023-02-19 13:58:44.141 [info] > git config --get commit.template [4ms]
2023-02-19 13:58:44.150 [info] > git for-each-ref --format=%(refname)%00%(upstream:short)%00%(objectname)%00%(upstream:track)%00%(upstream:remotename)%00%(upstream:remoteref) refs/heads/master refs/remotes/master [2ms]
2023-02-19 13:58:49.217 [info] > git status -z -uall [9ms]
2023-02-19 13:58:49.218 [info] > git remote --verbose [24ms]
2023-02-19 13:58:49.218 [info] > git for-each-ref --sort -committerdate --format %(refname) %(objectname) %(*objectname) [44ms]
2023-02-19 13:58:49.219 [info] > git config --get commit.template [2ms]
2023-02-19 13:58:49.227 [info] > git for-each-ref --format=%(refname)%00%(upstream:short)%00%(objectname)%00%(upstream:track)%00%(upstream:remotename)%00%(upstream:remoteref) refs/heads/master refs/remotes/master [1ms]
2023-02-19 13:58:54.402 [info] > git status -z -uall [7ms]
2023-02-19 13:58:54.403 [info] > git remote --verbose [14ms]
2023-02-19 13:58:54.403 [info] > git for-each-ref --sort -committerdate --format %(refname) %(objectname) %(*objectname) [23ms]
2023-02-19 13:58:54.404 [info] > git config --get commit.template [2ms]
2023-02-19 13:58:54.411 [info] > git for-each-ref --format=%(refname)%00%(upstream:short)%00%(objectname)%00%(upstream:track)%00%(upstream:remotename)%00%(upstream:remoteref) refs/heads/master refs/remotes/master [2ms]
2023-02-19 14:00:38.301 [info] > git status -z -uall [10ms]
2023-02-19 14:00:38.302 [info] > git remote --verbose [24ms]
2023-02-19 14:00:38.302 [info] > git for-each-ref --sort -committerdate --format %(refname) %(objectname) %(*objectname) [42ms]
2023-02-19 14:00:38.303 [info] > git config --get commit.template [3ms]
2023-02-19 14:00:38.313 [info] > git for-each-ref --format=%(refname)%00%(upstream:short)%00%(objectname)%00%(upstream:track)%00%(upstream:remotename)%00%(upstream:remoteref) refs/heads/master refs/remotes/master [2ms]
2023-02-19 14:00:43.375 [info] > git status -z -uall [10ms]
2023-02-19 14:00:43.376 [info] > git remote --verbose [25ms]
2023-02-19 14:00:43.376 [info] > git for-each-ref --sort -committerdate --format %(refname) %(objectname) %(*objectname) [43ms]
2023-02-19 14:00:43.377 [info] > git config --get commit.template [2ms]
2023-02-19 14:00:43.385 [info] > git for-each-ref --format=%(refname)%00%(upstream:short)%00%(objectname)%00%(upstream:track)%00%(upstream:remotename)%00%(upstream:remoteref) refs/heads/master refs/remotes/master [1ms]
2023-02-19 14:00:48.452 [info] > git status -z -uall [8ms]
2023-02-19 14:00:48.453 [info] > git remote --verbose [19ms]
2023-02-19 14:00:48.453 [info] > git for-each-ref --sort -committerdate --format %(refname) %(objectname) %(*objectname) [42ms]
2023-02-19 14:00:48.454 [info] > git config --get commit.template [2ms]
2023-02-19 14:00:48.461 [info] > git for-each-ref --format=%(refname)%00%(upstream:short)%00%(objectname)%00%(upstream:track)%00%(upstream:remotename)%00%(upstream:remoteref) refs/heads/master refs/remotes/master [1ms]
2023-02-19 14:00:53.534 [info] > git status -z -uall [14ms]
2023-02-19 14:00:53.535 [info] > git remote --verbose [34ms]
2023-02-19 14:00:53.535 [info] > git for-each-ref --sort -committerdate --format %(refname) %(objectname) %(*objectname) [52ms]
2023-02-19 14:00:53.536 [info] > git config --get commit.template [4ms]
2023-02-19 14:00:53.547 [info] > git for-each-ref --format=%(refname)%00%(upstream:short)%00%(objectname)%00%(upstream:track)%00%(upstream:remotename)%00%(upstream:remoteref) refs/heads/master refs/remotes/master [2ms]
2023-02-19 14:00:58.638 [info] > git status -z -uall [16ms]
2023-02-19 14:00:58.639 [info] > git remote --verbose [39ms]
2023-02-19 14:00:58.639 [info] > git for-each-ref --sort -committerdate --format %(refname) %(objectname) %(*objectname) [66ms]
2023-02-19 14:00:58.643 [info] > git config --get commit.template [10ms]
2023-02-19 14:00:58.654 [info] > git for-each-ref --format=%(refname)%00%(upstream:short)%00%(objectname)%00%(upstream:track)%00%(upstream:remotename)%00%(upstream:remoteref) refs/heads/master refs/remotes/master [1ms]
2023-02-19 14:01:03.685 [info] > git status -z -uall [7ms]
2023-02-19 14:01:03.685 [info] > git remote --verbose [14ms]
2023-02-19 14:01:03.686 [info] > git for-each-ref --sort -committerdate --format %(refname) %(objectname) %(*objectname) [19ms]
2023-02-19 14:01:03.686 [info] > git config --get commit.template [2ms]
2023-02-19 14:01:03.694 [info] > git for-each-ref --format=%(refname)%00%(upstream:short)%00%(objectname)%00%(upstream:track)%00%(upstream:remotename)%00%(upstream:remoteref) refs/heads/master refs/remotes/master [2ms]
2023-02-19 14:01:08.739 [info] > git status -z -uall [10ms]
2023-02-19 14:01:08.740 [info] > git remote --verbose [21ms]
2023-02-19 14:01:08.740 [info] > git for-each-ref --sort -committerdate --format %(refname) %(objectname) %(*objectname) [32ms]
2023-02-19 14:01:08.741 [info] > git config --get commit.template [3ms]
2023-02-19 14:01:08.749 [info] > git for-each-ref --format=%(refname)%00%(upstream:short)%00%(objectname)%00%(upstream:track)%00%(upstream:remotename)%00%(upstream:remoteref) refs/heads/master refs/remotes/master [1ms]
2023-02-19 14:01:13.784 [info] > git status -z -uall [7ms]
2023-02-19 14:01:13.784 [info] > git remote --verbose [13ms]
2023-02-19 14:01:13.784 [info] > git for-each-ref --sort -committerdate --format %(refname) %(objectname) %(*objectname) [18ms]
2023-02-19 14:01:13.785 [info] > git config --get commit.template [3ms]
2023-02-19 14:01:13.794 [info] > git for-each-ref --format=%(refname)%00%(upstream:short)%00%(objectname)%00%(upstream:track)%00%(upstream:remotename)%00%(upstream:remoteref) refs/heads/master refs/remotes/master [1ms]
2023-02-19 14:01:18.827 [info] > git status -z -uall [8ms]
2023-02-19 14:01:18.828 [info] > git remote --verbose [16ms]
2023-02-19 14:01:18.829 [info] > git for-each-ref --sort -committerdate --format %(refname) %(objectname) %(*objectname) [23ms]
2023-02-19 14:01:18.830 [info] > git config --get commit.template [2ms]
2023-02-19 14:01:18.838 [info] > git for-each-ref --format=%(refname)%00%(upstream:short)%00%(objectname)%00%(upstream:track)%00%(upstream:remotename)%00%(upstream:remoteref) refs/heads/master refs/remotes/master [1ms]
2023-02-19 14:01:24.690 [info] > git status -z -uall [8ms]
2023-02-19 14:01:24.691 [info] > git remote --verbose [14ms]
2023-02-19 14:01:24.691 [info] > git for-each-ref --sort -committerdate --format %(refname) %(objectname) %(*objectname) [21ms]
2023-02-19 14:01:24.692 [info] > git config --get commit.template [3ms]
2023-02-19 14:01:24.700 [info] > git for-each-ref --format=%(refname)%00%(upstream:short)%00%(objectname)%00%(upstream:track)%00%(upstream:remotename)%00%(upstream:remoteref) refs/heads/master refs/remotes/master [1ms]
2023-02-19 14:03:09.049 [info] > git status -z -uall [7ms]
2023-02-19 14:03:09.051 [info] > git remote --verbose [15ms]
2023-02-19 14:03:09.051 [info] > git for-each-ref --sort -committerdate --format %(refname) %(objectname) %(*objectname) [22ms]
2023-02-19 14:03:09.052 [info] > git config --get commit.template [2ms]
2023-02-19 14:03:09.060 [info] > git for-each-ref --format=%(refname)%00%(upstream:short)%00%(objectname)%00%(upstream:track)%00%(upstream:remotename)%00%(upstream:remoteref) refs/heads/master refs/remotes/master [1ms]
2023-02-19 14:04:34.625 [info] > git status -z -uall [6ms]
2023-02-19 14:04:34.626 [info] > git remote --verbose [11ms]
2023-02-19 14:04:34.626 [info] > git for-each-ref --sort -committerdate --format %(refname) %(objectname) %(*objectname) [17ms]
2023-02-19 14:04:34.627 [info] > git config --get commit.template [1ms]
2023-02-19 14:04:34.634 [info] > git for-each-ref --format=%(refname)%00%(upstream:short)%00%(objectname)%00%(upstream:track)%00%(upstream:remotename)%00%(upstream:remoteref) refs/heads/master refs/remotes/master [1ms]
2023-02-19 14:04:55.290 [info] > git status -z -uall [8ms]
2023-02-19 14:04:55.291 [info] > git remote --verbose [27ms]
2023-02-19 14:04:55.291 [info] > git for-each-ref --sort -committerdate --format %(refname) %(objectname) %(*objectname) [75ms]
2023-02-19 14:04:55.292 [info] > git config --get commit.template [3ms]
2023-02-19 14:04:55.300 [info] > git for-each-ref --format=%(refname)%00%(upstream:short)%00%(objectname)%00%(upstream:track)%00%(upstream:remotename)%00%(upstream:remoteref) refs/heads/master refs/remotes/master [1ms]
2023-02-19 14:05:00.368 [info] > git status -z -uall [9ms]
2023-02-19 14:05:00.369 [info] > git remote --verbose [22ms]
2023-02-19 14:05:00.369 [info] > git for-each-ref --sort -committerdate --format %(refname) %(objectname) %(*objectname) [45ms]
2023-02-19 14:05:00.370 [info] > git config --get commit.template [2ms]
2023-02-19 14:05:00.379 [info] > git for-each-ref --format=%(refname)%00%(upstream:short)%00%(objectname)%00%(upstream:track)%00%(upstream:remotename)%00%(upstream:remoteref) refs/heads/master refs/remotes/master [2ms]
2023-02-19 14:05:05.411 [info] > git status -z -uall [7ms]
2023-02-19 14:05:05.411 [info] > git remote --verbose [15ms]
2023-02-19 14:05:05.412 [info] > git for-each-ref --sort -committerdate --format %(refname) %(objectname) %(*objectname) [21ms]
2023-02-19 14:05:05.412 [info] > git config --get commit.template [2ms]
2023-02-19 14:05:05.421 [info] > git for-each-ref --format=%(refname)%00%(upstream:short)%00%(objectname)%00%(upstream:track)%00%(upstream:remotename)%00%(upstream:remoteref) refs/heads/master refs/remotes/master [1ms]
2023-02-19 14:05:12.720 [info] > git status -z -uall [6ms]
2023-02-19 14:05:12.721 [info] > git remote --verbose [13ms]
2023-02-19 14:05:12.721 [info] > git for-each-ref --sort -committerdate --format %(refname) %(objectname) %(*objectname) [19ms]
2023-02-19 14:05:12.722 [info] > git config --get commit.template [2ms]
2023-02-19 14:05:12.730 [info] > git for-each-ref --format=%(refname)%00%(upstream:short)%00%(objectname)%00%(upstream:track)%00%(upstream:remotename)%00%(upstream:remoteref) refs/heads/master refs/remotes/master [1ms]
2023-02-19 14:05:17.795 [info] > git status -z -uall [10ms]
2023-02-19 14:05:17.796 [info] > git remote --verbose [20ms]
2023-02-19 14:05:17.796 [info] > git for-each-ref --sort -committerdate --format %(refname) %(objectname) %(*objectname) [42ms]
2023-02-19 14:05:17.806 [info] > git config --get commit.template [13ms]
2023-02-19 14:05:17.813 [info] > git for-each-ref --format=%(refname)%00%(upstream:short)%00%(objectname)%00%(upstream:track)%00%(upstream:remotename)%00%(upstream:remoteref) refs/heads/master refs/remotes/master [1ms]
2023-02-19 14:05:22.888 [info] > git status -z -uall [10ms]
2023-02-19 14:05:22.889 [info] > git remote --verbose [22ms]
2023-02-19 14:05:22.889 [info] > git for-each-ref --sort -committerdate --format %(refname) %(objectname) %(*objectname) [48ms]
2023-02-19 14:05:22.890 [info] > git config --get commit.template [3ms]
2023-02-19 14:05:22.898 [info] > git for-each-ref --format=%(refname)%00%(upstream:short)%00%(objectname)%00%(upstream:track)%00%(upstream:remotename)%00%(upstream:remoteref) refs/heads/master refs/remotes/master [1ms]
2023-02-19 14:05:27.952 [info] > git status -z -uall [8ms]
2023-02-19 14:05:27.952 [info] > git remote --verbose [17ms]
2023-02-19 14:05:27.953 [info] > git for-each-ref --sort -committerdate --format %(refname) %(objectname) %(*objectname) [33ms]
2023-02-19 14:05:27.953 [info] > git config --get commit.template [2ms]
2023-02-19 14:05:27.961 [info] > git for-each-ref --format=%(refname)%00%(upstream:short)%00%(objectname)%00%(upstream:track)%00%(upstream:remotename)%00%(upstream:remoteref) refs/heads/master refs/remotes/master [1ms]
2023-02-19 14:05:32.990 [info] > git status -z -uall [6ms]
2023-02-19 14:05:32.990 [info] > git remote --verbose [13ms]
2023-02-19 14:05:32.991 [info] > git for-each-ref --sort -committerdate --format %(refname) %(objectname) %(*objectname) [19ms]
2023-02-19 14:05:32.991 [info] > git config --get commit.template [2ms]
2023-02-19 14:05:33.001 [info] > git for-each-ref --format=%(refname)%00%(upstream:short)%00%(objectname)%00%(upstream:track)%00%(upstream:remotename)%00%(upstream:remoteref) refs/heads/master refs/remotes/master [2ms]
2023-02-19 14:05:41.484 [info] > git status -z -uall [23ms]
2023-02-19 14:05:41.486 [info] > git remote --verbose [45ms]
2023-02-19 14:05:41.487 [info] > git for-each-ref --sort -committerdate --format %(refname) %(objectname) %(*objectname) [72ms]
2023-02-19 14:05:41.489 [info] > git config --get commit.template [5ms]
2023-02-19 14:05:41.504 [info] > git for-each-ref --format=%(refname)%00%(upstream:short)%00%(objectname)%00%(upstream:track)%00%(upstream:remotename)%00%(upstream:remoteref) refs/heads/master refs/remotes/master [3ms]
2023-02-19 14:05:46.575 [info] > git status -z -uall [11ms]
2023-02-19 14:05:46.576 [info] > git remote --verbose [30ms]
2023-02-19 14:05:46.577 [info] > git for-each-ref --sort -committerdate --format %(refname) %(objectname) %(*objectname) [51ms]
2023-02-19 14:05:46.577 [info] > git config --get commit.template [3ms]
2023-02-19 14:05:46.586 [info] > git for-each-ref --format=%(refname)%00%(upstream:short)%00%(objectname)%00%(upstream:track)%00%(upstream:remotename)%00%(upstream:remoteref) refs/heads/master refs/remotes/master [1ms]
2023-02-19 14:05:53.550 [info] > git status -z -uall [9ms]
2023-02-19 14:05:53.551 [info] > git remote --verbose [23ms]
2023-02-19 14:05:53.551 [info] > git for-each-ref --sort -committerdate --format %(refname) %(objectname) %(*objectname) [44ms]
2023-02-19 14:05:53.552 [info] > git config --get commit.template [3ms]
2023-02-19 14:05:53.560 [info] > git for-each-ref --format=%(refname)%00%(upstream:short)%00%(objectname)%00%(upstream:track)%00%(upstream:remotename)%00%(upstream:remoteref) refs/heads/master refs/remotes/master [1ms]
2023-02-19 14:05:58.742 [info] > git status -z -uall [9ms]
2023-02-19 14:05:58.743 [info] > git remote --verbose [19ms]
2023-02-19 14:05:58.743 [info] > git for-each-ref --sort -committerdate --format %(refname) %(objectname) %(*objectname) [40ms]
2023-02-19 14:05:58.744 [info] > git config --get commit.template [3ms]
2023-02-19 14:05:58.752 [info] > git for-each-ref --format=%(refname)%00%(upstream:short)%00%(objectname)%00%(upstream:track)%00%(upstream:remotename)%00%(upstream:remoteref) refs/heads/master refs/remotes/master [1ms]
2023-02-19 14:06:08.112 [info] > git status -z -uall [7ms]
2023-02-19 14:06:08.113 [info] > git remote --verbose [13ms]
2023-02-19 14:06:08.113 [info] > git for-each-ref --sort -committerdate --format %(refname) %(objectname) %(*objectname) [20ms]
2023-02-19 14:06:08.114 [info] > git config --get commit.template [2ms]
2023-02-19 14:06:08.121 [info] > git for-each-ref --format=%(refname)%00%(upstream:short)%00%(objectname)%00%(upstream:track)%00%(upstream:remotename)%00%(upstream:remoteref) refs/heads/master refs/remotes/master [2ms]
2023-02-19 14:06:13.198 [info] > git status -z -uall [10ms]
2023-02-19 14:06:13.198 [info] > git remote --verbose [29ms]
2023-02-19 14:06:13.199 [info] > git for-each-ref --sort -committerdate --format %(refname) %(objectname) %(*objectname) [48ms]
2023-02-19 14:06:13.200 [info] > git config --get commit.template [2ms]
2023-02-19 14:06:13.207 [info] > git for-each-ref --format=%(refname)%00%(upstream:short)%00%(objectname)%00%(upstream:track)%00%(upstream:remotename)%00%(upstream:remoteref) refs/heads/master refs/remotes/master [1ms]
2023-02-19 14:06:18.275 [info] > git status -z -uall [11ms]
2023-02-19 14:06:18.275 [info] > git remote --verbose [25ms]
2023-02-19 14:06:18.275 [info] > git for-each-ref --sort -committerdate --format %(refname) %(objectname) %(*objectname) [44ms]
2023-02-19 14:06:18.276 [info] > git config --get commit.template [2ms]
2023-02-19 14:06:18.284 [info] > git for-each-ref --format=%(refname)%00%(upstream:short)%00%(objectname)%00%(upstream:track)%00%(upstream:remotename)%00%(upstream:remoteref) refs/heads/master refs/remotes/master [1ms]
2023-02-19 14:06:23.362 [info] > git status -z -uall [10ms]
2023-02-19 14:06:23.363 [info] > git remote --verbose [25ms]
2023-02-19 14:06:23.363 [info] > git for-each-ref --sort -committerdate --format %(refname) %(objectname) %(*objectname) [49ms]
2023-02-19 14:06:23.364 [info] > git config --get commit.template [3ms]
2023-02-19 14:06:23.375 [info] > git for-each-ref --format=%(refname)%00%(upstream:short)%00%(objectname)%00%(upstream:track)%00%(upstream:remotename)%00%(upstream:remoteref) refs/heads/master refs/remotes/master [2ms]
2023-02-19 14:06:28.431 [info] > git status -z -uall [9ms]
2023-02-19 14:06:28.432 [info] > git remote --verbose [18ms]
2023-02-19 14:06:28.432 [info] > git for-each-ref --sort -committerdate --format %(refname) %(objectname) %(*objectname) [38ms]
2023-02-19 14:06:28.433 [info] > git config --get commit.template [2ms]
2023-02-19 14:06:28.442 [info] > git for-each-ref --format=%(refname)%00%(upstream:short)%00%(objectname)%00%(upstream:track)%00%(upstream:remotename)%00%(upstream:remoteref) refs/heads/master refs/remotes/master [2ms]
2023-02-19 14:06:33.474 [info] > git status -z -uall [7ms]
2023-02-19 14:06:33.474 [info] > git remote --verbose [15ms]
2023-02-19 14:06:33.475 [info] > git for-each-ref --sort -committerdate --format %(refname) %(objectname) %(*objectname) [20ms]
2023-02-19 14:06:33.475 [info] > git config --get commit.template [2ms]
2023-02-19 14:06:33.484 [info] > git for-each-ref --format=%(refname)%00%(upstream:short)%00%(objectname)%00%(upstream:track)%00%(upstream:remotename)%00%(upstream:remoteref) refs/heads/master refs/remotes/master [2ms]
2023-02-19 14:08:33.532 [info] > git status -z -uall [9ms]
2023-02-19 14:08:33.533 [info] > git remote --verbose [16ms]
2023-02-19 14:08:33.534 [info] > git for-each-ref --sort -committerdate --format %(refname) %(objectname) %(*objectname) [24ms]
2023-02-19 14:08:33.535 [info] > git config --get commit.template [4ms]
2023-02-19 14:08:33.545 [info] > git for-each-ref --format=%(refname)%00%(upstream:short)%00%(objectname)%00%(upstream:track)%00%(upstream:remotename)%00%(upstream:remoteref) refs/heads/master refs/remotes/master [1ms]
2023-02-19 14:08:43.636 [info] > git status -z -uall [15ms]
2023-02-19 14:08:43.638 [info] > git remote --verbose [28ms]
2023-02-19 14:08:43.638 [info] > git for-each-ref --sort -committerdate --format %(refname) %(objectname) %(*objectname) [45ms]
2023-02-19 14:08:43.639 [info] > git config --get commit.template [4ms]
2023-02-19 14:08:43.649 [info] > git for-each-ref --format=%(refname)%00%(upstream:short)%00%(objectname)%00%(upstream:track)%00%(upstream:remotename)%00%(upstream:remoteref) refs/heads/master refs/remotes/master [2ms]
2023-02-19 14:08:48.699 [info] > git status -z -uall [8ms]
2023-02-19 14:08:48.700 [info] > git remote --verbose [16ms]
2023-02-19 14:08:48.700 [info] > git for-each-ref --sort -committerdate --format %(refname) %(objectname) %(*objectname) [28ms]
2023-02-19 14:08:48.701 [info] > git config --get commit.template [2ms]
2023-02-19 14:08:48.708 [info] > git for-each-ref --format=%(refname)%00%(upstream:short)%00%(objectname)%00%(upstream:track)%00%(upstream:remotename)%00%(upstream:remoteref) refs/heads/master refs/remotes/master [1ms]
2023-02-19 14:08:53.799 [info] > git status -z -uall [15ms]
2023-02-19 14:08:53.800 [info] > git remote --verbose [32ms]
2023-02-19 14:08:53.800 [info] > git for-each-ref --sort -committerdate --format %(refname) %(objectname) %(*objectname) [61ms]
2023-02-19 14:08:53.802 [info] > git config --get commit.template [7ms]
2023-02-19 14:08:53.813 [info] > git for-each-ref --format=%(refname)%00%(upstream:short)%00%(objectname)%00%(upstream:track)%00%(upstream:remotename)%00%(upstream:remoteref) refs/heads/master refs/remotes/master [2ms]
2023-02-19 14:08:58.879 [info] > git status -z -uall [10ms]
2023-02-19 14:08:58.880 [info] > git remote --verbose [24ms]
2023-02-19 14:08:58.880 [info] > git for-each-ref --sort -committerdate --format %(refname) %(objectname) %(*objectname) [45ms]
2023-02-19 14:08:58.881 [info] > git config --get commit.template [3ms]
2023-02-19 14:08:58.890 [info] > git for-each-ref --format=%(refname)%00%(upstream:short)%00%(objectname)%00%(upstream:track)%00%(upstream:remotename)%00%(upstream:remoteref) refs/heads/master refs/remotes/master [1ms]
2023-02-19 14:09:03.994 [info] > git status -z -uall [17ms]
2023-02-19 14:09:03.995 [info] > git remote --verbose [38ms]
2023-02-19 14:09:03.996 [info] > git for-each-ref --sort -committerdate --format %(refname) %(objectname) %(*objectname) [70ms]
2023-02-19 14:09:03.997 [info] > git config --get commit.template [4ms]
2023-02-19 14:09:04.010 [info] > git for-each-ref --format=%(refname)%00%(upstream:short)%00%(objectname)%00%(upstream:track)%00%(upstream:remotename)%00%(upstream:remoteref) refs/heads/master refs/remotes/master [3ms]
2023-02-19 14:09:09.072 [info] > git status -z -uall [11ms]
2023-02-19 14:09:09.073 [info] > git remote --verbose [22ms]
2023-02-19 14:09:09.074 [info] > git for-each-ref --sort -committerdate --format %(refname) %(objectname) %(*objectname) [35ms]
2023-02-19 14:09:09.075 [info] > git config --get commit.template [5ms]
2023-02-19 14:09:09.084 [info] > git for-each-ref --format=%(refname)%00%(upstream:short)%00%(objectname)%00%(upstream:track)%00%(upstream:remotename)%00%(upstream:remoteref) refs/heads/master refs/remotes/master [1ms]
2023-02-19 14:09:14.135 [info] > git status -z -uall [7ms]
2023-02-19 14:09:14.135 [info] > git remote --verbose [15ms]
2023-02-19 14:09:14.136 [info] > git for-each-ref --sort -committerdate --format %(refname) %(objectname) %(*objectname) [25ms]
2023-02-19 14:09:14.136 [info] > git config --get commit.template [2ms]
2023-02-19 14:09:14.144 [info] > git for-each-ref --format=%(refname)%00%(upstream:short)%00%(objectname)%00%(upstream:track)%00%(upstream:remotename)%00%(upstream:remoteref) refs/heads/master refs/remotes/master [2ms]
2023-02-19 14:09:43.879 [info] > git status -z -uall [21ms]
2023-02-19 14:09:43.887 [info] > git remote --verbose [49ms]
2023-02-19 14:09:43.888 [info] > git for-each-ref --sort -committerdate --format %(refname) %(objectname) %(*objectname) [80ms]
2023-02-19 14:09:43.911 [info] > git config --get commit.template [35ms]
2023-02-19 14:09:43.925 [info] > git for-each-ref --format=%(refname)%00%(upstream:short)%00%(objectname)%00%(upstream:track)%00%(upstream:remotename)%00%(upstream:remoteref) refs/heads/master refs/remotes/master [2ms]
2023-02-19 14:09:48.980 [info] > git status -z -uall [8ms]
2023-02-19 14:09:48.981 [info] > git remote --verbose [16ms]
2023-02-19 14:09:48.981 [info] > git for-each-ref --sort -committerdate --format %(refname) %(objectname) %(*objectname) [28ms]
2023-02-19 14:09:48.982 [info] > git config --get commit.template [4ms]
2023-02-19 14:09:48.991 [info] > git for-each-ref --format=%(refname)%00%(upstream:short)%00%(objectname)%00%(upstream:track)%00%(upstream:remotename)%00%(upstream:remoteref) refs/heads/master refs/remotes/master [1ms]
2023-02-19 14:09:54.100 [info] > git status -z -uall [33ms]
2023-02-19 14:09:54.103 [info] > git remote --verbose [65ms]
2023-02-19 14:09:54.104 [info] > git for-each-ref --sort -committerdate --format %(refname) %(objectname) %(*objectname) [88ms]
2023-02-19 14:09:54.108 [info] > git config --get commit.template [12ms]
2023-02-19 14:09:54.131 [info] > git for-each-ref --format=%(refname)%00%(upstream:short)%00%(objectname)%00%(upstream:track)%00%(upstream:remotename)%00%(upstream:remoteref) refs/heads/master refs/remotes/master [2ms]
2023-02-19 14:09:59.202 [info] > git status -z -uall [11ms]
2023-02-19 14:09:59.203 [info] > git remote --verbose [30ms]
2023-02-19 14:09:59.203 [info] > git for-each-ref --sort -committerdate --format %(refname) %(objectname) %(*objectname) [49ms]
2023-02-19 14:09:59.205 [info] > git config --get commit.template [2ms]
2023-02-19 14:09:59.215 [info] > git for-each-ref --format=%(refname)%00%(upstream:short)%00%(objectname)%00%(upstream:track)%00%(upstream:remotename)%00%(upstream:remoteref) refs/heads/master refs/remotes/master [3ms]
2023-02-19 14:10:04.260 [info] > git status -z -uall [11ms]
2023-02-19 14:10:04.261 [info] > git remote --verbose [21ms]
2023-02-19 14:10:04.261 [info] > git for-each-ref --sort -committerdate --format %(refname) %(objectname) %(*objectname) [32ms]
2023-02-19 14:10:04.263 [info] > git config --get commit.template [3ms]
2023-02-19 14:10:04.275 [info] > git for-each-ref --format=%(refname)%00%(upstream:short)%00%(objectname)%00%(upstream:track)%00%(upstream:remotename)%00%(upstream:remoteref) refs/heads/master refs/remotes/master [3ms]
2023-02-19 14:10:09.336 [info] > git status -z -uall [11ms]
2023-02-19 14:10:09.337 [info] > git remote --verbose [20ms]
2023-02-19 14:10:09.338 [info] > git for-each-ref --sort -committerdate --format %(refname) %(objectname) %(*objectname) [34ms]
2023-02-19 14:10:09.339 [info] > git config --get commit.template [5ms]
2023-02-19 14:10:09.349 [info] > git for-each-ref --format=%(refname)%00%(upstream:short)%00%(objectname)%00%(upstream:track)%00%(upstream:remotename)%00%(upstream:remoteref) refs/heads/master refs/remotes/master [1ms]
2023-02-19 14:10:14.419 [info] > git status -z -uall [10ms]
2023-02-19 14:10:14.419 [info] > git remote --verbose [22ms]
2023-02-19 14:10:14.420 [info] > git for-each-ref --sort -committerdate --format %(refname) %(objectname) %(*objectname) [45ms]
2023-02-19 14:10:14.420 [info] > git config --get commit.template [2ms]
2023-02-19 14:10:14.428 [info] > git for-each-ref --format=%(refname)%00%(upstream:short)%00%(objectname)%00%(upstream:track)%00%(upstream:remotename)%00%(upstream:remoteref) refs/heads/master refs/remotes/master [2ms]
2023-02-19 14:10:22.132 [info] > git status -z -uall [7ms]
2023-02-19 14:10:22.133 [info] > git remote --verbose [15ms]
2023-02-19 14:10:22.133 [info] > git for-each-ref --sort -committerdate --format %(refname) %(objectname) %(*objectname) [29ms]
2023-02-19 14:10:22.134 [info] > git config --get commit.template [2ms]
2023-02-19 14:10:22.141 [info] > git for-each-ref --format=%(refname)%00%(upstream:short)%00%(objectname)%00%(upstream:track)%00%(upstream:remotename)%00%(upstream:remoteref) refs/heads/master refs/remotes/master [2ms]
2023-02-19 14:10:27.180 [info] > git status -z -uall [9ms]
2023-02-19 14:10:27.181 [info] > git remote --verbose [15ms]
2023-02-19 14:10:27.181 [info] > git for-each-ref --sort -committerdate --format %(refname) %(objectname) %(*objectname) [26ms]
2023-02-19 14:10:27.182 [info] > git config --get commit.template [2ms]
2023-02-19 14:10:27.190 [info] > git for-each-ref --format=%(refname)%00%(upstream:short)%00%(objectname)%00%(upstream:track)%00%(upstream:remotename)%00%(upstream:remoteref) refs/heads/master refs/remotes/master [1ms]
2023-02-19 14:10:32.223 [info] > git status -z -uall [7ms]
2023-02-19 14:10:32.224 [info] > git remote --verbose [14ms]
2023-02-19 14:10:32.224 [info] > git for-each-ref --sort -committerdate --format %(refname) %(objectname) %(*objectname) [21ms]
2023-02-19 14:10:32.226 [info] > git config --get commit.template [2ms]
2023-02-19 14:10:32.234 [info] > git for-each-ref --format=%(refname)%00%(upstream:short)%00%(objectname)%00%(upstream:track)%00%(upstream:remotename)%00%(upstream:remoteref) refs/heads/master refs/remotes/master [2ms]
2023-02-19 14:10:37.293 [info] > git status -z -uall [10ms]
2023-02-19 14:10:37.294 [info] > git remote --verbose [23ms]
2023-02-19 14:10:37.294 [info] > git for-each-ref --sort -committerdate --format %(refname) %(objectname) %(*objectname) [40ms]
2023-02-19 14:10:37.296 [info] > git config --get commit.template [4ms]
2023-02-19 14:10:37.304 [info] > git for-each-ref --format=%(refname)%00%(upstream:short)%00%(objectname)%00%(upstream:track)%00%(upstream:remotename)%00%(upstream:remoteref) refs/heads/master refs/remotes/master [2ms]
2023-02-19 14:10:48.245 [info] > git status -z -uall [7ms]
2023-02-19 14:10:48.246 [info] > git remote --verbose [16ms]
2023-02-19 14:10:48.247 [info] > git for-each-ref --sort -committerdate --format %(refname) %(objectname) %(*objectname) [29ms]
2023-02-19 14:10:48.247 [info] > git config --get commit.template [2ms]
2023-02-19 14:10:48.255 [info] > git for-each-ref --format=%(refname)%00%(upstream:short)%00%(objectname)%00%(upstream:track)%00%(upstream:remotename)%00%(upstream:remoteref) refs/heads/master refs/remotes/master [1ms]
2023-02-19 14:10:53.282 [info] > git status -z -uall [7ms]
2023-02-19 14:10:53.283 [info] > git remote --verbose [12ms]
2023-02-19 14:10:53.283 [info] > git for-each-ref --sort -committerdate --format %(refname) %(objectname) %(*objectname) [18ms]
2023-02-19 14:10:53.283 [info] > git config --get commit.template [2ms]
2023-02-19 14:10:53.291 [info] > git for-each-ref --format=%(refname)%00%(upstream:short)%00%(objectname)%00%(upstream:track)%00%(upstream:remotename)%00%(upstream:remoteref) refs/heads/master refs/remotes/master [1ms]
2023-02-19 14:10:58.320 [info] > git status -z -uall [6ms]
2023-02-19 14:10:58.321 [info] > git remote --verbose [13ms]
2023-02-19 14:10:58.321 [info] > git for-each-ref --sort -committerdate --format %(refname) %(objectname) %(*objectname) [20ms]
2023-02-19 14:10:58.322 [info] > git config --get commit.template [2ms]
2023-02-19 14:10:58.329 [info] > git for-each-ref --format=%(refname)%00%(upstream:short)%00%(objectname)%00%(upstream:track)%00%(upstream:remotename)%00%(upstream:remoteref) refs/heads/master refs/remotes/master [2ms]
2023-02-19 14:11:03.359 [info] > git status -z -uall [7ms]
2023-02-19 14:11:03.360 [info] > git remote --verbose [14ms]
2023-02-19 14:11:03.360 [info] > git for-each-ref --sort -committerdate --format %(refname) %(objectname) %(*objectname) [20ms]
2023-02-19 14:11:03.361 [info] > git config --get commit.template [2ms]
2023-02-19 14:11:03.371 [info] > git for-each-ref --format=%(refname)%00%(upstream:short)%00%(objectname)%00%(upstream:track)%00%(upstream:remotename)%00%(upstream:remoteref) refs/heads/master refs/remotes/master [1ms]
2023-02-19 14:11:17.952 [info] > git status -z -uall [13ms]
2023-02-19 14:11:17.953 [info] > git remote --verbose [27ms]
2023-02-19 14:11:17.954 [info] > git for-each-ref --sort -committerdate --format %(refname) %(objectname) %(*objectname) [61ms]
2023-02-19 14:11:17.955 [info] > git config --get commit.template [4ms]
2023-02-19 14:11:17.965 [info] > git for-each-ref --format=%(refname)%00%(upstream:short)%00%(objectname)%00%(upstream:track)%00%(upstream:remotename)%00%(upstream:remoteref) refs/heads/master refs/remotes/master [2ms]
2023-02-19 14:11:57.325 [info] > git status -z -uall [10ms]
2023-02-19 14:11:57.326 [info] > git remote --verbose [23ms]
2023-02-19 14:11:57.326 [info] > git for-each-ref --sort -committerdate --format %(refname) %(objectname) %(*objectname) [44ms]
2023-02-19 14:11:57.327 [info] > git config --get commit.template [2ms]
2023-02-19 14:11:57.335 [info] > git for-each-ref --format=%(refname)%00%(upstream:short)%00%(objectname)%00%(upstream:track)%00%(upstream:remotename)%00%(upstream:remoteref) refs/heads/master refs/remotes/master [2ms]
2023-02-19 14:14:13.184 [info] > git status -z -uall [14ms]
2023-02-19 14:14:13.188 [info] > git remote --verbose [23ms]
2023-02-19 14:14:13.188 [info] > git for-each-ref --sort -committerdate --format %(refname) %(objectname) %(*objectname) [38ms]
2023-02-19 14:14:13.201 [info] > git config --get commit.template [16ms]
2023-02-19 14:14:13.201 [info] > git for-each-ref --format=%(refname)%00%(upstream:short)%00%(objectname)%00%(upstream:track)%00%(upstream:remotename)%00%(upstream:remoteref) refs/heads/master refs/remotes/master [3ms]
2023-02-19 14:18:22.656 [info] > git status -z -uall [7ms]
2023-02-19 14:18:22.657 [info] > git remote --verbose [12ms]
2023-02-19 14:18:22.657 [info] > git for-each-ref --sort -committerdate --format %(refname) %(objectname) %(*objectname) [19ms]
2023-02-19 14:18:22.658 [info] > git config --get commit.template [2ms]
2023-02-19 14:18:22.665 [info] > git for-each-ref --format=%(refname)%00%(upstream:short)%00%(objectname)%00%(upstream:track)%00%(upstream:remotename)%00%(upstream:remoteref) refs/heads/master refs/remotes/master [2ms]
2023-02-19 14:18:29.096 [info] > git status -z -uall [7ms]
2023-02-19 14:18:29.097 [info] > git remote --verbose [15ms]
2023-02-19 14:18:29.097 [info] > git for-each-ref --sort -committerdate --format %(refname) %(objectname) %(*objectname) [26ms]
2023-02-19 14:18:29.098 [info] > git config --get commit.template [2ms]
2023-02-19 14:18:29.107 [info] > git for-each-ref --format=%(refname)%00%(upstream:short)%00%(objectname)%00%(upstream:track)%00%(upstream:remotename)%00%(upstream:remoteref) refs/heads/master refs/remotes/master [2ms]
2023-02-19 14:18:34.142 [info] > git status -z -uall [10ms]
2023-02-19 14:18:34.143 [info] > git remote --verbose [18ms]
2023-02-19 14:18:34.143 [info] > git for-each-ref --sort -committerdate --format %(refname) %(objectname) %(*objectname) [26ms]
2023-02-19 14:18:34.145 [info] > git config --get commit.template [3ms]
2023-02-19 14:18:34.156 [info] > git for-each-ref --format=%(refname)%00%(upstream:short)%00%(objectname)%00%(upstream:track)%00%(upstream:remotename)%00%(upstream:remoteref) refs/heads/master refs/remotes/master [2ms]
2023-02-19 14:19:26.815 [info] > git status -z -uall [49ms]
2023-02-19 14:19:26.817 [info] > git remote --verbose [72ms]
2023-02-19 14:19:26.818 [info] > git for-each-ref --sort -committerdate --format %(refname) %(objectname) %(*objectname) [99ms]
2023-02-19 14:19:26.822 [info] > git config --get commit.template [25ms]
2023-02-19 14:19:26.856 [info] > git for-each-ref --format=%(refname)%00%(upstream:short)%00%(objectname)%00%(upstream:track)%00%(upstream:remotename)%00%(upstream:remoteref) refs/heads/master refs/remotes/master [6ms]
2023-02-19 14:19:31.892 [info] > git status -z -uall [7ms]
2023-02-19 14:19:31.893 [info] > git remote --verbose [12ms]
2023-02-19 14:19:31.893 [info] > git for-each-ref --sort -committerdate --format %(refname) %(objectname) %(*objectname) [18ms]
2023-02-19 14:19:31.894 [info] > git config --get commit.template [2ms]
2023-02-19 14:19:31.901 [info] > git for-each-ref --format=%(refname)%00%(upstream:short)%00%(objectname)%00%(upstream:track)%00%(upstream:remotename)%00%(upstream:remoteref) refs/heads/master refs/remotes/master [1ms]
2023-02-19 14:19:37.358 [info] > git status -z -uall [9ms]
2023-02-19 14:19:37.359 [info] > git remote --verbose [17ms]
2023-02-19 14:19:37.359 [info] > git for-each-ref --sort -committerdate --format %(refname) %(objectname) %(*objectname) [24ms]
2023-02-19 14:19:37.360 [info] > git config --get commit.template [3ms]
2023-02-19 14:19:37.371 [info] > git for-each-ref --format=%(refname)%00%(upstream:short)%00%(objectname)%00%(upstream:track)%00%(upstream:remotename)%00%(upstream:remoteref) refs/heads/master refs/remotes/master [2ms]
2023-02-19 14:19:42.404 [info] > git status -z -uall [6ms]
2023-02-19 14:19:42.405 [info] > git remote --verbose [12ms]
2023-02-19 14:19:42.405 [info] > git for-each-ref --sort -committerdate --format %(refname) %(objectname) %(*objectname) [18ms]
2023-02-19 14:19:42.406 [info] > git config --get commit.template [3ms]
2023-02-19 14:19:42.414 [info] > git for-each-ref --format=%(refname)%00%(upstream:short)%00%(objectname)%00%(upstream:track)%00%(upstream:remotename)%00%(upstream:remoteref) refs/heads/master refs/remotes/master [1ms]
2023-02-19 14:22:17.439 [info] > git status -z -uall [13ms]
2023-02-19 14:22:17.441 [info] > git remote --verbose [36ms]
2023-02-19 14:22:17.441 [info] > git for-each-ref --sort -committerdate --format %(refname) %(objectname) %(*objectname) [56ms]
2023-02-19 14:22:17.442 [info] > git config --get commit.template [3ms]
2023-02-19 14:22:17.451 [info] > git for-each-ref --format=%(refname)%00%(upstream:short)%00%(objectname)%00%(upstream:track)%00%(upstream:remotename)%00%(upstream:remoteref) refs/heads/master refs/remotes/master [2ms]
2023-02-19 14:22:22.503 [info] > git status -z -uall [8ms]
2023-02-19 14:22:22.504 [info] > git remote --verbose [17ms]
2023-02-19 14:22:22.504 [info] > git for-each-ref --sort -committerdate --format %(refname) %(objectname) %(*objectname) [32ms]
2023-02-19 14:22:22.505 [info] > git config --get commit.template [2ms]
2023-02-19 14:22:22.513 [info] > git for-each-ref --format=%(refname)%00%(upstream:short)%00%(objectname)%00%(upstream:track)%00%(upstream:remotename)%00%(upstream:remoteref) refs/heads/master refs/remotes/master [1ms]
2023-02-19 14:22:27.579 [info] > git status -z -uall [11ms]
2023-02-19 14:22:27.580 [info] > git remote --verbose [24ms]
2023-02-19 14:22:27.580 [info] > git for-each-ref --sort -committerdate --format %(refname) %(objectname) %(*objectname) [45ms]
2023-02-19 14:22:27.582 [info] > git config --get commit.template [4ms]
2023-02-19 14:22:27.593 [info] > git for-each-ref --format=%(refname)%00%(upstream:short)%00%(objectname)%00%(upstream:track)%00%(upstream:remotename)%00%(upstream:remoteref) refs/heads/master refs/remotes/master [0ms]
2023-02-19 14:22:32.620 [info] > git status -z -uall [7ms]
2023-02-19 14:22:32.621 [info] > git remote --verbose [14ms]
2023-02-19 14:22:32.621 [info] > git for-each-ref --sort -committerdate --format %(refname) %(objectname) %(*objectname) [20ms]
2023-02-19 14:22:32.623 [info] > git config --get commit.template [2ms]
2023-02-19 14:22:32.631 [info] > git for-each-ref --format=%(refname)%00%(upstream:short)%00%(objectname)%00%(upstream:track)%00%(upstream:remotename)%00%(upstream:remoteref) refs/heads/master refs/remotes/master [1ms]
2023-02-19 14:22:46.702 [info] > git status -z -uall [8ms]
2023-02-19 14:22:46.704 [info] > git remote --verbose [19ms]
2023-02-19 14:22:46.704 [info] > git for-each-ref --sort -committerdate --format %(refname) %(objectname) %(*objectname) [31ms]
2023-02-19 14:22:46.705 [info] > git config --get commit.template [4ms]
2023-02-19 14:22:46.713 [info] > git for-each-ref --format=%(refname)%00%(upstream:short)%00%(objectname)%00%(upstream:track)%00%(upstream:remotename)%00%(upstream:remoteref) refs/heads/master refs/remotes/master [1ms]
2023-02-19 14:22:52.742 [info] > git status -z -uall [7ms]
2023-02-19 14:22:52.743 [info] > git remote --verbose [14ms]
2023-02-19 14:22:52.743 [info] > git for-each-ref --sort -committerdate --format %(refname) %(objectname) %(*objectname) [21ms]
2023-02-19 14:22:52.744 [info] > git config --get commit.template [3ms]
2023-02-19 14:22:52.752 [info] > git for-each-ref --format=%(refname)%00%(upstream:short)%00%(objectname)%00%(upstream:track)%00%(upstream:remotename)%00%(upstream:remoteref) refs/heads/master refs/remotes/master [2ms]
2023-02-19 14:22:57.909 [info] > git status -z -uall [11ms]
2023-02-19 14:22:57.910 [info] > git remote --verbose [24ms]
2023-02-19 14:22:57.910 [info] > git for-each-ref --sort -committerdate --format %(refname) %(objectname) %(*objectname) [48ms]
2023-02-19 14:22:57.911 [info] > git config --get commit.template [5ms]
2023-02-19 14:22:57.920 [info] > git for-each-ref --format=%(refname)%00%(upstream:short)%00%(objectname)%00%(upstream:track)%00%(upstream:remotename)%00%(upstream:remoteref) refs/heads/master refs/remotes/master [2ms]
2023-02-19 14:23:09.800 [info] > git status -z -uall [8ms]
2023-02-19 14:23:09.801 [info] > git remote --verbose [20ms]
2023-02-19 14:23:09.801 [info] > git for-each-ref --sort -committerdate --format %(refname) %(objectname) %(*objectname) [35ms]
2023-02-19 14:23:09.801 [info] > git config --get commit.template [2ms]
2023-02-19 14:23:09.813 [info] > git for-each-ref --format=%(refname)%00%(upstream:short)%00%(objectname)%00%(upstream:track)%00%(upstream:remotename)%00%(upstream:remoteref) refs/heads/master refs/remotes/master [3ms]
2023-02-19 14:23:14.898 [info] > git status -z -uall [9ms]
2023-02-19 14:23:14.899 [info] > git remote --verbose [20ms]
2023-02-19 14:23:14.899 [info] > git for-each-ref --sort -committerdate --format %(refname) %(objectname) %(*objectname) [40ms]
2023-02-19 14:23:14.900 [info] > git config --get commit.template [2ms]
2023-02-19 14:23:14.908 [info] > git for-each-ref --format=%(refname)%00%(upstream:short)%00%(objectname)%00%(upstream:track)%00%(upstream:remotename)%00%(upstream:remoteref) refs/heads/master refs/remotes/master [2ms]
2023-02-19 14:23:19.996 [info] > git status -z -uall [16ms]
2023-02-19 14:23:19.997 [info] > git remote --verbose [35ms]
2023-02-19 14:23:19.998 [info] > git for-each-ref --sort -committerdate --format %(refname) %(objectname) %(*objectname) [58ms]
2023-02-19 14:23:19.999 [info] > git config --get commit.template [3ms]
2023-02-19 14:23:20.011 [info] > git for-each-ref --format=%(refname)%00%(upstream:short)%00%(objectname)%00%(upstream:track)%00%(upstream:remotename)%00%(upstream:remoteref) refs/heads/master refs/remotes/master [2ms]
2023-02-19 14:23:25.081 [info] > git status -z -uall [9ms]
2023-02-19 14:23:25.082 [info] > git remote --verbose [21ms]
2023-02-19 14:23:25.082 [info] > git for-each-ref --sort -committerdate --format %(refname) %(objectname) %(*objectname) [44ms]
2023-02-19 14:23:25.083 [info] > git config --get commit.template [2ms]
2023-02-19 14:23:25.091 [info] > git for-each-ref --format=%(refname)%00%(upstream:short)%00%(objectname)%00%(upstream:track)%00%(upstream:remotename)%00%(upstream:remoteref) refs/heads/master refs/remotes/master [1ms]
2023-02-19 14:23:58.897 [info] > git status -z -uall [14ms]
2023-02-19 14:23:58.898 [info] > git remote --verbose [27ms]
2023-02-19 14:23:58.898 [info] > git for-each-ref --sort -committerdate --format %(refname) %(objectname) %(*objectname) [36ms]
2023-02-19 14:23:58.900 [info] > git config --get commit.template [3ms]
2023-02-19 14:23:58.912 [info] > git for-each-ref --format=%(refname)%00%(upstream:short)%00%(objectname)%00%(upstream:track)%00%(upstream:remotename)%00%(upstream:remoteref) refs/heads/master refs/remotes/master [0ms]
2023-02-19 14:24:04.299 [info] > git status -z -uall [28ms]
2023-02-19 14:24:04.300 [info] > git remote --verbose [59ms]
2023-02-19 14:24:04.300 [info] > git for-each-ref --sort -committerdate --format %(refname) %(objectname) %(*objectname) [84ms]
2023-02-19 14:24:04.302 [info] > git config --get commit.template [5ms]
2023-02-19 14:24:04.315 [info] > git for-each-ref --format=%(refname)%00%(upstream:short)%00%(objectname)%00%(upstream:track)%00%(upstream:remotename)%00%(upstream:remoteref) refs/heads/master refs/remotes/master [3ms]
2023-02-19 14:24:14.929 [info] > git status -z -uall [11ms]
2023-02-19 14:24:14.930 [info] > git remote --verbose [21ms]
2023-02-19 14:24:14.930 [info] > git for-each-ref --sort -committerdate --format %(refname) %(objectname) %(*objectname) [36ms]
2023-02-19 14:24:14.931 [info] > git config --get commit.template [2ms]
2023-02-19 14:24:14.942 [info] > git for-each-ref --format=%(refname)%00%(upstream:short)%00%(objectname)%00%(upstream:track)%00%(upstream:remotename)%00%(upstream:remoteref) refs/heads/master refs/remotes/master [3ms]
2023-02-19 14:24:25.835 [info] > git status -z -uall [10ms]
2023-02-19 14:24:25.836 [info] > git remote --verbose [20ms]
2023-02-19 14:24:25.836 [info] > git for-each-ref --sort -committerdate --format %(refname) %(objectname) %(*objectname) [39ms]
2023-02-19 14:24:25.837 [info] > git config --get commit.template [3ms]
2023-02-19 14:24:25.845 [info] > git for-each-ref --format=%(refname)%00%(upstream:short)%00%(objectname)%00%(upstream:track)%00%(upstream:remotename)%00%(upstream:remoteref) refs/heads/master refs/remotes/master [2ms]
2023-02-19 14:24:31.399 [info] > git status -z -uall [10ms]
2023-02-19 14:24:31.400 [info] > git remote --verbose [25ms]
2023-02-19 14:24:31.400 [info] > git for-each-ref --sort -committerdate --format %(refname) %(objectname) %(*objectname) [44ms]
2023-02-19 14:24:31.401 [info] > git config --get commit.template [3ms]
2023-02-19 14:24:31.409 [info] > git for-each-ref --format=%(refname)%00%(upstream:short)%00%(objectname)%00%(upstream:track)%00%(upstream:remotename)%00%(upstream:remoteref) refs/heads/master refs/remotes/master [1ms]
2023-02-19 14:24:48.321 [info] > git status -z -uall [8ms]
2023-02-19 14:24:48.321 [info] > git remote --verbose [18ms]
2023-02-19 14:24:48.322 [info] > git for-each-ref --sort -committerdate --format %(refname) %(objectname) %(*objectname) [34ms]
2023-02-19 14:24:48.322 [info] > git config --get commit.template [2ms]
2023-02-19 14:24:48.330 [info] > git for-each-ref --format=%(refname)%00%(upstream:short)%00%(objectname)%00%(upstream:track)%00%(upstream:remotename)%00%(upstream:remoteref) refs/heads/master refs/remotes/master [2ms]
2023-02-19 14:24:53.368 [info] > git status -z -uall [11ms]
2023-02-19 14:24:53.369 [info] > git remote --verbose [20ms]
2023-02-19 14:24:53.369 [info] > git for-each-ref --sort -committerdate --format %(refname) %(objectname) %(*objectname) [30ms]
2023-02-19 14:24:53.371 [info] > git config --get commit.template [4ms]
2023-02-19 14:24:53.384 [info] > git for-each-ref --format=%(refname)%00%(upstream:short)%00%(objectname)%00%(upstream:track)%00%(upstream:remotename)%00%(upstream:remoteref) refs/heads/master refs/remotes/master [3ms]
2023-02-19 14:25:01.136 [info] > git status -z -uall [3ms]
2023-02-19 14:25:01.137 [info] > git remote --verbose [17ms]
2023-02-19 14:25:01.138 [info] > git for-each-ref --sort -committerdate --format %(refname) %(objectname) %(*objectname) [28ms]
2023-02-19 14:25:01.149 [info] > git config --get commit.template [2ms]
2023-02-19 14:25:01.159 [info] > git for-each-ref --format=%(refname)%00%(upstream:short)%00%(objectname)%00%(upstream:track)%00%(upstream:remotename)%00%(upstream:remoteref) refs/heads/master refs/remotes/master [2ms]
2023-02-19 14:25:06.223 [info] > git status -z -uall [11ms]
2023-02-19 14:25:06.223 [info] > git remote --verbose [22ms]
2023-02-19 14:25:06.224 [info] > git for-each-ref --sort -committerdate --format %(refname) %(objectname) %(*objectname) [37ms]
2023-02-19 14:25:06.225 [info] > git config --get commit.template [4ms]
2023-02-19 14:25:06.236 [info] > git for-each-ref --format=%(refname)%00%(upstream:short)%00%(objectname)%00%(upstream:track)%00%(upstream:remotename)%00%(upstream:remoteref) refs/heads/master refs/remotes/master [2ms]
2023-02-19 14:25:11.271 [info] > git status -z -uall [8ms]
2023-02-19 14:25:11.272 [info] > git remote --verbose [17ms]
2023-02-19 14:25:11.272 [info] > git for-each-ref --sort -committerdate --format %(refname) %(objectname) %(*objectname) [24ms]
2023-02-19 14:25:11.273 [info] > git config --get commit.template [2ms]
2023-02-19 14:25:11.284 [info] > git for-each-ref --format=%(refname)%00%(upstream:short)%00%(objectname)%00%(upstream:track)%00%(upstream:remotename)%00%(upstream:remoteref) refs/heads/master refs/remotes/master [2ms]
2023-02-19 14:26:04.488 [info] > git status -z -uall [8ms]
2023-02-19 14:26:04.490 [info] > git remote --verbose [15ms]
2023-02-19 14:26:04.490 [info] > git for-each-ref --sort -committerdate --format %(refname) %(objectname) %(*objectname) [26ms]
2023-02-19 14:26:04.491 [info] > git config --get commit.template [2ms]
2023-02-19 14:26:04.501 [info] > git for-each-ref --format=%(refname)%00%(upstream:short)%00%(objectname)%00%(upstream:track)%00%(upstream:remotename)%00%(upstream:remoteref) refs/heads/master refs/remotes/master [2ms]
2023-02-19 14:27:06.510 [info] > git status -z -uall [9ms]
2023-02-19 14:27:06.511 [info] > git remote --verbose [19ms]
2023-02-19 14:27:06.511 [info] > git for-each-ref --sort -committerdate --format %(refname) %(objectname) %(*objectname) [44ms]
2023-02-19 14:27:06.512 [info] > git config --get commit.template [3ms]
2023-02-19 14:27:06.521 [info] > git for-each-ref --format=%(refname)%00%(upstream:short)%00%(objectname)%00%(upstream:track)%00%(upstream:remotename)%00%(upstream:remoteref) refs/heads/master refs/remotes/master [2ms]
2023-02-19 14:27:11.664 [info] > git status -z -uall [46ms]
2023-02-19 14:27:11.667 [info] > git remote --verbose [81ms]
2023-02-19 14:27:11.669 [info] > git for-each-ref --sort -committerdate --format %(refname) %(objectname) %(*objectname) [116ms]
2023-02-19 14:27:11.674 [info] > git config --get commit.template [21ms]
2023-02-19 14:27:11.729 [info] > git for-each-ref --format=%(refname)%00%(upstream:short)%00%(objectname)%00%(upstream:track)%00%(upstream:remotename)%00%(upstream:remoteref) refs/heads/master refs/remotes/master [10ms]
2023-02-19 14:27:16.810 [info] > git status -z -uall [16ms]
2023-02-19 14:27:16.814 [info] > git remote --verbose [32ms]
2023-02-19 14:27:16.815 [info] > git for-each-ref --sort -committerdate --format %(refname) %(objectname) %(*objectname) [60ms]
2023-02-19 14:27:16.816 [info] > git config --get commit.template [7ms]
2023-02-19 14:27:16.830 [info] > git for-each-ref --format=%(refname)%00%(upstream:short)%00%(objectname)%00%(upstream:track)%00%(upstream:remotename)%00%(upstream:remoteref) refs/heads/master refs/remotes/master [3ms]
2023-02-19 14:27:21.891 [info] > git status -z -uall [10ms]
2023-02-19 14:27:21.892 [info] > git remote --verbose [23ms]
2023-02-19 14:27:21.892 [info] > git for-each-ref --sort -committerdate --format %(refname) %(objectname) %(*objectname) [42ms]
2023-02-19 14:27:21.893 [info] > git config --get commit.template [2ms]
2023-02-19 14:27:21.901 [info] > git for-each-ref --format=%(refname)%00%(upstream:short)%00%(objectname)%00%(upstream:track)%00%(upstream:remotename)%00%(upstream:remoteref) refs/heads/master refs/remotes/master [1ms]
2023-02-19 14:27:30.027 [info] > git status -z -uall [8ms]
2023-02-19 14:27:30.028 [info] > git remote --verbose [21ms]
2023-02-19 14:27:30.028 [info] > git for-each-ref --sort -committerdate --format %(refname) %(objectname) %(*objectname) [45ms]
2023-02-19 14:27:30.029 [info] > git config --get commit.template [2ms]
2023-02-19 14:27:30.038 [info] > git for-each-ref --format=%(refname)%00%(upstream:short)%00%(objectname)%00%(upstream:track)%00%(upstream:remotename)%00%(upstream:remoteref) refs/heads/master refs/remotes/master [2ms]
2023-02-19 14:27:35.067 [info] > git status -z -uall [7ms]
2023-02-19 14:27:35.068 [info] > git remote --verbose [14ms]
2023-02-19 14:27:35.068 [info] > git for-each-ref --sort -committerdate --format %(refname) %(objectname) %(*objectname) [20ms]
2023-02-19 14:27:35.069 [info] > git config --get commit.template [2ms]
2023-02-19 14:27:35.077 [info] > git for-each-ref --format=%(refname)%00%(upstream:short)%00%(objectname)%00%(upstream:track)%00%(upstream:remotename)%00%(upstream:remoteref) refs/heads/master refs/remotes/master [1ms]
2023-02-19 14:27:43.637 [info] > git status -z -uall [10ms]
2023-02-19 14:27:43.638 [info] > git remote --verbose [25ms]
2023-02-19 14:27:43.638 [info] > git for-each-ref --sort -committerdate --format %(refname) %(objectname) %(*objectname) [44ms]
2023-02-19 14:27:43.640 [info] > git config --get commit.template [3ms]
2023-02-19 14:27:43.649 [info] > git for-each-ref --format=%(refname)%00%(upstream:short)%00%(objectname)%00%(upstream:track)%00%(upstream:remotename)%00%(upstream:remoteref) refs/heads/master refs/remotes/master [1ms]
2023-02-19 14:27:48.686 [info] > git status -z -uall [7ms]
2023-02-19 14:27:48.686 [info] > git remote --verbose [13ms]
2023-02-19 14:27:48.686 [info] > git for-each-ref --sort -committerdate --format %(refname) %(objectname) %(*objectname) [18ms]
2023-02-19 14:27:48.687 [info] > git config --get commit.template [2ms]
2023-02-19 14:27:48.695 [info] > git for-each-ref --format=%(refname)%00%(upstream:short)%00%(objectname)%00%(upstream:track)%00%(upstream:remotename)%00%(upstream:remoteref) refs/heads/master refs/remotes/master [2ms]
2023-02-19 14:27:53.800 [info] > git status -z -uall [20ms]
2023-02-19 14:27:53.803 [info] > git remote --verbose [50ms]
2023-02-19 14:27:53.804 [info] > git for-each-ref --sort -committerdate --format %(refname) %(objectname) %(*objectname) [80ms]
2023-02-19 14:27:53.806 [info] > git config --get commit.template [6ms]
2023-02-19 14:27:53.823 [info] > git for-each-ref --format=%(refname)%00%(upstream:short)%00%(objectname)%00%(upstream:track)%00%(upstream:remotename)%00%(upstream:remoteref) refs/heads/master refs/remotes/master [2ms]
2023-02-19 14:27:58.881 [info] > git status -z -uall [8ms]
2023-02-19 14:27:58.882 [info] > git remote --verbose [17ms]
2023-02-19 14:27:58.882 [info] > git for-each-ref --sort -committerdate --format %(refname) %(objectname) %(*objectname) [31ms]
2023-02-19 14:27:58.883 [info] > git config --get commit.template [2ms]
2023-02-19 14:27:58.892 [info] > git for-each-ref --format=%(refname)%00%(upstream:short)%00%(objectname)%00%(upstream:track)%00%(upstream:remotename)%00%(upstream:remoteref) refs/heads/master refs/remotes/master [3ms]
2023-02-19 14:28:07.614 [info] > git status -z -uall [9ms]
2023-02-19 14:28:07.614 [info] > git remote --verbose [16ms]
2023-02-19 14:28:07.615 [info] > git for-each-ref --sort -committerdate --format %(refname) %(objectname) %(*objectname) [24ms]
2023-02-19 14:28:07.616 [info] > git config --get commit.template [3ms]
2023-02-19 14:28:07.628 [info] > git for-each-ref --format=%(refname)%00%(upstream:short)%00%(objectname)%00%(upstream:track)%00%(upstream:remotename)%00%(upstream:remoteref) refs/heads/master refs/remotes/master [2ms]
2023-02-19 14:28:12.661 [info] > git status -z -uall [7ms]
2023-02-19 14:28:12.661 [info] > git remote --verbose [15ms]
2023-02-19 14:28:12.662 [info] > git for-each-ref --sort -committerdate --format %(refname) %(objectname) %(*objectname) [21ms]
2023-02-19 14:28:12.662 [info] > git config --get commit.template [2ms]
2023-02-19 14:28:12.673 [info] > git for-each-ref --format=%(refname)%00%(upstream:short)%00%(objectname)%00%(upstream:track)%00%(upstream:remotename)%00%(upstream:remoteref) refs/heads/master refs/remotes/master [2ms]
2023-02-19 14:28:24.161 [info] > git status -z -uall [11ms]
2023-02-19 14:28:24.161 [info] > git remote --verbose [25ms]
2023-02-19 14:28:24.162 [info] > git for-each-ref --sort -committerdate --format %(refname) %(objectname) %(*objectname) [38ms]
2023-02-19 14:28:24.163 [info] > git config --get commit.template [2ms]
2023-02-19 14:28:24.174 [info] > git for-each-ref --format=%(refname)%00%(upstream:short)%00%(objectname)%00%(upstream:track)%00%(upstream:remotename)%00%(upstream:remoteref) refs/heads/master refs/remotes/master [2ms]
2023-02-19 14:28:36.810 [info] > git status -z -uall [7ms]
2023-02-19 14:28:36.810 [info] > git remote --verbose [15ms]
2023-02-19 14:28:36.811 [info] > git for-each-ref --sort -committerdate --format %(refname) %(objectname) %(*objectname) [23ms]
2023-02-19 14:28:36.811 [info] > git config --get commit.template [2ms]
2023-02-19 14:28:36.822 [info] > git for-each-ref --format=%(refname)%00%(upstream:short)%00%(objectname)%00%(upstream:track)%00%(upstream:remotename)%00%(upstream:remoteref) refs/heads/master refs/remotes/master [3ms]
2023-02-19 14:28:41.853 [info] > git status -z -uall [8ms]
2023-02-19 14:28:41.854 [info] > git remote --verbose [14ms]
2023-02-19 14:28:41.854 [info] > git for-each-ref --sort -committerdate --format %(refname) %(objectname) %(*objectname) [20ms]
2023-02-19 14:28:41.855 [info] > git config --get commit.template [3ms]
2023-02-19 14:28:41.863 [info] > git for-each-ref --format=%(refname)%00%(upstream:short)%00%(objectname)%00%(upstream:track)%00%(upstream:remotename)%00%(upstream:remoteref) refs/heads/master refs/remotes/master [2ms]
2023-02-19 14:29:04.452 [info] > git status -z -uall [11ms]
2023-02-19 14:29:04.453 [info] > git remote --verbose [27ms]
2023-02-19 14:29:04.453 [info] > git for-each-ref --sort -committerdate --format %(refname) %(objectname) %(*objectname) [47ms]
2023-02-19 14:29:04.454 [info] > git config --get commit.template [3ms]
2023-02-19 14:29:04.464 [info] > git for-each-ref --format=%(refname)%00%(upstream:short)%00%(objectname)%00%(upstream:track)%00%(upstream:remotename)%00%(upstream:remoteref) refs/heads/master refs/remotes/master [1ms]
2023-02-19 14:29:14.248 [info] > git status -z -uall [7ms]
2023-02-19 14:29:14.248 [info] > git remote --verbose [16ms]
2023-02-19 14:29:14.248 [info] > git for-each-ref --sort -committerdate --format %(refname) %(objectname) %(*objectname) [25ms]
2023-02-19 14:29:14.249 [info] > git config --get commit.template [2ms]
2023-02-19 14:29:14.260 [info] > git for-each-ref --format=%(refname)%00%(upstream:short)%00%(objectname)%00%(upstream:track)%00%(upstream:remotename)%00%(upstream:remoteref) refs/heads/master refs/remotes/master [2ms]
2023-02-19 14:29:19.286 [info] > git status -z -uall [7ms]
2023-02-19 14:29:19.287 [info] > git remote --verbose [13ms]
2023-02-19 14:29:19.287 [info] > git for-each-ref --sort -committerdate --format %(refname) %(objectname) %(*objectname) [20ms]
2023-02-19 14:29:19.288 [info] > git config --get commit.template [3ms]
2023-02-19 14:29:19.296 [info] > git for-each-ref --format=%(refname)%00%(upstream:short)%00%(objectname)%00%(upstream:track)%00%(upstream:remotename)%00%(upstream:remoteref) refs/heads/master refs/remotes/master [1ms]
2023-02-19 14:29:47.092 [info] > git remote --verbose [13ms]
2023-02-19 14:29:47.092 [info] > git for-each-ref --sort -committerdate --format %(refname) %(objectname) %(*objectname) [25ms]
2023-02-19 14:29:47.102 [info] > git status -z -uall [12ms]
2023-02-19 14:29:47.109 [info] > git config --get commit.template [7ms]
2023-02-19 14:29:47.110 [info] > git for-each-ref --format=%(refname)%00%(upstream:short)%00%(objectname)%00%(upstream:track)%00%(upstream:remotename)%00%(upstream:remoteref) refs/heads/master refs/remotes/master [2ms]
2023-02-19 14:29:52.167 [info] > git status -z -uall [10ms]
2023-02-19 14:29:52.168 [info] > git remote --verbose [20ms]
2023-02-19 14:29:52.168 [info] > git for-each-ref --sort -committerdate --format %(refname) %(objectname) %(*objectname) [34ms]
2023-02-19 14:29:52.169 [info] > git config --get commit.template [4ms]
2023-02-19 14:29:52.179 [info] > git for-each-ref --format=%(refname)%00%(upstream:short)%00%(objectname)%00%(upstream:track)%00%(upstream:remotename)%00%(upstream:remoteref) refs/heads/master refs/remotes/master [1ms]
2023-02-19 14:32:06.917 [info] > git status -z -uall [13ms]
2023-02-19 14:32:06.921 [info] > git remote --verbose [30ms]
2023-02-19 14:32:06.921 [info] > git for-each-ref --sort -committerdate --format %(refname) %(objectname) %(*objectname) [52ms]
2023-02-19 14:32:06.922 [info] > git config --get commit.template [6ms]
2023-02-19 14:32:06.933 [info] > git for-each-ref --format=%(refname)%00%(upstream:short)%00%(objectname)%00%(upstream:track)%00%(upstream:remotename)%00%(upstream:remoteref) refs/heads/master refs/remotes/master [1ms]
2023-02-19 14:32:12.015 [info] > git status -z -uall [15ms]
2023-02-19 14:32:12.017 [info] > git remote --verbose [34ms]
2023-02-19 14:32:12.017 [info] > git for-each-ref --sort -committerdate --format %(refname) %(objectname) %(*objectname) [56ms]
2023-02-19 14:32:12.019 [info] > git config --get commit.template [5ms]
2023-02-19 14:32:12.039 [info] > git for-each-ref --format=%(refname)%00%(upstream:short)%00%(objectname)%00%(upstream:track)%00%(upstream:remotename)%00%(upstream:remoteref) refs/heads/master refs/remotes/master [3ms]
2023-02-19 14:34:13.751 [info] > git status -z -uall [7ms]
2023-02-19 14:34:13.751 [info] > git remote --verbose [13ms]
2023-02-19 14:34:13.752 [info] > git for-each-ref --sort -committerdate --format %(refname) %(objectname) %(*objectname) [20ms]
2023-02-19 14:34:13.752 [info] > git config --get commit.template [2ms]
2023-02-19 14:34:13.760 [info] > git for-each-ref --format=%(refname)%00%(upstream:short)%00%(objectname)%00%(upstream:track)%00%(upstream:remotename)%00%(upstream:remoteref) refs/heads/master refs/remotes/master [2ms]
2023-02-19 14:34:18.830 [info] > git status -z -uall [9ms]
2023-02-19 14:34:18.831 [info] > git remote --verbose [22ms]
2023-02-19 14:34:18.831 [info] > git for-each-ref --sort -committerdate --format %(refname) %(objectname) %(*objectname) [45ms]
2023-02-19 14:34:18.833 [info] > git config --get commit.template [4ms]
2023-02-19 14:34:18.841 [info] > git for-each-ref --format=%(refname)%00%(upstream:short)%00%(objectname)%00%(upstream:track)%00%(upstream:remotename)%00%(upstream:remoteref) refs/heads/master refs/remotes/master [2ms]
2023-02-19 14:34:23.894 [info] > git status -z -uall [7ms]
2023-02-19 14:34:23.895 [info] > git remote --verbose [16ms]
2023-02-19 14:34:23.895 [info] > git for-each-ref --sort -committerdate --format %(refname) %(objectname) %(*objectname) [28ms]
2023-02-19 14:34:23.896 [info] > git config --get commit.template [2ms]
2023-02-19 14:34:23.903 [info] > git for-each-ref --format=%(refname)%00%(upstream:short)%00%(objectname)%00%(upstream:track)%00%(upstream:remotename)%00%(upstream:remoteref) refs/heads/master refs/remotes/master [2ms]
2023-02-19 14:34:28.971 [info] > git status -z -uall [20ms]
2023-02-19 14:34:28.972 [info] > git remote --verbose [37ms]
2023-02-19 14:34:28.973 [info] > git for-each-ref --sort -committerdate --format %(refname) %(objectname) %(*objectname) [52ms]
2023-02-19 14:34:28.984 [info] > git config --get commit.template [14ms]
2023-02-19 14:34:28.996 [info] > git for-each-ref --format=%(refname)%00%(upstream:short)%00%(objectname)%00%(upstream:track)%00%(upstream:remotename)%00%(upstream:remoteref) refs/heads/master refs/remotes/master [1ms]
2023-02-19 14:34:48.963 [info] > git status -z -uall [9ms]
2023-02-19 14:34:48.965 [info] > git remote --verbose [20ms]
2023-02-19 14:34:48.965 [info] > git for-each-ref --sort -committerdate --format %(refname) %(objectname) %(*objectname) [33ms]
2023-02-19 14:34:48.967 [info] > git config --get commit.template [4ms]
2023-02-19 14:34:48.977 [info] > git for-each-ref --format=%(refname)%00%(upstream:short)%00%(objectname)%00%(upstream:track)%00%(upstream:remotename)%00%(upstream:remoteref) refs/heads/master refs/remotes/master [3ms]
2023-02-19 14:35:06.598 [info] > git status -z -uall [11ms]
2023-02-19 14:35:06.599 [info] > git remote --verbose [22ms]
2023-02-19 14:35:06.599 [info] > git for-each-ref --sort -committerdate --format %(refname) %(objectname) %(*objectname) [35ms]
2023-02-19 14:35:06.601 [info] > git config --get commit.template [3ms]
2023-02-19 14:35:06.609 [info] > git for-each-ref --format=%(refname)%00%(upstream:short)%00%(objectname)%00%(upstream:track)%00%(upstream:remotename)%00%(upstream:remoteref) refs/heads/master refs/remotes/master [2ms]
2023-02-19 14:35:16.685 [info] > git status -z -uall [6ms]
2023-02-19 14:35:16.685 [info] > git remote --verbose [13ms]
2023-02-19 14:35:16.685 [info] > git for-each-ref --sort -committerdate --format %(refname) %(objectname) %(*objectname) [18ms]
2023-02-19 14:35:16.686 [info] > git config --get commit.template [2ms]
2023-02-19 14:35:16.698 [info] > git for-each-ref --format=%(refname)%00%(upstream:short)%00%(objectname)%00%(upstream:track)%00%(upstream:remotename)%00%(upstream:remoteref) refs/heads/master refs/remotes/master [3ms]
2023-02-19 14:35:23.718 [info] > git status -z -uall [12ms]
2023-02-19 14:35:23.718 [info] > git remote --verbose [34ms]
2023-02-19 14:35:23.719 [info] > git for-each-ref --sort -committerdate --format %(refname) %(objectname) %(*objectname) [52ms]
2023-02-19 14:35:23.721 [info] > git config --get commit.template [4ms]
2023-02-19 14:35:23.733 [info] > git for-each-ref --format=%(refname)%00%(upstream:short)%00%(objectname)%00%(upstream:track)%00%(upstream:remotename)%00%(upstream:remoteref) refs/heads/master refs/remotes/master [2ms]
2023-02-19 14:35:28.804 [info] > git status -z -uall [13ms]
2023-02-19 14:35:28.804 [info] > git remote --verbose [26ms]
2023-02-19 14:35:28.805 [info] > git for-each-ref --sort -committerdate --format %(refname) %(objectname) %(*objectname) [46ms]
2023-02-19 14:35:28.805 [info] > git config --get commit.template [6ms]
2023-02-19 14:35:28.814 [info] > git for-each-ref --format=%(refname)%00%(upstream:short)%00%(objectname)%00%(upstream:track)%00%(upstream:remotename)%00%(upstream:remoteref) refs/heads/master refs/remotes/master [1ms]
2023-02-19 14:35:41.219 [info] > git status -z -uall [14ms]
2023-02-19 14:35:41.221 [info] > git remote --verbose [28ms]
2023-02-19 14:35:41.221 [info] > git for-each-ref --sort -committerdate --format %(refname) %(objectname) %(*objectname) [43ms]
2023-02-19 14:35:41.223 [info] > git config --get commit.template [4ms]
2023-02-19 14:35:41.234 [info] > git for-each-ref --format=%(refname)%00%(upstream:short)%00%(objectname)%00%(upstream:track)%00%(upstream:remotename)%00%(upstream:remoteref) refs/heads/master refs/remotes/master [1ms]
2023-02-19 14:36:00.819 [info] > git status -z -uall [10ms]
2023-02-19 14:36:00.819 [info] > git remote --verbose [21ms]
2023-02-19 14:36:00.820 [info] > git for-each-ref --sort -committerdate --format %(refname) %(objectname) %(*objectname) [40ms]
2023-02-19 14:36:00.820 [info] > git config --get commit.template [2ms]
2023-02-19 14:36:00.828 [info] > git for-each-ref --format=%(refname)%00%(upstream:short)%00%(objectname)%00%(upstream:track)%00%(upstream:remotename)%00%(upstream:remoteref) refs/heads/master refs/remotes/master [1ms]
2023-02-19 14:36:08.929 [info] > git status -z -uall [9ms]
2023-02-19 14:36:08.931 [info] > git remote --verbose [23ms]
2023-02-19 14:36:08.931 [info] > git for-each-ref --sort -committerdate --format %(refname) %(objectname) %(*objectname) [46ms]
2023-02-19 14:36:08.932 [info] > git config --get commit.template [3ms]
2023-02-19 14:36:08.940 [info] > git for-each-ref --format=%(refname)%00%(upstream:short)%00%(objectname)%00%(upstream:track)%00%(upstream:remotename)%00%(upstream:remoteref) refs/heads/master refs/remotes/master [2ms]
2023-02-19 14:36:16.772 [info] > git status -z -uall [11ms]
2023-02-19 14:36:16.773 [info] > git remote --verbose [20ms]
2023-02-19 14:36:16.773 [info] > git for-each-ref --sort -committerdate --format %(refname) %(objectname) %(*objectname) [30ms]
2023-02-19 14:36:16.774 [info] > git config --get commit.template [2ms]
2023-02-19 14:36:16.785 [info] > git for-each-ref --format=%(refname)%00%(upstream:short)%00%(objectname)%00%(upstream:track)%00%(upstream:remotename)%00%(upstream:remoteref) refs/heads/master refs/remotes/master [2ms]
2023-02-19 14:37:08.768 [info] > git status -z -uall [13ms]
2023-02-19 14:37:08.769 [info] > git remote --verbose [27ms]
2023-02-19 14:37:08.770 [info] > git for-each-ref --sort -committerdate --format %(refname) %(objectname) %(*objectname) [40ms]
2023-02-19 14:37:08.781 [info] > git config --get commit.template [13ms]
2023-02-19 14:37:08.781 [info] > git ls-files --stage -- /home/yunis/phase-0-intro-to-js-2-objects-lab/index.js [2ms]
2023-02-19 14:37:08.795 [info] > git cat-file -s a61d9eb4352275713eb3f25e17ea01acd0062eba [7ms]
2023-02-19 14:37:08.796 [info] > git for-each-ref --format=%(refname)%00%(upstream:short)%00%(objectname)%00%(upstream:track)%00%(upstream:remotename)%00%(upstream:remoteref) refs/heads/master refs/remotes/master [3ms]
2023-02-19 14:37:08.826 [info] > git show --textconv :index.js [2ms]
2023-02-19 14:37:13.859 [info] > git status -z -uall [8ms]
2023-02-19 14:37:13.859 [info] > git remote --verbose [18ms]
2023-02-19 14:37:13.860 [info] > git for-each-ref --sort -committerdate --format %(refname) %(objectname) %(*objectname) [35ms]
2023-02-19 14:37:13.860 [info] > git config --get commit.template [2ms]
2023-02-19 14:37:13.869 [info] > git for-each-ref --format=%(refname)%00%(upstream:short)%00%(objectname)%00%(upstream:track)%00%(upstream:remotename)%00%(upstream:remoteref) refs/heads/master refs/remotes/master [2ms]
