2022-11-17 23:02:32.650 [info] Validating found git in: git
2022-11-17 23:02:32.650 [info] Using git 2.38.1 from git
2022-11-17 23:02:47.811 [info] > git rev-parse --show-toplevel [50ms]
2022-11-17 23:02:47.823 [info] > git rev-parse --git-dir --git-common-dir [3ms]
2022-11-17 23:02:47.839 [info] Log level: Info
2022-11-17 23:02:47.839 [info] Open repository: /home/yunis/phase-0-html-tables-lab
2022-11-17 23:02:47.950 [info] > git status -z -uall [68ms]
2022-11-17 23:02:47.951 [info] > git remote --verbose [84ms]
2022-11-17 23:02:47.952 [info] > git for-each-ref --sort -committerdate --format %(refname) %(objectname) %(*objectname) [97ms]
2022-11-17 23:02:47.957 [info] > git config --get commit.template [6ms]
2022-11-17 23:02:47.989 [info] > git for-each-ref --format=%(refname)%00%(upstream:short)%00%(objectname)%00%(upstream:track)%00%(upstream:remotename)%00%(upstream:remoteref) refs/heads/master refs/remotes/master [18ms]
2022-11-17 23:02:48.028 [info] > git remote --verbose [13ms]
2022-11-17 23:02:48.029 [info] > git for-each-ref --sort -committerdate --format %(refname) %(objectname) %(*objectname) [21ms]
2022-11-17 23:02:48.050 [info] > git status -z -uall [28ms]
2022-11-17 23:02:48.053 [info] > git config --get commit.template [2ms]
2022-11-17 23:02:48.075 [info] > git for-each-ref --format=%(refname)%00%(upstream:short)%00%(objectname)%00%(upstream:track)%00%(upstream:remotename)%00%(upstream:remoteref) refs/heads/master refs/remotes/master [8ms]
2022-11-17 23:02:48.433 [info] > git show --textconv :index.html [6ms]
2022-11-17 23:02:48.435 [info] > git ls-files --stage -- /home/yunis/phase-0-html-tables-lab/index.html [2ms]
2022-11-17 23:02:48.443 [info] > git cat-file -s 9027f1a70efa1cc6169a97eac66cad26550b7a82 [3ms]
2022-11-17 23:02:48.762 [info] > git check-ignore -v -z --stdin [4ms]
2022-11-17 23:03:11.220 [info] > git status -z -uall [11ms]
2022-11-17 23:03:11.221 [info] > git remote --verbose [26ms]
2022-11-17 23:03:11.221 [info] > git for-each-ref --sort -committerdate --format %(refname) %(objectname) %(*objectname) [43ms]
2022-11-17 23:03:11.222 [info] > git config --get commit.template [3ms]
2022-11-17 23:03:11.230 [info] > git for-each-ref --format=%(refname)%00%(upstream:short)%00%(objectname)%00%(upstream:track)%00%(upstream:remotename)%00%(upstream:remoteref) refs/heads/master refs/remotes/master [2ms]
2022-11-17 23:03:16.299 [info] > git status -z -uall [7ms]
2022-11-17 23:03:16.300 [info] > git remote --verbose [27ms]
2022-11-17 23:03:16.300 [info] > git for-each-ref --sort -committerdate --format %(refname) %(objectname) %(*objectname) [46ms]
2022-11-17 23:03:16.301 [info] > git config --get commit.template [3ms]
2022-11-17 23:03:16.308 [info] > git for-each-ref --format=%(refname)%00%(upstream:short)%00%(objectname)%00%(upstream:track)%00%(upstream:remotename)%00%(upstream:remoteref) refs/heads/master refs/remotes/master [2ms]
2022-11-17 23:03:21.426 [info] > git status -z -uall [35ms]
2022-11-17 23:03:21.431 [info] > git remote --verbose [65ms]
2022-11-17 23:03:21.434 [info] > git for-each-ref --sort -committerdate --format %(refname) %(objectname) %(*objectname) [95ms]
2022-11-17 23:03:21.440 [info] > git config --get commit.template [17ms]
2022-11-17 23:03:21.464 [info] > git for-each-ref --format=%(refname)%00%(upstream:short)%00%(objectname)%00%(upstream:track)%00%(upstream:remotename)%00%(upstream:remoteref) refs/heads/master refs/remotes/master [4ms]
2022-11-17 23:03:27.145 [info] > git status -z -uall [10ms]
2022-11-17 23:03:27.146 [info] > git remote --verbose [16ms]
2022-11-17 23:03:27.146 [info] > git for-each-ref --sort -committerdate --format %(refname) %(objectname) %(*objectname) [28ms]
2022-11-17 23:03:27.148 [info] > git config --get commit.template [3ms]
2022-11-17 23:03:27.155 [info] > git for-each-ref --format=%(refname)%00%(upstream:short)%00%(objectname)%00%(upstream:track)%00%(upstream:remotename)%00%(upstream:remoteref) refs/heads/master refs/remotes/master [3ms]
2022-11-17 23:30:25.884 [info] > git status -z -uall [12ms]
2022-11-17 23:30:25.886 [info] > git remote --verbose [20ms]
2022-11-17 23:30:25.887 [info] > git for-each-ref --sort -committerdate --format %(refname) %(objectname) %(*objectname) [26ms]
2022-11-17 23:30:25.890 [info] > git config --get commit.template [7ms]
2022-11-17 23:30:25.897 [info] > git for-each-ref --format=%(refname)%00%(upstream:short)%00%(objectname)%00%(upstream:track)%00%(upstream:remotename)%00%(upstream:remoteref) refs/heads/master refs/remotes/master [2ms]
2022-11-17 23:30:30.955 [info] > git status -z -uall [8ms]
2022-11-17 23:30:30.956 [info] > git remote --verbose [16ms]
2022-11-17 23:30:30.957 [info] > git for-each-ref --sort -committerdate --format %(refname) %(objectname) %(*objectname) [38ms]
2022-11-17 23:30:30.958 [info] > git config --get commit.template [3ms]
2022-11-17 23:30:30.965 [info] > git for-each-ref --format=%(refname)%00%(upstream:short)%00%(objectname)%00%(upstream:track)%00%(upstream:remotename)%00%(upstream:remoteref) refs/heads/master refs/remotes/master [1ms]
