2022-11-17 10:02:08.045 [info] Using settings sync service https://vscode-sync.trafficmanager.net/
2022-11-17 10:02:08.045 [info] Auto Sync is enabled.
2022-11-17 10:02:08.045 [info] Auto Sync: Suspended until auth token is available.
2022-11-17 10:02:09.379 [info] Auto Sync: Triggered by Interval
2022-11-17 10:02:09.379 [info] Sync started.
2022-11-17 10:02:10.784 [info] Settings: No changes found during synchronizing settings.
2022-11-17 10:02:10.795 [info] Keybindings: No changes found during synchronizing keybindings.
2022-11-17 10:02:10.802 [info] Snippets: No changes found during synchronizing snippets.
2022-11-17 10:02:10.808 [info] Tasks: No changes found during synchronizing tasks.
2022-11-17 10:02:11.555 [info] GlobalState: Updated remote ui state. Updated: nps/lastSessionDate,nps/sessionCount,cpp.1.lastSessionDate,cpp.1.sessionCount,java.2.lastSessionDate,java.2.sessionCount,javascript.1.lastSessionDate,javascript.1.sessionCount,typescript.1.lastSessionDate,typescript.1.sessionCount.
2022-11-17 10:02:11.572 [info] GlobalState: Updated last synchronized ui state
2022-11-17 10:02:11.696 [info] Extensions: No changes found during synchronizing extensions.
2022-11-17 10:02:11.698 [info] Sync done. Took 2320ms
2022-11-17 10:07:11.706 [info] Auto Sync: Triggered by Interval
2022-11-17 10:07:11.707 [info] Sync started.
2022-11-17 10:07:13.373 [info] Settings: No changes found during synchronizing settings.
2022-11-17 10:07:13.391 [info] Keybindings: No changes found during synchronizing keybindings.
2022-11-17 10:07:13.400 [info] Snippets: No changes found during synchronizing snippets.
2022-11-17 10:07:13.412 [info] Tasks: No changes found during synchronizing tasks.
2022-11-17 10:07:13.419 [info] GlobalState: No changes found during synchronizing ui state.
2022-11-17 10:07:13.523 [info] Extensions: No changes found during synchronizing extensions.
2022-11-17 10:07:13.525 [info] Sync done. Took 1819ms
2022-11-17 10:08:21.528 [info] Auto Sync: Triggered by Activity
2022-11-17 10:08:21.530 [info] Sync started.
2022-11-17 10:08:22.157 [info] Settings: No changes found during synchronizing settings.
2022-11-17 10:08:22.163 [info] Keybindings: No changes found during synchronizing keybindings.
2022-11-17 10:08:22.169 [info] Snippets: No changes found during synchronizing snippets.
2022-11-17 10:08:22.174 [info] Tasks: No changes found during synchronizing tasks.
2022-11-17 10:08:22.184 [info] GlobalState: No changes found during synchronizing ui state.
2022-11-17 10:08:22.277 [info] Extensions: No changes found during synchronizing extensions.
2022-11-17 10:08:22.282 [info] Sync done. Took 763ms
2022-11-17 10:12:20.232 [info] Auto Sync: Triggered by Activity
2022-11-17 10:12:20.233 [info] Sync started.
2022-11-17 10:12:23.409 [info] Settings: No changes found during synchronizing settings.
2022-11-17 10:12:23.428 [info] Keybindings: No changes found during synchronizing keybindings.
2022-11-17 10:12:23.450 [info] Snippets: No changes found during synchronizing snippets.
2022-11-17 10:12:23.466 [info] Tasks: No changes found during synchronizing tasks.
2022-11-17 10:12:24.355 [info] GlobalState: Updated remote ui state. Updated: workbench.statusbar.hidden.
2022-11-17 10:12:24.380 [info] GlobalState: Updated last synchronized ui state
2022-11-17 10:12:24.480 [info] Extensions: No changes found during synchronizing extensions.
2022-11-17 10:12:24.482 [info] Sync done. Took 4251ms
2022-11-17 10:17:24.490 [info] Auto Sync: Triggered by Interval
2022-11-17 10:17:24.490 [info] Sync started.
2022-11-17 10:17:26.577 [info] Settings: No changes found during synchronizing settings.
2022-11-17 10:17:26.583 [info] Keybindings: No changes found during synchronizing keybindings.
2022-11-17 10:17:26.588 [info] Snippets: No changes found during synchronizing snippets.
2022-11-17 10:17:26.592 [info] Tasks: No changes found during synchronizing tasks.
2022-11-17 10:17:26.599 [info] GlobalState: No changes found during synchronizing ui state.
2022-11-17 10:17:26.702 [info] Extensions: No changes found during synchronizing extensions.
2022-11-17 10:17:26.705 [info] Sync done. Took 2216ms
2022-11-17 10:22:26.708 [info] Auto Sync: Triggered by Interval
2022-11-17 10:22:26.709 [info] Sync started.
2022-11-17 10:22:28.626 [info] Settings: No changes found during synchronizing settings.
2022-11-17 10:22:28.632 [info] Keybindings: No changes found during synchronizing keybindings.
2022-11-17 10:22:28.638 [info] Snippets: No changes found during synchronizing snippets.
2022-11-17 10:22:28.643 [info] Tasks: No changes found during synchronizing tasks.
2022-11-17 10:22:28.650 [info] GlobalState: No changes found during synchronizing ui state.
2022-11-17 10:22:28.746 [info] Extensions: No changes found during synchronizing extensions.
2022-11-17 10:22:28.748 [info] Sync done. Took 2043ms
2022-11-17 10:27:28.751 [info] Auto Sync: Triggered by Interval
2022-11-17 10:27:28.752 [info] Sync started.
2022-11-17 10:27:29.954 [info] Settings: No changes found during synchronizing settings.
2022-11-17 10:27:29.970 [info] Keybindings: No changes found during synchronizing keybindings.
2022-11-17 10:27:29.979 [info] Snippets: No changes found during synchronizing snippets.
2022-11-17 10:27:29.985 [info] Tasks: No changes found during synchronizing tasks.
2022-11-17 10:27:29.993 [info] GlobalState: No changes found during synchronizing ui state.
2022-11-17 10:27:30.096 [info] Extensions: No changes found during synchronizing extensions.
2022-11-17 10:27:30.098 [info] Sync done. Took 1349ms
