2022-11-17 15:07:47.493 [info] Added views:workbench.panel.markers.view in workbench.panel.markers
2022-11-17 15:07:47.493 [info] Added views:workbench.panel.output in workbench.panel.output
2022-11-17 15:07:47.493 [info] Added views:outline in workbench.view.explorer
2022-11-17 15:07:47.493 [info] Added views:terminal in workbench.view.explorer
2022-11-17 15:07:47.493 [info] Added views:workbench.scm in workbench.view.scm
2022-11-17 15:07:47.493 [info] Added views:workbench.view.search in workbench.view.search
2022-11-17 15:07:47.493 [info] Added views:timeline in workbench.view.explorer
2022-11-17 15:07:47.493 [info] Added views:workbench.explorer.emptyView in workbench.view.explorer
2022-11-17 15:07:48.001 [info] Added views:workbench.debug.welcome in workbench.view.debug
2022-11-17 15:07:50.667 [info] Added views:workbench.panel.repl.view in workbench.panel.repl
2022-11-17 15:24:31.755 [info] Added views:workbench.views.extensions.installed,workbench.views.extensions.popular,extensions.recommendedList in workbench.view.extensions
2022-11-17 15:24:31.759 [info] Removed views:workbench.views.extensions.popular from workbench.view.extensions
2022-11-17 15:24:32.107 [info] Added views:workbench.views.extensions.popular in workbench.view.extensions
2022-11-17 15:24:40.304 [info] Removed views:extensions.recommendedList,workbench.views.extensions.popular,workbench.views.extensions.installed from workbench.view.extensions
2022-11-17 15:24:40.393 [info] Added views:workbench.views.extensions.marketplace in workbench.view.extensions
2022-11-17 15:25:40.354 [info] Removed views:workbench.views.extensions.marketplace from workbench.view.extensions
2022-11-17 15:25:40.378 [info] Added views:workbench.views.extensions.installed,workbench.views.extensions.popular,extensions.recommendedList in workbench.view.extensions
2022-11-17 15:25:44.816 [info] Removed views:extensions.recommendedList,workbench.views.extensions.popular,workbench.views.extensions.installed from workbench.view.extensions
2022-11-17 15:25:44.906 [info] Added views:workbench.views.extensions.marketplace in workbench.view.extensions
2022-11-17 15:33:55.228 [info] Added views:workbench.panel.markers.view in workbench.panel.markers
2022-11-17 15:33:55.228 [info] Added views:workbench.panel.output in workbench.panel.output
2022-11-17 15:33:55.228 [info] Added views:outline in workbench.view.explorer
2022-11-17 15:33:55.228 [info] Added views:terminal in workbench.view.explorer
2022-11-17 15:33:55.228 [info] Added views:workbench.scm in workbench.view.scm
2022-11-17 15:33:55.228 [info] Added views:workbench.view.search in workbench.view.search
2022-11-17 15:33:55.228 [info] Added views:timeline in workbench.view.explorer
2022-11-17 15:33:55.228 [info] Added views:workbench.explorer.fileView in workbench.view.explorer
2022-11-17 15:33:55.228 [info] Added views:workbench.debug.variablesView,workbench.debug.watchExpressionsView,workbench.debug.callStackView,workbench.debug.breakPointsView in workbench.view.debug
2022-11-17 15:33:56.955 [info] Added views:workbench.panel.repl.view in workbench.panel.repl
2022-11-17 15:33:56.958 [info] Removed views:workbench.debug.breakPointsView,workbench.debug.callStackView,workbench.debug.watchExpressionsView,workbench.debug.variablesView from workbench.view.debug
2022-11-17 15:33:56.960 [info] Added views:workbench.debug.welcome in workbench.view.debug
2022-11-17 15:34:53.078 [info] Added views:workbench.views.extensions.installed,workbench.views.extensions.popular,extensions.recommendedList in workbench.view.extensions
2022-11-17 15:34:53.085 [info] Removed views:workbench.views.extensions.popular from workbench.view.extensions
