2023-02-19 12:46:42.320 [info] Using settings sync service https://vscode-sync.trafficmanager.net/
2023-02-19 12:46:42.322 [info] Auto Sync is enabled.
2023-02-19 12:46:42.322 [info] Auto Sync: Suspended until auth token is available.
2023-02-19 12:46:43.972 [info] Auto Sync: Triggered by Interval
2023-02-19 12:46:43.972 [info] Sync started.
2023-02-19 12:46:45.664 [info] Settings: No changes found during synchronizing settings.
2023-02-19 12:46:45.681 [info] Keybindings: No changes found during synchronizing keybindings.
2023-02-19 12:46:45.690 [info] Snippets: No changes found during synchronizing snippets.
2023-02-19 12:46:45.695 [info] Tasks: No changes found during synchronizing tasks.
2023-02-19 12:46:46.303 [info] GlobalState: Updated remote ui state. Updated: cpp.1.lastSessionDate,cpp.1.sessionCount,java.2.lastSessionDate,java.2.sessionCount,typescript.1.lastSessionDate,typescript.1.sessionCount.
2023-02-19 12:46:46.315 [info] GlobalState: Updated last synchronized ui state
2023-02-19 12:46:46.417 [info] Extensions: No changes found during synchronizing extensions.
2023-02-19 12:46:46.419 [info] Sync done. Took 2448ms
2023-02-19 12:48:02.084 [info] Auto Sync: Triggered by Activity
2023-02-19 12:48:02.087 [info] Sync started.
2023-02-19 12:48:02.654 [info] Settings: No changes found during synchronizing settings.
2023-02-19 12:48:02.677 [info] Keybindings: No changes found during synchronizing keybindings.
2023-02-19 12:48:02.689 [info] Snippets: No changes found during synchronizing snippets.
2023-02-19 12:48:02.706 [info] Tasks: No changes found during synchronizing tasks.
2023-02-19 12:48:02.717 [info] GlobalState: No changes found during synchronizing ui state.
2023-02-19 12:48:02.948 [info] Extensions: No changes found during synchronizing extensions.
2023-02-19 12:48:02.953 [info] Sync done. Took 870ms
2023-02-19 13:52:29.420 [info] Auto Sync: Triggered by Activity
2023-02-19 13:52:29.422 [info] Sync started.
2023-02-19 13:52:30.247 [info] Settings: No changes found during synchronizing settings.
2023-02-19 13:52:30.297 [info] Keybindings: No changes found during synchronizing keybindings.
2023-02-19 13:52:30.363 [info] Snippets: No changes found during synchronizing snippets.
2023-02-19 13:52:30.371 [info] Tasks: No changes found during synchronizing tasks.
2023-02-19 13:52:30.378 [info] GlobalState: No changes found during synchronizing ui state.
2023-02-19 13:52:30.467 [info] Extensions: No changes found during synchronizing extensions.
2023-02-19 13:52:30.470 [info] Sync done. Took 1079ms
2023-02-19 13:52:41.662 [info] Auto Sync: Triggered by Activity
2023-02-19 13:52:41.666 [info] Sync started.
2023-02-19 13:52:42.132 [info] Settings: No changes found during synchronizing settings.
2023-02-19 13:52:42.151 [info] Keybindings: No changes found during synchronizing keybindings.
2023-02-19 13:52:42.167 [info] Snippets: No changes found during synchronizing snippets.
2023-02-19 13:52:42.178 [info] Tasks: No changes found during synchronizing tasks.
2023-02-19 13:52:42.187 [info] GlobalState: No changes found during synchronizing ui state.
2023-02-19 13:52:42.272 [info] Extensions: No changes found during synchronizing extensions.
2023-02-19 13:52:42.278 [info] Sync done. Took 616ms
2023-02-19 13:53:01.713 [info] Auto Sync: Triggered by Activity
2023-02-19 13:53:01.713 [info] Sync started.
2023-02-19 13:53:02.055 [info] Settings: No changes found during synchronizing settings.
2023-02-19 13:53:02.070 [info] Keybindings: No changes found during synchronizing keybindings.
2023-02-19 13:53:02.078 [info] Snippets: No changes found during synchronizing snippets.
2023-02-19 13:53:02.083 [info] Tasks: No changes found during synchronizing tasks.
2023-02-19 13:53:02.090 [info] GlobalState: No changes found during synchronizing ui state.
2023-02-19 13:53:02.189 [info] Extensions: No changes found during synchronizing extensions.
2023-02-19 13:53:02.190 [info] Sync done. Took 481ms
2023-02-19 13:53:46.497 [info] Auto Sync: Triggered by Activity
2023-02-19 13:53:46.498 [info] Sync started.
2023-02-19 13:53:46.791 [info] Settings: No changes found during synchronizing settings.
2023-02-19 13:53:46.796 [info] Keybindings: No changes found during synchronizing keybindings.
2023-02-19 13:53:46.802 [info] Snippets: No changes found during synchronizing snippets.
2023-02-19 13:53:46.806 [info] Tasks: No changes found during synchronizing tasks.
2023-02-19 13:53:46.812 [info] GlobalState: No changes found during synchronizing ui state.
2023-02-19 13:53:46.907 [info] Extensions: No changes found during synchronizing extensions.
2023-02-19 13:53:46.908 [info] Sync done. Took 415ms
2023-02-19 13:53:58.711 [info] Auto Sync: Triggered by Activity
2023-02-19 13:53:58.712 [info] Sync started.
2023-02-19 13:53:59.104 [info] Settings: No changes found during synchronizing settings.
2023-02-19 13:53:59.114 [info] Keybindings: No changes found during synchronizing keybindings.
2023-02-19 13:53:59.127 [info] Snippets: No changes found during synchronizing snippets.
2023-02-19 13:53:59.134 [info] Tasks: No changes found during synchronizing tasks.
2023-02-19 13:53:59.140 [info] GlobalState: No changes found during synchronizing ui state.
2023-02-19 13:53:59.230 [info] Extensions: No changes found during synchronizing extensions.
2023-02-19 13:53:59.232 [info] Sync done. Took 523ms
2023-02-19 13:55:10.091 [info] Auto Sync: Triggered by Activity
2023-02-19 13:55:10.092 [info] Sync started.
2023-02-19 13:55:10.478 [info] Settings: No changes found during synchronizing settings.
2023-02-19 13:55:10.493 [info] Keybindings: No changes found during synchronizing keybindings.
2023-02-19 13:55:10.509 [info] Snippets: No changes found during synchronizing snippets.
2023-02-19 13:55:10.520 [info] Tasks: No changes found during synchronizing tasks.
2023-02-19 13:55:10.531 [info] GlobalState: No changes found during synchronizing ui state.
2023-02-19 13:55:10.648 [info] Extensions: No changes found during synchronizing extensions.
2023-02-19 13:55:10.649 [info] Sync done. Took 562ms
2023-02-19 13:56:51.408 [info] Auto Sync: Triggered by Activity
2023-02-19 13:56:51.410 [info] Sync started.
2023-02-19 13:56:51.780 [info] Settings: No changes found during synchronizing settings.
2023-02-19 13:56:51.792 [info] Keybindings: No changes found during synchronizing keybindings.
2023-02-19 13:56:51.800 [info] Snippets: No changes found during synchronizing snippets.
2023-02-19 13:56:51.805 [info] Tasks: No changes found during synchronizing tasks.
2023-02-19 13:56:51.811 [info] GlobalState: No changes found during synchronizing ui state.
2023-02-19 13:56:51.895 [info] Extensions: No changes found during synchronizing extensions.
2023-02-19 13:56:51.897 [info] Sync done. Took 492ms
2023-02-19 13:58:01.097 [info] Auto Sync: Triggered by Activity
2023-02-19 13:58:01.099 [info] Sync started.
2023-02-19 13:58:01.587 [info] Settings: No changes found during synchronizing settings.
2023-02-19 13:58:01.606 [info] Keybindings: No changes found during synchronizing keybindings.
2023-02-19 13:58:01.620 [info] Snippets: No changes found during synchronizing snippets.
2023-02-19 13:58:01.627 [info] Tasks: No changes found during synchronizing tasks.
2023-02-19 13:58:01.633 [info] GlobalState: No changes found during synchronizing ui state.
2023-02-19 13:58:01.737 [info] Extensions: No changes found during synchronizing extensions.
2023-02-19 13:58:01.740 [info] Sync done. Took 642ms
2023-02-19 14:02:03.526 [info] Auto Sync: Triggered by Activity
2023-02-19 14:02:03.527 [info] Sync started.
2023-02-19 14:02:04.477 [info] Settings: No changes found during synchronizing settings.
2023-02-19 14:02:04.496 [info] Keybindings: No changes found during synchronizing keybindings.
2023-02-19 14:02:04.512 [info] Snippets: No changes found during synchronizing snippets.
2023-02-19 14:02:04.524 [info] Tasks: No changes found during synchronizing tasks.
2023-02-19 14:02:04.541 [info] GlobalState: No changes found during synchronizing ui state.
2023-02-19 14:02:04.645 [info] Extensions: No changes found during synchronizing extensions.
2023-02-19 14:02:04.647 [info] Sync done. Took 1125ms
2023-02-19 14:03:11.918 [info] Auto Sync: Triggered by Activity
2023-02-19 14:03:11.918 [info] Sync started.
2023-02-19 14:03:12.469 [info] Settings: No changes found during synchronizing settings.
2023-02-19 14:03:12.487 [info] Keybindings: No changes found during synchronizing keybindings.
2023-02-19 14:03:12.501 [info] Snippets: No changes found during synchronizing snippets.
2023-02-19 14:03:12.506 [info] Tasks: No changes found during synchronizing tasks.
2023-02-19 14:03:12.513 [info] GlobalState: No changes found during synchronizing ui state.
2023-02-19 14:03:12.593 [info] Extensions: No changes found during synchronizing extensions.
2023-02-19 14:03:12.595 [info] Sync done. Took 680ms
2023-02-19 14:04:58.165 [info] Auto Sync: Triggered by Activity
2023-02-19 14:04:58.166 [info] Sync started.
2023-02-19 14:04:58.522 [info] Settings: No changes found during synchronizing settings.
2023-02-19 14:04:58.543 [info] Keybindings: No changes found during synchronizing keybindings.
2023-02-19 14:04:58.562 [info] Snippets: No changes found during synchronizing snippets.
2023-02-19 14:04:58.583 [info] Tasks: No changes found during synchronizing tasks.
2023-02-19 14:04:58.602 [info] GlobalState: No changes found during synchronizing ui state.
2023-02-19 14:04:58.721 [info] Extensions: No changes found during synchronizing extensions.
2023-02-19 14:04:58.723 [info] Sync done. Took 562ms
2023-02-19 14:08:36.452 [info] Auto Sync: Triggered by Activity
2023-02-19 14:08:36.454 [info] Sync started.
2023-02-19 14:08:37.706 [info] Settings: No changes found during synchronizing settings.
2023-02-19 14:08:37.715 [info] Keybindings: No changes found during synchronizing keybindings.
2023-02-19 14:08:37.722 [info] Snippets: No changes found during synchronizing snippets.
2023-02-19 14:08:37.728 [info] Tasks: No changes found during synchronizing tasks.
2023-02-19 14:08:37.734 [info] GlobalState: No changes found during synchronizing ui state.
2023-02-19 14:08:37.830 [info] Extensions: No changes found during synchronizing extensions.
2023-02-19 14:08:37.832 [info] Sync done. Took 1383ms
2023-02-19 14:09:36.644 [info] Auto Sync: Triggered by Activity
2023-02-19 14:09:36.645 [info] Sync started.
2023-02-19 14:09:37.297 [info] Settings: No changes found during synchronizing settings.
2023-02-19 14:09:37.314 [info] Keybindings: No changes found during synchronizing keybindings.
2023-02-19 14:09:37.332 [info] Snippets: No changes found during synchronizing snippets.
2023-02-19 14:09:37.341 [info] Tasks: No changes found during synchronizing tasks.
2023-02-19 14:09:37.350 [info] GlobalState: No changes found during synchronizing ui state.
2023-02-19 14:09:37.448 [info] Extensions: No changes found during synchronizing extensions.
2023-02-19 14:09:37.450 [info] Sync done. Took 810ms
2023-02-19 14:11:49.183 [info] Auto Sync: Triggered by Activity
2023-02-19 14:11:49.184 [info] Sync started.
2023-02-19 14:11:50.684 [info] Settings: No changes found during synchronizing settings.
2023-02-19 14:11:50.703 [info] Keybindings: No changes found during synchronizing keybindings.
2023-02-19 14:11:50.720 [info] Snippets: No changes found during synchronizing snippets.
2023-02-19 14:11:50.732 [info] Tasks: No changes found during synchronizing tasks.
2023-02-19 14:11:50.742 [info] GlobalState: No changes found during synchronizing ui state.
2023-02-19 14:11:50.845 [info] Extensions: No changes found during synchronizing extensions.
2023-02-19 14:11:50.846 [info] Sync done. Took 1667ms
2023-02-19 14:14:16.136 [info] Auto Sync: Triggered by Activity
2023-02-19 14:14:16.138 [info] Sync started.
2023-02-19 14:14:17.562 [info] Settings: No changes found during synchronizing settings.
2023-02-19 14:14:17.582 [info] Keybindings: No changes found during synchronizing keybindings.
2023-02-19 14:14:17.590 [info] Snippets: No changes found during synchronizing snippets.
2023-02-19 14:14:17.596 [info] Tasks: No changes found during synchronizing tasks.
2023-02-19 14:14:17.603 [info] GlobalState: No changes found during synchronizing ui state.
2023-02-19 14:14:17.713 [info] Extensions: No changes found during synchronizing extensions.
2023-02-19 14:14:17.715 [info] Sync done. Took 1583ms
2023-02-19 14:15:45.905 [info] Auto Sync: Triggered by Activity
2023-02-19 14:15:45.906 [info] Sync started.
2023-02-19 14:15:46.302 [info] Settings: No changes found during synchronizing settings.
2023-02-19 14:15:46.321 [info] Keybindings: No changes found during synchronizing keybindings.
2023-02-19 14:15:46.340 [info] Snippets: No changes found during synchronizing snippets.
2023-02-19 14:15:46.354 [info] Tasks: No changes found during synchronizing tasks.
2023-02-19 14:15:46.379 [info] GlobalState: No changes found during synchronizing ui state.
2023-02-19 14:15:46.469 [info] Extensions: No changes found during synchronizing extensions.
2023-02-19 14:15:46.470 [info] Sync done. Took 570ms
2023-02-19 14:16:02.828 [info] Auto Sync: Triggered by Activity
2023-02-19 14:16:02.828 [info] Sync started.
2023-02-19 14:16:03.251 [info] Settings: No changes found during synchronizing settings.
2023-02-19 14:16:03.272 [info] Keybindings: No changes found during synchronizing keybindings.
2023-02-19 14:16:03.290 [info] Snippets: No changes found during synchronizing snippets.
2023-02-19 14:16:03.300 [info] Tasks: No changes found during synchronizing tasks.
2023-02-19 14:16:03.310 [info] GlobalState: No changes found during synchronizing ui state.
2023-02-19 14:16:03.401 [info] Extensions: No changes found during synchronizing extensions.
2023-02-19 14:16:03.403 [info] Sync done. Took 576ms
2023-02-19 14:16:23.120 [info] Auto Sync: Triggered by Activity
2023-02-19 14:16:23.122 [info] Sync started.
2023-02-19 14:16:23.675 [info] Settings: No changes found during synchronizing settings.
2023-02-19 14:16:23.687 [info] Keybindings: No changes found during synchronizing keybindings.
2023-02-19 14:16:23.699 [info] Snippets: No changes found during synchronizing snippets.
2023-02-19 14:16:23.703 [info] Tasks: No changes found during synchronizing tasks.
2023-02-19 14:16:23.715 [info] GlobalState: No changes found during synchronizing ui state.
2023-02-19 14:16:23.826 [info] Extensions: No changes found during synchronizing extensions.
2023-02-19 14:16:23.828 [info] Sync done. Took 711ms
2023-02-19 14:18:19.447 [info] Auto Sync: Triggered by Activity
2023-02-19 14:18:19.448 [info] Sync started.
2023-02-19 14:18:19.945 [info] Settings: No changes found during synchronizing settings.
2023-02-19 14:18:19.965 [info] Keybindings: No changes found during synchronizing keybindings.
2023-02-19 14:18:19.978 [info] Snippets: No changes found during synchronizing snippets.
2023-02-19 14:18:19.984 [info] Tasks: No changes found during synchronizing tasks.
2023-02-19 14:18:19.991 [info] GlobalState: No changes found during synchronizing ui state.
2023-02-19 14:18:20.076 [info] Extensions: No changes found during synchronizing extensions.
2023-02-19 14:18:20.078 [info] Sync done. Took 635ms
2023-02-19 14:19:24.081 [info] Auto Sync: Triggered by Activity
2023-02-19 14:19:24.083 [info] Sync started.
2023-02-19 14:19:24.566 [info] Settings: No changes found during synchronizing settings.
2023-02-19 14:19:24.582 [info] Keybindings: No changes found during synchronizing keybindings.
2023-02-19 14:19:24.598 [info] Snippets: No changes found during synchronizing snippets.
2023-02-19 14:19:24.605 [info] Tasks: No changes found during synchronizing tasks.
2023-02-19 14:19:24.612 [info] GlobalState: No changes found during synchronizing ui state.
2023-02-19 14:19:24.706 [info] Extensions: No changes found during synchronizing extensions.
2023-02-19 14:19:24.708 [info] Sync done. Took 629ms
2023-02-19 14:22:49.530 [info] Auto Sync: Triggered by Activity
2023-02-19 14:22:49.535 [info] Sync started.
2023-02-19 14:22:53.153 [info] Settings: No changes found during synchronizing settings.
2023-02-19 14:22:53.181 [info] Keybindings: No changes found during synchronizing keybindings.
2023-02-19 14:22:53.194 [info] Snippets: No changes found during synchronizing snippets.
2023-02-19 14:22:53.201 [info] Tasks: No changes found during synchronizing tasks.
2023-02-19 14:22:53.212 [info] GlobalState: No changes found during synchronizing ui state.
2023-02-19 14:22:53.316 [info] Extensions: No changes found during synchronizing extensions.
2023-02-19 14:22:53.318 [info] Sync done. Took 3793ms
2023-02-19 14:23:12.721 [info] Auto Sync: Triggered by Activity
2023-02-19 14:23:12.722 [info] Sync started.
2023-02-19 14:23:13.130 [info] Settings: No changes found during synchronizing settings.
2023-02-19 14:23:13.151 [info] Keybindings: No changes found during synchronizing keybindings.
2023-02-19 14:23:13.162 [info] Snippets: No changes found during synchronizing snippets.
2023-02-19 14:23:13.170 [info] Tasks: No changes found during synchronizing tasks.
2023-02-19 14:23:13.179 [info] GlobalState: No changes found during synchronizing ui state.
2023-02-19 14:23:13.258 [info] Extensions: No changes found during synchronizing extensions.
2023-02-19 14:23:13.260 [info] Sync done. Took 545ms
2023-02-19 14:24:01.834 [info] Auto Sync: Triggered by Activity
2023-02-19 14:24:01.835 [info] Sync started.
2023-02-19 14:24:02.888 [info] Settings: No changes found during synchronizing settings.
2023-02-19 14:24:02.910 [info] Keybindings: No changes found during synchronizing keybindings.
2023-02-19 14:24:02.921 [info] Snippets: No changes found during synchronizing snippets.
2023-02-19 14:24:02.928 [info] Tasks: No changes found during synchronizing tasks.
2023-02-19 14:24:02.935 [info] GlobalState: No changes found during synchronizing ui state.
2023-02-19 14:24:03.038 [info] Extensions: No changes found during synchronizing extensions.
2023-02-19 14:24:03.040 [info] Sync done. Took 1209ms
2023-02-19 14:24:17.840 [info] Auto Sync: Triggered by Activity
2023-02-19 14:24:17.840 [info] Sync started.
2023-02-19 14:24:18.356 [info] Settings: No changes found during synchronizing settings.
2023-02-19 14:24:18.377 [info] Keybindings: No changes found during synchronizing keybindings.
2023-02-19 14:24:18.387 [info] Snippets: No changes found during synchronizing snippets.
2023-02-19 14:24:18.396 [info] Tasks: No changes found during synchronizing tasks.
2023-02-19 14:24:18.409 [info] GlobalState: No changes found during synchronizing ui state.
2023-02-19 14:24:18.509 [info] Extensions: No changes found during synchronizing extensions.
2023-02-19 14:24:18.511 [info] Sync done. Took 675ms
2023-02-19 14:24:43.904 [info] Auto Sync: Triggered by Activity
2023-02-19 14:24:43.906 [info] Sync started.
2023-02-19 14:24:44.468 [info] Settings: No changes found during synchronizing settings.
2023-02-19 14:24:44.479 [info] Keybindings: No changes found during synchronizing keybindings.
2023-02-19 14:24:44.487 [info] Snippets: No changes found during synchronizing snippets.
2023-02-19 14:24:44.492 [info] Tasks: No changes found during synchronizing tasks.
2023-02-19 14:24:44.497 [info] GlobalState: No changes found during synchronizing ui state.
2023-02-19 14:24:44.585 [info] Extensions: No changes found during synchronizing extensions.
2023-02-19 14:24:44.587 [info] Sync done. Took 688ms
2023-02-19 14:25:04.066 [info] Auto Sync: Triggered by Activity
2023-02-19 14:25:04.068 [info] Sync started.
2023-02-19 14:25:04.618 [info] Settings: No changes found during synchronizing settings.
2023-02-19 14:25:04.624 [info] Keybindings: No changes found during synchronizing keybindings.
2023-02-19 14:25:04.630 [info] Snippets: No changes found during synchronizing snippets.
2023-02-19 14:25:04.635 [info] Tasks: No changes found during synchronizing tasks.
2023-02-19 14:25:04.645 [info] GlobalState: No changes found during synchronizing ui state.
2023-02-19 14:25:04.739 [info] Extensions: No changes found during synchronizing extensions.
2023-02-19 14:25:04.741 [info] Sync done. Took 679ms
2023-02-19 14:25:31.299 [info] Auto Sync: Triggered by Activity
2023-02-19 14:25:31.301 [info] Sync started.
2023-02-19 14:25:31.770 [info] Settings: No changes found during synchronizing settings.
2023-02-19 14:25:31.779 [info] Keybindings: No changes found during synchronizing keybindings.
2023-02-19 14:25:31.785 [info] Snippets: No changes found during synchronizing snippets.
2023-02-19 14:25:31.795 [info] Tasks: No changes found during synchronizing tasks.
2023-02-19 14:25:31.803 [info] GlobalState: No changes found during synchronizing ui state.
2023-02-19 14:25:31.898 [info] Extensions: No changes found during synchronizing extensions.
2023-02-19 14:25:31.900 [info] Sync done. Took 606ms
2023-02-19 14:26:07.450 [info] Auto Sync: Triggered by Activity
2023-02-19 14:26:07.451 [info] Sync started.
2023-02-19 14:26:08.016 [info] Settings: No changes found during synchronizing settings.
2023-02-19 14:26:08.024 [info] Keybindings: No changes found during synchronizing keybindings.
2023-02-19 14:26:08.033 [info] Snippets: No changes found during synchronizing snippets.
2023-02-19 14:26:08.037 [info] Tasks: No changes found during synchronizing tasks.
2023-02-19 14:26:08.044 [info] GlobalState: No changes found during synchronizing ui state.
2023-02-19 14:26:08.134 [info] Extensions: No changes found during synchronizing extensions.
2023-02-19 14:26:08.135 [info] Sync done. Took 689ms
2023-02-19 14:26:39.047 [info] Auto Sync: Triggered by Activity
2023-02-19 14:26:39.049 [info] Sync started.
2023-02-19 14:26:39.566 [info] Settings: No changes found during synchronizing settings.
2023-02-19 14:26:39.574 [info] Keybindings: No changes found during synchronizing keybindings.
2023-02-19 14:26:39.580 [info] Snippets: No changes found during synchronizing snippets.
2023-02-19 14:26:39.585 [info] Tasks: No changes found during synchronizing tasks.
2023-02-19 14:26:39.594 [info] GlobalState: No changes found during synchronizing ui state.
2023-02-19 14:26:39.683 [info] Extensions: No changes found during synchronizing extensions.
2023-02-19 14:26:39.685 [info] Sync done. Took 640ms
2023-02-19 14:27:03.183 [info] Auto Sync: Triggered by Activity
2023-02-19 14:27:03.184 [info] Sync started.
2023-02-19 14:27:04.311 [info] Settings: No changes found during synchronizing settings.
2023-02-19 14:27:04.328 [info] Keybindings: No changes found during synchronizing keybindings.
2023-02-19 14:27:04.336 [info] Snippets: No changes found during synchronizing snippets.
2023-02-19 14:27:04.340 [info] Tasks: No changes found during synchronizing tasks.
2023-02-19 14:27:04.348 [info] GlobalState: No changes found during synchronizing ui state.
2023-02-19 14:27:04.450 [info] Extensions: No changes found during synchronizing extensions.
2023-02-19 14:27:04.451 [info] Sync done. Took 1273ms
2023-02-19 14:28:27.075 [info] Auto Sync: Triggered by Activity
2023-02-19 14:28:27.077 [info] Sync started.
2023-02-19 14:28:28.107 [info] Settings: No changes found during synchronizing settings.
2023-02-19 14:28:28.121 [info] Keybindings: No changes found during synchronizing keybindings.
2023-02-19 14:28:28.129 [info] Snippets: No changes found during synchronizing snippets.
2023-02-19 14:28:28.136 [info] Tasks: No changes found during synchronizing tasks.
2023-02-19 14:28:28.142 [info] GlobalState: No changes found during synchronizing ui state.
2023-02-19 14:28:28.245 [info] Extensions: No changes found during synchronizing extensions.
2023-02-19 14:28:28.246 [info] Sync done. Took 1175ms
2023-02-19 14:29:50.057 [info] Auto Sync: Triggered by Activity
2023-02-19 14:29:50.058 [info] Sync started.
2023-02-19 14:29:50.531 [info] Settings: No changes found during synchronizing settings.
2023-02-19 14:29:50.552 [info] Keybindings: No changes found during synchronizing keybindings.
2023-02-19 14:29:50.569 [info] Snippets: No changes found during synchronizing snippets.
2023-02-19 14:29:50.578 [info] Tasks: No changes found during synchronizing tasks.
2023-02-19 14:29:50.586 [info] GlobalState: No changes found during synchronizing ui state.
2023-02-19 14:29:50.659 [info] Extensions: No changes found during synchronizing extensions.
2023-02-19 14:29:50.661 [info] Sync done. Took 624ms
2023-02-19 14:32:09.813 [info] Auto Sync: Triggered by Activity
2023-02-19 14:32:09.814 [info] Sync started.
2023-02-19 14:32:11.180 [info] Settings: No changes found during synchronizing settings.
2023-02-19 14:32:11.195 [info] Keybindings: No changes found during synchronizing keybindings.
2023-02-19 14:32:11.203 [info] Snippets: No changes found during synchronizing snippets.
2023-02-19 14:32:11.210 [info] Tasks: No changes found during synchronizing tasks.
2023-02-19 14:32:11.216 [info] GlobalState: No changes found during synchronizing ui state.
2023-02-19 14:32:11.303 [info] Extensions: No changes found during synchronizing extensions.
2023-02-19 14:32:11.305 [info] Sync done. Took 1492ms
2023-02-19 14:32:35.399 [info] Auto Sync: Triggered by Activity
2023-02-19 14:32:35.399 [info] Sync started.
2023-02-19 14:32:35.908 [info] Settings: No changes found during synchronizing settings.
2023-02-19 14:32:35.913 [info] Keybindings: No changes found during synchronizing keybindings.
2023-02-19 14:32:35.918 [info] Snippets: No changes found during synchronizing snippets.
2023-02-19 14:32:35.923 [info] Tasks: No changes found during synchronizing tasks.
2023-02-19 14:32:35.929 [info] GlobalState: No changes found during synchronizing ui state.
2023-02-19 14:32:36.002 [info] Extensions: No changes found during synchronizing extensions.
2023-02-19 14:32:36.004 [info] Sync done. Took 609ms
2023-02-19 14:33:44.034 [info] Auto Sync: Triggered by Activity
2023-02-19 14:33:44.035 [info] Sync started.
2023-02-19 14:33:44.478 [info] Settings: No changes found during synchronizing settings.
2023-02-19 14:33:44.524 [info] Keybindings: No changes found during synchronizing keybindings.
2023-02-19 14:33:44.559 [info] Snippets: No changes found during synchronizing snippets.
2023-02-19 14:33:44.569 [info] Tasks: No changes found during synchronizing tasks.
2023-02-19 14:33:44.578 [info] GlobalState: No changes found during synchronizing ui state.
2023-02-19 14:33:44.660 [info] Extensions: No changes found during synchronizing extensions.
2023-02-19 14:33:44.662 [info] Sync done. Took 632ms
2023-02-19 14:34:51.878 [info] Auto Sync: Triggered by Activity
2023-02-19 14:34:51.879 [info] Sync started.
2023-02-19 14:34:52.489 [info] Settings: No changes found during synchronizing settings.
2023-02-19 14:34:52.497 [info] Keybindings: No changes found during synchronizing keybindings.
2023-02-19 14:34:52.505 [info] Snippets: No changes found during synchronizing snippets.
2023-02-19 14:34:52.509 [info] Tasks: No changes found during synchronizing tasks.
2023-02-19 14:34:52.517 [info] GlobalState: No changes found during synchronizing ui state.
2023-02-19 14:34:52.609 [info] Extensions: No changes found during synchronizing extensions.
2023-02-19 14:34:52.610 [info] Sync done. Took 736ms
2023-02-19 14:35:09.534 [info] Auto Sync: Triggered by Activity
2023-02-19 14:35:09.535 [info] Sync started.
2023-02-19 14:35:10.093 [info] Settings: No changes found during synchronizing settings.
2023-02-19 14:35:10.109 [info] Keybindings: No changes found during synchronizing keybindings.
2023-02-19 14:35:10.124 [info] Snippets: No changes found during synchronizing snippets.
2023-02-19 14:35:10.131 [info] Tasks: No changes found during synchronizing tasks.
2023-02-19 14:35:10.140 [info] GlobalState: No changes found during synchronizing ui state.
2023-02-19 14:35:10.230 [info] Extensions: No changes found during synchronizing extensions.
2023-02-19 14:35:10.232 [info] Sync done. Took 698ms
2023-02-19 14:35:44.148 [info] Auto Sync: Triggered by Activity
2023-02-19 14:35:44.148 [info] Sync started.
2023-02-19 14:35:44.799 [info] Settings: No changes found during synchronizing settings.
2023-02-19 14:35:44.818 [info] Keybindings: No changes found during synchronizing keybindings.
2023-02-19 14:35:44.832 [info] Snippets: No changes found during synchronizing snippets.
2023-02-19 14:35:44.840 [info] Tasks: No changes found during synchronizing tasks.
2023-02-19 14:35:44.848 [info] GlobalState: No changes found during synchronizing ui state.
2023-02-19 14:35:44.936 [info] Extensions: No changes found during synchronizing extensions.
2023-02-19 14:35:44.938 [info] Sync done. Took 793ms
2023-02-19 14:37:11.677 [info] Auto Sync: Triggered by Activity
2023-02-19 14:37:11.677 [info] Sync started.
2023-02-19 14:37:12.179 [info] Settings: No changes found during synchronizing settings.
2023-02-19 14:37:12.189 [info] Keybindings: No changes found during synchronizing keybindings.
2023-02-19 14:37:12.197 [info] Snippets: No changes found during synchronizing snippets.
2023-02-19 14:37:12.202 [info] Tasks: No changes found during synchronizing tasks.
2023-02-19 14:37:12.207 [info] GlobalState: No changes found during synchronizing ui state.
2023-02-19 14:37:12.305 [info] Extensions: No changes found during synchronizing extensions.
2023-02-19 14:37:12.307 [info] Sync done. Took 635ms
