2022-11-17 15:07:53.212 [info] Validating found git in: git
2022-11-17 15:07:53.212 [info] Using git 2.38.1 from git
2022-11-17 15:07:53.212 [info] > git rev-parse --show-toplevel [13ms]
2022-11-17 15:07:53.212 [info] > git rev-parse --git-dir --git-common-dir [4ms]
2022-11-17 15:07:53.212 [info] Log level: Info
2022-11-17 15:07:53.212 [info] Open repository: /home/yunis/phase-0-html-document-structure-lab
2022-11-17 15:07:53.212 [info] > git remote --verbose [59ms]
2022-11-17 15:07:53.212 [info] > git for-each-ref --sort -committerdate --format %(refname) %(objectname) %(*objectname) [78ms]
2022-11-17 15:07:53.212 [info] > git config --get commit.template [7ms]
2022-11-17 15:07:53.212 [info] > git for-each-ref --format=%(refname)%00%(upstream:short)%00%(objectname)%00%(upstream:track)%00%(upstream:remotename)%00%(upstream:remoteref) refs/heads/master refs/remotes/master [4ms]
2022-11-17 15:07:53.212 [info] > git status -z -uall [405ms]
2022-11-17 15:07:53.212 [info] > git remote --verbose [45ms]
2022-11-17 15:07:53.212 [info] > git for-each-ref --sort -committerdate --format %(refname) %(objectname) %(*objectname) [74ms]
2022-11-17 15:07:53.212 [info] > git status -z -uall [92ms]
2022-11-17 15:07:53.212 [info] > git for-each-ref --format=%(refname)%00%(upstream:short)%00%(objectname)%00%(upstream:track)%00%(upstream:remotename)%00%(upstream:remoteref) refs/heads/master refs/remotes/master [31ms]
2022-11-17 15:07:53.212 [info] > git config --get commit.template [76ms]
2022-11-17 15:07:53.212 [info] > git check-ignore -v -z --stdin [19ms]
2022-11-17 15:07:53.212 [info] > git show --textconv :index.html [28ms]
2022-11-17 15:07:53.212 [info] > git ls-files --stage -- /home/yunis/phase-0-html-document-structure-lab/index.html [29ms]
2022-11-17 15:07:53.212 [info] > git cat-file -s 4ee34e565b001351951639c67fbe5c7b221a9b45 [2ms]
2022-11-17 15:09:30.606 [info] > git status -z -uall [6ms]
2022-11-17 15:09:30.608 [info] > git remote --verbose [10ms]
2022-11-17 15:09:30.608 [info] > git for-each-ref --sort -committerdate --format %(refname) %(objectname) %(*objectname) [16ms]
2022-11-17 15:09:30.610 [info] > git config --get commit.template [4ms]
2022-11-17 15:09:30.617 [info] > git for-each-ref --format=%(refname)%00%(upstream:short)%00%(objectname)%00%(upstream:track)%00%(upstream:remotename)%00%(upstream:remoteref) refs/heads/master refs/remotes/master [1ms]
2022-11-17 15:10:12.639 [info] > git status -z -uall [11ms]
2022-11-17 15:10:12.640 [info] > git remote --verbose [25ms]
2022-11-17 15:10:12.641 [info] > git for-each-ref --sort -committerdate --format %(refname) %(objectname) %(*objectname) [40ms]
2022-11-17 15:10:12.643 [info] > git config --get commit.template [4ms]
2022-11-17 15:10:12.651 [info] > git for-each-ref --format=%(refname)%00%(upstream:short)%00%(objectname)%00%(upstream:track)%00%(upstream:remotename)%00%(upstream:remoteref) refs/heads/master refs/remotes/master [2ms]
2022-11-17 15:10:18.346 [info] > git status -z -uall [7ms]
2022-11-17 15:10:18.347 [info] > git remote --verbose [18ms]
2022-11-17 15:10:18.347 [info] > git for-each-ref --sort -committerdate --format %(refname) %(objectname) %(*objectname) [39ms]
2022-11-17 15:10:18.348 [info] > git config --get commit.template [3ms]
2022-11-17 15:10:18.356 [info] > git for-each-ref --format=%(refname)%00%(upstream:short)%00%(objectname)%00%(upstream:track)%00%(upstream:remotename)%00%(upstream:remoteref) refs/heads/master refs/remotes/master [1ms]
2022-11-17 15:14:01.614 [info] > git status -z -uall [9ms]
2022-11-17 15:14:01.615 [info] > git remote --verbose [21ms]
2022-11-17 15:14:01.616 [info] > git for-each-ref --sort -committerdate --format %(refname) %(objectname) %(*objectname) [38ms]
2022-11-17 15:14:01.617 [info] > git config --get commit.template [4ms]
2022-11-17 15:14:01.627 [info] > git for-each-ref --format=%(refname)%00%(upstream:short)%00%(objectname)%00%(upstream:track)%00%(upstream:remotename)%00%(upstream:remoteref) refs/heads/master refs/remotes/master [2ms]
2022-11-17 15:14:09.320 [info] > git status -z -uall [11ms]
2022-11-17 15:14:09.321 [info] > git remote --verbose [26ms]
2022-11-17 15:14:09.321 [info] > git for-each-ref --sort -committerdate --format %(refname) %(objectname) %(*objectname) [47ms]
2022-11-17 15:14:09.323 [info] > git config --get commit.template [5ms]
2022-11-17 15:14:09.334 [info] > git for-each-ref --format=%(refname)%00%(upstream:short)%00%(objectname)%00%(upstream:track)%00%(upstream:remotename)%00%(upstream:remoteref) refs/heads/master refs/remotes/master [2ms]
2022-11-17 15:14:14.361 [info] > git status -z -uall [7ms]
2022-11-17 15:14:14.362 [info] > git remote --verbose [12ms]
2022-11-17 15:14:14.363 [info] > git for-each-ref --sort -committerdate --format %(refname) %(objectname) %(*objectname) [17ms]
2022-11-17 15:14:14.364 [info] > git config --get commit.template [3ms]
2022-11-17 15:14:14.373 [info] > git for-each-ref --format=%(refname)%00%(upstream:short)%00%(objectname)%00%(upstream:track)%00%(upstream:remotename)%00%(upstream:remoteref) refs/heads/master refs/remotes/master [1ms]
2022-11-17 15:14:34.347 [info] > git status -z -uall [7ms]
2022-11-17 15:14:34.348 [info] > git remote --verbose [16ms]
2022-11-17 15:14:34.349 [info] > git for-each-ref --sort -committerdate --format %(refname) %(objectname) %(*objectname) [24ms]
2022-11-17 15:14:34.350 [info] > git config --get commit.template [2ms]
2022-11-17 15:14:34.357 [info] > git for-each-ref --format=%(refname)%00%(upstream:short)%00%(objectname)%00%(upstream:track)%00%(upstream:remotename)%00%(upstream:remoteref) refs/heads/master refs/remotes/master [2ms]
2022-11-17 15:14:39.440 [info] > git status -z -uall [20ms]
2022-11-17 15:14:39.442 [info] > git remote --verbose [42ms]
2022-11-17 15:14:39.443 [info] > git for-each-ref --sort -committerdate --format %(refname) %(objectname) %(*objectname) [62ms]
2022-11-17 15:14:39.452 [info] > git config --get commit.template [13ms]
2022-11-17 15:14:39.466 [info] > git for-each-ref --format=%(refname)%00%(upstream:short)%00%(objectname)%00%(upstream:track)%00%(upstream:remotename)%00%(upstream:remoteref) refs/heads/master refs/remotes/master [4ms]
2022-11-17 15:14:45.769 [info] > git status -z -uall [11ms]
2022-11-17 15:14:45.770 [info] > git remote --verbose [24ms]
2022-11-17 15:14:45.770 [info] > git for-each-ref --sort -committerdate --format %(refname) %(objectname) %(*objectname) [43ms]
2022-11-17 15:14:45.771 [info] > git config --get commit.template [3ms]
2022-11-17 15:14:45.779 [info] > git for-each-ref --format=%(refname)%00%(upstream:short)%00%(objectname)%00%(upstream:track)%00%(upstream:remotename)%00%(upstream:remoteref) refs/heads/master refs/remotes/master [2ms]
2022-11-17 15:15:24.257 [info] > git status -z -uall [9ms]
2022-11-17 15:15:24.259 [info] > git remote --verbose [25ms]
2022-11-17 15:15:24.259 [info] > git for-each-ref --sort -committerdate --format %(refname) %(objectname) %(*objectname) [41ms]
2022-11-17 15:15:24.260 [info] > git config --get commit.template [3ms]
2022-11-17 15:15:24.270 [info] > git for-each-ref --format=%(refname)%00%(upstream:short)%00%(objectname)%00%(upstream:track)%00%(upstream:remotename)%00%(upstream:remoteref) refs/heads/master refs/remotes/master [2ms]
2022-11-17 15:15:29.338 [info] > git status -z -uall [12ms]
2022-11-17 15:15:29.339 [info] > git remote --verbose [30ms]
2022-11-17 15:15:29.340 [info] > git for-each-ref --sort -committerdate --format %(refname) %(objectname) %(*objectname) [49ms]
2022-11-17 15:15:29.341 [info] > git config --get commit.template [4ms]
2022-11-17 15:15:29.352 [info] > git for-each-ref --format=%(refname)%00%(upstream:short)%00%(objectname)%00%(upstream:track)%00%(upstream:remotename)%00%(upstream:remoteref) refs/heads/master refs/remotes/master [2ms]
2022-11-17 15:15:34.415 [info] > git status -z -uall [8ms]
2022-11-17 15:15:34.416 [info] > git remote --verbose [20ms]
2022-11-17 15:15:34.416 [info] > git for-each-ref --sort -committerdate --format %(refname) %(objectname) %(*objectname) [41ms]
2022-11-17 15:15:34.418 [info] > git config --get commit.template [3ms]
2022-11-17 15:15:34.426 [info] > git for-each-ref --format=%(refname)%00%(upstream:short)%00%(objectname)%00%(upstream:track)%00%(upstream:remotename)%00%(upstream:remoteref) refs/heads/master refs/remotes/master [2ms]
2022-11-17 15:15:39.494 [info] > git status -z -uall [11ms]
2022-11-17 15:15:39.495 [info] > git remote --verbose [25ms]
2022-11-17 15:15:39.495 [info] > git for-each-ref --sort -committerdate --format %(refname) %(objectname) %(*objectname) [45ms]
2022-11-17 15:15:39.496 [info] > git config --get commit.template [2ms]
2022-11-17 15:15:39.504 [info] > git for-each-ref --format=%(refname)%00%(upstream:short)%00%(objectname)%00%(upstream:track)%00%(upstream:remotename)%00%(upstream:remoteref) refs/heads/master refs/remotes/master [3ms]
2022-11-17 15:15:44.535 [info] > git status -z -uall [9ms]
2022-11-17 15:15:44.536 [info] > git remote --verbose [16ms]
2022-11-17 15:15:44.537 [info] > git for-each-ref --sort -committerdate --format %(refname) %(objectname) %(*objectname) [22ms]
2022-11-17 15:15:44.538 [info] > git config --get commit.template [3ms]
2022-11-17 15:15:44.549 [info] > git for-each-ref --format=%(refname)%00%(upstream:short)%00%(objectname)%00%(upstream:track)%00%(upstream:remotename)%00%(upstream:remoteref) refs/heads/master refs/remotes/master [2ms]
2022-11-17 15:15:49.577 [info] > git status -z -uall [8ms]
2022-11-17 15:15:49.578 [info] > git remote --verbose [14ms]
2022-11-17 15:15:49.578 [info] > git for-each-ref --sort -committerdate --format %(refname) %(objectname) %(*objectname) [19ms]
2022-11-17 15:15:49.579 [info] > git config --get commit.template [2ms]
2022-11-17 15:15:49.588 [info] > git for-each-ref --format=%(refname)%00%(upstream:short)%00%(objectname)%00%(upstream:track)%00%(upstream:remotename)%00%(upstream:remoteref) refs/heads/master refs/remotes/master [2ms]
2022-11-17 15:15:54.647 [info] > git status -z -uall [9ms]
2022-11-17 15:15:54.649 [info] > git remote --verbose [21ms]
2022-11-17 15:15:54.649 [info] > git for-each-ref --sort -committerdate --format %(refname) %(objectname) %(*objectname) [40ms]
2022-11-17 15:15:54.650 [info] > git config --get commit.template [4ms]
2022-11-17 15:15:54.658 [info] > git for-each-ref --format=%(refname)%00%(upstream:short)%00%(objectname)%00%(upstream:track)%00%(upstream:remotename)%00%(upstream:remoteref) refs/heads/master refs/remotes/master [2ms]
2022-11-17 15:15:59.685 [info] > git status -z -uall [5ms]
2022-11-17 15:15:59.686 [info] > git remote --verbose [10ms]
2022-11-17 15:15:59.686 [info] > git for-each-ref --sort -committerdate --format %(refname) %(objectname) %(*objectname) [15ms]
2022-11-17 15:15:59.687 [info] > git config --get commit.template [2ms]
2022-11-17 15:15:59.694 [info] > git for-each-ref --format=%(refname)%00%(upstream:short)%00%(objectname)%00%(upstream:track)%00%(upstream:remotename)%00%(upstream:remoteref) refs/heads/master refs/remotes/master [2ms]
2022-11-17 15:16:04.806 [info] > git status -z -uall [35ms]
2022-11-17 15:16:04.809 [info] > git remote --verbose [62ms]
2022-11-17 15:16:04.811 [info] > git for-each-ref --sort -committerdate --format %(refname) %(objectname) %(*objectname) [88ms]
2022-11-17 15:16:04.816 [info] > git config --get commit.template [17ms]
2022-11-17 15:16:04.840 [info] > git for-each-ref --format=%(refname)%00%(upstream:short)%00%(objectname)%00%(upstream:track)%00%(upstream:remotename)%00%(upstream:remoteref) refs/heads/master refs/remotes/master [6ms]
2022-11-17 15:16:09.871 [info] > git status -z -uall [9ms]
2022-11-17 15:16:09.872 [info] > git remote --verbose [14ms]
2022-11-17 15:16:09.872 [info] > git for-each-ref --sort -committerdate --format %(refname) %(objectname) %(*objectname) [20ms]
2022-11-17 15:16:09.873 [info] > git config --get commit.template [3ms]
2022-11-17 15:16:09.883 [info] > git for-each-ref --format=%(refname)%00%(upstream:short)%00%(objectname)%00%(upstream:track)%00%(upstream:remotename)%00%(upstream:remoteref) refs/heads/master refs/remotes/master [2ms]
2022-11-17 15:16:14.972 [info] > git status -z -uall [28ms]
2022-11-17 15:16:14.975 [info] > git remote --verbose [50ms]
2022-11-17 15:16:14.977 [info] > git for-each-ref --sort -committerdate --format %(refname) %(objectname) %(*objectname) [71ms]
2022-11-17 15:16:14.979 [info] > git config --get commit.template [8ms]
2022-11-17 15:16:15.010 [info] > git for-each-ref --format=%(refname)%00%(upstream:short)%00%(objectname)%00%(upstream:track)%00%(upstream:remotename)%00%(upstream:remoteref) refs/heads/master refs/remotes/master [6ms]
2022-11-17 15:16:30.042 [info] > git status -z -uall [8ms]
2022-11-17 15:16:30.043 [info] > git remote --verbose [16ms]
2022-11-17 15:16:30.043 [info] > git for-each-ref --sort -committerdate --format %(refname) %(objectname) %(*objectname) [33ms]
2022-11-17 15:16:30.044 [info] > git config --get commit.template [3ms]
2022-11-17 15:16:30.055 [info] > git for-each-ref --format=%(refname)%00%(upstream:short)%00%(objectname)%00%(upstream:track)%00%(upstream:remotename)%00%(upstream:remoteref) refs/heads/master refs/remotes/master [3ms]
2022-11-17 15:16:35.085 [info] > git status -z -uall [6ms]
2022-11-17 15:16:35.085 [info] > git remote --verbose [12ms]
2022-11-17 15:16:35.086 [info] > git for-each-ref --sort -committerdate --format %(refname) %(objectname) %(*objectname) [19ms]
2022-11-17 15:16:35.086 [info] > git config --get commit.template [2ms]
2022-11-17 15:16:35.093 [info] > git for-each-ref --format=%(refname)%00%(upstream:short)%00%(objectname)%00%(upstream:track)%00%(upstream:remotename)%00%(upstream:remoteref) refs/heads/master refs/remotes/master [2ms]
2022-11-17 15:16:42.601 [info] > git status -z -uall [13ms]
2022-11-17 15:16:42.602 [info] > git remote --verbose [28ms]
2022-11-17 15:16:42.604 [info] > git for-each-ref --sort -committerdate --format %(refname) %(objectname) %(*objectname) [43ms]
2022-11-17 15:16:42.606 [info] > git config --get commit.template [6ms]
2022-11-17 15:16:42.614 [info] > git for-each-ref --format=%(refname)%00%(upstream:short)%00%(objectname)%00%(upstream:track)%00%(upstream:remotename)%00%(upstream:remoteref) refs/heads/master refs/remotes/master [2ms]
2022-11-17 15:16:48.752 [info] > git status -z -uall [7ms]
2022-11-17 15:16:48.753 [info] > git remote --verbose [16ms]
2022-11-17 15:16:48.753 [info] > git for-each-ref --sort -committerdate --format %(refname) %(objectname) %(*objectname) [33ms]
2022-11-17 15:16:48.753 [info] > git config --get commit.template [1ms]
2022-11-17 15:16:48.760 [info] > git for-each-ref --format=%(refname)%00%(upstream:short)%00%(objectname)%00%(upstream:track)%00%(upstream:remotename)%00%(upstream:remoteref) refs/heads/master refs/remotes/master [2ms]
2022-11-17 15:16:55.920 [info] > git status -z -uall [12ms]
2022-11-17 15:16:55.921 [info] > git remote --verbose [27ms]
2022-11-17 15:16:55.922 [info] > git for-each-ref --sort -committerdate --format %(refname) %(objectname) %(*objectname) [45ms]
2022-11-17 15:16:55.923 [info] > git config --get commit.template [3ms]
2022-11-17 15:16:55.932 [info] > git for-each-ref --format=%(refname)%00%(upstream:short)%00%(objectname)%00%(upstream:track)%00%(upstream:remotename)%00%(upstream:remoteref) refs/heads/master refs/remotes/master [2ms]
2022-11-17 15:17:00.974 [info] > git status -z -uall [9ms]
2022-11-17 15:17:00.975 [info] > git remote --verbose [15ms]
2022-11-17 15:17:00.975 [info] > git for-each-ref --sort -committerdate --format %(refname) %(objectname) %(*objectname) [24ms]
2022-11-17 15:17:00.976 [info] > git config --get commit.template [3ms]
2022-11-17 15:17:00.986 [info] > git for-each-ref --format=%(refname)%00%(upstream:short)%00%(objectname)%00%(upstream:track)%00%(upstream:remotename)%00%(upstream:remoteref) refs/heads/master refs/remotes/master [2ms]
2022-11-17 15:17:06.015 [info] > git status -z -uall [6ms]
2022-11-17 15:17:06.015 [info] > git remote --verbose [13ms]
2022-11-17 15:17:06.016 [info] > git for-each-ref --sort -committerdate --format %(refname) %(objectname) %(*objectname) [18ms]
2022-11-17 15:17:06.016 [info] > git config --get commit.template [2ms]
2022-11-17 15:17:06.025 [info] > git for-each-ref --format=%(refname)%00%(upstream:short)%00%(objectname)%00%(upstream:track)%00%(upstream:remotename)%00%(upstream:remoteref) refs/heads/master refs/remotes/master [2ms]
2022-11-17 15:17:32.255 [info] > git status -z -uall [7ms]
2022-11-17 15:17:32.256 [info] > git remote --verbose [15ms]
2022-11-17 15:17:32.256 [info] > git for-each-ref --sort -committerdate --format %(refname) %(objectname) %(*objectname) [21ms]
2022-11-17 15:17:32.257 [info] > git config --get commit.template [2ms]
2022-11-17 15:17:32.266 [info] > git for-each-ref --format=%(refname)%00%(upstream:short)%00%(objectname)%00%(upstream:track)%00%(upstream:remotename)%00%(upstream:remoteref) refs/heads/master refs/remotes/master [2ms]
2022-11-17 15:17:37.314 [info] > git status -z -uall [8ms]
2022-11-17 15:17:37.315 [info] > git remote --verbose [16ms]
2022-11-17 15:17:37.315 [info] > git for-each-ref --sort -committerdate --format %(refname) %(objectname) %(*objectname) [29ms]
2022-11-17 15:17:37.316 [info] > git config --get commit.template [3ms]
2022-11-17 15:17:37.323 [info] > git for-each-ref --format=%(refname)%00%(upstream:short)%00%(objectname)%00%(upstream:track)%00%(upstream:remotename)%00%(upstream:remoteref) refs/heads/master refs/remotes/master [1ms]
2022-11-17 15:17:44.436 [info] > git status -z -uall [6ms]
2022-11-17 15:17:44.436 [info] > git remote --verbose [11ms]
2022-11-17 15:17:44.436 [info] > git for-each-ref --sort -committerdate --format %(refname) %(objectname) %(*objectname) [17ms]
2022-11-17 15:17:44.437 [info] > git config --get commit.template [2ms]
2022-11-17 15:17:44.444 [info] > git for-each-ref --format=%(refname)%00%(upstream:short)%00%(objectname)%00%(upstream:track)%00%(upstream:remotename)%00%(upstream:remoteref) refs/heads/master refs/remotes/master [2ms]
2022-11-17 15:17:49.508 [info] > git status -z -uall [16ms]
2022-11-17 15:17:49.510 [info] > git remote --verbose [33ms]
2022-11-17 15:17:49.510 [info] > git for-each-ref --sort -committerdate --format %(refname) %(objectname) %(*objectname) [49ms]
2022-11-17 15:17:49.511 [info] > git config --get commit.template [3ms]
2022-11-17 15:17:49.519 [info] > git for-each-ref --format=%(refname)%00%(upstream:short)%00%(objectname)%00%(upstream:track)%00%(upstream:remotename)%00%(upstream:remoteref) refs/heads/master refs/remotes/master [2ms]
2022-11-17 15:17:54.546 [info] > git status -z -uall [8ms]
2022-11-17 15:17:54.547 [info] > git remote --verbose [13ms]
2022-11-17 15:17:54.547 [info] > git for-each-ref --sort -committerdate --format %(refname) %(objectname) %(*objectname) [19ms]
2022-11-17 15:17:54.548 [info] > git config --get commit.template [1ms]
2022-11-17 15:17:54.556 [info] > git for-each-ref --format=%(refname)%00%(upstream:short)%00%(objectname)%00%(upstream:track)%00%(upstream:remotename)%00%(upstream:remoteref) refs/heads/master refs/remotes/master [2ms]
2022-11-17 15:18:02.483 [info] > git status -z -uall [6ms]
2022-11-17 15:18:02.484 [info] > git remote --verbose [11ms]
2022-11-17 15:18:02.484 [info] > git for-each-ref --sort -committerdate --format %(refname) %(objectname) %(*objectname) [17ms]
2022-11-17 15:18:02.485 [info] > git config --get commit.template [2ms]
2022-11-17 15:18:02.493 [info] > git for-each-ref --format=%(refname)%00%(upstream:short)%00%(objectname)%00%(upstream:track)%00%(upstream:remotename)%00%(upstream:remoteref) refs/heads/master refs/remotes/master [2ms]
2022-11-17 15:18:10.541 [info] > git status -z -uall [7ms]
2022-11-17 15:18:10.542 [info] > git remote --verbose [15ms]
2022-11-17 15:18:10.542 [info] > git for-each-ref --sort -committerdate --format %(refname) %(objectname) %(*objectname) [28ms]
2022-11-17 15:18:10.543 [info] > git config --get commit.template [3ms]
2022-11-17 15:18:10.552 [info] > git for-each-ref --format=%(refname)%00%(upstream:short)%00%(objectname)%00%(upstream:track)%00%(upstream:remotename)%00%(upstream:remoteref) refs/heads/master refs/remotes/master [2ms]
2022-11-17 15:18:15.580 [info] > git status -z -uall [6ms]
2022-11-17 15:18:15.581 [info] > git remote --verbose [12ms]
2022-11-17 15:18:15.581 [info] > git for-each-ref --sort -committerdate --format %(refname) %(objectname) %(*objectname) [18ms]
2022-11-17 15:18:15.582 [info] > git config --get commit.template [2ms]
2022-11-17 15:18:15.589 [info] > git for-each-ref --format=%(refname)%00%(upstream:short)%00%(objectname)%00%(upstream:track)%00%(upstream:remotename)%00%(upstream:remoteref) refs/heads/master refs/remotes/master [2ms]
2022-11-17 15:18:55.375 [info] > git status -z -uall [13ms]
2022-11-17 15:18:55.376 [info] > git remote --verbose [29ms]
2022-11-17 15:18:55.376 [info] > git for-each-ref --sort -committerdate --format %(refname) %(objectname) %(*objectname) [47ms]
2022-11-17 15:18:55.377 [info] > git config --get commit.template [3ms]
2022-11-17 15:18:55.386 [info] > git for-each-ref --format=%(refname)%00%(upstream:short)%00%(objectname)%00%(upstream:track)%00%(upstream:remotename)%00%(upstream:remoteref) refs/heads/master refs/remotes/master [2ms]
2022-11-17 15:19:11.396 [info] > git status -z -uall [10ms]
2022-11-17 15:19:11.396 [info] > git remote --verbose [26ms]
2022-11-17 15:19:11.397 [info] > git for-each-ref --sort -committerdate --format %(refname) %(objectname) %(*objectname) [43ms]
2022-11-17 15:19:11.397 [info] > git config --get commit.template [2ms]
2022-11-17 15:19:11.406 [info] > git for-each-ref --format=%(refname)%00%(upstream:short)%00%(objectname)%00%(upstream:track)%00%(upstream:remotename)%00%(upstream:remoteref) refs/heads/master refs/remotes/master [1ms]
2022-11-17 15:19:28.342 [info] > git status -z -uall [7ms]
2022-11-17 15:19:28.343 [info] > git remote --verbose [17ms]
2022-11-17 15:19:28.343 [info] > git for-each-ref --sort -committerdate --format %(refname) %(objectname) %(*objectname) [37ms]
2022-11-17 15:19:28.344 [info] > git config --get commit.template [2ms]
2022-11-17 15:19:28.353 [info] > git for-each-ref --format=%(refname)%00%(upstream:short)%00%(objectname)%00%(upstream:track)%00%(upstream:remotename)%00%(upstream:remoteref) refs/heads/master refs/remotes/master [1ms]
2022-11-17 15:19:50.392 [info] > git status -z -uall [10ms]
2022-11-17 15:19:50.393 [info] > git remote --verbose [20ms]
2022-11-17 15:19:50.393 [info] > git for-each-ref --sort -committerdate --format %(refname) %(objectname) %(*objectname) [39ms]
2022-11-17 15:19:50.394 [info] > git config --get commit.template [4ms]
2022-11-17 15:19:50.402 [info] > git for-each-ref --format=%(refname)%00%(upstream:short)%00%(objectname)%00%(upstream:track)%00%(upstream:remotename)%00%(upstream:remoteref) refs/heads/master refs/remotes/master [2ms]
2022-11-17 15:19:55.432 [info] > git status -z -uall [6ms]
2022-11-17 15:19:55.433 [info] > git remote --verbose [12ms]
2022-11-17 15:19:55.433 [info] > git for-each-ref --sort -committerdate --format %(refname) %(objectname) %(*objectname) [19ms]
2022-11-17 15:19:55.434 [info] > git config --get commit.template [2ms]
2022-11-17 15:19:55.443 [info] > git for-each-ref --format=%(refname)%00%(upstream:short)%00%(objectname)%00%(upstream:track)%00%(upstream:remotename)%00%(upstream:remoteref) refs/heads/master refs/remotes/master [1ms]
2022-11-17 15:20:00.476 [info] > git status -z -uall [8ms]
2022-11-17 15:20:00.477 [info] > git remote --verbose [14ms]
2022-11-17 15:20:00.477 [info] > git for-each-ref --sort -committerdate --format %(refname) %(objectname) %(*objectname) [22ms]
2022-11-17 15:20:00.478 [info] > git config --get commit.template [3ms]
2022-11-17 15:20:00.486 [info] > git for-each-ref --format=%(refname)%00%(upstream:short)%00%(objectname)%00%(upstream:track)%00%(upstream:remotename)%00%(upstream:remoteref) refs/heads/master refs/remotes/master [2ms]
2022-11-17 15:23:19.612 [info] > git check-ignore -v -z --stdin [7ms]
2022-11-17 15:26:51.792 [info] > git show --textconv :index.html [8ms]
2022-11-17 15:26:51.794 [info] > git ls-files --stage -- /home/yunis/phase-0-html-document-structure-lab/index.html [2ms]
2022-11-17 15:26:51.801 [info] > git cat-file -s 4ee34e565b001351951639c67fbe5c7b221a9b45 [1ms]
2022-11-17 15:26:57.137 [info] > git status -z -uall [13ms]
2022-11-17 15:26:57.138 [info] > git remote --verbose [30ms]
2022-11-17 15:26:57.138 [info] > git for-each-ref --sort -committerdate --format %(refname) %(objectname) %(*objectname) [50ms]
2022-11-17 15:26:57.139 [info] > git config --get commit.template [3ms]
2022-11-17 15:26:57.147 [info] > git for-each-ref --format=%(refname)%00%(upstream:short)%00%(objectname)%00%(upstream:track)%00%(upstream:remotename)%00%(upstream:remoteref) refs/heads/master refs/remotes/master [2ms]
2022-11-17 15:27:02.251 [info] > git status -z -uall [30ms]
2022-11-17 15:27:02.253 [info] > git remote --verbose [55ms]
2022-11-17 15:27:02.254 [info] > git for-each-ref --sort -committerdate --format %(refname) %(objectname) %(*objectname) [79ms]
2022-11-17 15:27:02.257 [info] > git config --get commit.template [8ms]
2022-11-17 15:27:02.297 [info] > git for-each-ref --format=%(refname)%00%(upstream:short)%00%(objectname)%00%(upstream:track)%00%(upstream:remotename)%00%(upstream:remoteref) refs/heads/master refs/remotes/master [8ms]
2022-11-17 15:29:22.364 [info] > git show --textconv :index.html [16ms]
2022-11-17 15:29:22.367 [info] > git ls-files --stage -- /home/yunis/phase-0-html-document-structure-lab/index.html [3ms]
2022-11-17 15:29:22.379 [info] > git cat-file -s 4ee34e565b001351951639c67fbe5c7b221a9b45 [2ms]
2022-11-17 15:30:17.309 [info] > git status -z -uall [6ms]
2022-11-17 15:30:17.309 [info] > git remote --verbose [11ms]
2022-11-17 15:30:17.309 [info] > git for-each-ref --sort -committerdate --format %(refname) %(objectname) %(*objectname) [16ms]
2022-11-17 15:30:17.310 [info] > git config --get commit.template [2ms]
2022-11-17 15:30:17.318 [info] > git for-each-ref --format=%(refname)%00%(upstream:short)%00%(objectname)%00%(upstream:track)%00%(upstream:remotename)%00%(upstream:remoteref) refs/heads/master refs/remotes/master [1ms]
2022-11-17 15:30:23.462 [info] > git status -z -uall [5ms]
2022-11-17 15:30:23.463 [info] > git remote --verbose [10ms]
2022-11-17 15:30:23.463 [info] > git for-each-ref --sort -committerdate --format %(refname) %(objectname) %(*objectname) [16ms]
2022-11-17 15:30:23.464 [info] > git config --get commit.template [1ms]
2022-11-17 15:30:23.471 [info] > git for-each-ref --format=%(refname)%00%(upstream:short)%00%(objectname)%00%(upstream:track)%00%(upstream:remotename)%00%(upstream:remoteref) refs/heads/master refs/remotes/master [1ms]
2022-11-17 15:33:59.912 [info] Validating found git in: git
2022-11-17 15:33:59.912 [info] Using git 2.38.1 from git
2022-11-17 15:33:59.912 [info] > git rev-parse --show-toplevel [6ms]
2022-11-17 15:33:59.914 [info] > git rev-parse --git-dir --git-common-dir [5ms]
2022-11-17 15:33:59.923 [info] Log level: Info
2022-11-17 15:33:59.923 [info] Open repository: /home/yunis
2022-11-17 15:33:59.953 [info] > git remote --verbose [17ms]
2022-11-17 15:33:59.954 [info] > git for-each-ref --sort -committerdate --format %(refname) %(objectname) %(*objectname) [25ms]
2022-11-17 15:33:59.957 [info] > git config --get commit.template [5ms]
2022-11-17 15:33:59.969 [info] > git for-each-ref --format=%(refname)%00%(upstream:short)%00%(objectname)%00%(upstream:track)%00%(upstream:remotename)%00%(upstream:remoteref) refs/heads/main refs/remotes/main [3ms]
2022-11-17 15:34:00.511 [info] > git check-ignore -v -z --stdin [35ms]
2022-11-17 15:34:02.590 [info] > git status -z -uall [2649ms] (cancelled)
2022-11-17 15:34:02.596 [info] > git check-ignore -v -z --stdin [14ms]
2022-11-17 15:34:11.677 [info] > git remote --verbose [1140ms]
2022-11-17 15:34:11.678 [info] > git for-each-ref --sort -committerdate --format %(refname) %(objectname) %(*objectname) [1147ms]
2022-11-17 15:34:11.687 [info] > git config --get commit.template [14ms]
2022-11-17 15:34:11.706 [info] > git status -z -uall [1164ms] (cancelled)
2022-11-17 15:34:11.707 [info] > git for-each-ref --format=%(refname)%00%(upstream:short)%00%(objectname)%00%(upstream:track)%00%(upstream:remotename)%00%(upstream:remoteref) refs/heads/main refs/remotes/main [11ms]
2022-11-17 15:34:11.719 [info] > git check-ignore -v -z --stdin [13ms]
2022-11-17 15:34:12.338 [info] > git remote --verbose [64ms]
2022-11-17 15:34:12.339 [info] > git for-each-ref --sort -committerdate --format %(refname) %(objectname) %(*objectname) [78ms]
2022-11-17 15:34:12.366 [info] > git for-each-ref --format=%(refname)%00%(upstream:short)%00%(objectname)%00%(upstream:track)%00%(upstream:remotename)%00%(upstream:remoteref) refs/heads/main refs/remotes/main [4ms]
2022-11-17 15:34:12.367 [info] > git config --get commit.template [29ms]
2022-11-17 15:34:12.680 [info] > git status -z -uall [394ms] (cancelled)
2022-11-17 15:34:12.691 [info] > git check-ignore -v -z --stdin [12ms]
2022-11-17 15:34:14.081 [info] > git check-ignore -v -z --stdin [42ms]
2022-11-17 15:34:15.605 [info] > git show --textconv :.gitignore [14ms]
2022-11-17 15:34:15.621 [info] > git ls-files --stage -- /home/yunis/.gitignore [16ms]
2022-11-17 15:34:15.672 [info] > git remote --verbose [23ms]
2022-11-17 15:34:15.673 [info] > git for-each-ref --sort -committerdate --format %(refname) %(objectname) %(*objectname) [33ms]
2022-11-17 15:34:15.717 [info] > git config --get commit.template [45ms]
2022-11-17 15:34:15.720 [info] > git for-each-ref --format=%(refname)%00%(upstream:short)%00%(objectname)%00%(upstream:track)%00%(upstream:remotename)%00%(upstream:remoteref) refs/heads/main refs/remotes/main [3ms]
2022-11-17 15:34:16.175 [info] > git status -z -uall [519ms] (cancelled)
2022-11-17 15:34:17.215 [info] > git check-ignore -v -z --stdin [43ms]
2022-11-17 15:34:35.478 [info] > git show --textconv :.gitignore [30ms]
2022-11-17 15:34:35.496 [info] > git ls-files --stage -- /home/yunis/.gitignore [18ms]
2022-11-17 15:34:47.124 [info] > git check-ignore -v -z --stdin [87ms]
