2023-02-21 14:11:18.656 [info] Validating found git in: git
2023-02-21 14:11:18.656 [info] Using git 2.38.1 from git
2023-02-21 14:11:18.656 [info] > git rev-parse --show-toplevel [23ms]
2023-02-21 14:11:18.656 [info] > git rev-parse --git-dir --git-common-dir [2ms]
2023-02-21 14:11:18.656 [info] Log level: Info
2023-02-21 14:11:18.656 [info] Open repository: /home/yunis/phase-1-javascript-variables-lab
2023-02-21 14:11:18.656 [info] > git status -z -uall [70ms]
2023-02-21 14:11:18.656 [info] > git remote --verbose [127ms]
2023-02-21 14:11:18.657 [info] > git for-each-ref --sort -committerdate --format %(refname) %(objectname) %(*objectname) [153ms]
2023-02-21 14:11:18.657 [info] > git config --get commit.template [66ms]
2023-02-21 14:11:18.657 [info] > git rev-parse --show-toplevel [101ms]
2023-02-21 14:11:18.657 [info] > git rev-parse --show-toplevel [4ms]
2023-02-21 14:11:18.657 [info] > git for-each-ref --format=%(refname)%00%(upstream:short)%00%(objectname)%00%(upstream:track)%00%(upstream:remotename)%00%(upstream:remoteref) refs/heads/master refs/remotes/master [189ms]
2023-02-21 14:11:18.657 [info] > git status -z -uall [28ms]
2023-02-21 14:11:18.657 [info] > git remote --verbose [44ms]
2023-02-21 14:11:18.657 [info] > git for-each-ref --sort -committerdate --format %(refname) %(objectname) %(*objectname) [74ms]
2023-02-21 14:11:18.658 [info] > git config --get commit.template [34ms]
2023-02-21 14:11:18.658 [info] > git for-each-ref --format=%(refname)%00%(upstream:short)%00%(objectname)%00%(upstream:track)%00%(upstream:remotename)%00%(upstream:remoteref) refs/heads/master refs/remotes/master [8ms]
2023-02-21 14:11:18.962 [info] > git show --textconv :index.js [380ms]
2023-02-21 14:11:18.963 [info] > git ls-files --stage -- /home/yunis/phase-1-javascript-variables-lab/index.js [357ms]
2023-02-21 14:11:19.118 [info] > git check-ignore -v -z --stdin [293ms]
2023-02-21 14:11:19.162 [info] > git cat-file -s 0db69491688601b3c96bcf380bae84d315ad3f16 [141ms]
2023-02-21 14:11:21.798 [info] > git check-ignore -v -z --stdin [3ms]
2023-02-21 14:15:47.080 [info] > git status -z -uall [11ms]
2023-02-21 14:15:47.082 [info] > git remote --verbose [20ms]
2023-02-21 14:15:47.083 [info] > git for-each-ref --sort -committerdate --format %(refname) %(objectname) %(*objectname) [29ms]
2023-02-21 14:15:47.084 [info] > git config --get commit.template [5ms]
2023-02-21 14:15:47.093 [info] > git for-each-ref --format=%(refname)%00%(upstream:short)%00%(objectname)%00%(upstream:track)%00%(upstream:remotename)%00%(upstream:remoteref) refs/heads/master refs/remotes/master [2ms]
2023-02-21 14:15:47.125 [info] > git ls-files --stage -- /home/yunis/phase-1-javascript-variables-lab/index.js [1ms]
2023-02-21 14:15:47.132 [info] > git cat-file -s a6fc611039814186f7df43e8b0c5e0746f493756 [1ms]
2023-02-21 14:15:47.142 [info] > git show --textconv :index.js [2ms]
2023-02-21 14:15:52.130 [info] > git status -z -uall [7ms]
2023-02-21 14:15:52.130 [info] > git remote --verbose [12ms]
2023-02-21 14:15:52.131 [info] > git for-each-ref --sort -committerdate --format %(refname) %(objectname) %(*objectname) [18ms]
2023-02-21 14:15:52.133 [info] > git config --get commit.template [3ms]
2023-02-21 14:15:52.141 [info] > git for-each-ref --format=%(refname)%00%(upstream:short)%00%(objectname)%00%(upstream:track)%00%(upstream:remotename)%00%(upstream:remoteref) refs/heads/master refs/remotes/master [2ms]
2023-02-21 14:19:32.847 [info] > git show --textconv :README.md [31ms]
2023-02-21 14:19:32.848 [info] > git ls-files --stage -- /home/yunis/phase-1-javascript-variables-lab/README.md [25ms]
2023-02-21 14:19:32.862 [info] > git cat-file -s e4a12881dd01c0abe259638d6b992e6309eaddd8 [4ms]
