2022-11-17 15:35:45.042 [info] Validating found git in: git
2022-11-17 15:35:45.042 [info] Using git 2.38.1 from git
2022-11-17 15:35:45.042 [info] > git rev-parse --show-toplevel [10ms]
2022-11-17 15:35:45.042 [info] > git rev-parse --git-dir --git-common-dir [3ms]
2022-11-17 15:35:45.042 [info] Log level: Info
2022-11-17 15:35:45.042 [info] Open repository: /home/yunis/phase-0-html-document-structure-lab
2022-11-17 15:35:45.044 [info] > git status -z -uall [181ms]
2022-11-17 15:35:45.045 [info] > git remote --verbose [190ms]
2022-11-17 15:35:45.046 [info] > git for-each-ref --sort -committerdate --format %(refname) %(objectname) %(*objectname) [200ms]
2022-11-17 15:35:45.097 [info] > git config --get commit.template [198ms]
2022-11-17 15:35:45.131 [info] > git for-each-ref --format=%(refname)%00%(upstream:short)%00%(objectname)%00%(upstream:track)%00%(upstream:remotename)%00%(upstream:remoteref) refs/heads/master refs/remotes/master [4ms]
2022-11-17 15:35:45.198 [info] > git status -z -uall [15ms]
2022-11-17 15:35:45.199 [info] > git remote --verbose [28ms]
2022-11-17 15:35:45.200 [info] > git for-each-ref --sort -committerdate --format %(refname) %(objectname) %(*objectname) [42ms]
2022-11-17 15:35:45.202 [info] > git config --get commit.template [3ms]
2022-11-17 15:35:45.214 [info] > git for-each-ref --format=%(refname)%00%(upstream:short)%00%(objectname)%00%(upstream:track)%00%(upstream:remotename)%00%(upstream:remoteref) refs/heads/master refs/remotes/master [3ms]
2022-11-17 15:35:45.449 [info] > git check-ignore -v -z --stdin [6ms]
2022-11-17 15:35:45.545 [info] > git show --textconv :index.html [16ms]
2022-11-17 15:35:45.559 [info] > git ls-files --stage -- /home/yunis/phase-0-html-document-structure-lab/index.html [16ms]
2022-11-17 15:35:45.584 [info] > git cat-file -s 4ee34e565b001351951639c67fbe5c7b221a9b45 [10ms]
2022-11-17 15:37:03.909 [info] > git status -z -uall [11ms]
2022-11-17 15:37:03.911 [info] > git remote --verbose [23ms]
2022-11-17 15:37:03.912 [info] > git for-each-ref --sort -committerdate --format %(refname) %(objectname) %(*objectname) [44ms]
2022-11-17 15:37:03.917 [info] > git config --get commit.template [7ms]
2022-11-17 15:37:03.926 [info] > git for-each-ref --format=%(refname)%00%(upstream:short)%00%(objectname)%00%(upstream:track)%00%(upstream:remotename)%00%(upstream:remoteref) refs/heads/master refs/remotes/master [1ms]
2022-11-17 15:37:08.978 [info] > git status -z -uall [8ms]
2022-11-17 15:37:08.980 [info] > git remote --verbose [20ms]
2022-11-17 15:37:08.980 [info] > git for-each-ref --sort -committerdate --format %(refname) %(objectname) %(*objectname) [36ms]
2022-11-17 15:37:08.982 [info] > git config --get commit.template [4ms]
2022-11-17 15:37:08.992 [info] > git for-each-ref --format=%(refname)%00%(upstream:short)%00%(objectname)%00%(upstream:track)%00%(upstream:remotename)%00%(upstream:remoteref) refs/heads/master refs/remotes/master [2ms]
2022-11-17 15:37:14.037 [info] > git status -z -uall [8ms]
2022-11-17 15:37:14.038 [info] > git remote --verbose [15ms]
2022-11-17 15:37:14.039 [info] > git for-each-ref --sort -committerdate --format %(refname) %(objectname) %(*objectname) [26ms]
2022-11-17 15:37:14.040 [info] > git config --get commit.template [3ms]
2022-11-17 15:37:14.047 [info] > git for-each-ref --format=%(refname)%00%(upstream:short)%00%(objectname)%00%(upstream:track)%00%(upstream:remotename)%00%(upstream:remoteref) refs/heads/master refs/remotes/master [2ms]
2022-11-17 15:37:21.541 [info] > git status -z -uall [11ms]
2022-11-17 15:37:21.542 [info] > git remote --verbose [23ms]
2022-11-17 15:37:21.542 [info] > git for-each-ref --sort -committerdate --format %(refname) %(objectname) %(*objectname) [42ms]
2022-11-17 15:37:21.543 [info] > git config --get commit.template [4ms]
2022-11-17 15:37:21.551 [info] > git for-each-ref --format=%(refname)%00%(upstream:short)%00%(objectname)%00%(upstream:track)%00%(upstream:remotename)%00%(upstream:remoteref) refs/heads/master refs/remotes/master [2ms]
2022-11-17 15:37:26.602 [info] > git status -z -uall [9ms]
2022-11-17 15:37:26.603 [info] > git remote --verbose [18ms]
2022-11-17 15:37:26.604 [info] > git for-each-ref --sort -committerdate --format %(refname) %(objectname) %(*objectname) [35ms]
2022-11-17 15:37:26.604 [info] > git config --get commit.template [3ms]
2022-11-17 15:37:26.612 [info] > git for-each-ref --format=%(refname)%00%(upstream:short)%00%(objectname)%00%(upstream:track)%00%(upstream:remotename)%00%(upstream:remoteref) refs/heads/master refs/remotes/master [2ms]
